0001_0039_0090_0078_0078.jpg 1 39 90 78 78
0002_0051_0073_0093_0093.jpg 1 51 73 93 93
0003_0011_0082_0084_0084.jpg 1 11 82 84 84
0004_0113_0074_0024_0024.jpg 1 113 74 24 24
0005_0081_0052_0072_0072.jpg 1 81 52 72 72
0006_0041_0052_0130_0130.jpg 1 41 52 130 130
0007_0032_0091_0040_0040.jpg 1 32 91 40 40
0008_0080_0042_0082_0082.jpg 1 80 42 82 82
0009_0085_0040_0098_0098.jpg 1 85 40 98 98
0010_0018_0067_0115_0115.jpg 1 18 67 115 115
0011_0065_0097_0078_0078.jpg 1 65 97 78 78
0012_0053_0049_0121_0121.jpg 1 53 49 121 121
0013_0080_0077_0102_0102.jpg 1 80 77 102 102
0014_0086_0024_0103_0103.jpg 1 86 24 103 103
0015_0064_0074_0075_0075.jpg 1 64 74 75 75
0016_0027_0030_0138_0138.jpg 1 27 30 138 138
0017_0047_0013_0128_0128.jpg 1 47 13 128 128
0018_0049_0033_0130_0130.jpg 1 49 33 130 130
0019_0054_0066_0111_0111.jpg 1 54 66 111 111
0020_0070_0048_0121_0121.jpg 1 70 48 121 121
0021_0035_0007_0128_0128.jpg 1 35 7 128 128
0022_0060_0024_0111_0111.jpg 1 60 24 111 111
0023_0043_0029_0101_0101.jpg 1 43 29 101 101
0024_0046_0102_0062_0062.jpg 1 46 102 62 62
0025_0036_0053_0122_0122.jpg 1 36 53 122 122
0026_0057_0143_0031_0031.jpg 1 57 143 31 31
0027_0055_0051_0025_0025.jpg 1 55 51 25 25
0028_0076_0034_0092_0092.jpg 1 76 34 92 92
0029_0024_0102_0071_0071.jpg 1 24 102 71 71
0030_0032_0063_0090_0090.jpg 1 32 63 90 90
0031_0048_0022_0095_0095.jpg 1 48 22 95 95
0032_0105_0117_0055_0055.jpg 1 105 117 55 55
0033_0108_0049_0055_0055.jpg 1 108 49 55 55
0034_0077_0053_0060_0060.jpg 1 77 53 60 60
0035_0052_0024_0137_0137.jpg 1 52 24 137 137
0036_0021_0073_0071_0071.jpg 1 21 73 71 71
0037_0035_0036_0123_0123.jpg 1 35 36 123 123
0038_0095_0087_0092_0092.jpg 1 95 87 92 92
0039_0053_0027_0130_0130.jpg 1 53 27 130 130
0040_0014_0025_0114_0114.jpg 1 14 25 114 114
0041_0031_0036_0132_0132.jpg 1 31 36 132 132
0042_0097_0068_0088_0088.jpg 1 97 68 88 88
0043_0117_0037_0052_0052.jpg 1 117 37 52 52
0044_0059_0107_0065_0065.jpg 1 59 107 65 65
0045_0091_0083_0054_0054.jpg 1 91 83 54 54
0046_0107_0054_0080_0080.jpg 1 107 54 80 80
0047_0082_0025_0075_0075.jpg 1 82 25 75 75
0048_0010_0060_0100_0100.jpg 1 10 60 100 100
0049_0133_0108_0030_0030.jpg 1 133 108 30 30
0050_0047_0084_0090_0090.jpg 1 47 84 90 90
0051_0045_0017_0130_0130.jpg 1 45 17 130 130
0052_0020_0094_0063_0063.jpg 1 20 94 63 63
0053_0096_0073_0057_0057.jpg 1 96 73 57 57
0054_0094_0099_0032_0032.jpg 1 94 99 32 32
0055_0053_0067_0058_0058.jpg 1 53 67 58 58
0056_0106_0087_0081_0081.jpg 1 106 87 81 81
0057_0081_0097_0080_0080.jpg 1 81 97 80 80
0058_0026_0027_0111_0111.jpg 1 26 27 111 111
0059_0039_0042_0107_0107.jpg 1 39 42 107 107
0060_0025_0054_0124_0124.jpg 1 25 54 124 124
0061_0058_0033_0130_0130.jpg 1 58 33 130 130
0062_0039_0065_0110_0110.jpg 1 39 65 110 110
0063_0037_0006_0131_0131.jpg 1 37 6 131 131
0064_0022_0082_0068_0068.jpg 1 22 82 68 68
0065_0051_0088_0078_0078.jpg 1 51 88 78 78
0066_0034_0046_0123_0123.jpg 1 34 46 123 123
0067_0094_0046_0094_0094.jpg 1 94 46 94 94
0068_0051_0124_0038_0038.jpg 1 51 124 38 38
0069_0071_0138_0035_0035.jpg 1 71 138 35 35
0070_0104_0109_0065_0065.jpg 1 104 109 65 65
0071_0033_0039_0110_0110.jpg 1 33 39 110 110
0072_0015_0043_0130_0130.jpg 1 15 43 130 130
0073_0020_0054_0134_0134.jpg 1 20 54 134 134
0074_0141_0036_0042_0042.jpg 1 141 36 42 42
0075_0044_0073_0035_0035.jpg 1 44 73 35 35
0076_0060_0039_0123_0123.jpg 1 60 39 123 123
0077_0095_0044_0079_0079.jpg 1 95 44 79 79
0078_0052_0072_0029_0029.jpg 1 52 72 29 29
0079_0078_0052_0064_0064.jpg 1 78 52 64 64
0080_0074_0038_0094_0094.jpg 1 74 38 94 94
0081_0038_0023_0129_0129.jpg 1 38 23 129 129
0082_0099_0110_0067_0067.jpg 1 99 110 67 67
0083_0062_0046_0093_0093.jpg 1 62 46 93 93
0084_0010_0026_0136_0136.jpg 1 10 26 136 136
0085_0015_0026_0057_0057.jpg 1 15 26 57 57
0086_0029_0079_0109_0109.jpg 1 29 79 109 109
0087_0011_0030_0117_0117.jpg 1 11 30 117 117
0088_0036_0046_0115_0115.jpg 1 36 46 115 115
0089_0051_0040_0112_0112.jpg 1 51 40 112 112
0090_0076_0018_0063_0063.jpg 1 76 18 63 63
0091_0025_0090_0099_0099.jpg 1 25 90 99 99
0092_0015_0029_0134_0134.jpg 1 15 29 134 134
0093_0073_0052_0084_0084.jpg 1 73 52 84 84
0094_0028_0066_0079_0079.jpg 1 28 66 79 79
0095_0123_0120_0041_0041.jpg 1 123 120 41 41
0096_0020_0066_0101_0101.jpg 1 20 66 101 101
0097_0068_0059_0084_0084.jpg 1 68 59 84 84
0098_0133_0054_0030_0030.jpg 1 133 54 30 30
0099_0097_0071_0077_0077.jpg 1 97 71 77 77
0100_0127_0085_0027_0027.jpg 1 127 85 27 27
0101_0047_0046_0132_0132.jpg 1 47 46 132 132
0102_0044_0097_0045_0045.jpg 1 44 97 45 45
0103_0120_0120_0027_0027.jpg 1 120 120 27 27
0104_0087_0123_0026_0026.jpg 1 87 123 26 26
0105_0021_0078_0076_0076.jpg 1 21 78 76 76
0106_0066_0081_0079_0079.jpg 1 66 81 79 79
0107_0020_0137_0039_0039.jpg 1 20 137 39 39
0108_0038_0048_0129_0129.jpg 1 38 48 129 129
0109_0011_0075_0116_0116.jpg 1 11 75 116 116
0110_0028_0077_0034_0034.jpg 1 28 77 34 34
0111_0052_0157_0024_0024.jpg 1 52 157 24 24
0112_0039_0014_0139_0139.jpg 1 39 14 139 139
0113_0068_0030_0070_0070.jpg 1 68 30 70 70
0114_0095_0025_0044_0044.jpg 1 95 25 44 44
0115_0060_0024_0130_0130.jpg 1 60 24 130 130
0116_0017_0032_0127_0127.jpg 1 17 32 127 127
0117_0049_0039_0118_0118.jpg 1 49 39 118 118
0118_0056_0104_0076_0076.jpg 1 56 104 76 76
0119_0050_0017_0136_0136.jpg 1 50 17 136 136
0120_0116_0127_0038_0038.jpg 1 116 127 38 38
0121_0064_0083_0095_0095.jpg 1 64 83 95 95
0122_0113_0128_0025_0025.jpg 1 113 128 25 25
0123_0025_0116_0031_0031.jpg 1 25 116 31 31
0124_0116_0027_0059_0059.jpg 1 116 27 59 59
0125_0055_0055_0081_0081.jpg 1 55 55 81 81
0126_0037_0029_0093_0093.jpg 1 37 29 93 93
0127_0019_0032_0043_0043.jpg 1 19 32 43 43
0128_0062_0052_0113_0113.jpg 1 62 52 113 113
0129_0111_0026_0068_0068.jpg 1 111 26 68 68
0130_0094_0035_0091_0091.jpg 1 94 35 91 91
0131_0034_0099_0077_0077.jpg 1 34 99 77 77
0132_0017_0103_0055_0055.jpg 1 17 103 55 55
0133_0049_0025_0071_0071.jpg 1 49 25 71 71
0134_0149_0114_0031_0031.jpg 1 149 114 31 31
0135_0045_0047_0087_0087.jpg 1 45 47 87 87
0136_0079_0106_0032_0032.jpg 1 79 106 32 32
0137_0056_0013_0082_0082.jpg 1 56 13 82 82
0138_0064_0015_0083_0083.jpg 1 64 15 83 83
0139_0128_0131_0025_0025.jpg 1 128 131 25 25
0140_0103_0089_0061_0061.jpg 1 103 89 61 61
0141_0044_0088_0072_0072.jpg 1 44 88 72 72
0142_0059_0048_0119_0119.jpg 1 59 48 119 119
0143_0028_0097_0039_0039.jpg 1 28 97 39 39
0144_0057_0098_0073_0073.jpg 1 57 98 73 73
0145_0019_0099_0070_0070.jpg 1 19 99 70 70
0146_0094_0070_0091_0091.jpg 1 94 70 91 91
0147_0092_0059_0080_0080.jpg 1 92 59 80 80
0148_0056_0102_0081_0081.jpg 1 56 102 81 81
0149_0064_0042_0128_0128.jpg 1 64 42 128 128
0150_0149_0078_0026_0026.jpg 1 149 78 26 26
0151_0043_0104_0054_0054.jpg 1 43 104 54 54
0152_0021_0071_0024_0024.jpg 1 21 71 24 24
0153_0032_0007_0137_0137.jpg 1 32 7 137 137
0154_0129_0127_0056_0056.jpg 1 129 127 56 56
0155_0029_0110_0044_0044.jpg 1 29 110 44 44
0156_0088_0047_0068_0068.jpg 1 88 47 68 68
0157_0043_0021_0135_0135.jpg 1 43 21 135 135
0158_0011_0083_0092_0092.jpg 1 11 83 92 92
0159_0018_0105_0047_0047.jpg 1 18 105 47 47
0160_0120_0100_0044_0044.jpg 1 120 100 44 44
0161_0041_0082_0104_0104.jpg 1 41 82 104 104
0162_0079_0066_0087_0087.jpg 1 79 66 87 87
0163_0112_0124_0061_0061.jpg 1 112 124 61 61
0164_0040_0111_0050_0050.jpg 1 40 111 50 50
0165_0030_0030_0115_0115.jpg 1 30 30 115 115
0166_0043_0105_0046_0046.jpg 1 43 105 46 46
0167_0038_0013_0131_0131.jpg 1 38 13 131 131
0168_0057_0058_0127_0127.jpg 1 57 58 127 127
0169_0027_0094_0077_0077.jpg 1 27 94 77 77
0170_0033_0045_0138_0138.jpg 1 33 45 138 138
0171_0036_0037_0120_0120.jpg 1 36 37 120 120
0172_0036_0111_0064_0064.jpg 1 36 111 64 64
0173_0045_0076_0054_0054.jpg 1 45 76 54 54
0174_0058_0044_0115_0115.jpg 1 58 44 115 115
0175_0038_0089_0076_0076.jpg 1 38 89 76 76
0176_0082_0027_0102_0102.jpg 1 82 27 102 102
0177_0051_0104_0077_0077.jpg 1 51 104 77 77
0178_0083_0074_0089_0089.jpg 1 83 74 89 89
0179_0111_0040_0025_0025.jpg 1 111 40 25 25
0180_0085_0107_0080_0080.jpg 1 85 107 80 80
0181_0025_0036_0127_0127.jpg 1 25 36 127 127
0182_0058_0024_0044_0044.jpg 1 58 24 44 44
0183_0051_0063_0113_0113.jpg 1 51 63 113 113
0184_0091_0024_0045_0045.jpg 1 91 24 45 45
0185_0019_0023_0036_0036.jpg 1 19 23 36 36
0186_0012_0043_0101_0101.jpg 1 12 43 101 101
0187_0084_0071_0103_0103.jpg 1 84 71 103 103
0188_0056_0024_0073_0073.jpg 1 56 24 73 73
0189_0020_0028_0123_0123.jpg 1 20 28 123 123
0190_0075_0021_0106_0106.jpg 1 75 21 106 106
0191_0075_0070_0061_0061.jpg 1 75 70 61 61
0192_0050_0084_0058_0058.jpg 1 50 84 58 58
0193_0047_0093_0086_0086.jpg 1 47 93 86 86
0194_0109_0088_0050_0050.jpg 1 109 88 50 50
0195_0065_0063_0112_0112.jpg 1 65 63 112 112
0196_0032_0072_0108_0108.jpg 1 32 72 108 108
0197_0013_0026_0129_0129.jpg 1 13 26 129 129
0198_0027_0034_0139_0139.jpg 1 27 34 139 139
0199_0012_0039_0123_0123.jpg 1 12 39 123 123
0200_0016_0063_0118_0118.jpg 1 16 63 118 118
0201_0033_0035_0085_0085.jpg 1 33 35 85 85
0202_0020_0074_0082_0082.jpg 1 20 74 82 82
0203_0069_0060_0110_0110.jpg 1 69 60 110 110
0204_0020_0156_0026_0026.jpg 1 20 156 26 26
0205_0071_0057_0039_0039.jpg 1 71 57 39 39
0206_0035_0062_0122_0122.jpg 1 35 62 122 122
0207_0045_0108_0051_0051.jpg 1 45 108 51 51
0208_0078_0081_0081_0081.jpg 1 78 81 81 81
0209_0014_0029_0129_0129.jpg 1 14 29 129 129
0210_0069_0078_0051_0051.jpg 1 69 78 51 51
0211_0027_0053_0094_0094.jpg 1 27 53 94 94
0212_0095_0087_0090_0090.jpg 1 95 87 90 90
0213_0025_0048_0080_0080.jpg 1 25 48 80 80
0214_0077_0040_0066_0066.jpg 1 77 40 66 66
0215_0046_0143_0029_0029.jpg 1 46 143 29 29
0216_0036_0071_0072_0072.jpg 1 36 71 72 72
0217_0126_0085_0036_0036.jpg 1 126 85 36 36
0218_0056_0088_0039_0039.jpg 1 56 88 39 39
0219_0030_0047_0130_0130.jpg 1 30 47 130 130
0220_0059_0023_0126_0126.jpg 1 59 23 126 126
0221_0094_0069_0071_0071.jpg 1 94 69 71 71
0222_0060_0070_0052_0052.jpg 1 60 70 52 52
0223_0031_0028_0066_0066.jpg 1 31 28 66 66
0224_0068_0056_0120_0120.jpg 1 68 56 120 120
0225_0124_0071_0051_0051.jpg 1 124 71 51 51
0226_0059_0098_0024_0024.jpg 1 59 98 24 24
0227_0121_0070_0036_0036.jpg 1 121 70 36 36
0228_0112_0070_0026_0026.jpg 1 112 70 26 26
0229_0132_0072_0048_0048.jpg 1 132 72 48 48
0230_0038_0036_0122_0122.jpg 1 38 36 122 122
0231_0033_0108_0053_0053.jpg 1 33 108 53 53
0232_0045_0101_0050_0050.jpg 1 45 101 50 50
0233_0108_0062_0065_0065.jpg 1 108 62 65 65
0234_0012_0082_0099_0099.jpg 1 12 82 99 99
0235_0068_0019_0075_0075.jpg 1 68 19 75 75
0236_0085_0075_0092_0092.jpg 1 85 75 92 92
0237_0012_0013_0133_0133.jpg 1 12 13 133 133
0238_0071_0055_0112_0112.jpg 1 71 55 112 112
0239_0018_0053_0136_0136.jpg 1 18 53 136 136
0240_0023_0050_0108_0108.jpg 1 23 50 108 108
0241_0068_0046_0116_0116.jpg 1 68 46 116 116
0242_0105_0084_0059_0059.jpg 1 105 84 59 59
0243_0112_0042_0033_0033.jpg 1 112 42 33 33
0244_0106_0122_0028_0028.jpg 1 106 122 28 28
0245_0094_0119_0062_0062.jpg 1 94 119 62 62
0246_0105_0021_0079_0079.jpg 1 105 21 79 79
0247_0012_0039_0127_0127.jpg 1 12 39 127 127
0248_0017_0110_0035_0035.jpg 1 17 110 35 35
0249_0114_0113_0053_0053.jpg 1 114 113 53 53
0250_0084_0050_0104_0104.jpg 1 84 50 104 104
0251_0026_0035_0049_0049.jpg 1 26 35 49 49
0252_0030_0036_0131_0131.jpg 1 30 36 131 131
0253_0036_0026_0051_0051.jpg 1 36 26 51 51
0254_0082_0012_0078_0078.jpg 1 82 12 78 78
0255_0044_0041_0108_0108.jpg 1 44 41 108 108
0256_0136_0103_0048_0048.jpg 1 136 103 48 48
0257_0073_0030_0065_0065.jpg 1 73 30 65 65
0258_0104_0045_0051_0051.jpg 1 104 45 51 51
0259_0065_0137_0026_0026.jpg 1 65 137 26 26
0260_0060_0018_0130_0130.jpg 1 60 18 130 130
0261_0039_0039_0135_0135.jpg 1 39 39 135 135
0262_0037_0023_0116_0116.jpg 1 37 23 116 116
0263_0081_0033_0102_0102.jpg 1 81 33 102 102
0264_0062_0017_0097_0097.jpg 1 62 17 97 97
0265_0034_0025_0031_0031.jpg 1 34 25 31 31
0266_0121_0075_0038_0038.jpg 1 121 75 38 38
0267_0092_0044_0074_0074.jpg 1 92 44 74 74
0268_0055_0046_0105_0105.jpg 1 55 46 105 105
0269_0074_0081_0037_0037.jpg 1 74 81 37 37
0270_0023_0109_0074_0074.jpg 1 23 109 74 74
0271_0074_0104_0056_0056.jpg 1 74 104 56 56
0272_0114_0150_0032_0032.jpg 1 114 150 32 32
0273_0071_0031_0071_0071.jpg 1 71 31 71 71
0274_0044_0103_0043_0043.jpg 1 44 103 43 43
0275_0098_0108_0066_0066.jpg 1 98 108 66 66
0276_0068_0084_0084_0084.jpg 1 68 84 84 84
0277_0085_0091_0078_0078.jpg 1 85 91 78 78
0278_0099_0088_0087_0087.jpg 1 99 88 87 87
0279_0103_0020_0027_0027.jpg 1 103 20 27 27
0280_0063_0088_0037_0037.jpg 1 63 88 37 37
0281_0094_0048_0075_0075.jpg 1 94 48 75 75
0282_0044_0036_0093_0093.jpg 1 44 36 93 93
0283_0093_0097_0051_0051.jpg 1 93 97 51 51
0284_0094_0121_0041_0041.jpg 1 94 121 41 41
0285_0043_0046_0083_0083.jpg 1 43 46 83 83
0286_0061_0052_0046_0046.jpg 1 61 52 46 46
0287_0098_0073_0027_0027.jpg 1 98 73 27 27
0288_0082_0039_0080_0080.jpg 1 82 39 80 80
0289_0047_0014_0080_0080.jpg 1 47 14 80 80
0290_0021_0096_0040_0040.jpg 1 21 96 40 40
0291_0046_0044_0096_0096.jpg 1 46 44 96 96
0292_0071_0080_0089_0089.jpg 1 71 80 89 89
0293_0059_0050_0078_0078.jpg 1 59 50 78 78
0294_0059_0040_0120_0120.jpg 1 59 40 120 120
0295_0086_0045_0082_0082.jpg 1 86 45 82 82
0296_0095_0065_0072_0072.jpg 1 95 65 72 72
0297_0048_0028_0132_0132.jpg 1 48 28 132 132
0298_0064_0080_0110_0110.jpg 1 64 80 110 110
0299_0059_0051_0127_0127.jpg 1 59 51 127 127
0300_0079_0082_0108_0108.jpg 1 79 82 108 108
0301_0104_0094_0062_0062.jpg 1 104 94 62 62
0302_0035_0102_0034_0034.jpg 1 35 102 34 34
0303_0064_0065_0074_0074.jpg 1 64 65 74 74
0304_0044_0126_0037_0037.jpg 1 44 126 37 37
0305_0037_0064_0111_0111.jpg 1 37 64 111 111
0306_0085_0076_0065_0065.jpg 1 85 76 65 65
0307_0068_0067_0122_0122.jpg 1 68 67 122 122
0308_0093_0021_0077_0077.jpg 1 93 21 77 77
0309_0054_0050_0104_0104.jpg 1 54 50 104 104
0310_0008_0033_0137_0137.jpg 1 8 33 137 137
0311_0027_0107_0067_0067.jpg 1 27 107 67 67
0312_0036_0077_0069_0069.jpg 1 36 77 69 69
0313_0051_0087_0038_0038.jpg 1 51 87 38 38
0314_0047_0021_0106_0106.jpg 1 47 21 106 106
0315_0039_0055_0122_0122.jpg 1 39 55 122 122
0316_0121_0029_0057_0057.jpg 1 121 29 57 57
0317_0017_0022_0047_0047.jpg 1 17 22 47 47
0318_0055_0014_0129_0129.jpg 1 55 14 129 129
0319_0040_0066_0082_0082.jpg 1 40 66 82 82
0320_0138_0025_0043_0043.jpg 1 138 25 43 43
0321_0026_0026_0075_0075.jpg 1 26 26 75 75
0322_0045_0028_0120_0120.jpg 1 45 28 120 120
0323_0029_0085_0030_0030.jpg 1 29 85 30 30
0324_0029_0007_0130_0130.jpg 1 29 7 130 130
0325_0040_0022_0050_0050.jpg 1 40 22 50 50
0326_0010_0058_0102_0102.jpg 1 10 58 102 102
0327_0055_0031_0087_0087.jpg 1 55 31 87 87
0328_0055_0041_0127_0127.jpg 1 55 41 127 127
0329_0034_0052_0108_0108.jpg 1 34 52 108 108
0330_0052_0059_0123_0123.jpg 1 52 59 123 123
0331_0070_0059_0085_0085.jpg 1 70 59 85 85
0332_0095_0105_0061_0061.jpg 1 95 105 61 61
0333_0060_0082_0102_0102.jpg 1 60 82 102 102
0334_0051_0079_0063_0063.jpg 1 51 79 63 63
0335_0037_0022_0139_0139.jpg 1 37 22 139 139
0336_0080_0077_0092_0092.jpg 1 80 77 92 92
0337_0092_0074_0092_0092.jpg 1 92 74 92 92
0338_0108_0074_0064_0064.jpg 1 108 74 64 64
0339_0053_0058_0082_0082.jpg 1 53 58 82 82
0340_0024_0073_0085_0085.jpg 1 24 73 85 85
0341_0038_0057_0125_0125.jpg 1 38 57 125 125
0342_0075_0069_0074_0074.jpg 1 75 69 74 74
0343_0031_0051_0049_0049.jpg 1 31 51 49 49
0344_0081_0022_0093_0093.jpg 1 81 22 93 93
0345_0056_0142_0027_0027.jpg 1 56 142 27 27
0346_0059_0082_0074_0074.jpg 1 59 82 74 74
0347_0083_0083_0068_0068.jpg 1 83 83 68 68
0348_0054_0038_0134_0134.jpg 1 54 38 134 134
0349_0046_0040_0102_0102.jpg 1 46 40 102 102
0350_0042_0019_0118_0118.jpg 1 42 19 118 118
0351_0050_0134_0032_0032.jpg 1 50 134 32 32
0352_0070_0032_0061_0061.jpg 1 70 32 61 61
0353_0044_0045_0062_0062.jpg 1 44 45 62 62
0354_0123_0028_0027_0027.jpg 1 123 28 27 27
0355_0077_0103_0039_0039.jpg 1 77 103 39 39
0356_0069_0016_0117_0117.jpg 1 69 16 117 117
0357_0010_0014_0123_0123.jpg 1 10 14 123 123
0358_0083_0091_0072_0072.jpg 1 83 91 72 72
0359_0056_0047_0134_0134.jpg 1 56 47 134 134
0360_0113_0015_0053_0053.jpg 1 113 15 53 53
0361_0015_0059_0124_0124.jpg 1 15 59 124 124
0362_0051_0035_0071_0071.jpg 1 51 35 71 71
0363_0044_0019_0121_0121.jpg 1 44 19 121 121
0364_0032_0042_0131_0131.jpg 1 32 42 131 131
0365_0080_0044_0055_0055.jpg 1 80 44 55 55
0366_0073_0102_0082_0082.jpg 1 73 102 82 82
0367_0016_0012_0135_0135.jpg 1 16 12 135 135
0368_0052_0014_0111_0111.jpg 1 52 14 111 111
0369_0040_0047_0025_0025.jpg 1 40 47 25 25
0370_0013_0052_0096_0096.jpg 1 13 52 96 96
0371_0066_0046_0116_0116.jpg 1 66 46 116 116
0372_0022_0070_0026_0026.jpg 1 22 70 26 26
0373_0036_0040_0103_0103.jpg 1 36 40 103 103
0374_0067_0078_0088_0088.jpg 1 67 78 88 88
0375_0081_0055_0073_0073.jpg 1 81 55 73 73
0376_0050_0062_0099_0099.jpg 1 50 62 99 99
0377_0061_0081_0089_0089.jpg 1 61 81 89 89
0378_0138_0022_0025_0025.jpg 1 138 22 25 25
0379_0047_0091_0084_0084.jpg 1 47 91 84 84
0380_0095_0074_0070_0070.jpg 1 95 74 70 70
0381_0107_0058_0080_0080.jpg 1 107 58 80 80
0382_0023_0086_0080_0080.jpg 1 23 86 80 80
0383_0025_0072_0054_0054.jpg 1 25 72 54 54
0384_0039_0014_0121_0121.jpg 1 39 14 121 121
0385_0085_0065_0074_0074.jpg 1 85 65 74 74
0386_0042_0040_0125_0125.jpg 1 42 40 125 125
0387_0049_0039_0030_0030.jpg 1 49 39 30 30
0388_0011_0055_0117_0117.jpg 1 11 55 117 117
0389_0044_0018_0071_0071.jpg 1 44 18 71 71
0390_0056_0106_0051_0051.jpg 1 56 106 51 51
0391_0026_0065_0070_0070.jpg 1 26 65 70 70
0392_0029_0061_0098_0098.jpg 1 29 61 98 98
0393_0023_0048_0122_0122.jpg 1 23 48 122 122
0394_0028_0144_0027_0027.jpg 1 28 144 27 27
0395_0021_0058_0123_0123.jpg 1 21 58 123 123
0396_0020_0024_0118_0118.jpg 1 20 24 118 118
0397_0052_0035_0107_0107.jpg 1 52 35 107 107
0398_0018_0043_0124_0124.jpg 1 18 43 124 124
0399_0090_0090_0076_0076.jpg 1 90 90 76 76
0400_0097_0044_0056_0056.jpg 1 97 44 56 56
0401_0037_0050_0125_0125.jpg 1 37 50 125 125
0402_0043_0066_0062_0062.jpg 1 43 66 62 62
0403_0030_0049_0084_0084.jpg 1 30 49 84 84
0404_0041_0056_0036_0036.jpg 1 41 56 36 36
0405_0034_0074_0085_0085.jpg 1 34 74 85 85
0406_0071_0040_0112_0112.jpg 1 71 40 112 112
0407_0027_0021_0135_0135.jpg 1 27 21 135 135
0408_0019_0077_0094_0094.jpg 1 19 77 94 94
0409_0036_0078_0098_0098.jpg 1 36 78 98 98
0410_0049_0045_0076_0076.jpg 1 49 45 76 76
0411_0019_0071_0092_0092.jpg 1 19 71 92 92
0412_0059_0140_0042_0042.jpg 1 59 140 42 42
0413_0120_0052_0062_0062.jpg 1 120 52 62 62
0414_0013_0007_0122_0122.jpg 1 13 7 122 122
0415_0128_0081_0047_0047.jpg 1 128 81 47 47
0416_0041_0042_0126_0126.jpg 1 41 42 126 126
0417_0045_0053_0028_0028.jpg 1 45 53 28 28
0418_0056_0053_0136_0136.jpg 1 56 53 136 136
0419_0066_0013_0076_0076.jpg 1 66 13 76 76
0420_0055_0045_0136_0136.jpg 1 55 45 136 136
0421_0063_0021_0072_0072.jpg 1 63 21 72 72
0422_0035_0017_0113_0113.jpg 1 35 17 113 113
0423_0062_0076_0113_0113.jpg 1 62 76 113 113
0424_0080_0027_0101_0101.jpg 1 80 27 101 101
0425_0028_0042_0139_0139.jpg 1 28 42 139 139
0426_0067_0075_0074_0074.jpg 1 67 75 74 74
0427_0122_0052_0040_0040.jpg 1 122 52 40 40
0428_0076_0087_0032_0032.jpg 1 76 87 32 32
0429_0011_0036_0097_0097.jpg 1 11 36 97 97
0430_0041_0105_0028_0028.jpg 1 41 105 28 28
0431_0103_0054_0081_0081.jpg 1 103 54 81 81
0432_0102_0107_0063_0063.jpg 1 102 107 63 63
0433_0015_0050_0095_0095.jpg 1 15 50 95 95
0434_0072_0097_0090_0090.jpg 1 72 97 90 90
0435_0020_0093_0085_0085.jpg 1 20 93 85 85
0436_0078_0038_0097_0097.jpg 1 78 38 97 97
0437_0035_0047_0131_0131.jpg 1 35 47 131 131
0438_0100_0073_0067_0067.jpg 1 100 73 67 67
0439_0133_0118_0032_0032.jpg 1 133 118 32 32
0440_0107_0028_0025_0025.jpg 1 107 28 25 25
0441_0021_0051_0094_0094.jpg 1 21 51 94 94
0442_0009_0008_0131_0131.jpg 1 9 8 131 131
0443_0042_0114_0069_0069.jpg 1 42 114 69 69
0444_0106_0080_0051_0051.jpg 1 106 80 51 51
0445_0008_0019_0123_0123.jpg 1 8 19 123 123
0446_0063_0023_0092_0092.jpg 1 63 23 92 92
0447_0066_0068_0069_0069.jpg 1 66 68 69 69
0448_0093_0030_0030_0030.jpg 1 93 30 30 30
0449_0075_0039_0085_0085.jpg 1 75 39 85 85
0450_0038_0056_0106_0106.jpg 1 38 56 106 106
0451_0035_0043_0046_0046.jpg 1 35 43 46 46
0452_0028_0110_0035_0035.jpg 1 28 110 35 35
0453_0018_0016_0133_0133.jpg 1 18 16 133 133
0454_0115_0149_0030_0030.jpg 1 115 149 30 30
0455_0050_0065_0099_0099.jpg 1 50 65 99 99
0456_0006_0056_0135_0135.jpg 1 6 56 135 135
0457_0031_0101_0073_0073.jpg 1 31 101 73 73
0458_0041_0015_0069_0069.jpg 1 41 15 69 69
0459_0045_0088_0061_0061.jpg 1 45 88 61 61
0460_0074_0120_0037_0037.jpg 1 74 120 37 37
0461_0053_0060_0131_0131.jpg 1 53 60 131 131
0462_0058_0068_0056_0056.jpg 1 58 68 56 56
0463_0049_0126_0029_0029.jpg 1 49 126 29 29
0464_0015_0037_0110_0110.jpg 1 15 37 110 110
0465_0012_0054_0110_0110.jpg 1 12 54 110 110
0466_0124_0079_0054_0054.jpg 1 124 79 54 54
0467_0080_0081_0063_0063.jpg 1 80 81 63 63
0468_0019_0043_0089_0089.jpg 1 19 43 89 89
0469_0110_0054_0043_0043.jpg 1 110 54 43 43
0470_0027_0055_0101_0101.jpg 1 27 55 101 101
0471_0042_0093_0049_0049.jpg 1 42 93 49 49
0472_0028_0109_0055_0055.jpg 1 28 109 55 55
0473_0023_0056_0106_0106.jpg 1 23 56 106 106
0474_0116_0102_0067_0067.jpg 1 116 102 67 67
0475_0068_0057_0092_0092.jpg 1 68 57 92 92
0476_0043_0038_0064_0064.jpg 1 43 38 64 64
0477_0082_0024_0103_0103.jpg 1 82 24 103 103
0478_0091_0012_0084_0084.jpg 1 91 12 84 84
0479_0059_0033_0038_0038.jpg 1 59 33 38 38
0480_0096_0111_0066_0066.jpg 1 96 111 66 66
0481_0059_0112_0061_0061.jpg 1 59 112 61 61
0482_0047_0092_0071_0071.jpg 1 47 92 71 71
0483_0077_0108_0043_0043.jpg 1 77 108 43 43
0484_0048_0054_0129_0129.jpg 1 48 54 129 129
0485_0063_0088_0025_0025.jpg 1 63 88 25 25
0486_0062_0025_0106_0106.jpg 1 62 25 106 106
0487_0117_0128_0027_0027.jpg 1 117 128 27 27
0488_0048_0083_0036_0036.jpg 1 48 83 36 36
0489_0055_0018_0064_0064.jpg 1 55 18 64 64
0490_0126_0080_0033_0033.jpg 1 126 80 33 33
0491_0088_0044_0086_0086.jpg 1 88 44 86 86
0492_0019_0020_0123_0123.jpg 1 19 20 123 123
0493_0039_0044_0127_0127.jpg 1 39 44 127 127
0494_0082_0087_0099_0099.jpg 1 82 87 99 99
0495_0048_0074_0116_0116.jpg 1 48 74 116 116
0496_0055_0052_0109_0109.jpg 1 55 52 109 109
0497_0047_0018_0112_0112.jpg 1 47 18 112 112
0498_0060_0073_0095_0095.jpg 1 60 73 95 95
0499_0122_0115_0045_0045.jpg 1 122 115 45 45
0500_0037_0096_0067_0067.jpg 1 37 96 67 67
0501_0064_0082_0108_0108.jpg 1 64 82 108 108
0502_0027_0051_0055_0055.jpg 1 27 51 55 55
0503_0056_0071_0093_0093.jpg 1 56 71 93 93
0504_0014_0027_0090_0090.jpg 1 14 27 90 90
0505_0068_0027_0091_0091.jpg 1 68 27 91 91
0506_0105_0037_0083_0083.jpg 1 105 37 83 83
0507_0022_0009_0112_0112.jpg 1 22 9 112 112
0508_0092_0027_0040_0040.jpg 1 92 27 40 40
0509_0022_0090_0044_0044.jpg 1 22 90 44 44
0510_0049_0027_0082_0082.jpg 1 49 27 82 82
0511_0063_0090_0093_0093.jpg 1 63 90 93 93
0512_0034_0050_0093_0093.jpg 1 34 50 93 93
0513_0050_0034_0133_0133.jpg 1 50 34 133 133
0514_0064_0125_0055_0055.jpg 1 64 125 55 55
0515_0064_0050_0120_0120.jpg 1 64 50 120 120
0516_0096_0022_0073_0073.jpg 1 96 22 73 73
0517_0019_0043_0100_0100.jpg 1 19 43 100 100
0518_0013_0065_0098_0098.jpg 1 13 65 98 98
0519_0051_0064_0094_0094.jpg 1 51 64 94 94
0520_0037_0024_0135_0135.jpg 1 37 24 135 135
0521_0025_0099_0088_0088.jpg 1 25 99 88 88
0522_0024_0019_0073_0073.jpg 1 24 19 73 73
0523_0124_0058_0030_0030.jpg 1 124 58 30 30
0524_0095_0075_0063_0063.jpg 1 95 75 63 63
0525_0087_0092_0027_0027.jpg 1 87 92 27 27
0526_0015_0034_0133_0133.jpg 1 15 34 133 133
0527_0116_0093_0049_0049.jpg 1 116 93 49 49
0528_0052_0075_0095_0095.jpg 1 52 75 95 95
0529_0022_0020_0110_0110.jpg 1 22 20 110 110
0530_0096_0123_0038_0038.jpg 1 96 123 38 38
0531_0099_0061_0047_0047.jpg 1 99 61 47 47
0532_0062_0040_0033_0033.jpg 1 62 40 33 33
0533_0021_0087_0102_0102.jpg 1 21 87 102 102
0534_0109_0103_0077_0077.jpg 1 109 103 77 77
0535_0072_0056_0067_0067.jpg 1 72 56 67 67
0536_0022_0045_0132_0132.jpg 1 22 45 132 132
0537_0054_0014_0134_0134.jpg 1 54 14 134 134
0538_0043_0031_0085_0085.jpg 1 43 31 85 85
0539_0045_0105_0055_0055.jpg 1 45 105 55 55
0540_0146_0042_0034_0034.jpg 1 146 42 34 34
0541_0109_0042_0030_0030.jpg 1 109 42 30 30
0542_0031_0057_0087_0087.jpg 1 31 57 87 87
0543_0045_0024_0118_0118.jpg 1 45 24 118 118
0544_0029_0075_0073_0073.jpg 1 29 75 73 73
0545_0080_0093_0039_0039.jpg 1 80 93 39 39
0546_0080_0128_0041_0041.jpg 1 80 128 41 41
0547_0075_0083_0085_0085.jpg 1 75 83 85 85
0548_0012_0081_0085_0085.jpg 1 12 81 85 85
0549_0144_0125_0030_0030.jpg 1 144 125 30 30
0550_0015_0044_0091_0091.jpg 1 15 44 91 91
0551_0036_0068_0123_0123.jpg 1 36 68 123 123
0552_0020_0040_0084_0084.jpg 1 20 40 84 84
0553_0057_0072_0060_0060.jpg 1 57 72 60 60
0554_0043_0055_0087_0087.jpg 1 43 55 87 87
0555_0024_0044_0069_0069.jpg 1 24 44 69 69
0556_0041_0027_0117_0117.jpg 1 41 27 117 117
0557_0018_0070_0094_0094.jpg 1 18 70 94 94
0558_0098_0080_0076_0076.jpg 1 98 80 76 76
0559_0050_0051_0112_0112.jpg 1 50 51 112 112
0560_0021_0148_0034_0034.jpg 1 21 148 34 34
0561_0066_0108_0065_0065.jpg 1 66 108 65 65
0562_0044_0108_0028_0028.jpg 1 44 108 28 28
0563_0071_0059_0057_0057.jpg 1 71 59 57 57
0564_0122_0070_0039_0039.jpg 1 122 70 39 39
0565_0014_0094_0066_0066.jpg 1 14 94 66 66
0566_0057_0064_0049_0049.jpg 1 57 64 49 49
0567_0133_0113_0032_0032.jpg 1 133 113 32 32
0568_0062_0011_0098_0098.jpg 1 62 11 98 98
0569_0114_0118_0057_0057.jpg 1 114 118 57 57
0570_0088_0066_0088_0088.jpg 1 88 66 88 88
0571_0052_0060_0119_0119.jpg 1 52 60 119 119
0572_0081_0061_0026_0026.jpg 1 81 61 26 26
0573_0027_0052_0089_0089.jpg 1 27 52 89 89
0574_0124_0104_0041_0041.jpg 1 124 104 41 41
0575_0025_0075_0074_0074.jpg 1 25 75 74 74
0576_0021_0024_0115_0115.jpg 1 21 24 115 115
0577_0008_0028_0128_0128.jpg 1 8 28 128 128
0578_0075_0011_0095_0095.jpg 1 75 11 95 95
0579_0133_0052_0047_0047.jpg 1 133 52 47 47
0580_0044_0102_0085_0085.jpg 1 44 102 85 85
0581_0019_0038_0103_0103.jpg 1 19 38 103 103
0582_0040_0043_0130_0130.jpg 1 40 43 130 130
0583_0050_0025_0099_0099.jpg 1 50 25 99 99
0584_0035_0012_0131_0131.jpg 1 35 12 131 131
0585_0087_0086_0078_0078.jpg 1 87 86 78 78
0586_0073_0059_0107_0107.jpg 1 73 59 107 107
0587_0109_0023_0025_0025.jpg 1 109 23 25 25
0588_0050_0035_0072_0072.jpg 1 50 35 72 72
0589_0106_0091_0066_0066.jpg 1 106 91 66 66
0590_0027_0033_0047_0047.jpg 1 27 33 47 47
0591_0021_0070_0091_0091.jpg 1 21 70 91 91
0592_0069_0074_0073_0073.jpg 1 69 74 73 73
0593_0068_0063_0077_0077.jpg 1 68 63 77 77
0594_0039_0066_0125_0125.jpg 1 39 66 125 125
0595_0040_0056_0050_0050.jpg 1 40 56 50 50
0596_0045_0021_0139_0139.jpg 1 45 21 139 139
0597_0067_0057_0109_0109.jpg 1 67 57 109 109
0598_0090_0015_0065_0065.jpg 1 90 15 65 65
0599_0110_0053_0059_0059.jpg 1 110 53 59 59
0600_0035_0047_0108_0108.jpg 1 35 47 108 108
0601_0060_0063_0081_0081.jpg 1 60 63 81 81
0602_0103_0083_0074_0074.jpg 1 103 83 74 74
0603_0050_0056_0132_0132.jpg 1 50 56 132 132
0604_0040_0031_0124_0124.jpg 1 40 31 124 124
0605_0129_0016_0048_0048.jpg 1 129 16 48 48
0606_0034_0026_0120_0120.jpg 1 34 26 120 120
0607_0011_0010_0111_0111.jpg 1 11 10 111 111
0608_0022_0024_0036_0036.jpg 1 22 24 36 36
0609_0020_0079_0071_0071.jpg 1 20 79 71 71
0610_0013_0076_0064_0064.jpg 1 13 76 64 64
0611_0053_0029_0131_0131.jpg 1 53 29 131 131
0612_0022_0022_0125_0125.jpg 1 22 22 125 125
0613_0097_0039_0031_0031.jpg 1 97 39 31 31
0614_0076_0040_0050_0050.jpg 1 76 40 50 50
0615_0015_0034_0086_0086.jpg 1 15 34 86 86
0616_0051_0010_0113_0113.jpg 1 51 10 113 113
0617_0015_0061_0129_0129.jpg 1 15 61 129 129
0618_0014_0027_0106_0106.jpg 1 14 27 106 106
0619_0015_0013_0112_0112.jpg 1 15 13 112 112
0620_0017_0064_0072_0072.jpg 1 17 64 72 72
0621_0112_0043_0026_0026.jpg 1 112 43 26 26
0622_0120_0116_0038_0038.jpg 1 120 116 38 38
0623_0057_0032_0052_0052.jpg 1 57 32 52 52
0624_0105_0098_0031_0031.jpg 1 105 98 31 31
0625_0045_0036_0125_0125.jpg 1 45 36 125 125
0626_0144_0113_0025_0025.jpg 1 144 113 25 25
0627_0050_0027_0086_0086.jpg 1 50 27 86 86
0628_0014_0057_0076_0076.jpg 1 14 57 76 76
0629_0062_0094_0092_0092.jpg 1 62 94 92 92
0630_0066_0057_0045_0045.jpg 1 66 57 45 45
0631_0061_0104_0038_0038.jpg 1 61 104 38 38
0632_0057_0081_0071_0071.jpg 1 57 81 71 71
0633_0036_0018_0114_0114.jpg 1 36 18 114 114
0634_0061_0045_0129_0129.jpg 1 61 45 129 129
0635_0082_0081_0065_0065.jpg 1 82 81 65 65
0636_0106_0019_0055_0055.jpg 1 106 19 55 55
0637_0013_0039_0127_0127.jpg 1 13 39 127 127
0638_0036_0044_0120_0120.jpg 1 36 44 120 120
0639_0042_0084_0087_0087.jpg 1 42 84 87 87
0640_0032_0065_0125_0125.jpg 1 32 65 125 125
0641_0017_0018_0099_0099.jpg 1 17 18 99 99
0642_0101_0066_0069_0069.jpg 1 101 66 69 69
0643_0052_0023_0112_0112.jpg 1 52 23 112 112
0644_0007_0006_0137_0137.jpg 1 7 6 137 137
0645_0076_0068_0062_0062.jpg 1 76 68 62 62
0646_0036_0024_0121_0121.jpg 1 36 24 121 121
0647_0053_0012_0105_0105.jpg 1 53 12 105 105
0648_0024_0036_0072_0072.jpg 1 24 36 72 72
0649_0085_0055_0074_0074.jpg 1 85 55 74 74
0650_0092_0088_0097_0097.jpg 1 92 88 97 97
0651_0075_0122_0025_0025.jpg 1 75 122 25 25
0652_0125_0054_0057_0057.jpg 1 125 54 57 57
0653_0072_0014_0092_0092.jpg 1 72 14 92 92
0654_0109_0034_0065_0065.jpg 1 109 34 65 65
0655_0009_0009_0122_0122.jpg 1 9 9 122 122
0656_0013_0058_0098_0098.jpg 1 13 58 98 98
0657_0038_0093_0096_0096.jpg 1 38 93 96 96
0658_0088_0052_0040_0040.jpg 1 88 52 40 40
0659_0071_0075_0033_0033.jpg 1 71 75 33 33
0660_0072_0064_0113_0113.jpg 1 72 64 113 113
0661_0073_0051_0096_0096.jpg 1 73 51 96 96
0662_0034_0056_0110_0110.jpg 1 34 56 110 110
0663_0077_0022_0100_0100.jpg 1 77 22 100 100
0664_0093_0030_0067_0067.jpg 1 93 30 67 67
0665_0046_0069_0105_0105.jpg 1 46 69 105 105
0666_0069_0068_0058_0058.jpg 1 69 68 58 58
0667_0024_0024_0085_0085.jpg 1 24 24 85 85
0668_0021_0064_0072_0072.jpg 1 21 64 72 72
0669_0024_0058_0026_0026.jpg 1 24 58 26 26
0670_0018_0009_0113_0113.jpg 1 18 9 113 113
0671_0089_0130_0040_0040.jpg 1 89 130 40 40
0672_0082_0046_0052_0052.jpg 1 82 46 52 52
0673_0072_0129_0053_0053.jpg 1 72 129 53 53
0674_0016_0068_0077_0077.jpg 1 16 68 77 77
0675_0007_0011_0129_0129.jpg 1 7 11 129 129
0676_0046_0022_0135_0135.jpg 1 46 22 135 135
0677_0073_0108_0075_0075.jpg 1 73 108 75 75
0678_0020_0028_0128_0128.jpg 1 20 28 128 128
0679_0038_0041_0133_0133.jpg 1 38 41 133 133
0680_0113_0116_0059_0059.jpg 1 113 116 59 59
0681_0072_0042_0118_0118.jpg 1 72 42 118 118
0682_0022_0028_0134_0134.jpg 1 22 28 134 134
0683_0056_0047_0077_0077.jpg 1 56 47 77 77
0684_0021_0090_0069_0069.jpg 1 21 90 69 69
0685_0088_0083_0069_0069.jpg 1 88 83 69 69
0686_0149_0049_0033_0033.jpg 1 149 49 33 33
0687_0097_0038_0074_0074.jpg 1 97 38 74 74
0688_0029_0064_0087_0087.jpg 1 29 64 87 87
0689_0066_0078_0077_0077.jpg 1 66 78 77 77
0690_0021_0038_0099_0099.jpg 1 21 38 99 99
0691_0032_0018_0139_0139.jpg 1 32 18 139 139
0692_0093_0077_0038_0038.jpg 1 93 77 38 38
0693_0072_0083_0096_0096.jpg 1 72 83 96 96
0694_0097_0049_0060_0060.jpg 1 97 49 60 60
0695_0125_0066_0058_0058.jpg 1 125 66 58 58
0696_0045_0017_0098_0098.jpg 1 45 17 98 98
0697_0017_0052_0105_0105.jpg 1 17 52 105 105
0698_0111_0119_0043_0043.jpg 1 111 119 43 43
0699_0028_0056_0118_0118.jpg 1 28 56 118 118
0700_0106_0065_0080_0080.jpg 1 106 65 80 80
0701_0024_0071_0087_0087.jpg 1 24 71 87 87
0702_0072_0036_0094_0094.jpg 1 72 36 94 94
0703_0019_0056_0038_0038.jpg 1 19 56 38 38
0704_0024_0053_0128_0128.jpg 1 24 53 128 128
0705_0020_0070_0099_0099.jpg 1 20 70 99 99
0706_0066_0095_0084_0084.jpg 1 66 95 84 84
0707_0037_0027_0138_0138.jpg 1 37 27 138 138
0708_0045_0029_0036_0036.jpg 1 45 29 36 36
0709_0092_0013_0094_0094.jpg 1 92 13 94 94
0710_0017_0082_0094_0094.jpg 1 17 82 94 94
0711_0030_0074_0058_0058.jpg 1 30 74 58 58
0712_0083_0012_0082_0082.jpg 1 83 12 82 82
0713_0076_0060_0053_0053.jpg 1 76 60 53 53
0714_0076_0016_0103_0103.jpg 1 76 16 103 103
0715_0056_0011_0137_0137.jpg 1 56 11 137 137
0716_0041_0034_0134_0134.jpg 1 41 34 134 134
0717_0019_0067_0035_0035.jpg 1 19 67 35 35
0718_0048_0022_0133_0133.jpg 1 48 22 133 133
0719_0069_0067_0044_0044.jpg 1 69 67 44 44
0720_0060_0086_0084_0084.jpg 1 60 86 84 84
0721_0087_0043_0099_0099.jpg 1 87 43 99 99
0722_0011_0009_0132_0132.jpg 1 11 9 132 132
0723_0103_0053_0050_0050.jpg 1 103 53 50 50
0724_0122_0084_0028_0028.jpg 1 122 84 28 28
0725_0037_0142_0027_0027.jpg 1 37 142 27 27
0726_0018_0035_0062_0062.jpg 1 18 35 62 62
0727_0014_0050_0088_0088.jpg 1 14 50 88 88
0728_0076_0074_0034_0034.jpg 1 76 74 34 34
0729_0068_0091_0088_0088.jpg 1 68 91 88 88
0730_0018_0083_0057_0057.jpg 1 18 83 57 57
0731_0079_0023_0098_0098.jpg 1 79 23 98 98
0732_0028_0080_0033_0033.jpg 1 28 80 33 33
0733_0037_0028_0080_0080.jpg 1 37 28 80 80
0734_0133_0054_0043_0043.jpg 1 133 54 43 43
0735_0113_0089_0055_0055.jpg 1 113 89 55 55
0736_0045_0066_0033_0033.jpg 1 45 66 33 33
0737_0020_0042_0135_0135.jpg 1 20 42 135 135
0738_0127_0075_0032_0032.jpg 1 127 75 32 32
0739_0060_0020_0130_0130.jpg 1 60 20 130 130
0740_0095_0076_0041_0041.jpg 1 95 76 41 41
0741_0019_0103_0071_0071.jpg 1 19 103 71 71
0742_0026_0029_0126_0126.jpg 1 26 29 126 126
0743_0055_0115_0065_0065.jpg 1 55 115 65 65
0744_0089_0084_0090_0090.jpg 1 89 84 90 90
0745_0028_0040_0035_0035.jpg 1 28 40 35 35
0746_0051_0045_0137_0137.jpg 1 51 45 137 137
0747_0150_0115_0032_0032.jpg 1 150 115 32 32
0748_0101_0079_0075_0075.jpg 1 101 79 75 75
0749_0044_0043_0114_0114.jpg 1 44 43 114 114
0750_0076_0104_0049_0049.jpg 1 76 104 49 49
0751_0058_0019_0101_0101.jpg 1 58 19 101 101
0752_0120_0091_0032_0032.jpg 1 120 91 32 32
0753_0099_0098_0073_0073.jpg 1 99 98 73 73
0754_0036_0015_0075_0075.jpg 1 36 15 75 75
0755_0051_0072_0095_0095.jpg 1 51 72 95 95
0756_0064_0037_0127_0127.jpg 1 64 37 127 127
0757_0023_0009_0130_0130.jpg 1 23 9 130 130
0758_0063_0086_0095_0095.jpg 1 63 86 95 95
0759_0101_0087_0083_0083.jpg 1 101 87 83 83
0760_0026_0031_0063_0063.jpg 1 26 31 63 63
0761_0089_0053_0027_0027.jpg 1 89 53 27 27
0762_0011_0011_0134_0134.jpg 1 11 11 134 134
0763_0037_0051_0032_0032.jpg 1 37 51 32 32
0764_0051_0043_0124_0124.jpg 1 51 43 124 124
0765_0066_0017_0124_0124.jpg 1 66 17 124 124
0766_0051_0043_0031_0031.jpg 1 51 43 31 31
0767_0107_0028_0079_0079.jpg 1 107 28 79 79
0768_0064_0077_0059_0059.jpg 1 64 77 59 59
0769_0028_0055_0066_0066.jpg 1 28 55 66 66
0770_0010_0042_0127_0127.jpg 1 10 42 127 127
0771_0133_0106_0037_0037.jpg 1 133 106 37 37
0772_0027_0055_0134_0134.jpg 1 27 55 134 134
0773_0029_0029_0083_0083.jpg 1 29 29 83 83
0774_0013_0021_0136_0136.jpg 1 13 21 136 136
0775_0089_0105_0051_0051.jpg 1 89 105 51 51
0776_0011_0078_0105_0105.jpg 1 11 78 105 105
0777_0102_0081_0059_0059.jpg 1 102 81 59 59
0778_0050_0031_0127_0127.jpg 1 50 31 127 127
0779_0092_0044_0067_0067.jpg 1 92 44 67 67
0780_0062_0043_0044_0044.jpg 1 62 43 44 44
0781_0066_0035_0125_0125.jpg 1 66 35 125 125
0782_0025_0031_0111_0111.jpg 1 25 31 111 111
0783_0092_0066_0083_0083.jpg 1 92 66 83 83
0784_0078_0063_0065_0065.jpg 1 78 63 65 65
0785_0013_0044_0136_0136.jpg 1 13 44 136 136
0786_0026_0054_0060_0060.jpg 1 26 54 60 60
0787_0023_0022_0108_0108.jpg 1 23 22 108 108
0788_0060_0038_0060_0060.jpg 1 60 38 60 60
0789_0116_0086_0058_0058.jpg 1 116 86 58 58
0790_0104_0053_0050_0050.jpg 1 104 53 50 50
0791_0042_0029_0127_0127.jpg 1 42 29 127 127
0792_0028_0019_0122_0122.jpg 1 28 19 122 122
0793_0038_0059_0055_0055.jpg 1 38 59 55 55
0794_0058_0074_0107_0107.jpg 1 58 74 107 107
0795_0059_0011_0090_0090.jpg 1 59 11 90 90
0796_0059_0034_0058_0058.jpg 1 59 34 58 58
0797_0054_0088_0052_0052.jpg 1 54 88 52 52
0798_0063_0073_0111_0111.jpg 1 63 73 111 111
0799_0089_0078_0060_0060.jpg 1 89 78 60 60
0800_0037_0073_0095_0095.jpg 1 37 73 95 95
0801_0091_0108_0068_0068.jpg 1 91 108 68 68
0802_0040_0101_0086_0086.jpg 1 40 101 86 86
0803_0032_0038_0137_0137.jpg 1 32 38 137 137
0804_0007_0022_0122_0122.jpg 1 7 22 122 122
0805_0090_0053_0050_0050.jpg 1 90 53 50 50
0806_0025_0057_0058_0058.jpg 1 25 57 58 58
0807_0104_0015_0064_0064.jpg 1 104 15 64 64
0808_0022_0082_0071_0071.jpg 1 22 82 71 71
0809_0033_0055_0090_0090.jpg 1 33 55 90 90
0810_0039_0034_0137_0137.jpg 1 39 34 137 137
0811_0016_0050_0128_0128.jpg 1 16 50 128 128
0812_0117_0028_0054_0054.jpg 1 117 28 54 54
0813_0043_0057_0130_0130.jpg 1 43 57 130 130
0814_0064_0092_0042_0042.jpg 1 64 92 42 42
0815_0097_0025_0085_0085.jpg 1 97 25 85 85
0816_0068_0032_0092_0092.jpg 1 68 32 92 92
0817_0010_0059_0132_0132.jpg 1 10 59 132 132
0818_0091_0089_0060_0060.jpg 1 91 89 60 60
0819_0064_0116_0061_0061.jpg 1 64 116 61 61
0820_0100_0091_0052_0052.jpg 1 100 91 52 52
0821_0071_0025_0091_0091.jpg 1 71 25 91 91
0822_0053_0117_0068_0068.jpg 1 53 117 68 68
0823_0052_0014_0099_0099.jpg 1 52 14 99 99
0824_0012_0007_0128_0128.jpg 1 12 7 128 128
0825_0048_0014_0073_0073.jpg 1 48 14 73 73
0826_0147_0087_0026_0026.jpg 1 147 87 26 26
0827_0048_0033_0088_0088.jpg 1 48 33 88 88
0828_0136_0093_0046_0046.jpg 1 136 93 46 46
0829_0048_0093_0024_0024.jpg 1 48 93 24 24
0830_0066_0140_0030_0030.jpg 1 66 140 30 30
0831_0080_0082_0046_0046.jpg 1 80 82 46 46
0832_0089_0056_0086_0086.jpg 1 89 56 86 86
0833_0037_0035_0093_0093.jpg 1 37 35 93 93
0834_0026_0047_0097_0097.jpg 1 26 47 97 97
0835_0061_0068_0094_0094.jpg 1 61 68 94 94
0836_0033_0048_0069_0069.jpg 1 33 48 69 69
0837_0070_0020_0089_0089.jpg 1 70 20 89 89
0838_0028_0037_0084_0084.jpg 1 28 37 84 84
0839_0081_0055_0103_0103.jpg 1 81 55 103 103
0840_0019_0018_0135_0135.jpg 1 19 18 135 135
0841_0034_0032_0099_0099.jpg 1 34 32 99 99
0842_0021_0061_0072_0072.jpg 1 21 61 72 72
0843_0042_0025_0071_0071.jpg 1 42 25 71 71
0844_0059_0123_0043_0043.jpg 1 59 123 43 43
0845_0065_0125_0044_0044.jpg 1 65 125 44 44
0846_0057_0088_0097_0097.jpg 1 57 88 97 97
0847_0056_0065_0118_0118.jpg 1 56 65 118 118
0848_0054_0033_0124_0124.jpg 1 54 33 124 124
0849_0033_0014_0136_0136.jpg 1 33 14 136 136
0850_0078_0122_0061_0061.jpg 1 78 122 61 61
0851_0013_0021_0121_0121.jpg 1 13 21 121 121
0852_0080_0050_0071_0071.jpg 1 80 50 71 71
0853_0025_0081_0095_0095.jpg 1 25 81 95 95
0854_0037_0063_0101_0101.jpg 1 37 63 101 101
0855_0040_0052_0115_0115.jpg 1 40 52 115 115
0856_0027_0019_0131_0131.jpg 1 27 19 131 131
0857_0141_0078_0028_0028.jpg 1 141 78 28 28
0858_0071_0016_0085_0085.jpg 1 71 16 85 85
0859_0071_0073_0110_0110.jpg 1 71 73 110 110
0860_0116_0019_0051_0051.jpg 1 116 19 51 51
0861_0073_0016_0079_0079.jpg 1 73 16 79 79
0862_0052_0049_0028_0028.jpg 1 52 49 28 28
0863_0069_0064_0099_0099.jpg 1 69 64 99 99
0864_0083_0043_0099_0099.jpg 1 83 43 99 99
0865_0073_0071_0080_0080.jpg 1 73 71 80 80
0866_0036_0045_0095_0095.jpg 1 36 45 95 95
0867_0065_0037_0068_0068.jpg 1 65 37 68 68
0868_0049_0032_0092_0092.jpg 1 49 32 92 92
0869_0032_0030_0099_0099.jpg 1 32 30 99 99
0870_0037_0037_0134_0134.jpg 1 37 37 134 134
0871_0033_0009_0107_0107.jpg 1 33 9 107 107
0872_0090_0083_0068_0068.jpg 1 90 83 68 68
0873_0040_0098_0049_0049.jpg 1 40 98 49 49
0874_0046_0072_0095_0095.jpg 1 46 72 95 95
0875_0058_0100_0034_0034.jpg 1 58 100 34 34
0876_0023_0075_0079_0079.jpg 1 23 75 79 79
0877_0052_0016_0056_0056.jpg 1 52 16 56 56
0878_0027_0092_0090_0090.jpg 1 27 92 90 90
0879_0088_0103_0044_0044.jpg 1 88 103 44 44
0880_0043_0077_0052_0052.jpg 1 43 77 52 52
0881_0045_0028_0080_0080.jpg 1 45 28 80 80
0882_0032_0059_0129_0129.jpg 1 32 59 129 129
0883_0057_0062_0115_0115.jpg 1 57 62 115 115
0884_0047_0068_0113_0113.jpg 1 47 68 113 113
0885_0039_0027_0041_0041.jpg 1 39 27 41 41
0886_0031_0057_0085_0085.jpg 1 31 57 85 85
0887_0040_0044_0069_0069.jpg 1 40 44 69 69
0888_0047_0032_0130_0130.jpg 1 47 32 130 130
0889_0011_0079_0106_0106.jpg 1 11 79 106 106
0890_0125_0030_0044_0044.jpg 1 125 30 44 44
0891_0100_0111_0060_0060.jpg 1 100 111 60 60
0892_0025_0029_0138_0138.jpg 1 25 29 138 138
0893_0114_0056_0041_0041.jpg 1 114 56 41 41
0894_0107_0063_0074_0074.jpg 1 107 63 74 74
0895_0024_0093_0075_0075.jpg 1 24 93 75 75
0896_0036_0075_0098_0098.jpg 1 36 75 98 98
0897_0048_0044_0101_0101.jpg 1 48 44 101 101
0898_0034_0027_0108_0108.jpg 1 34 27 108 108
0899_0033_0078_0088_0088.jpg 1 33 78 88 88
0900_0049_0067_0121_0121.jpg 1 49 67 121 121
0901_0088_0042_0056_0056.jpg 1 88 42 56 56
0902_0018_0028_0070_0070.jpg 1 18 28 70 70
0903_0025_0025_0093_0093.jpg 1 25 25 93 93
0904_0073_0108_0071_0071.jpg 1 73 108 71 71
0905_0042_0077_0073_0073.jpg 1 42 77 73 73
0906_0027_0047_0119_0119.jpg 1 27 47 119 119
0907_0044_0025_0057_0057.jpg 1 44 25 57 57
0908_0008_0045_0138_0138.jpg 1 8 45 138 138
0909_0046_0090_0076_0076.jpg 1 46 90 76 76
0910_0034_0013_0091_0091.jpg 1 34 13 91 91
0911_0053_0044_0048_0048.jpg 1 53 44 48 48
0912_0068_0144_0031_0031.jpg 1 68 144 31 31
0913_0042_0026_0128_0128.jpg 1 42 26 128 128
0914_0045_0037_0042_0042.jpg 1 45 37 42 42
0915_0053_0080_0054_0054.jpg 1 53 80 54 54
0916_0087_0016_0049_0049.jpg 1 87 16 49 49
0917_0046_0029_0114_0114.jpg 1 46 29 114 114
0918_0079_0032_0086_0086.jpg 1 79 32 86 86
0919_0057_0052_0129_0129.jpg 1 57 52 129 129
0920_0068_0036_0083_0083.jpg 1 68 36 83 83
0921_0022_0029_0109_0109.jpg 1 22 29 109 109
0922_0025_0013_0136_0136.jpg 1 25 13 136 136
0923_0065_0038_0058_0058.jpg 1 65 38 58 58
0924_0042_0050_0031_0031.jpg 1 42 50 31 31
0925_0045_0011_0138_0138.jpg 1 45 11 138 138
0926_0041_0056_0039_0039.jpg 1 41 56 39 39
0927_0031_0044_0121_0121.jpg 1 31 44 121 121
0928_0062_0058_0116_0116.jpg 1 62 58 116 116
0929_0082_0129_0049_0049.jpg 1 82 129 49 49
0930_0086_0091_0079_0079.jpg 1 86 91 79 79
0931_0086_0046_0098_0098.jpg 1 86 46 98 98
0932_0036_0020_0121_0121.jpg 1 36 20 121 121
0933_0061_0083_0053_0053.jpg 1 61 83 53 53
0934_0028_0055_0089_0089.jpg 1 28 55 89 89
0935_0109_0096_0043_0043.jpg 1 109 96 43 43
0936_0038_0010_0133_0133.jpg 1 38 10 133 133
0937_0028_0034_0087_0087.jpg 1 28 34 87 87
0938_0056_0071_0104_0104.jpg 1 56 71 104 104
0939_0021_0087_0100_0100.jpg 1 21 87 100 100
0940_0087_0056_0100_0100.jpg 1 87 56 100 100
0941_0075_0059_0024_0024.jpg 1 75 59 24 24
0942_0066_0026_0091_0091.jpg 1 66 26 91 91
0943_0031_0049_0130_0130.jpg 1 31 49 130 130
0944_0092_0028_0083_0083.jpg 1 92 28 83 83
0945_0028_0137_0042_0042.jpg 1 28 137 42 42
0946_0015_0061_0052_0052.jpg 1 15 61 52 52
0947_0023_0017_0121_0121.jpg 1 23 17 121 121
0948_0066_0065_0125_0125.jpg 1 66 65 125 125
0949_0014_0068_0090_0090.jpg 1 14 68 90 90
0950_0047_0044_0134_0134.jpg 1 47 44 134 134
0951_0067_0081_0076_0076.jpg 1 67 81 76 76
0952_0139_0135_0042_0042.jpg 1 139 135 42 42
0953_0013_0053_0079_0079.jpg 1 13 53 79 79
0954_0043_0056_0119_0119.jpg 1 43 56 119 119
0955_0052_0063_0110_0110.jpg 1 52 63 110 110
0956_0040_0033_0092_0092.jpg 1 40 33 92 92
0957_0055_0016_0087_0087.jpg 1 55 16 87 87
0958_0039_0064_0107_0107.jpg 1 39 64 107 107
0959_0101_0097_0035_0035.jpg 1 101 97 35 35
0960_0080_0123_0046_0046.jpg 1 80 123 46 46
0961_0125_0121_0048_0048.jpg 1 125 121 48 48
0962_0044_0034_0120_0120.jpg 1 44 34 120 120
0963_0079_0019_0032_0032.jpg 1 79 19 32 32
0964_0018_0034_0128_0128.jpg 1 18 34 128 128
0965_0009_0067_0116_0116.jpg 1 9 67 116 116
0966_0018_0024_0080_0080.jpg 1 18 24 80 80
0967_0016_0057_0119_0119.jpg 1 16 57 119 119
0968_0098_0064_0068_0068.jpg 1 98 64 68 68
0969_0053_0117_0045_0045.jpg 1 53 117 45 45
0970_0048_0111_0027_0027.jpg 1 48 111 27 27
0971_0050_0031_0063_0063.jpg 1 50 31 63 63
0972_0065_0051_0044_0044.jpg 1 65 51 44 44
0973_0029_0029_0090_0090.jpg 1 29 29 90 90
0974_0040_0044_0109_0109.jpg 1 40 44 109 109
0975_0022_0065_0123_0123.jpg 1 22 65 123 123
0976_0071_0059_0120_0120.jpg 1 71 59 120 120
0977_0044_0048_0099_0099.jpg 1 44 48 99 99
0978_0089_0062_0081_0081.jpg 1 89 62 81 81
0979_0043_0115_0039_0039.jpg 1 43 115 39 39
0980_0064_0079_0098_0098.jpg 1 64 79 98 98
0981_0087_0132_0042_0042.jpg 1 87 132 42 42
0982_0017_0141_0041_0041.jpg 1 17 141 41 41
0983_0084_0032_0037_0037.jpg 1 84 32 37 37
0984_0011_0023_0138_0138.jpg 1 11 23 138 138
0985_0031_0077_0067_0067.jpg 1 31 77 67 67
0986_0123_0051_0036_0036.jpg 1 123 51 36 36
0987_0057_0037_0125_0125.jpg 1 57 37 125 125
0988_0014_0016_0131_0131.jpg 1 14 16 131 131
0989_0085_0086_0081_0081.jpg 1 85 86 81 81
0990_0127_0053_0050_0050.jpg 1 127 53 50 50
0991_0033_0084_0071_0071.jpg 1 33 84 71 71
0992_0010_0016_0121_0121.jpg 1 10 16 121 121
0993_0105_0093_0025_0025.jpg 1 105 93 25 25
0994_0119_0050_0060_0060.jpg 1 119 50 60 60
0995_0011_0066_0122_0122.jpg 1 11 66 122 122
