0001_0053_0066_0090_0090.jpg 1 53 66 90 90
0002_0028_0084_0085_0085.jpg 1 28 84 85 85
0003_0029_0034_0067_0067.jpg 1 29 34 67 67
0004_0061_0053_0120_0120.jpg 1 61 53 120 120
0005_0051_0019_0094_0094.jpg 1 51 19 94 94
0006_0112_0111_0051_0051.jpg 1 112 111 51 51
0007_0135_0118_0027_0027.jpg 1 135 118 27 27
0008_0012_0027_0138_0138.jpg 1 12 27 138 138
0009_0042_0025_0094_0094.jpg 1 42 25 94 94
0010_0037_0048_0054_0054.jpg 1 37 48 54 54
0011_0023_0033_0089_0089.jpg 1 23 33 89 89
0012_0029_0037_0081_0081.jpg 1 29 37 81 81
0013_0097_0108_0053_0053.jpg 1 97 108 53 53
0014_0010_0045_0097_0097.jpg 1 10 45 97 97
0015_0051_0023_0126_0126.jpg 1 51 23 126 126
0016_0033_0053_0126_0126.jpg 1 33 53 126 126
0017_0036_0037_0117_0117.jpg 1 36 37 117 117
0018_0021_0042_0132_0132.jpg 1 21 42 132 132
0019_0017_0026_0136_0136.jpg 1 17 26 136 136
0020_0107_0039_0042_0042.jpg 1 107 39 42 42
0021_0047_0069_0094_0094.jpg 1 47 69 94 94
0022_0053_0062_0040_0040.jpg 1 53 62 40 40
0023_0033_0089_0055_0055.jpg 1 33 89 55 55
0024_0019_0031_0049_0049.jpg 1 19 31 49 49
0025_0060_0038_0077_0077.jpg 1 60 38 77 77
0026_0036_0047_0102_0102.jpg 1 36 47 102 102
0027_0028_0031_0065_0065.jpg 1 28 31 65 65
0028_0044_0044_0095_0095.jpg 1 44 44 95 95
0029_0079_0031_0064_0064.jpg 1 79 31 64 64
0030_0063_0089_0081_0081.jpg 1 63 89 81 81
0031_0074_0082_0051_0051.jpg 1 74 82 51 51
0032_0122_0056_0048_0048.jpg 1 122 56 48 48
0033_0077_0033_0083_0083.jpg 1 77 33 83 83
0034_0044_0050_0100_0100.jpg 1 44 50 100 100
0035_0057_0015_0126_0126.jpg 1 57 15 126 126
0036_0028_0049_0136_0136.jpg 1 28 49 136 136
0037_0051_0123_0034_0034.jpg 1 51 123 34 34
0038_0049_0102_0082_0082.jpg 1 49 102 82 82
0039_0048_0030_0055_0055.jpg 1 48 30 55 55
0040_0095_0113_0073_0073.jpg 1 95 113 73 73
0041_0127_0015_0042_0042.jpg 1 127 15 42 42
0042_0084_0085_0078_0078.jpg 1 84 85 78 78
0043_0036_0025_0093_0093.jpg 1 36 25 93 93
0044_0038_0047_0104_0104.jpg 1 38 47 104 104
0045_0044_0031_0038_0038.jpg 1 44 31 38 38
0046_0027_0064_0119_0119.jpg 1 27 64 119 119
0047_0075_0030_0106_0106.jpg 1 75 30 106 106
0048_0047_0076_0108_0108.jpg 1 47 76 108 108
0049_0029_0042_0134_0134.jpg 1 29 42 134 134
0050_0136_0019_0039_0039.jpg 1 136 19 39 39
0051_0035_0049_0124_0124.jpg 1 35 49 124 124
0052_0035_0090_0067_0067.jpg 1 35 90 67 67
0053_0037_0013_0117_0117.jpg 1 37 13 117 117
0054_0080_0073_0070_0070.jpg 1 80 73 70 70
0055_0036_0057_0102_0102.jpg 1 36 57 102 102
0056_0032_0045_0128_0128.jpg 1 32 45 128 128
0057_0156_0064_0025_0025.jpg 1 156 64 25 25
0058_0055_0053_0025_0025.jpg 1 55 53 25 25
0059_0076_0115_0068_0068.jpg 1 76 115 68 68
0060_0074_0087_0101_0101.jpg 1 74 87 101 101
0061_0015_0070_0046_0046.jpg 1 15 70 46 46
0062_0026_0029_0080_0080.jpg 1 26 29 80 80
0063_0133_0102_0036_0036.jpg 1 133 102 36 36
0064_0048_0020_0084_0084.jpg 1 48 20 84 84
0065_0023_0071_0030_0030.jpg 1 23 71 30 30
0066_0070_0015_0110_0110.jpg 1 70 15 110 110
0067_0134_0095_0027_0027.jpg 1 134 95 27 27
0068_0124_0017_0058_0058.jpg 1 124 17 58 58
0069_0031_0014_0088_0088.jpg 1 31 14 88 88
0070_0069_0099_0047_0047.jpg 1 69 99 47 47
0071_0107_0119_0032_0032.jpg 1 107 119 32 32
0072_0078_0075_0109_0109.jpg 1 78 75 109 109
0073_0093_0075_0094_0094.jpg 1 93 75 94 94
0074_0108_0102_0031_0031.jpg 1 108 102 31 31
0075_0036_0020_0034_0034.jpg 1 36 20 34 34
0076_0046_0063_0058_0058.jpg 1 46 63 58 58
0077_0040_0047_0119_0119.jpg 1 40 47 119 119
0078_0049_0042_0128_0128.jpg 1 49 42 128 128
0079_0025_0079_0073_0073.jpg 1 25 79 73 73
0080_0125_0063_0029_0029.jpg 1 125 63 29 29
0081_0112_0079_0075_0075.jpg 1 112 79 75 75
0082_0017_0019_0082_0082.jpg 1 17 19 82 82
0083_0088_0065_0054_0054.jpg 1 88 65 54 54
0084_0082_0034_0082_0082.jpg 1 82 34 82 82
0085_0036_0138_0024_0024.jpg 1 36 138 24 24
0086_0076_0054_0056_0056.jpg 1 76 54 56 56
0087_0055_0073_0082_0082.jpg 1 55 73 82 82
0088_0019_0038_0126_0126.jpg 1 19 38 126 126
0089_0027_0071_0029_0029.jpg 1 27 71 29 29
0090_0045_0063_0104_0104.jpg 1 45 63 104 104
0091_0109_0078_0063_0063.jpg 1 109 78 63 63
0092_0033_0065_0123_0123.jpg 1 33 65 123 123
0093_0039_0035_0074_0074.jpg 1 39 35 74 74
0094_0074_0061_0088_0088.jpg 1 74 61 88 88
0095_0040_0064_0121_0121.jpg 1 40 64 121 121
0096_0056_0123_0061_0061.jpg 1 56 123 61 61
0097_0067_0054_0056_0056.jpg 1 67 54 56 56
0098_0033_0007_0137_0137.jpg 1 33 7 137 137
0099_0056_0050_0120_0120.jpg 1 56 50 120 120
0100_0076_0073_0057_0057.jpg 1 76 73 57 57
0101_0079_0059_0090_0090.jpg 1 79 59 90 90
0102_0112_0056_0052_0052.jpg 1 112 56 52 52
0103_0044_0051_0133_0133.jpg 1 44 51 133 133
0104_0083_0104_0057_0057.jpg 1 83 104 57 57
0105_0050_0142_0031_0031.jpg 1 50 142 31 31
0106_0062_0112_0057_0057.jpg 1 62 112 57 57
0107_0054_0081_0064_0064.jpg 1 54 81 64 64
0108_0093_0014_0096_0096.jpg 1 93 14 96 96
0109_0077_0146_0028_0028.jpg 1 77 146 28 28
0110_0079_0052_0101_0101.jpg 1 79 52 101 101
0111_0061_0026_0129_0129.jpg 1 61 26 129 129
0112_0031_0065_0113_0113.jpg 1 31 65 113 113
0113_0067_0034_0108_0108.jpg 1 67 34 108 108
0114_0127_0081_0031_0031.jpg 1 127 81 31 31
0115_0008_0030_0123_0123.jpg 1 8 30 123 123
0116_0112_0094_0066_0066.jpg 1 112 94 66 66
0117_0036_0039_0124_0124.jpg 1 36 39 124 124
0118_0017_0070_0115_0115.jpg 1 17 70 115 115
0119_0036_0016_0116_0116.jpg 1 36 16 116 116
0120_0047_0027_0139_0139.jpg 1 47 27 139 139
0121_0057_0049_0042_0042.jpg 1 57 49 42 42
0122_0156_0017_0025_0025.jpg 1 156 17 25 25
0123_0030_0054_0060_0060.jpg 1 30 54 60 60
0124_0066_0032_0108_0108.jpg 1 66 32 108 108
0125_0046_0044_0139_0139.jpg 1 46 44 139 139
0126_0066_0042_0118_0118.jpg 1 66 42 118 118
0127_0017_0015_0113_0113.jpg 1 17 15 113 113
0128_0025_0031_0026_0026.jpg 1 25 31 26 26
0129_0042_0075_0109_0109.jpg 1 42 75 109 109
0130_0044_0020_0031_0031.jpg 1 44 20 31 31
0131_0073_0109_0067_0067.jpg 1 73 109 67 67
0132_0021_0076_0093_0093.jpg 1 21 76 93 93
0133_0056_0077_0071_0071.jpg 1 56 77 71 71
0134_0066_0072_0102_0102.jpg 1 66 72 102 102
0135_0010_0017_0116_0116.jpg 1 10 17 116 116
0136_0049_0084_0069_0069.jpg 1 49 84 69 69
0137_0064_0053_0025_0025.jpg 1 64 53 25 25
0138_0095_0046_0045_0045.jpg 1 95 46 45 45
0139_0046_0035_0043_0043.jpg 1 46 35 43 43
0140_0018_0024_0129_0129.jpg 1 18 24 129 129
0141_0090_0052_0030_0030.jpg 1 90 52 30 30
0142_0070_0093_0063_0063.jpg 1 70 93 63 63
0143_0077_0110_0042_0042.jpg 1 77 110 42 42
0144_0019_0059_0120_0120.jpg 1 19 59 120 120
0145_0025_0017_0073_0073.jpg 1 25 17 73 73
0146_0017_0052_0127_0127.jpg 1 17 52 127 127
0147_0041_0030_0112_0112.jpg 1 41 30 112 112
0148_0019_0022_0118_0118.jpg 1 19 22 118 118
0149_0050_0016_0129_0129.jpg 1 50 16 129 129
0150_0015_0058_0078_0078.jpg 1 15 58 78 78
0151_0059_0115_0041_0041.jpg 1 59 115 41 41
0152_0094_0099_0028_0028.jpg 1 94 99 28 28
0153_0046_0014_0118_0118.jpg 1 46 14 118 118
0154_0145_0055_0033_0033.jpg 1 145 55 33 33
0155_0047_0088_0099_0099.jpg 1 47 88 99 99
0156_0024_0034_0110_0110.jpg 1 24 34 110 110
0157_0014_0028_0127_0127.jpg 1 14 28 127 127
0158_0090_0110_0065_0065.jpg 1 90 110 65 65
0159_0029_0043_0123_0123.jpg 1 29 43 123 123
0160_0137_0128_0031_0031.jpg 1 137 128 31 31
0161_0057_0030_0087_0087.jpg 1 57 30 87 87
0162_0092_0025_0080_0080.jpg 1 92 25 80 80
0163_0020_0031_0112_0112.jpg 1 20 31 112 112
0164_0028_0126_0046_0046.jpg 1 28 126 46 46
0165_0076_0092_0081_0081.jpg 1 76 92 81 81
0166_0036_0082_0036_0036.jpg 1 36 82 36 36
0167_0073_0067_0091_0091.jpg 1 73 67 91 91
0168_0121_0096_0065_0065.jpg 1 121 96 65 65
0169_0091_0078_0036_0036.jpg 1 91 78 36 36
0170_0061_0110_0038_0038.jpg 1 61 110 38 38
0171_0048_0031_0125_0125.jpg 1 48 31 125 125
0172_0019_0049_0134_0134.jpg 1 19 49 134 134
0173_0097_0049_0087_0087.jpg 1 97 49 87 87
0174_0105_0066_0029_0029.jpg 1 105 66 29 29
0175_0027_0083_0100_0100.jpg 1 27 83 100 100
0176_0050_0122_0037_0037.jpg 1 50 122 37 37
0177_0081_0028_0095_0095.jpg 1 81 28 95 95
0178_0113_0026_0052_0052.jpg 1 113 26 52 52
0179_0085_0057_0060_0060.jpg 1 85 57 60 60
0180_0105_0108_0067_0067.jpg 1 105 108 67 67
0181_0049_0076_0103_0103.jpg 1 49 76 103 103
0182_0053_0035_0131_0131.jpg 1 53 35 131 131
0183_0066_0019_0114_0114.jpg 1 66 19 114 114
0184_0065_0031_0030_0030.jpg 1 65 31 30 30
0185_0104_0015_0060_0060.jpg 1 104 15 60 60
0186_0065_0112_0062_0062.jpg 1 65 112 62 62
0187_0099_0034_0067_0067.jpg 1 99 34 67 67
0188_0019_0092_0081_0081.jpg 1 19 92 81 81
0189_0096_0143_0039_0039.jpg 1 96 143 39 39
0190_0113_0027_0056_0056.jpg 1 113 27 56 56
0191_0047_0065_0077_0077.jpg 1 47 65 77 77
0192_0020_0100_0040_0040.jpg 1 20 100 40 40
0193_0083_0143_0024_0024.jpg 1 83 143 24 24
0194_0017_0028_0137_0137.jpg 1 17 28 137 137
0195_0096_0035_0038_0038.jpg 1 96 35 38 38
0196_0016_0109_0075_0075.jpg 1 16 109 75 75
0197_0068_0068_0111_0111.jpg 1 68 68 111 111
0198_0091_0112_0031_0031.jpg 1 91 112 31 31
0199_0017_0053_0027_0027.jpg 1 17 53 27 27
0200_0056_0046_0056_0056.jpg 1 56 46 56 56
0201_0118_0040_0039_0039.jpg 1 118 40 39 39
0202_0050_0095_0033_0033.jpg 1 50 95 33 33
0203_0052_0039_0121_0121.jpg 1 52 39 121 121
0204_0027_0065_0049_0049.jpg 1 27 65 49 49
0205_0035_0045_0113_0113.jpg 1 35 45 113 113
0206_0010_0061_0126_0126.jpg 1 10 61 126 126
0207_0021_0139_0024_0024.jpg 1 21 139 24 24
0208_0060_0013_0090_0090.jpg 1 60 13 90 90
0209_0010_0034_0124_0124.jpg 1 10 34 124 124
0210_0025_0095_0070_0070.jpg 1 25 95 70 70
0211_0044_0067_0105_0105.jpg 1 44 67 105 105
0212_0087_0116_0055_0055.jpg 1 87 116 55 55
0213_0031_0057_0123_0123.jpg 1 31 57 123 123
0214_0032_0037_0070_0070.jpg 1 32 37 70 70
0215_0058_0039_0097_0097.jpg 1 58 39 97 97
0216_0040_0051_0131_0131.jpg 1 40 51 131 131
0217_0052_0047_0079_0079.jpg 1 52 47 79 79
0218_0032_0089_0071_0071.jpg 1 32 89 71 71
0219_0059_0154_0026_0026.jpg 1 59 154 26 26
0220_0126_0093_0037_0037.jpg 1 126 93 37 37
0221_0055_0091_0050_0050.jpg 1 55 91 50 50
0222_0105_0077_0077_0077.jpg 1 105 77 77 77
0223_0102_0075_0075_0075.jpg 1 102 75 75 75
0224_0102_0065_0064_0064.jpg 1 102 65 64 64
0225_0068_0076_0044_0044.jpg 1 68 76 44 44
0226_0080_0105_0058_0058.jpg 1 80 105 58 58
0227_0041_0020_0102_0102.jpg 1 41 20 102 102
0228_0060_0046_0054_0054.jpg 1 60 46 54 54
0229_0102_0116_0051_0051.jpg 1 102 116 51 51
0230_0030_0075_0042_0042.jpg 1 30 75 42 42
0231_0024_0021_0119_0119.jpg 1 24 21 119 119
0232_0010_0060_0126_0126.jpg 1 10 60 126 126
0233_0038_0011_0086_0086.jpg 1 38 11 86 86
0234_0067_0038_0084_0084.jpg 1 67 38 84 84
0235_0057_0034_0079_0079.jpg 1 57 34 79 79
0236_0080_0018_0109_0109.jpg 1 80 18 109 109
0237_0029_0039_0105_0105.jpg 1 29 39 105 105
0238_0053_0041_0123_0123.jpg 1 53 41 123 123
0239_0071_0112_0065_0065.jpg 1 71 112 65 65
0240_0019_0026_0102_0102.jpg 1 19 26 102 102
0241_0120_0130_0029_0029.jpg 1 120 130 29 29
0242_0044_0042_0127_0127.jpg 1 44 42 127 127
0243_0090_0116_0046_0046.jpg 1 90 116 46 46
0244_0075_0042_0050_0050.jpg 1 75 42 50 50
0245_0055_0062_0073_0073.jpg 1 55 62 73 73
0246_0018_0051_0102_0102.jpg 1 18 51 102 102
0247_0104_0019_0067_0067.jpg 1 104 19 67 67
0248_0043_0049_0064_0064.jpg 1 43 49 64 64
0249_0078_0020_0053_0053.jpg 1 78 20 53 53
0250_0057_0064_0091_0091.jpg 1 57 64 91 91
0251_0076_0020_0077_0077.jpg 1 76 20 77 77
0252_0092_0058_0091_0091.jpg 1 92 58 91 91
0253_0026_0037_0081_0081.jpg 1 26 37 81 81
0254_0119_0097_0038_0038.jpg 1 119 97 38 38
0255_0067_0025_0039_0039.jpg 1 67 25 39 39
0256_0011_0055_0129_0129.jpg 1 11 55 129 129
0257_0045_0051_0134_0134.jpg 1 45 51 134 134
0258_0122_0041_0044_0044.jpg 1 122 41 44 44
0259_0083_0061_0106_0106.jpg 1 83 61 106 106
0260_0089_0077_0065_0065.jpg 1 89 77 65 65
0261_0103_0088_0051_0051.jpg 1 103 88 51 51
0262_0095_0061_0088_0088.jpg 1 95 61 88 88
0263_0024_0084_0057_0057.jpg 1 24 84 57 57
0264_0020_0057_0058_0058.jpg 1 20 57 58 58
0265_0119_0074_0050_0050.jpg 1 119 74 50 50
0266_0046_0023_0094_0094.jpg 1 46 23 94 94
0267_0072_0058_0080_0080.jpg 1 72 58 80 80
0268_0007_0051_0134_0134.jpg 1 7 51 134 134
0269_0104_0135_0034_0034.jpg 1 104 135 34 34
0270_0063_0020_0093_0093.jpg 1 63 20 93 93
0271_0064_0016_0066_0066.jpg 1 64 16 66 66
0272_0150_0153_0027_0027.jpg 1 150 153 27 27
0273_0082_0101_0078_0078.jpg 1 82 101 78 78
0274_0042_0034_0030_0030.jpg 1 42 34 30 30
0275_0017_0058_0113_0113.jpg 1 17 58 113 113
0276_0139_0112_0038_0038.jpg 1 139 112 38 38
0277_0053_0031_0096_0096.jpg 1 53 31 96 96
0278_0040_0106_0032_0032.jpg 1 40 106 32 32
0279_0062_0096_0091_0091.jpg 1 62 96 91 91
0280_0059_0068_0069_0069.jpg 1 59 68 69 69
0281_0040_0117_0060_0060.jpg 1 40 117 60 60
0282_0017_0063_0110_0110.jpg 1 17 63 110 110
0283_0133_0025_0030_0030.jpg 1 133 25 30 30
0284_0117_0140_0030_0030.jpg 1 117 140 30 30
0285_0018_0042_0069_0069.jpg 1 18 42 69 69
0286_0075_0099_0062_0062.jpg 1 75 99 62 62
0287_0085_0054_0081_0081.jpg 1 85 54 81 81
0288_0043_0056_0047_0047.jpg 1 43 56 47 47
0289_0099_0071_0088_0088.jpg 1 99 71 88 88
0290_0117_0032_0045_0045.jpg 1 117 32 45 45
0291_0071_0050_0070_0070.jpg 1 71 50 70 70
0292_0098_0029_0060_0060.jpg 1 98 29 60 60
0293_0075_0048_0087_0087.jpg 1 75 48 87 87
0294_0024_0015_0072_0072.jpg 1 24 15 72 72
0295_0089_0112_0065_0065.jpg 1 89 112 65 65
0296_0051_0016_0130_0130.jpg 1 51 16 130 130
0297_0086_0140_0032_0032.jpg 1 86 140 32 32
0298_0022_0036_0114_0114.jpg 1 22 36 114 114
0299_0035_0054_0136_0136.jpg 1 35 54 136 136
0300_0021_0021_0091_0091.jpg 1 21 21 91 91
0301_0040_0051_0093_0093.jpg 1 40 51 93 93
0302_0040_0110_0070_0070.jpg 1 40 110 70 70
0303_0135_0095_0042_0042.jpg 1 135 95 42 42
0304_0015_0057_0083_0083.jpg 1 15 57 83 83
0305_0029_0074_0108_0108.jpg 1 29 74 108 108
0306_0018_0059_0026_0026.jpg 1 18 59 26 26
0307_0056_0037_0068_0068.jpg 1 56 37 68 68
0308_0052_0047_0050_0050.jpg 1 52 47 50 50
0309_0120_0128_0029_0029.jpg 1 120 128 29 29
0310_0094_0045_0084_0084.jpg 1 94 45 84 84
0311_0052_0058_0080_0080.jpg 1 52 58 80 80
0312_0122_0119_0053_0053.jpg 1 122 119 53 53
0313_0120_0045_0028_0028.jpg 1 120 45 28 28
0314_0116_0079_0032_0032.jpg 1 116 79 32 32
0315_0073_0064_0049_0049.jpg 1 73 64 49 49
0316_0037_0047_0090_0090.jpg 1 37 47 90 90
0317_0091_0119_0031_0031.jpg 1 91 119 31 31
0318_0117_0025_0033_0033.jpg 1 117 25 33 33
0319_0027_0041_0137_0137.jpg 1 27 41 137 137
0320_0017_0034_0051_0051.jpg 1 17 34 51 51
0321_0148_0129_0027_0027.jpg 1 148 129 27 27
0322_0055_0109_0075_0075.jpg 1 55 109 75 75
0323_0061_0048_0097_0097.jpg 1 61 48 97 97
0324_0060_0073_0118_0118.jpg 1 60 73 118 118
0325_0055_0023_0130_0130.jpg 1 55 23 130 130
0326_0059_0066_0121_0121.jpg 1 59 66 121 121
0327_0022_0072_0094_0094.jpg 1 22 72 94 94
0328_0049_0026_0133_0133.jpg 1 49 26 133 133
0329_0033_0039_0093_0093.jpg 1 33 39 93 93
0330_0034_0032_0079_0079.jpg 1 34 32 79 79
0331_0051_0016_0081_0081.jpg 1 51 16 81 81
0332_0062_0104_0039_0039.jpg 1 62 104 39 39
0333_0116_0110_0062_0062.jpg 1 116 110 62 62
0334_0011_0066_0102_0102.jpg 1 11 66 102 102
0335_0036_0030_0134_0134.jpg 1 36 30 134 134
0336_0075_0070_0083_0083.jpg 1 75 70 83 83
0337_0021_0063_0025_0025.jpg 1 21 63 25 25
0338_0039_0057_0046_0046.jpg 1 39 57 46 46
0339_0095_0032_0059_0059.jpg 1 95 32 59 59
0340_0085_0076_0077_0077.jpg 1 85 76 77 77
0341_0024_0107_0049_0049.jpg 1 24 107 49 49
0342_0042_0090_0060_0060.jpg 1 42 90 60 60
0343_0032_0032_0119_0119.jpg 1 32 32 119 119
0344_0075_0018_0091_0091.jpg 1 75 18 91 91
0345_0026_0062_0067_0067.jpg 1 26 62 67 67
0346_0088_0022_0060_0060.jpg 1 88 22 60 60
0347_0014_0080_0080_0080.jpg 1 14 80 80 80
0348_0039_0105_0046_0046.jpg 1 39 105 46 46
0349_0083_0068_0033_0033.jpg 1 83 68 33 33
0350_0048_0026_0050_0050.jpg 1 48 26 50 50
0351_0040_0026_0113_0113.jpg 1 40 26 113 113
0352_0070_0036_0063_0063.jpg 1 70 36 63 63
0353_0127_0083_0035_0035.jpg 1 127 83 35 35
0354_0047_0122_0036_0036.jpg 1 47 122 36 36
0355_0035_0062_0091_0091.jpg 1 35 62 91 91
0356_0036_0111_0032_0032.jpg 1 36 111 32 32
0357_0113_0036_0062_0062.jpg 1 113 36 62 62
0358_0068_0061_0101_0101.jpg 1 68 61 101 101
0359_0081_0033_0079_0079.jpg 1 81 33 79 79
0360_0038_0067_0108_0108.jpg 1 38 67 108 108
0361_0044_0056_0112_0112.jpg 1 44 56 112 112
0362_0043_0118_0036_0036.jpg 1 43 118 36 36
0363_0027_0030_0126_0126.jpg 1 27 30 126 126
0364_0046_0052_0103_0103.jpg 1 46 52 103 103
0365_0010_0036_0133_0133.jpg 1 10 36 133 133
0366_0025_0041_0134_0134.jpg 1 25 41 134 134
0367_0020_0048_0137_0137.jpg 1 20 48 137 137
0368_0071_0136_0035_0035.jpg 1 71 136 35 35
0369_0082_0051_0027_0027.jpg 1 82 51 27 27
0370_0082_0088_0100_0100.jpg 1 82 88 100 100
0371_0063_0047_0067_0067.jpg 1 63 47 67 67
0372_0045_0122_0063_0063.jpg 1 45 122 63 63
0373_0062_0028_0058_0058.jpg 1 62 28 58 58
0374_0088_0049_0052_0052.jpg 1 88 49 52 52
0375_0068_0015_0103_0103.jpg 1 68 15 103 103
0376_0119_0023_0054_0054.jpg 1 119 23 54 54
0377_0038_0028_0050_0050.jpg 1 38 28 50 50
0378_0082_0038_0062_0062.jpg 1 82 38 62 62
0379_0059_0064_0077_0077.jpg 1 59 64 77 77
0380_0049_0022_0066_0066.jpg 1 49 22 66 66
0381_0042_0091_0026_0026.jpg 1 42 91 26 26
0382_0045_0086_0094_0094.jpg 1 45 86 94 94
0383_0054_0042_0124_0124.jpg 1 54 42 124 124
0384_0022_0032_0109_0109.jpg 1 22 32 109 109
0385_0109_0114_0042_0042.jpg 1 109 114 42 42
0386_0063_0067_0112_0112.jpg 1 63 67 112 112
0387_0053_0088_0060_0060.jpg 1 53 88 60 60
0388_0010_0024_0107_0107.jpg 1 10 24 107 107
0389_0128_0120_0052_0052.jpg 1 128 120 52 52
0390_0035_0027_0071_0071.jpg 1 35 27 71 71
0391_0119_0115_0066_0066.jpg 1 119 115 66 66
0392_0077_0032_0094_0094.jpg 1 77 32 94 94
0393_0073_0035_0093_0093.jpg 1 73 35 93 93
0394_0148_0017_0029_0029.jpg 1 148 17 29 29
0395_0041_0091_0074_0074.jpg 1 41 91 74 74
0396_0071_0051_0097_0097.jpg 1 71 51 97 97
0397_0078_0031_0031_0031.jpg 1 78 31 31 31
0398_0131_0052_0039_0039.jpg 1 131 52 39 39
0399_0130_0120_0048_0048.jpg 1 130 120 48 48
0400_0050_0021_0128_0128.jpg 1 50 21 128 128
0401_0078_0137_0045_0045.jpg 1 78 137 45 45
0402_0086_0015_0064_0064.jpg 1 86 15 64 64
0403_0031_0058_0083_0083.jpg 1 31 58 83 83
0404_0032_0039_0101_0101.jpg 1 32 39 101 101
0405_0112_0103_0047_0047.jpg 1 112 103 47 47
0406_0016_0064_0118_0118.jpg 1 16 64 118 118
0407_0058_0126_0034_0034.jpg 1 58 126 34 34
0408_0047_0009_0120_0120.jpg 1 47 9 120 120
0409_0107_0021_0057_0057.jpg 1 107 21 57 57
0410_0032_0050_0133_0133.jpg 1 32 50 133 133
0411_0049_0020_0033_0033.jpg 1 49 20 33 33
0412_0142_0065_0028_0028.jpg 1 142 65 28 28
0413_0030_0024_0120_0120.jpg 1 30 24 120 120
0414_0050_0031_0107_0107.jpg 1 50 31 107 107
0415_0065_0016_0075_0075.jpg 1 65 16 75 75
0416_0101_0057_0051_0051.jpg 1 101 57 51 51
0417_0058_0050_0111_0111.jpg 1 58 50 111 111
0418_0010_0051_0119_0119.jpg 1 10 51 119 119
0419_0100_0065_0056_0056.jpg 1 100 65 56 56
0420_0029_0062_0040_0040.jpg 1 29 62 40 40
0421_0107_0111_0049_0049.jpg 1 107 111 49 49
0422_0020_0076_0108_0108.jpg 1 20 76 108 108
0423_0036_0043_0104_0104.jpg 1 36 43 104 104
0424_0054_0027_0131_0131.jpg 1 54 27 131 131
0425_0029_0034_0088_0088.jpg 1 29 34 88 88
0426_0069_0049_0090_0090.jpg 1 69 49 90 90
0427_0084_0056_0106_0106.jpg 1 84 56 106 106
0428_0068_0045_0072_0072.jpg 1 68 45 72 72
0429_0072_0070_0107_0107.jpg 1 72 70 107 107
0430_0127_0017_0048_0048.jpg 1 127 17 48 48
0431_0083_0061_0062_0062.jpg 1 83 61 62 62
0432_0086_0017_0090_0090.jpg 1 86 17 90 90
0433_0026_0079_0039_0039.jpg 1 26 79 39 39
0434_0058_0082_0078_0078.jpg 1 58 82 78 78
0435_0066_0100_0070_0070.jpg 1 66 100 70 70
0436_0021_0080_0040_0040.jpg 1 21 80 40 40
0437_0041_0037_0106_0106.jpg 1 41 37 106 106
0438_0037_0125_0051_0051.jpg 1 37 125 51 51
0439_0049_0006_0138_0138.jpg 1 49 6 138 138
0440_0086_0056_0071_0071.jpg 1 86 56 71 71
0441_0061_0075_0111_0111.jpg 1 61 75 111 111
0442_0108_0043_0027_0027.jpg 1 108 43 27 27
0443_0084_0082_0090_0090.jpg 1 84 82 90 90
0444_0107_0122_0063_0063.jpg 1 107 122 63 63
0445_0040_0023_0126_0126.jpg 1 40 23 126 126
0446_0043_0042_0133_0133.jpg 1 43 42 133 133
0447_0028_0074_0103_0103.jpg 1 28 74 103 103
0448_0035_0049_0119_0119.jpg 1 35 49 119 119
0449_0056_0084_0087_0087.jpg 1 56 84 87 87
0450_0018_0074_0084_0084.jpg 1 18 74 84 84
0451_0030_0048_0133_0133.jpg 1 30 48 133 133
0452_0048_0097_0087_0087.jpg 1 48 97 87 87
0453_0052_0038_0124_0124.jpg 1 52 38 124 124
0454_0040_0020_0132_0132.jpg 1 40 20 132 132
0455_0044_0057_0093_0093.jpg 1 44 57 93 93
0456_0068_0080_0108_0108.jpg 1 68 80 108 108
0457_0097_0145_0030_0030.jpg 1 97 145 30 30
0458_0079_0066_0092_0092.jpg 1 79 66 92 92
0459_0021_0122_0028_0028.jpg 1 21 122 28 28
0460_0040_0014_0129_0129.jpg 1 40 14 129 129
0461_0123_0056_0054_0054.jpg 1 123 56 54 54
0462_0025_0063_0098_0098.jpg 1 25 63 98 98
0463_0105_0082_0067_0067.jpg 1 105 82 67 67
0464_0031_0017_0133_0133.jpg 1 31 17 133 133
0465_0077_0042_0069_0069.jpg 1 77 42 69 69
0466_0038_0083_0093_0093.jpg 1 38 83 93 93
0467_0053_0066_0115_0115.jpg 1 53 66 115 115
0468_0074_0071_0073_0073.jpg 1 74 71 73 73
0469_0015_0041_0090_0090.jpg 1 15 41 90 90
0470_0037_0041_0028_0028.jpg 1 37 41 28 28
0471_0117_0113_0027_0027.jpg 1 117 113 27 27
0472_0042_0107_0056_0056.jpg 1 42 107 56 56
0473_0052_0127_0052_0052.jpg 1 52 127 52 52
0474_0014_0043_0118_0118.jpg 1 14 43 118 118
0475_0026_0092_0043_0043.jpg 1 26 92 43 43
0476_0062_0051_0078_0078.jpg 1 62 51 78 78
0477_0111_0029_0073_0073.jpg 1 111 29 73 73
0478_0099_0068_0077_0077.jpg 1 99 68 77 77
0479_0079_0147_0027_0027.jpg 1 79 147 27 27
0480_0041_0083_0052_0052.jpg 1 41 83 52 52
0481_0066_0103_0054_0054.jpg 1 66 103 54 54
0482_0101_0058_0082_0082.jpg 1 101 58 82 82
0483_0032_0026_0129_0129.jpg 1 32 26 129 129
0484_0035_0045_0108_0108.jpg 1 35 45 108 108
0485_0096_0026_0090_0090.jpg 1 96 26 90 90
0486_0069_0015_0103_0103.jpg 1 69 15 103 103
0487_0144_0078_0039_0039.jpg 1 144 78 39 39
0488_0068_0040_0123_0123.jpg 1 68 40 123 123
0489_0015_0017_0054_0054.jpg 1 15 17 54 54
0490_0022_0033_0063_0063.jpg 1 22 33 63 63
0491_0068_0082_0051_0051.jpg 1 68 82 51 51
0492_0032_0041_0040_0040.jpg 1 32 41 40 40
0493_0089_0061_0067_0067.jpg 1 89 61 67 67
0494_0088_0013_0091_0091.jpg 1 88 13 91 91
0495_0051_0049_0078_0078.jpg 1 51 49 78 78
0496_0044_0020_0107_0107.jpg 1 44 20 107 107
0497_0124_0086_0054_0054.jpg 1 124 86 54 54
0498_0016_0009_0118_0118.jpg 1 16 9 118 118
0499_0038_0059_0093_0093.jpg 1 38 59 93 93
0500_0036_0124_0051_0051.jpg 1 36 124 51 51
0501_0072_0117_0037_0037.jpg 1 72 117 37 37
0502_0090_0013_0078_0078.jpg 1 90 13 78 78
0503_0081_0052_0029_0029.jpg 1 81 52 29 29
0504_0046_0098_0087_0087.jpg 1 46 98 87 87
0505_0066_0043_0076_0076.jpg 1 66 43 76 76
0506_0016_0078_0106_0106.jpg 1 16 78 106 106
0507_0034_0031_0078_0078.jpg 1 34 31 78 78
0508_0048_0012_0121_0121.jpg 1 48 12 121 121
0509_0080_0096_0070_0070.jpg 1 80 96 70 70
0510_0019_0033_0118_0118.jpg 1 19 33 118 118
0511_0077_0024_0025_0025.jpg 1 77 24 25 25
0512_0055_0041_0115_0115.jpg 1 55 41 115 115
0513_0046_0057_0133_0133.jpg 1 46 57 133 133
0514_0091_0025_0098_0098.jpg 1 91 25 98 98
0515_0121_0107_0064_0064.jpg 1 121 107 64 64
0516_0106_0018_0052_0052.jpg 1 106 18 52 52
0517_0106_0072_0065_0065.jpg 1 106 72 65 65
0518_0049_0093_0044_0044.jpg 1 49 93 44 44
0519_0044_0080_0089_0089.jpg 1 44 80 89 89
0520_0145_0027_0025_0025.jpg 1 145 27 25 25
0521_0066_0042_0111_0111.jpg 1 66 42 111 111
0522_0086_0071_0085_0085.jpg 1 86 71 85 85
0523_0086_0094_0094_0094.jpg 1 86 94 94 94
0524_0080_0070_0051_0051.jpg 1 80 70 51 51
0525_0035_0020_0110_0110.jpg 1 35 20 110 110
0526_0027_0053_0127_0127.jpg 1 27 53 127 127
0527_0059_0060_0111_0111.jpg 1 59 60 111 111
0528_0091_0058_0041_0041.jpg 1 91 58 41 41
0529_0073_0119_0026_0026.jpg 1 73 119 26 26
0530_0029_0050_0138_0138.jpg 1 29 50 138 138
0531_0055_0127_0038_0038.jpg 1 55 127 38 38
0532_0030_0029_0137_0137.jpg 1 30 29 137 137
0533_0046_0047_0137_0137.jpg 1 46 47 137 137
0534_0050_0019_0113_0113.jpg 1 50 19 113 113
0535_0095_0027_0031_0031.jpg 1 95 27 31 31
0536_0010_0008_0138_0138.jpg 1 10 8 138 138
0537_0043_0082_0106_0106.jpg 1 43 82 106 106
0538_0065_0044_0093_0093.jpg 1 65 44 93 93
0539_0039_0024_0102_0102.jpg 1 39 24 102 102
0540_0066_0068_0088_0088.jpg 1 66 68 88 88
0541_0027_0031_0122_0122.jpg 1 27 31 122 122
0542_0057_0064_0036_0036.jpg 1 57 64 36 36
0543_0033_0017_0134_0134.jpg 1 33 17 134 134
0544_0022_0044_0071_0071.jpg 1 22 44 71 71
0545_0051_0054_0078_0078.jpg 1 51 54 78 78
0546_0082_0023_0068_0068.jpg 1 82 23 68 68
0547_0008_0062_0121_0121.jpg 1 8 62 121 121
0548_0121_0056_0029_0029.jpg 1 121 56 29 29
0549_0072_0109_0057_0057.jpg 1 72 109 57 57
0550_0075_0063_0113_0113.jpg 1 75 63 113 113
0551_0089_0066_0039_0039.jpg 1 89 66 39 39
0552_0073_0027_0089_0089.jpg 1 73 27 89 89
0553_0019_0068_0077_0077.jpg 1 19 68 77 77
0554_0096_0043_0062_0062.jpg 1 96 43 62 62
0555_0045_0092_0071_0071.jpg 1 45 92 71 71
0556_0114_0067_0044_0044.jpg 1 114 67 44 44
0557_0013_0043_0066_0066.jpg 1 13 43 66 66
0558_0097_0074_0033_0033.jpg 1 97 74 33 33
0559_0011_0015_0093_0093.jpg 1 11 15 93 93
0560_0110_0070_0068_0068.jpg 1 110 70 68 68
0561_0073_0058_0110_0110.jpg 1 73 58 110 110
0562_0131_0143_0032_0032.jpg 1 131 143 32 32
0563_0043_0025_0137_0137.jpg 1 43 25 137 137
0564_0058_0020_0061_0061.jpg 1 58 20 61 61
0565_0047_0097_0069_0069.jpg 1 47 97 69 69
0566_0022_0078_0091_0091.jpg 1 22 78 91 91
0567_0113_0042_0045_0045.jpg 1 113 42 45 45
0568_0063_0045_0068_0068.jpg 1 63 45 68 68
0569_0041_0044_0139_0139.jpg 1 41 44 139 139
0570_0096_0143_0028_0028.jpg 1 96 143 28 28
0571_0027_0082_0079_0079.jpg 1 27 82 79 79
0572_0041_0040_0121_0121.jpg 1 41 40 121 121
0573_0118_0040_0064_0064.jpg 1 118 40 64 64
0574_0046_0012_0132_0132.jpg 1 46 12 132 132
0575_0067_0069_0091_0091.jpg 1 67 69 91 91
0576_0046_0050_0112_0112.jpg 1 46 50 112 112
0577_0036_0011_0127_0127.jpg 1 36 11 127 127
0578_0083_0063_0061_0061.jpg 1 83 63 61 61
0579_0027_0041_0085_0085.jpg 1 27 41 85 85
0580_0065_0066_0033_0033.jpg 1 65 66 33 33
0581_0015_0070_0118_0118.jpg 1 15 70 118 118
0582_0045_0098_0075_0075.jpg 1 45 98 75 75
0583_0015_0133_0051_0051.jpg 1 15 133 51 51
0584_0078_0104_0082_0082.jpg 1 78 104 82 82
0585_0036_0061_0065_0065.jpg 1 36 61 65 65
0586_0013_0062_0126_0126.jpg 1 13 62 126 126
0587_0015_0060_0095_0095.jpg 1 15 60 95 95
0588_0019_0021_0083_0083.jpg 1 19 21 83 83
0589_0010_0032_0133_0133.jpg 1 10 32 133 133
0590_0059_0015_0103_0103.jpg 1 59 15 103 103
0591_0044_0105_0069_0069.jpg 1 44 105 69 69
0592_0108_0015_0055_0055.jpg 1 108 15 55 55
0593_0056_0035_0115_0115.jpg 1 56 35 115 115
0594_0065_0062_0072_0072.jpg 1 65 62 72 72
0595_0055_0058_0093_0093.jpg 1 55 58 93 93
0596_0052_0041_0127_0127.jpg 1 52 41 127 127
0597_0037_0034_0116_0116.jpg 1 37 34 116 116
0598_0075_0055_0096_0096.jpg 1 75 55 96 96
0599_0051_0044_0125_0125.jpg 1 51 44 125 125
0600_0036_0031_0110_0110.jpg 1 36 31 110 110
0601_0101_0018_0038_0038.jpg 1 101 18 38 38
0602_0045_0079_0084_0084.jpg 1 45 79 84 84
0603_0038_0072_0040_0040.jpg 1 38 72 40 40
0604_0033_0050_0134_0134.jpg 1 33 50 134 134
0605_0023_0045_0089_0089.jpg 1 23 45 89 89
0606_0037_0027_0128_0128.jpg 1 37 27 128 128
0607_0040_0043_0074_0074.jpg 1 40 43 74 74
0608_0044_0032_0099_0099.jpg 1 44 32 99 99
0609_0058_0043_0117_0117.jpg 1 58 43 117 117
0610_0027_0079_0092_0092.jpg 1 27 79 92 92
0611_0020_0043_0080_0080.jpg 1 20 43 80 80
0612_0048_0046_0099_0099.jpg 1 48 46 99 99
0613_0098_0050_0088_0088.jpg 1 98 50 88 88
0614_0076_0026_0030_0030.jpg 1 76 26 30 30
0615_0029_0055_0108_0108.jpg 1 29 55 108 108
0616_0110_0025_0075_0075.jpg 1 110 25 75 75
0617_0041_0018_0078_0078.jpg 1 41 18 78 78
0618_0105_0105_0078_0078.jpg 1 105 105 78 78
0619_0079_0030_0079_0079.jpg 1 79 30 79 79
0620_0038_0038_0111_0111.jpg 1 38 38 111 111
0621_0013_0066_0110_0110.jpg 1 13 66 110 110
0622_0090_0058_0088_0088.jpg 1 90 58 88 88
0623_0139_0117_0029_0029.jpg 1 139 117 29 29
0624_0033_0009_0114_0114.jpg 1 33 9 114 114
0625_0117_0063_0050_0050.jpg 1 117 63 50 50
0626_0090_0023_0072_0072.jpg 1 90 23 72 72
0627_0070_0122_0026_0026.jpg 1 70 122 26 26
0628_0048_0044_0120_0120.jpg 1 48 44 120 120
0629_0009_0051_0130_0130.jpg 1 9 51 130 130
0630_0053_0023_0107_0107.jpg 1 53 23 107 107
0631_0069_0090_0077_0077.jpg 1 69 90 77 77
0632_0051_0013_0108_0108.jpg 1 51 13 108 108
0633_0151_0105_0028_0028.jpg 1 151 105 28 28
0634_0043_0058_0111_0111.jpg 1 43 58 111 111
0635_0030_0019_0090_0090.jpg 1 30 19 90 90
0636_0023_0084_0104_0104.jpg 1 23 84 104 104
0637_0104_0071_0076_0076.jpg 1 104 71 76 76
0638_0086_0021_0066_0066.jpg 1 86 21 66 66
0639_0066_0036_0101_0101.jpg 1 66 36 101 101
0640_0026_0024_0109_0109.jpg 1 26 24 109 109
0641_0126_0059_0047_0047.jpg 1 126 59 47 47
0642_0051_0028_0136_0136.jpg 1 51 28 136 136
0643_0048_0059_0086_0086.jpg 1 48 59 86 86
0644_0010_0041_0098_0098.jpg 1 10 41 98 98
0645_0059_0033_0113_0113.jpg 1 59 33 113 113
0646_0057_0040_0101_0101.jpg 1 57 40 101 101
0647_0042_0064_0119_0119.jpg 1 42 64 119 119
0648_0065_0092_0045_0045.jpg 1 65 92 45 45
0649_0066_0067_0123_0123.jpg 1 66 67 123 123
0650_0042_0009_0111_0111.jpg 1 42 9 111 111
0651_0034_0056_0108_0108.jpg 1 34 56 108 108
0652_0011_0041_0135_0135.jpg 1 11 41 135 135
0653_0042_0048_0118_0118.jpg 1 42 48 118 118
0654_0016_0050_0099_0099.jpg 1 16 50 99 99
0655_0045_0092_0030_0030.jpg 1 45 92 30 30
0656_0020_0014_0095_0095.jpg 1 20 14 95 95
0657_0029_0007_0135_0135.jpg 1 29 7 135 135
0658_0016_0057_0061_0061.jpg 1 16 57 61 61
0659_0031_0085_0093_0093.jpg 1 31 85 93 93
0660_0032_0036_0117_0117.jpg 1 32 36 117 117
0661_0024_0059_0026_0026.jpg 1 24 59 26 26
0662_0023_0028_0110_0110.jpg 1 23 28 110 110
0663_0008_0024_0124_0124.jpg 1 8 24 124 124
0664_0034_0057_0062_0062.jpg 1 34 57 62 62
0665_0097_0046_0067_0067.jpg 1 97 46 67 67
0666_0098_0041_0083_0083.jpg 1 98 41 83 83
0667_0052_0038_0127_0127.jpg 1 52 38 127 127
0668_0029_0026_0128_0128.jpg 1 29 26 128 128
0669_0022_0054_0094_0094.jpg 1 22 54 94 94
0670_0030_0015_0135_0135.jpg 1 30 15 135 135
0671_0093_0087_0091_0091.jpg 1 93 87 91 91
0672_0062_0022_0130_0130.jpg 1 62 22 130 130
0673_0034_0032_0038_0038.jpg 1 34 32 38 38
0674_0075_0122_0053_0053.jpg 1 75 122 53 53
0675_0064_0096_0084_0084.jpg 1 64 96 84 84
0676_0073_0026_0108_0108.jpg 1 73 26 108 108
0677_0115_0152_0027_0027.jpg 1 115 152 27 27
0678_0012_0027_0111_0111.jpg 1 12 27 111 111
0679_0056_0041_0073_0073.jpg 1 56 41 73 73
0680_0099_0030_0060_0060.jpg 1 99 30 60 60
0681_0036_0059_0101_0101.jpg 1 36 59 101 101
0682_0067_0072_0050_0050.jpg 1 67 72 50 50
0683_0062_0036_0110_0110.jpg 1 62 36 110 110
0684_0055_0079_0087_0087.jpg 1 55 79 87 87
0685_0094_0028_0034_0034.jpg 1 94 28 34 34
0686_0110_0019_0075_0075.jpg 1 110 19 75 75
0687_0072_0075_0089_0089.jpg 1 72 75 89 89
0688_0050_0125_0032_0032.jpg 1 50 125 32 32
0689_0118_0093_0047_0047.jpg 1 118 93 47 47
0690_0096_0021_0086_0086.jpg 1 96 21 86 86
0691_0030_0058_0122_0122.jpg 1 30 58 122 122
0692_0097_0035_0047_0047.jpg 1 97 35 47 47
0693_0026_0015_0111_0111.jpg 1 26 15 111 111
0694_0065_0038_0094_0094.jpg 1 65 38 94 94
0695_0078_0028_0090_0090.jpg 1 78 28 90 90
0696_0032_0010_0114_0114.jpg 1 32 10 114 114
0697_0035_0103_0080_0080.jpg 1 35 103 80 80
0698_0083_0106_0056_0056.jpg 1 83 106 56 56
0699_0099_0070_0048_0048.jpg 1 99 70 48 48
0700_0123_0094_0040_0040.jpg 1 123 94 40 40
0701_0058_0110_0030_0030.jpg 1 58 110 30 30
0702_0137_0153_0025_0025.jpg 1 137 153 25 25
0703_0043_0136_0048_0048.jpg 1 43 136 48 48
0704_0088_0091_0085_0085.jpg 1 88 91 85 85
0705_0043_0097_0034_0034.jpg 1 43 97 34 34
0706_0042_0053_0062_0062.jpg 1 42 53 62 62
0707_0063_0056_0120_0120.jpg 1 63 56 120 120
0708_0034_0012_0116_0116.jpg 1 34 12 116 116
0709_0038_0120_0050_0050.jpg 1 38 120 50 50
0710_0027_0109_0039_0039.jpg 1 27 109 39 39
0711_0043_0009_0108_0108.jpg 1 43 9 108 108
0712_0070_0110_0063_0063.jpg 1 70 110 63 63
0713_0037_0082_0087_0087.jpg 1 37 82 87 87
0714_0107_0060_0051_0051.jpg 1 107 60 51 51
0715_0051_0040_0130_0130.jpg 1 51 40 130 130
0716_0047_0087_0079_0079.jpg 1 47 87 79 79
0717_0071_0009_0111_0111.jpg 1 71 9 111 111
0718_0084_0033_0100_0100.jpg 1 84 33 100 100
0719_0090_0064_0081_0081.jpg 1 90 64 81 81
0720_0107_0047_0075_0075.jpg 1 107 47 75 75
0721_0052_0044_0074_0074.jpg 1 52 44 74 74
0722_0039_0019_0107_0107.jpg 1 39 19 107 107
0723_0037_0014_0129_0129.jpg 1 37 14 129 129
0724_0077_0122_0059_0059.jpg 1 77 122 59 59
0725_0022_0099_0065_0065.jpg 1 22 99 65 65
0726_0092_0146_0035_0035.jpg 1 92 146 35 35
0727_0090_0047_0080_0080.jpg 1 90 47 80 80
0728_0041_0062_0116_0116.jpg 1 41 62 116 116
0729_0020_0094_0085_0085.jpg 1 20 94 85 85
0730_0051_0025_0119_0119.jpg 1 51 25 119 119
0731_0130_0042_0047_0047.jpg 1 130 42 47 47
0732_0077_0120_0062_0062.jpg 1 77 120 62 62
0733_0130_0100_0052_0052.jpg 1 130 100 52 52
0734_0051_0050_0062_0062.jpg 1 51 50 62 62
0735_0016_0097_0051_0051.jpg 1 16 97 51 51
0736_0084_0030_0101_0101.jpg 1 84 30 101 101
0737_0062_0132_0048_0048.jpg 1 62 132 48 48
0738_0065_0097_0042_0042.jpg 1 65 97 42 42
0739_0126_0141_0031_0031.jpg 1 126 141 31 31
0740_0105_0143_0034_0034.jpg 1 105 143 34 34
0741_0089_0056_0025_0025.jpg 1 89 56 25 25
0742_0018_0099_0075_0075.jpg 1 18 99 75 75
0743_0088_0076_0086_0086.jpg 1 88 76 86 86
0744_0051_0088_0073_0073.jpg 1 51 88 73 73
0745_0084_0011_0101_0101.jpg 1 84 11 101 101
0746_0064_0034_0065_0065.jpg 1 64 34 65 65
0747_0041_0047_0113_0113.jpg 1 41 47 113 113
0748_0059_0043_0130_0130.jpg 1 59 43 130 130
0749_0076_0016_0089_0089.jpg 1 76 16 89 89
0750_0074_0033_0078_0078.jpg 1 74 33 78 78
0751_0054_0053_0102_0102.jpg 1 54 53 102 102
0752_0070_0010_0114_0114.jpg 1 70 10 114 114
0753_0057_0013_0112_0112.jpg 1 57 13 112 112
0754_0043_0076_0074_0074.jpg 1 43 76 74 74
0755_0021_0009_0133_0133.jpg 1 21 9 133 133
0756_0059_0051_0029_0029.jpg 1 59 51 29 29
0757_0016_0038_0116_0116.jpg 1 16 38 116 116
0758_0048_0132_0048_0048.jpg 1 48 132 48 48
0759_0074_0050_0107_0107.jpg 1 74 50 107 107
0760_0011_0071_0105_0105.jpg 1 11 71 105 105
0761_0048_0085_0081_0081.jpg 1 48 85 81 81
0762_0081_0047_0047_0047.jpg 1 81 47 47 47
0763_0113_0069_0071_0071.jpg 1 113 69 71 71
0764_0069_0047_0061_0061.jpg 1 69 47 61 61
0765_0040_0067_0107_0107.jpg 1 40 67 107 107
0766_0114_0040_0029_0029.jpg 1 114 40 29 29
0767_0053_0027_0106_0106.jpg 1 53 27 106 106
0768_0056_0033_0054_0054.jpg 1 56 33 54 54
0769_0020_0057_0108_0108.jpg 1 20 57 108 108
0770_0096_0047_0038_0038.jpg 1 96 47 38 38
0771_0097_0046_0091_0091.jpg 1 97 46 91 91
0772_0024_0082_0059_0059.jpg 1 24 82 59 59
0773_0017_0038_0139_0139.jpg 1 17 38 139 139
0774_0013_0025_0132_0132.jpg 1 13 25 132 132
0775_0042_0074_0092_0092.jpg 1 42 74 92 92
0776_0093_0087_0092_0092.jpg 1 93 87 92 92
0777_0039_0036_0118_0118.jpg 1 39 36 118 118
0778_0109_0032_0040_0040.jpg 1 109 32 40 40
0779_0149_0152_0025_0025.jpg 1 149 152 25 25
0780_0049_0040_0038_0038.jpg 1 49 40 38 38
0781_0067_0116_0060_0060.jpg 1 67 116 60 60
0782_0042_0077_0069_0069.jpg 1 42 77 69 69
0783_0025_0008_0133_0133.jpg 1 25 8 133 133
0784_0119_0055_0035_0035.jpg 1 119 55 35 35
0785_0032_0022_0048_0048.jpg 1 32 22 48 48
0786_0049_0038_0099_0099.jpg 1 49 38 99 99
0787_0027_0036_0103_0103.jpg 1 27 36 103 103
0788_0075_0087_0098_0098.jpg 1 75 87 98 98
0789_0093_0084_0053_0053.jpg 1 93 84 53 53
0790_0066_0064_0069_0069.jpg 1 66 64 69 69
0791_0012_0013_0124_0124.jpg 1 12 13 124 124
0792_0126_0073_0049_0049.jpg 1 126 73 49 49
0793_0042_0060_0115_0115.jpg 1 42 60 115 115
0794_0090_0044_0090_0090.jpg 1 90 44 90 90
0795_0031_0029_0133_0133.jpg 1 31 29 133 133
0796_0100_0063_0060_0060.jpg 1 100 63 60 60
0797_0020_0066_0108_0108.jpg 1 20 66 108 108
0798_0072_0023_0054_0054.jpg 1 72 23 54 54
0799_0068_0014_0114_0114.jpg 1 68 14 114 114
0800_0016_0048_0114_0114.jpg 1 16 48 114 114
0801_0099_0061_0053_0053.jpg 1 99 61 53 53
0802_0045_0070_0091_0091.jpg 1 45 70 91 91
0803_0064_0044_0099_0099.jpg 1 64 44 99 99
0804_0061_0045_0065_0065.jpg 1 61 45 65 65
0805_0028_0044_0125_0125.jpg 1 28 44 125 125
0806_0101_0036_0067_0067.jpg 1 101 36 67 67
0807_0040_0103_0082_0082.jpg 1 40 103 82 82
0808_0018_0018_0120_0120.jpg 1 18 18 120 120
0809_0081_0058_0107_0107.jpg 1 81 58 107 107
0810_0037_0072_0082_0082.jpg 1 37 72 82 82
0811_0040_0047_0123_0123.jpg 1 40 47 123 123
0812_0032_0050_0113_0113.jpg 1 32 50 113 113
0813_0142_0040_0034_0034.jpg 1 142 40 34 34
0814_0009_0040_0119_0119.jpg 1 9 40 119 119
0815_0051_0069_0071_0071.jpg 1 51 69 71 71
0816_0058_0051_0030_0030.jpg 1 58 51 30 30
0817_0021_0023_0060_0060.jpg 1 21 23 60 60
0818_0125_0113_0032_0032.jpg 1 125 113 32 32
0819_0104_0085_0043_0043.jpg 1 104 85 43 43
0820_0081_0081_0085_0085.jpg 1 81 81 85 85
0821_0027_0058_0106_0106.jpg 1 27 58 106 106
0822_0049_0088_0100_0100.jpg 1 49 88 100 100
0823_0104_0107_0076_0076.jpg 1 104 107 76 76
0824_0022_0073_0113_0113.jpg 1 22 73 113 113
0825_0046_0030_0122_0122.jpg 1 46 30 122 122
0826_0106_0102_0050_0050.jpg 1 106 102 50 50
0827_0043_0014_0131_0131.jpg 1 43 14 131 131
0828_0031_0066_0120_0120.jpg 1 31 66 120 120
0829_0080_0124_0061_0061.jpg 1 80 124 61 61
0830_0085_0062_0030_0030.jpg 1 85 62 30 30
0831_0056_0048_0072_0072.jpg 1 56 48 72 72
0832_0026_0090_0080_0080.jpg 1 26 90 80 80
0833_0082_0016_0080_0080.jpg 1 82 16 80 80
0834_0054_0013_0089_0089.jpg 1 54 13 89 89
0835_0060_0063_0068_0068.jpg 1 60 63 68 68
0836_0110_0066_0059_0059.jpg 1 110 66 59 59
0837_0015_0075_0075_0075.jpg 1 15 75 75 75
0838_0081_0042_0107_0107.jpg 1 81 42 107 107
0839_0029_0102_0042_0042.jpg 1 29 102 42 42
0840_0042_0064_0103_0103.jpg 1 42 64 103 103
0841_0054_0023_0125_0125.jpg 1 54 23 125 125
0842_0077_0124_0061_0061.jpg 1 77 124 61 61
0843_0052_0017_0127_0127.jpg 1 52 17 127 127
0844_0013_0065_0117_0117.jpg 1 13 65 117 117
0845_0071_0074_0110_0110.jpg 1 71 74 110 110
0846_0071_0081_0039_0039.jpg 1 71 81 39 39
0847_0016_0028_0121_0121.jpg 1 16 28 121 121
0848_0049_0125_0041_0041.jpg 1 49 125 41 41
0849_0054_0058_0128_0128.jpg 1 54 58 128 128
0850_0014_0023_0131_0131.jpg 1 14 23 131 131
0851_0151_0061_0030_0030.jpg 1 151 61 30 30
0852_0150_0089_0026_0026.jpg 1 150 89 26 26
0853_0043_0032_0104_0104.jpg 1 43 32 104 104
0854_0044_0093_0072_0072.jpg 1 44 93 72 72
0855_0080_0044_0092_0092.jpg 1 80 44 92 92
0856_0029_0042_0139_0139.jpg 1 29 42 139 139
0857_0023_0012_0112_0112.jpg 1 23 12 112 112
0858_0022_0078_0101_0101.jpg 1 22 78 101 101
0859_0082_0035_0043_0043.jpg 1 82 35 43 43
0860_0018_0039_0071_0071.jpg 1 18 39 71 71
0861_0027_0064_0072_0072.jpg 1 27 64 72 72
0862_0090_0054_0069_0069.jpg 1 90 54 69 69
0863_0052_0055_0051_0051.jpg 1 52 55 51 51
0864_0037_0019_0131_0131.jpg 1 37 19 131 131
0865_0060_0057_0087_0087.jpg 1 60 57 87 87
0866_0019_0033_0127_0127.jpg 1 19 33 127 127
0867_0041_0069_0116_0116.jpg 1 41 69 116 116
0868_0144_0075_0025_0025.jpg 1 144 75 25 25
0869_0015_0069_0122_0122.jpg 1 15 69 122 122
0870_0033_0022_0131_0131.jpg 1 33 22 131 131
0871_0097_0037_0061_0061.jpg 1 97 37 61 61
0872_0017_0046_0073_0073.jpg 1 17 46 73 73
0873_0078_0092_0030_0030.jpg 1 78 92 30 30
0874_0037_0020_0130_0130.jpg 1 37 20 130 130
0875_0057_0036_0106_0106.jpg 1 57 36 106 106
0876_0079_0069_0032_0032.jpg 1 79 69 32 32
0877_0015_0065_0122_0122.jpg 1 15 65 122 122
0878_0101_0054_0070_0070.jpg 1 101 54 70 70
0879_0058_0065_0037_0037.jpg 1 58 65 37 37
0880_0020_0007_0130_0130.jpg 1 20 7 130 130
0881_0074_0086_0074_0074.jpg 1 74 86 74 74
0882_0048_0130_0036_0036.jpg 1 48 130 36 36
0883_0047_0030_0112_0112.jpg 1 47 30 112 112
0884_0031_0034_0114_0114.jpg 1 31 34 114 114
0885_0103_0112_0056_0056.jpg 1 103 112 56 56
0886_0034_0021_0121_0121.jpg 1 34 21 121 121
0887_0078_0054_0082_0082.jpg 1 78 54 82 82
0888_0034_0065_0024_0024.jpg 1 34 65 24 24
0889_0047_0066_0105_0105.jpg 1 47 66 105 105
0890_0063_0018_0126_0126.jpg 1 63 18 126 126
0891_0065_0063_0058_0058.jpg 1 65 63 58 58
0892_0013_0062_0127_0127.jpg 1 13 62 127 127
0893_0040_0027_0063_0063.jpg 1 40 27 63 63
0894_0095_0015_0075_0075.jpg 1 95 15 75 75
0895_0063_0074_0040_0040.jpg 1 63 74 40 40
0896_0071_0016_0105_0105.jpg 1 71 16 105 105
0897_0072_0023_0078_0078.jpg 1 72 23 78 78
0898_0073_0041_0114_0114.jpg 1 73 41 114 114
0899_0014_0056_0056_0056.jpg 1 14 56 56 56
0900_0087_0089_0087_0087.jpg 1 87 89 87 87
0901_0142_0081_0039_0039.jpg 1 142 81 39 39
0902_0069_0052_0103_0103.jpg 1 69 52 103 103
0903_0066_0129_0048_0048.jpg 1 66 129 48 48
0904_0119_0114_0061_0061.jpg 1 119 114 61 61
0905_0023_0093_0081_0081.jpg 1 23 93 81 81
0906_0073_0050_0053_0053.jpg 1 73 50 53 53
0907_0065_0129_0032_0032.jpg 1 65 129 32 32
0908_0092_0107_0050_0050.jpg 1 92 107 50 50
0909_0016_0135_0040_0040.jpg 1 16 135 40 40
0910_0051_0059_0124_0124.jpg 1 51 59 124 124
0911_0058_0043_0115_0115.jpg 1 58 43 115 115
0912_0045_0007_0129_0129.jpg 1 45 7 129 129
0913_0085_0055_0101_0101.jpg 1 85 55 101 101
0914_0069_0044_0027_0027.jpg 1 69 44 27 27
0915_0088_0015_0067_0067.jpg 1 88 15 67 67
0916_0140_0108_0036_0036.jpg 1 140 108 36 36
0917_0032_0038_0127_0127.jpg 1 32 38 127 127
0918_0054_0115_0071_0071.jpg 1 54 115 71 71
0919_0077_0046_0099_0099.jpg 1 77 46 99 99
0920_0016_0067_0122_0122.jpg 1 16 67 122 122
0921_0090_0111_0069_0069.jpg 1 90 111 69 69
0922_0024_0051_0138_0138.jpg 1 24 51 138 138
0923_0047_0058_0128_0128.jpg 1 47 58 128 128
0924_0080_0035_0097_0097.jpg 1 80 35 97 97
0925_0101_0018_0080_0080.jpg 1 101 18 80 80
0926_0058_0051_0042_0042.jpg 1 58 51 42 42
0927_0061_0066_0090_0090.jpg 1 61 66 90 90
0928_0051_0135_0031_0031.jpg 1 51 135 31 31
0929_0024_0007_0138_0138.jpg 1 24 7 138 138
0930_0065_0018_0110_0110.jpg 1 65 18 110 110
0931_0027_0020_0110_0110.jpg 1 27 20 110 110
0932_0022_0042_0137_0137.jpg 1 22 42 137 137
0933_0039_0031_0115_0115.jpg 1 39 31 115 115
0934_0052_0033_0134_0134.jpg 1 52 33 134 134
0935_0085_0014_0075_0075.jpg 1 85 14 75 75
0936_0038_0024_0125_0125.jpg 1 38 24 125 125
0937_0033_0065_0093_0093.jpg 1 33 65 93 93
0938_0135_0138_0037_0037.jpg 1 135 138 37 37
0939_0024_0031_0131_0131.jpg 1 24 31 131 131
0940_0086_0081_0103_0103.jpg 1 86 81 103 103
0941_0019_0067_0095_0095.jpg 1 19 67 95 95
0942_0070_0014_0104_0104.jpg 1 70 14 104 104
0943_0120_0094_0062_0062.jpg 1 120 94 62 62
0944_0040_0084_0105_0105.jpg 1 40 84 105 105
0945_0123_0034_0045_0045.jpg 1 123 34 45 45
0946_0023_0054_0133_0133.jpg 1 23 54 133 133
0947_0039_0023_0098_0098.jpg 1 39 23 98 98
0948_0097_0137_0035_0035.jpg 1 97 137 35 35
0949_0030_0050_0132_0132.jpg 1 30 50 132 132
0950_0059_0040_0045_0045.jpg 1 59 40 45 45
