0001_0099_0072_0033_0033.jpg 1 99 72 33 33
0002_0053_0039_0130_0130.jpg 1 53 39 130 130
0003_0119_0124_0045_0045.jpg 1 119 124 45 45
0004_0142_0081_0034_0034.jpg 1 142 81 34 34
0005_0077_0069_0104_0104.jpg 1 77 69 104 104
0006_0080_0055_0101_0101.jpg 1 80 55 101 101
0007_0030_0129_0025_0025.jpg 1 30 129 25 25
0008_0046_0036_0119_0119.jpg 1 46 36 119 119
0009_0122_0080_0061_0061.jpg 1 122 80 61 61
0010_0079_0078_0091_0091.jpg 1 79 78 91 91
0011_0028_0083_0039_0039.jpg 1 28 83 39 39
0012_0081_0025_0093_0093.jpg 1 81 25 93 93
0013_0076_0098_0037_0037.jpg 1 76 98 37 37
0014_0009_0038_0120_0120.jpg 1 9 38 120 120
0015_0076_0071_0100_0100.jpg 1 76 71 100 100
0016_0062_0103_0035_0035.jpg 1 62 103 35 35
0017_0044_0097_0069_0069.jpg 1 44 97 69 69
0018_0092_0085_0075_0075.jpg 1 92 85 75 75
0019_0048_0045_0119_0119.jpg 1 48 45 119 119
0020_0024_0049_0037_0037.jpg 1 24 49 37 37
0021_0034_0033_0139_0139.jpg 1 34 33 139 139
0022_0103_0126_0035_0035.jpg 1 103 126 35 35
0023_0102_0086_0025_0025.jpg 1 102 86 25 25
0024_0014_0059_0112_0112.jpg 1 14 59 112 112
0025_0028_0084_0065_0065.jpg 1 28 84 65 65
0026_0052_0042_0078_0078.jpg 1 52 42 78 78
0027_0032_0009_0121_0121.jpg 1 32 9 121 121
0028_0015_0036_0134_0134.jpg 1 15 36 134 134
0029_0040_0044_0118_0118.jpg 1 40 44 118 118
0030_0082_0049_0029_0029.jpg 1 82 49 29 29
0031_0022_0079_0112_0112.jpg 1 22 79 112 112
0032_0013_0062_0087_0087.jpg 1 13 62 87 87
0033_0113_0072_0067_0067.jpg 1 113 72 67 67
0034_0069_0011_0105_0105.jpg 1 69 11 105 105
0035_0034_0068_0067_0067.jpg 1 34 68 67 67
0036_0010_0062_0119_0119.jpg 1 10 62 119 119
0037_0022_0067_0109_0109.jpg 1 22 67 109 109
0038_0033_0047_0138_0138.jpg 1 33 47 138 138
0039_0040_0044_0030_0030.jpg 1 40 44 30 30
0040_0014_0098_0089_0089.jpg 1 14 98 89 89
0041_0096_0124_0047_0047.jpg 1 96 124 47 47
0042_0082_0042_0085_0085.jpg 1 82 42 85 85
0043_0070_0026_0092_0092.jpg 1 70 26 92 92
0044_0126_0054_0035_0035.jpg 1 126 54 35 35
0045_0031_0045_0129_0129.jpg 1 31 45 129 129
0046_0138_0068_0026_0026.jpg 1 138 68 26 26
0047_0039_0035_0028_0028.jpg 1 39 35 28 28
0048_0099_0050_0040_0040.jpg 1 99 50 40 40
0049_0021_0054_0121_0121.jpg 1 21 54 121 121
0050_0040_0106_0058_0058.jpg 1 40 106 58 58
0051_0033_0076_0045_0045.jpg 1 33 76 45 45
0052_0084_0069_0103_0103.jpg 1 84 69 103 103
0053_0039_0062_0033_0033.jpg 1 39 62 33 33
0054_0040_0026_0115_0115.jpg 1 40 26 115 115
0055_0018_0013_0130_0130.jpg 1 18 13 130 130
0056_0079_0063_0051_0051.jpg 1 79 63 51 51
0057_0059_0048_0056_0056.jpg 1 59 48 56 56
0058_0044_0030_0119_0119.jpg 1 44 30 119 119
0059_0056_0063_0107_0107.jpg 1 56 63 107 107
0060_0116_0021_0026_0026.jpg 1 116 21 26 26
0061_0056_0036_0109_0109.jpg 1 56 36 109 109
0062_0009_0075_0113_0113.jpg 1 9 75 113 113
0063_0045_0035_0039_0039.jpg 1 45 35 39 39
0064_0034_0080_0062_0062.jpg 1 34 80 62 62
0065_0059_0091_0096_0096.jpg 1 59 91 96 96
0066_0073_0034_0090_0090.jpg 1 73 34 90 90
0067_0057_0041_0106_0106.jpg 1 57 41 106 106
0068_0020_0058_0109_0109.jpg 1 20 58 109 109
0069_0064_0066_0110_0110.jpg 1 64 66 110 110
0070_0052_0030_0083_0083.jpg 1 52 30 83 83
0071_0019_0068_0089_0089.jpg 1 19 68 89 89
0072_0033_0081_0098_0098.jpg 1 33 81 98 98
0073_0013_0066_0109_0109.jpg 1 13 66 109 109
0074_0014_0040_0138_0138.jpg 1 14 40 138 138
0075_0125_0141_0038_0038.jpg 1 125 141 38 38
0076_0027_0046_0134_0134.jpg 1 27 46 134 134
0077_0100_0066_0025_0025.jpg 1 100 66 25 25
0078_0063_0067_0122_0122.jpg 1 63 67 122 122
0079_0145_0149_0027_0027.jpg 1 145 149 27 27
0080_0053_0048_0124_0124.jpg 1 53 48 124 124
0081_0079_0054_0026_0026.jpg 1 79 54 26 26
0082_0025_0061_0069_0069.jpg 1 25 61 69 69
0083_0057_0095_0070_0070.jpg 1 57 95 70 70
0084_0020_0017_0127_0127.jpg 1 20 17 127 127
0085_0049_0048_0120_0120.jpg 1 49 48 120 120
0086_0020_0016_0134_0134.jpg 1 20 16 134 134
0087_0062_0086_0080_0080.jpg 1 62 86 80 80
0088_0112_0112_0045_0045.jpg 1 112 112 45 45
0089_0035_0047_0133_0133.jpg 1 35 47 133 133
0090_0050_0035_0095_0095.jpg 1 50 35 95 95
0091_0021_0079_0111_0111.jpg 1 21 79 111 111
0092_0030_0036_0115_0115.jpg 1 30 36 115 115
0093_0049_0032_0040_0040.jpg 1 49 32 40 40
0094_0027_0088_0088_0088.jpg 1 27 88 88 88
0095_0055_0030_0127_0127.jpg 1 55 30 127 127
0096_0084_0045_0035_0035.jpg 1 84 45 35 35
0097_0060_0059_0106_0106.jpg 1 60 59 106 106
0098_0034_0059_0070_0070.jpg 1 34 59 70 70
0099_0071_0088_0034_0034.jpg 1 71 88 34 34
0100_0093_0127_0049_0049.jpg 1 93 127 49 49
0101_0139_0079_0040_0040.jpg 1 139 79 40 40
0102_0019_0023_0134_0134.jpg 1 19 23 134 134
0103_0090_0086_0092_0092.jpg 1 90 86 92 92
0104_0007_0014_0133_0133.jpg 1 7 14 133 133
0105_0044_0049_0100_0100.jpg 1 44 49 100 100
0106_0108_0077_0027_0027.jpg 1 108 77 27 27
0107_0012_0060_0104_0104.jpg 1 12 60 104 104
0108_0069_0063_0109_0109.jpg 1 69 63 109 109
0109_0110_0077_0063_0063.jpg 1 110 77 63 63
0110_0031_0027_0089_0089.jpg 1 31 27 89 89
0111_0153_0084_0025_0025.jpg 1 153 84 25 25
0112_0107_0142_0035_0035.jpg 1 107 142 35 35
0113_0084_0060_0100_0100.jpg 1 84 60 100 100
0114_0054_0031_0113_0113.jpg 1 54 31 113 113
0115_0079_0082_0068_0068.jpg 1 79 82 68 68
0116_0044_0101_0086_0086.jpg 1 44 101 86 86
0117_0118_0134_0045_0045.jpg 1 118 134 45 45
0118_0023_0026_0070_0070.jpg 1 23 26 70 70
0119_0029_0030_0092_0092.jpg 1 29 30 92 92
0120_0092_0025_0064_0064.jpg 1 92 25 64 64
0121_0077_0027_0100_0100.jpg 1 77 27 100 100
0122_0094_0063_0058_0058.jpg 1 94 63 58 58
0123_0022_0022_0138_0138.jpg 1 22 22 138 138
0124_0095_0031_0092_0092.jpg 1 95 31 92 92
0125_0047_0105_0052_0052.jpg 1 47 105 52 52
0126_0074_0091_0096_0096.jpg 1 74 91 96 96
0127_0096_0131_0049_0049.jpg 1 96 131 49 49
0128_0030_0075_0102_0102.jpg 1 30 75 102 102
0129_0043_0042_0102_0102.jpg 1 43 42 102 102
0130_0092_0033_0038_0038.jpg 1 92 33 38 38
0131_0055_0034_0138_0138.jpg 1 55 34 138 138
0132_0036_0034_0127_0127.jpg 1 36 34 127 127
0133_0012_0045_0137_0137.jpg 1 12 45 137 137
0134_0018_0036_0120_0120.jpg 1 18 36 120 120
0135_0018_0089_0098_0098.jpg 1 18 89 98 98
0136_0022_0033_0025_0025.jpg 1 22 33 25 25
0137_0103_0100_0068_0068.jpg 1 103 100 68 68
0138_0107_0022_0062_0062.jpg 1 107 22 62 62
0139_0031_0064_0122_0122.jpg 1 31 64 122 122
0140_0049_0113_0045_0045.jpg 1 49 113 45 45
0141_0030_0040_0065_0065.jpg 1 30 40 65 65
0142_0118_0072_0056_0056.jpg 1 118 72 56 56
0143_0036_0014_0124_0124.jpg 1 36 14 124 124
0144_0025_0077_0067_0067.jpg 1 25 77 67 67
0145_0063_0015_0108_0108.jpg 1 63 15 108 108
0146_0030_0054_0077_0077.jpg 1 30 54 77 77
0147_0027_0033_0131_0131.jpg 1 27 33 131 131
0148_0097_0115_0046_0046.jpg 1 97 115 46 46
0149_0017_0056_0067_0067.jpg 1 17 56 67 67
0150_0016_0024_0132_0132.jpg 1 16 24 132 132
0151_0033_0072_0053_0053.jpg 1 33 72 53 53
0152_0063_0069_0084_0084.jpg 1 63 69 84 84
0153_0064_0028_0079_0079.jpg 1 64 28 79 79
0154_0037_0063_0128_0128.jpg 1 37 63 128 128
0155_0038_0026_0119_0119.jpg 1 38 26 119 119
0156_0048_0107_0047_0047.jpg 1 48 107 47 47
0157_0121_0040_0047_0047.jpg 1 121 40 47 47
0158_0015_0017_0131_0131.jpg 1 15 17 131 131
0159_0083_0093_0085_0085.jpg 1 83 93 85 85
0160_0020_0025_0125_0125.jpg 1 20 25 125 125
0161_0012_0011_0125_0125.jpg 1 12 11 125 125
0162_0039_0040_0048_0048.jpg 1 39 40 48 48
0163_0042_0112_0054_0054.jpg 1 42 112 54 54
0164_0078_0106_0047_0047.jpg 1 78 106 47 47
0165_0020_0070_0108_0108.jpg 1 20 70 108 108
0166_0036_0107_0078_0078.jpg 1 36 107 78 78
0167_0012_0056_0073_0073.jpg 1 12 56 73 73
0168_0105_0021_0034_0034.jpg 1 105 21 34 34
0169_0119_0074_0055_0055.jpg 1 119 74 55 55
0170_0081_0019_0043_0043.jpg 1 81 19 43 43
0171_0048_0030_0036_0036.jpg 1 48 30 36 36
0172_0139_0070_0025_0025.jpg 1 139 70 25 25
0173_0063_0051_0068_0068.jpg 1 63 51 68 68
0174_0036_0064_0108_0108.jpg 1 36 64 108 108
0175_0039_0057_0094_0094.jpg 1 39 57 94 94
0176_0063_0070_0075_0075.jpg 1 63 70 75 75
0177_0021_0070_0048_0048.jpg 1 21 70 48 48
0178_0012_0019_0118_0118.jpg 1 12 19 118 118
0179_0078_0053_0093_0093.jpg 1 78 53 93 93
0180_0075_0080_0041_0041.jpg 1 75 80 41 41
0181_0099_0083_0064_0064.jpg 1 99 83 64 64
0182_0080_0067_0090_0090.jpg 1 80 67 90 90
0183_0073_0096_0040_0040.jpg 1 73 96 40 40
0184_0144_0140_0037_0037.jpg 1 144 140 37 37
0185_0057_0012_0083_0083.jpg 1 57 12 83 83
0186_0037_0057_0045_0045.jpg 1 37 57 45 45
0187_0035_0092_0077_0077.jpg 1 35 92 77 77
0188_0080_0070_0088_0088.jpg 1 80 70 88 88
0189_0056_0072_0115_0115.jpg 1 56 72 115 115
0190_0109_0087_0057_0057.jpg 1 109 87 57 57
0191_0017_0086_0073_0073.jpg 1 17 86 73 73
0192_0050_0073_0055_0055.jpg 1 50 73 55 55
0193_0078_0040_0094_0094.jpg 1 78 40 94 94
0194_0043_0023_0078_0078.jpg 1 43 23 78 78
0195_0040_0024_0109_0109.jpg 1 40 24 109 109
0196_0089_0033_0094_0094.jpg 1 89 33 94 94
0197_0105_0092_0072_0072.jpg 1 105 92 72 72
0198_0123_0072_0050_0050.jpg 1 123 72 50 50
0199_0033_0006_0136_0136.jpg 1 33 6 136 136
0200_0020_0019_0130_0130.jpg 1 20 19 130 130
0201_0124_0027_0047_0047.jpg 1 124 27 47 47
0202_0019_0060_0106_0106.jpg 1 19 60 106 106
0203_0074_0067_0055_0055.jpg 1 74 67 55 55
0204_0072_0075_0089_0089.jpg 1 72 75 89 89
0205_0086_0098_0054_0054.jpg 1 86 98 54 54
0206_0093_0026_0090_0090.jpg 1 93 26 90 90
0207_0088_0035_0098_0098.jpg 1 88 35 98 98
0208_0121_0056_0057_0057.jpg 1 121 56 57 57
0209_0101_0084_0024_0024.jpg 1 101 84 24 24
0210_0029_0075_0087_0087.jpg 1 29 75 87 87
0211_0025_0080_0098_0098.jpg 1 25 80 98 98
0212_0017_0042_0101_0101.jpg 1 17 42 101 101
0213_0082_0046_0103_0103.jpg 1 82 46 103 103
0214_0042_0027_0087_0087.jpg 1 42 27 87 87
0215_0073_0111_0071_0071.jpg 1 73 111 71 71
0216_0053_0044_0132_0132.jpg 1 53 44 132 132
0217_0012_0030_0098_0098.jpg 1 12 30 98 98
0218_0057_0063_0127_0127.jpg 1 57 63 127 127
0219_0033_0105_0080_0080.jpg 1 33 105 80 80
0220_0108_0041_0063_0063.jpg 1 108 41 63 63
0221_0069_0081_0105_0105.jpg 1 69 81 105 105
0222_0022_0032_0091_0091.jpg 1 22 32 91 91
0223_0138_0032_0038_0038.jpg 1 138 32 38 38
0224_0042_0043_0107_0107.jpg 1 42 43 107 107
0225_0058_0059_0057_0057.jpg 1 58 59 57 57
0226_0088_0016_0044_0044.jpg 1 88 16 44 44
0227_0071_0111_0058_0058.jpg 1 71 111 58 58
0228_0099_0039_0044_0044.jpg 1 99 39 44 44
0229_0093_0025_0070_0070.jpg 1 93 25 70 70
0230_0078_0080_0028_0028.jpg 1 78 80 28 28
0231_0036_0010_0113_0113.jpg 1 36 10 113 113
0232_0032_0029_0054_0054.jpg 1 32 29 54 54
0233_0032_0037_0125_0125.jpg 1 32 37 125 125
0234_0030_0067_0124_0124.jpg 1 30 67 124 124
0235_0048_0051_0085_0085.jpg 1 48 51 85 85
0236_0049_0013_0103_0103.jpg 1 49 13 103 103
0237_0058_0026_0048_0048.jpg 1 58 26 48 48
0238_0035_0044_0048_0048.jpg 1 35 44 48 48
0239_0132_0022_0025_0025.jpg 1 132 22 25 25
0240_0025_0050_0125_0125.jpg 1 25 50 125 125
0241_0054_0046_0138_0138.jpg 1 54 46 138 138
0242_0062_0071_0047_0047.jpg 1 62 71 47 47
0243_0032_0050_0087_0087.jpg 1 32 50 87 87
0244_0077_0010_0112_0112.jpg 1 77 10 112 112
0245_0052_0051_0114_0114.jpg 1 52 51 114 114
0246_0137_0119_0044_0044.jpg 1 137 119 44 44
0247_0032_0025_0110_0110.jpg 1 32 25 110 110
0248_0104_0061_0076_0076.jpg 1 104 61 76 76
0249_0069_0033_0101_0101.jpg 1 69 33 101 101
0250_0030_0074_0065_0065.jpg 1 30 74 65 65
0251_0015_0039_0078_0078.jpg 1 15 39 78 78
0252_0126_0062_0056_0056.jpg 1 126 62 56 56
0253_0055_0043_0119_0119.jpg 1 55 43 119 119
0254_0113_0057_0031_0031.jpg 1 113 57 31 31
0255_0082_0123_0058_0058.jpg 1 82 123 58 58
0256_0017_0042_0094_0094.jpg 1 17 42 94 94
0257_0034_0112_0029_0029.jpg 1 34 112 29 29
0258_0112_0094_0067_0067.jpg 1 112 94 67 67
0259_0041_0108_0052_0052.jpg 1 41 108 52 52
0260_0020_0059_0083_0083.jpg 1 20 59 83 83
0261_0054_0099_0052_0052.jpg 1 54 99 52 52
0262_0007_0041_0139_0139.jpg 1 7 41 139 139
0263_0074_0021_0108_0108.jpg 1 74 21 108 108
0264_0021_0098_0077_0077.jpg 1 21 98 77 77
0265_0066_0022_0101_0101.jpg 1 66 22 101 101
0266_0025_0042_0029_0029.jpg 1 25 42 29 29
0267_0061_0055_0089_0089.jpg 1 61 55 89 89
0268_0060_0078_0072_0072.jpg 1 60 78 72 72
0269_0126_0015_0055_0055.jpg 1 126 15 55 55
0270_0056_0033_0105_0105.jpg 1 56 33 105 105
0271_0112_0047_0069_0069.jpg 1 112 47 69 69
0272_0061_0082_0042_0042.jpg 1 61 82 42 42
0273_0072_0104_0040_0040.jpg 1 72 104 40 40
0274_0038_0058_0031_0031.jpg 1 38 58 31 31
0275_0021_0138_0041_0041.jpg 1 21 138 41 41
0276_0042_0063_0102_0102.jpg 1 42 63 102 102
0277_0132_0131_0051_0051.jpg 1 132 131 51 51
0278_0052_0061_0112_0112.jpg 1 52 61 112 112
0279_0052_0081_0062_0062.jpg 1 52 81 62 62
0280_0024_0038_0048_0048.jpg 1 24 38 48 48
0281_0025_0042_0059_0059.jpg 1 25 42 59 59
0282_0038_0035_0088_0088.jpg 1 38 35 88 88
0283_0107_0120_0059_0059.jpg 1 107 120 59 59
0284_0050_0021_0139_0139.jpg 1 50 21 139 139
0285_0039_0061_0112_0112.jpg 1 39 61 112 112
0286_0075_0065_0106_0106.jpg 1 75 65 106 106
0287_0013_0111_0068_0068.jpg 1 13 111 68 68
0288_0026_0019_0134_0134.jpg 1 26 19 134 134
0289_0029_0032_0041_0041.jpg 1 29 32 41 41
0290_0016_0036_0082_0082.jpg 1 16 36 82 82
0291_0038_0056_0063_0063.jpg 1 38 56 63 63
0292_0038_0022_0139_0139.jpg 1 38 22 139 139
0293_0052_0046_0099_0099.jpg 1 52 46 99 99
0294_0109_0064_0072_0072.jpg 1 109 64 72 72
0295_0055_0050_0116_0116.jpg 1 55 50 116 116
0296_0014_0050_0092_0092.jpg 1 14 50 92 92
0297_0104_0012_0080_0080.jpg 1 104 12 80 80
0298_0042_0072_0095_0095.jpg 1 42 72 95 95
0299_0047_0030_0046_0046.jpg 1 47 30 46 46
0300_0025_0014_0067_0067.jpg 1 25 14 67 67
0301_0029_0063_0128_0128.jpg 1 29 63 128 128
0302_0037_0042_0097_0097.jpg 1 37 42 97 97
0303_0039_0034_0127_0127.jpg 1 39 34 127 127
0304_0034_0090_0096_0096.jpg 1 34 90 96 96
0305_0056_0016_0104_0104.jpg 1 56 16 104 104
0306_0111_0017_0069_0069.jpg 1 111 17 69 69
0307_0060_0015_0096_0096.jpg 1 60 15 96 96
0308_0113_0128_0038_0038.jpg 1 113 128 38 38
0309_0016_0043_0112_0112.jpg 1 16 43 112 112
0310_0016_0075_0105_0105.jpg 1 16 75 105 105
0311_0034_0018_0118_0118.jpg 1 34 18 118 118
0312_0073_0147_0027_0027.jpg 1 73 147 27 27
0313_0068_0055_0073_0073.jpg 1 68 55 73 73
0314_0134_0049_0032_0032.jpg 1 134 49 32 32
0315_0064_0028_0059_0059.jpg 1 64 28 59 59
0316_0065_0026_0120_0120.jpg 1 65 26 120 120
0317_0031_0060_0115_0115.jpg 1 31 60 115 115
0318_0050_0082_0062_0062.jpg 1 50 82 62 62
0319_0078_0020_0054_0054.jpg 1 78 20 54 54
0320_0024_0049_0124_0124.jpg 1 24 49 124 124
0321_0076_0089_0061_0061.jpg 1 76 89 61 61
0322_0017_0076_0039_0039.jpg 1 17 76 39 39
0323_0077_0024_0077_0077.jpg 1 77 24 77 77
0324_0043_0101_0085_0085.jpg 1 43 101 85 85
0325_0060_0020_0119_0119.jpg 1 60 20 119 119
0326_0063_0118_0068_0068.jpg 1 63 118 68 68
0327_0035_0071_0046_0046.jpg 1 35 71 46 46
0328_0030_0034_0095_0095.jpg 1 30 34 95 95
0329_0069_0008_0119_0119.jpg 1 69 8 119 119
0330_0056_0073_0118_0118.jpg 1 56 73 118 118
0331_0040_0064_0122_0122.jpg 1 40 64 122 122
0332_0038_0127_0042_0042.jpg 1 38 127 42 42
0333_0019_0010_0120_0120.jpg 1 19 10 120 120
0334_0074_0033_0092_0092.jpg 1 74 33 92 92
0335_0041_0061_0080_0080.jpg 1 41 61 80 80
0336_0115_0063_0055_0055.jpg 1 115 63 55 55
0337_0078_0016_0089_0089.jpg 1 78 16 89 89
0338_0141_0021_0031_0031.jpg 1 141 21 31 31
0339_0092_0073_0092_0092.jpg 1 92 73 92 92
0340_0071_0042_0033_0033.jpg 1 71 42 33 33
0341_0026_0017_0127_0127.jpg 1 26 17 127 127
0342_0056_0085_0073_0073.jpg 1 56 85 73 73
0343_0062_0013_0111_0111.jpg 1 62 13 111 111
0344_0082_0048_0073_0073.jpg 1 82 48 73 73
0345_0028_0109_0060_0060.jpg 1 28 109 60 60
0346_0022_0059_0097_0097.jpg 1 22 59 97 97
0347_0037_0046_0118_0118.jpg 1 37 46 118 118
0348_0042_0053_0116_0116.jpg 1 42 53 116 116
0349_0006_0049_0138_0138.jpg 1 6 49 138 138
0350_0069_0037_0122_0122.jpg 1 69 37 122 122
0351_0098_0016_0041_0041.jpg 1 98 16 41 41
0352_0027_0070_0105_0105.jpg 1 27 70 105 105
0353_0073_0073_0030_0030.jpg 1 73 73 30 30
0354_0058_0064_0099_0099.jpg 1 58 64 99 99
0355_0070_0089_0051_0051.jpg 1 70 89 51 51
0356_0015_0035_0084_0084.jpg 1 15 35 84 84
0357_0098_0088_0062_0062.jpg 1 98 88 62 62
0358_0011_0071_0108_0108.jpg 1 11 71 108 108
0359_0074_0051_0111_0111.jpg 1 74 51 111 111
0360_0115_0053_0031_0031.jpg 1 115 53 31 31
0361_0049_0029_0108_0108.jpg 1 49 29 108 108
0362_0057_0023_0135_0135.jpg 1 57 23 135 135
0363_0089_0123_0029_0029.jpg 1 89 123 29 29
0364_0069_0064_0067_0067.jpg 1 69 64 67 67
0365_0035_0052_0068_0068.jpg 1 35 52 68 68
0366_0087_0077_0099_0099.jpg 1 87 77 99 99
0367_0072_0105_0067_0067.jpg 1 72 105 67 67
0368_0024_0034_0108_0108.jpg 1 24 34 108 108
0369_0075_0073_0085_0085.jpg 1 75 73 85 85
0370_0021_0052_0094_0094.jpg 1 21 52 94 94
0371_0081_0029_0105_0105.jpg 1 81 29 105 105
0372_0106_0060_0050_0050.jpg 1 106 60 50 50
0373_0050_0075_0089_0089.jpg 1 50 75 89 89
0374_0033_0063_0115_0115.jpg 1 33 63 115 115
0375_0055_0063_0121_0121.jpg 1 55 63 121 121
0376_0027_0067_0093_0093.jpg 1 27 67 93 93
0377_0081_0083_0048_0048.jpg 1 81 83 48 48
0378_0065_0043_0066_0066.jpg 1 65 43 66 66
0379_0056_0070_0119_0119.jpg 1 56 70 119 119
0380_0102_0014_0083_0083.jpg 1 102 14 83 83
0381_0031_0021_0138_0138.jpg 1 31 21 138 138
0382_0024_0077_0077_0077.jpg 1 24 77 77 77
0383_0031_0058_0077_0077.jpg 1 31 58 77 77
0384_0093_0097_0046_0046.jpg 1 93 97 46 46
0385_0100_0078_0062_0062.jpg 1 100 78 62 62
0386_0019_0116_0024_0024.jpg 1 19 116 24 24
0387_0021_0066_0120_0120.jpg 1 21 66 120 120
0388_0108_0116_0044_0044.jpg 1 108 116 44 44
0389_0044_0011_0094_0094.jpg 1 44 11 94 94
0390_0081_0053_0059_0059.jpg 1 81 53 59 59
0391_0038_0118_0042_0042.jpg 1 38 118 42 42
0392_0084_0107_0041_0041.jpg 1 84 107 41 41
0393_0015_0011_0127_0127.jpg 1 15 11 127 127
0394_0071_0101_0033_0033.jpg 1 71 101 33 33
0395_0016_0072_0105_0105.jpg 1 16 72 105 105
0396_0067_0015_0097_0097.jpg 1 67 15 97 97
0397_0072_0079_0074_0074.jpg 1 72 79 74 74
0398_0065_0085_0062_0062.jpg 1 65 85 62 62
0399_0018_0051_0065_0065.jpg 1 18 51 65 65
0400_0054_0028_0047_0047.jpg 1 54 28 47 47
0401_0023_0129_0040_0040.jpg 1 23 129 40 40
0402_0039_0036_0092_0092.jpg 1 39 36 92 92
0403_0059_0133_0051_0051.jpg 1 59 133 51 51
0404_0008_0020_0138_0138.jpg 1 8 20 138 138
0405_0021_0089_0093_0093.jpg 1 21 89 93 93
0406_0092_0027_0095_0095.jpg 1 92 27 95 95
0407_0022_0030_0076_0076.jpg 1 22 30 76 76
0408_0051_0097_0074_0074.jpg 1 51 97 74 74
0409_0079_0032_0064_0064.jpg 1 79 32 64 64
0410_0091_0094_0084_0084.jpg 1 91 94 84 84
0411_0008_0019_0125_0125.jpg 1 8 19 125 125
0412_0049_0006_0137_0137.jpg 1 49 6 137 137
0413_0079_0061_0026_0026.jpg 1 79 61 26 26
0414_0097_0086_0048_0048.jpg 1 97 86 48 48
0415_0048_0046_0129_0129.jpg 1 48 46 129 129
0416_0056_0069_0117_0117.jpg 1 56 69 117 117
0417_0063_0066_0087_0087.jpg 1 63 66 87 87
0418_0093_0046_0072_0072.jpg 1 93 46 72 72
0419_0035_0032_0125_0125.jpg 1 35 32 125 125
0420_0050_0032_0090_0090.jpg 1 50 32 90 90
0421_0034_0074_0038_0038.jpg 1 34 74 38 38
0422_0012_0025_0126_0126.jpg 1 12 25 126 126
0423_0074_0041_0102_0102.jpg 1 74 41 102 102
0424_0007_0042_0133_0133.jpg 1 7 42 133 133
0425_0049_0076_0038_0038.jpg 1 49 76 38 38
0426_0125_0114_0048_0048.jpg 1 125 114 48 48
0427_0086_0077_0075_0075.jpg 1 86 77 75 75
0428_0076_0079_0098_0098.jpg 1 76 79 98 98
0429_0042_0032_0056_0056.jpg 1 42 32 56 56
0430_0063_0033_0119_0119.jpg 1 63 33 119 119
0431_0047_0105_0071_0071.jpg 1 47 105 71 71
0432_0039_0031_0116_0116.jpg 1 39 31 116 116
0433_0052_0035_0131_0131.jpg 1 52 35 131 131
0434_0043_0067_0059_0059.jpg 1 43 67 59 59
0435_0085_0067_0103_0103.jpg 1 85 67 103 103
0436_0053_0084_0090_0090.jpg 1 53 84 90 90
0437_0105_0038_0080_0080.jpg 1 105 38 80 80
0438_0060_0036_0120_0120.jpg 1 60 36 120 120
0439_0037_0059_0066_0066.jpg 1 37 59 66 66
0440_0050_0020_0043_0043.jpg 1 50 20 43 43
0441_0028_0059_0122_0122.jpg 1 28 59 122 122
0442_0083_0052_0099_0099.jpg 1 83 52 99 99
0443_0095_0024_0068_0068.jpg 1 95 24 68 68
0444_0085_0025_0101_0101.jpg 1 85 25 101 101
0445_0029_0063_0112_0112.jpg 1 29 63 112 112
0446_0041_0012_0099_0099.jpg 1 41 12 99 99
0447_0022_0044_0110_0110.jpg 1 22 44 110 110
0448_0055_0050_0105_0105.jpg 1 55 50 105 105
0449_0090_0091_0033_0033.jpg 1 90 91 33 33
0450_0078_0112_0032_0032.jpg 1 78 112 32 32
0451_0065_0091_0079_0079.jpg 1 65 91 79 79
0452_0058_0052_0131_0131.jpg 1 58 52 131 131
0453_0092_0100_0043_0043.jpg 1 92 100 43 43
0454_0073_0035_0073_0073.jpg 1 73 35 73 73
0455_0047_0027_0108_0108.jpg 1 47 27 108 108
0456_0066_0052_0070_0070.jpg 1 66 52 70 70
0457_0078_0104_0083_0083.jpg 1 78 104 83 83
0458_0010_0044_0128_0128.jpg 1 10 44 128 128
0459_0012_0038_0137_0137.jpg 1 12 38 137 137
0460_0054_0031_0099_0099.jpg 1 54 31 99 99
0461_0041_0058_0134_0134.jpg 1 41 58 134 134
0462_0046_0091_0068_0068.jpg 1 46 91 68 68
0463_0080_0037_0091_0091.jpg 1 80 37 91 91
0464_0131_0081_0044_0044.jpg 1 131 81 44 44
0465_0043_0047_0108_0108.jpg 1 43 47 108 108
0466_0057_0009_0112_0112.jpg 1 57 9 112 112
0467_0097_0024_0090_0090.jpg 1 97 24 90 90
0468_0007_0053_0131_0131.jpg 1 7 53 131 131
0469_0024_0017_0121_0121.jpg 1 24 17 121 121
0470_0048_0101_0081_0081.jpg 1 48 101 81 81
0471_0057_0056_0104_0104.jpg 1 57 56 104 104
0472_0084_0100_0026_0026.jpg 1 84 100 26 26
0473_0017_0019_0131_0131.jpg 1 17 19 131 131
0474_0065_0047_0029_0029.jpg 1 65 47 29 29
0475_0097_0055_0057_0057.jpg 1 97 55 57 57
0476_0058_0043_0057_0057.jpg 1 58 43 57 57
0477_0051_0035_0110_0110.jpg 1 51 35 110 110
0478_0076_0050_0085_0085.jpg 1 76 50 85 85
0479_0035_0014_0116_0116.jpg 1 35 14 116 116
0480_0029_0043_0137_0137.jpg 1 29 43 137 137
0481_0073_0029_0066_0066.jpg 1 73 29 66 66
0482_0015_0017_0125_0125.jpg 1 15 17 125 125
0483_0121_0097_0036_0036.jpg 1 121 97 36 36
0484_0016_0032_0135_0135.jpg 1 16 32 135 135
0485_0023_0054_0108_0108.jpg 1 23 54 108 108
0486_0050_0009_0123_0123.jpg 1 50 9 123 123
0487_0046_0113_0042_0042.jpg 1 46 113 42 42
0488_0038_0103_0075_0075.jpg 1 38 103 75 75
0489_0033_0051_0079_0079.jpg 1 33 51 79 79
0490_0029_0068_0099_0099.jpg 1 29 68 99 99
0491_0079_0046_0039_0039.jpg 1 79 46 39 39
0492_0057_0015_0125_0125.jpg 1 57 15 125 125
0493_0026_0036_0041_0041.jpg 1 26 36 41 41
0494_0019_0044_0139_0139.jpg 1 19 44 139 139
0495_0117_0014_0066_0066.jpg 1 117 14 66 66
0496_0070_0038_0108_0108.jpg 1 70 38 108 108
0497_0054_0053_0040_0040.jpg 1 54 53 40 40
0498_0042_0038_0133_0133.jpg 1 42 38 133 133
0499_0114_0081_0043_0043.jpg 1 114 81 43 43
0500_0013_0077_0072_0072.jpg 1 13 77 72 72
0501_0018_0042_0100_0100.jpg 1 18 42 100 100
0502_0086_0105_0046_0046.jpg 1 86 105 46 46
0503_0063_0070_0087_0087.jpg 1 63 70 87 87
0504_0059_0037_0075_0075.jpg 1 59 37 75 75
0505_0017_0047_0031_0031.jpg 1 17 47 31 31
0506_0046_0018_0120_0120.jpg 1 46 18 120 120
0507_0045_0058_0058_0058.jpg 1 45 58 58 58
0508_0019_0090_0086_0086.jpg 1 19 90 86 86
0509_0073_0096_0070_0070.jpg 1 73 96 70 70
0510_0035_0010_0099_0099.jpg 1 35 10 99 99
0511_0031_0018_0080_0080.jpg 1 31 18 80 80
0512_0039_0014_0102_0102.jpg 1 39 14 102 102
0513_0098_0077_0064_0064.jpg 1 98 77 64 64
0514_0025_0076_0098_0098.jpg 1 25 76 98 98
0515_0059_0050_0044_0044.jpg 1 59 50 44 44
0516_0041_0018_0082_0082.jpg 1 41 18 82 82
0517_0078_0045_0097_0097.jpg 1 78 45 97 97
0518_0032_0010_0133_0133.jpg 1 32 10 133 133
0519_0029_0068_0120_0120.jpg 1 29 68 120 120
0520_0058_0052_0105_0105.jpg 1 58 52 105 105
0521_0031_0020_0035_0035.jpg 1 31 20 35 35
0522_0018_0063_0112_0112.jpg 1 18 63 112 112
0523_0016_0086_0097_0097.jpg 1 16 86 97 97
0524_0102_0039_0052_0052.jpg 1 102 39 52 52
0525_0051_0051_0121_0121.jpg 1 51 51 121 121
0526_0010_0039_0139_0139.jpg 1 10 39 139 139
0527_0060_0030_0122_0122.jpg 1 60 30 122 122
0528_0141_0120_0029_0029.jpg 1 141 120 29 29
0529_0080_0052_0070_0070.jpg 1 80 52 70 70
0530_0028_0052_0133_0133.jpg 1 28 52 133 133
0531_0106_0032_0080_0080.jpg 1 106 32 80 80
0532_0043_0086_0069_0069.jpg 1 43 86 69 69
0533_0099_0111_0050_0050.jpg 1 99 111 50 50
0534_0043_0051_0134_0134.jpg 1 43 51 134 134
0535_0018_0008_0129_0129.jpg 1 18 8 129 129
0536_0056_0105_0043_0043.jpg 1 56 105 43 43
0537_0094_0019_0094_0094.jpg 1 94 19 94 94
0538_0016_0041_0092_0092.jpg 1 16 41 92 92
0539_0048_0051_0105_0105.jpg 1 48 51 105 105
0540_0048_0012_0076_0076.jpg 1 48 12 76 76
0541_0088_0098_0089_0089.jpg 1 88 98 89 89
0542_0030_0042_0086_0086.jpg 1 30 42 86 86
0543_0110_0032_0055_0055.jpg 1 110 32 55 55
0544_0028_0044_0138_0138.jpg 1 28 44 138 138
0545_0025_0067_0110_0110.jpg 1 25 67 110 110
0546_0054_0045_0101_0101.jpg 1 54 45 101 101
0547_0071_0079_0051_0051.jpg 1 71 79 51 51
0548_0045_0064_0118_0118.jpg 1 45 64 118 118
0549_0047_0055_0098_0098.jpg 1 47 55 98 98
0550_0048_0023_0133_0133.jpg 1 48 23 133 133
0551_0067_0013_0121_0121.jpg 1 67 13 121 121
0552_0030_0118_0033_0033.jpg 1 30 118 33 33
0553_0037_0110_0040_0040.jpg 1 37 110 40 40
0554_0016_0060_0130_0130.jpg 1 16 60 130 130
0555_0061_0040_0035_0035.jpg 1 61 40 35 35
0556_0073_0052_0079_0079.jpg 1 73 52 79 79
0557_0017_0035_0077_0077.jpg 1 17 35 77 77
0558_0025_0120_0044_0044.jpg 1 25 120 44 44
0559_0091_0099_0061_0061.jpg 1 91 99 61 61
0560_0046_0044_0139_0139.jpg 1 46 44 139 139
0561_0121_0018_0031_0031.jpg 1 121 18 31 31
0562_0088_0068_0039_0039.jpg 1 88 68 39 39
0563_0131_0131_0044_0044.jpg 1 131 131 44 44
0564_0063_0056_0072_0072.jpg 1 63 56 72 72
0565_0044_0073_0099_0099.jpg 1 44 73 99 99
0566_0098_0037_0087_0087.jpg 1 98 37 87 87
0567_0085_0095_0049_0049.jpg 1 85 95 49 49
0568_0035_0039_0130_0130.jpg 1 35 39 130 130
0569_0057_0107_0056_0056.jpg 1 57 107 56 56
0570_0013_0032_0096_0096.jpg 1 13 32 96 96
0571_0070_0087_0087_0087.jpg 1 70 87 87 87
0572_0061_0126_0041_0041.jpg 1 61 126 41 41
0573_0015_0116_0061_0061.jpg 1 15 116 61 61
0574_0025_0033_0111_0111.jpg 1 25 33 111 111
0575_0071_0019_0092_0092.jpg 1 71 19 92 92
0576_0050_0038_0066_0066.jpg 1 50 38 66 66
0577_0036_0062_0084_0084.jpg 1 36 62 84 84
0578_0126_0096_0045_0045.jpg 1 126 96 45 45
0579_0041_0051_0114_0114.jpg 1 41 51 114 114
0580_0042_0020_0137_0137.jpg 1 42 20 137 137
0581_0063_0059_0128_0128.jpg 1 63 59 128 128
0582_0018_0061_0120_0120.jpg 1 18 61 120 120
0583_0027_0043_0101_0101.jpg 1 27 43 101 101
0584_0114_0042_0056_0056.jpg 1 114 42 56 56
0585_0105_0093_0028_0028.jpg 1 105 93 28 28
0586_0058_0022_0049_0049.jpg 1 58 22 49 49
0587_0072_0030_0083_0083.jpg 1 72 30 83 83
0588_0059_0010_0096_0096.jpg 1 59 10 96 96
0589_0082_0048_0077_0077.jpg 1 82 48 77 77
0590_0013_0040_0135_0135.jpg 1 13 40 135 135
0591_0045_0032_0067_0067.jpg 1 45 32 67 67
0592_0047_0051_0101_0101.jpg 1 47 51 101 101
0593_0104_0067_0064_0064.jpg 1 104 67 64 64
0594_0064_0041_0087_0087.jpg 1 64 41 87 87
0595_0067_0047_0106_0106.jpg 1 67 47 106 106
0596_0047_0021_0075_0075.jpg 1 47 21 75 75
0597_0141_0026_0038_0038.jpg 1 141 26 38 38
0598_0057_0048_0074_0074.jpg 1 57 48 74 74
0599_0014_0083_0061_0061.jpg 1 14 83 61 61
0600_0020_0034_0132_0132.jpg 1 20 34 132 132
0601_0042_0135_0046_0046.jpg 1 42 135 46 46
0602_0026_0049_0124_0124.jpg 1 26 49 124 124
0603_0103_0067_0080_0080.jpg 1 103 67 80 80
0604_0124_0121_0029_0029.jpg 1 124 121 29 29
0605_0057_0057_0101_0101.jpg 1 57 57 101 101
0606_0032_0026_0136_0136.jpg 1 32 26 136 136
0607_0016_0048_0112_0112.jpg 1 16 48 112 112
0608_0090_0081_0075_0075.jpg 1 90 81 75 75
0609_0051_0094_0068_0068.jpg 1 51 94 68 68
0610_0049_0088_0062_0062.jpg 1 49 88 62 62
0611_0037_0039_0091_0091.jpg 1 37 39 91 91
0612_0017_0050_0105_0105.jpg 1 17 50 105 105
0613_0038_0070_0108_0108.jpg 1 38 70 108 108
0614_0022_0084_0101_0101.jpg 1 22 84 101 101
0615_0048_0074_0079_0079.jpg 1 48 74 79 79
0616_0044_0080_0104_0104.jpg 1 44 80 104 104
0617_0028_0029_0108_0108.jpg 1 28 29 108 108
0618_0037_0067_0117_0117.jpg 1 37 67 117 117
0619_0045_0022_0093_0093.jpg 1 45 22 93 93
0620_0064_0031_0074_0074.jpg 1 64 31 74 74
0621_0043_0064_0102_0102.jpg 1 43 64 102 102
0622_0141_0088_0028_0028.jpg 1 141 88 28 28
0623_0036_0081_0037_0037.jpg 1 36 81 37 37
0624_0081_0099_0056_0056.jpg 1 81 99 56 56
0625_0056_0068_0113_0113.jpg 1 56 68 113 113
0626_0061_0057_0086_0086.jpg 1 61 57 86 86
0627_0105_0023_0066_0066.jpg 1 105 23 66 66
0628_0101_0019_0073_0073.jpg 1 101 19 73 73
0629_0031_0009_0128_0128.jpg 1 31 9 128 128
0630_0081_0054_0043_0043.jpg 1 81 54 43 43
0631_0020_0039_0126_0126.jpg 1 20 39 126 126
0632_0075_0080_0057_0057.jpg 1 75 80 57 57
0633_0115_0108_0071_0071.jpg 1 115 108 71 71
0634_0055_0082_0105_0105.jpg 1 55 82 105 105
0635_0043_0045_0105_0105.jpg 1 43 45 105 105
0636_0052_0117_0027_0027.jpg 1 52 117 27 27
0637_0084_0083_0100_0100.jpg 1 84 83 100 100
0638_0043_0048_0139_0139.jpg 1 43 48 139 139
0639_0047_0056_0061_0061.jpg 1 47 56 61 61
0640_0024_0016_0094_0094.jpg 1 24 16 94 94
0641_0116_0048_0048_0048.jpg 1 116 48 48 48
0642_0080_0034_0095_0095.jpg 1 80 34 95 95
0643_0018_0041_0042_0042.jpg 1 18 41 42 42
0644_0102_0012_0082_0082.jpg 1 102 12 82 82
0645_0025_0027_0103_0103.jpg 1 25 27 103 103
0646_0031_0022_0111_0111.jpg 1 31 22 111 111
0647_0037_0041_0117_0117.jpg 1 37 41 117 117
0648_0129_0023_0032_0032.jpg 1 129 23 32 32
0649_0024_0021_0128_0128.jpg 1 24 21 128 128
0650_0023_0084_0042_0042.jpg 1 23 84 42 42
0651_0116_0042_0060_0060.jpg 1 116 42 60 60
0652_0018_0111_0029_0029.jpg 1 18 111 29 29
0653_0058_0106_0078_0078.jpg 1 58 106 78 78
0654_0030_0078_0050_0050.jpg 1 30 78 50 50
0655_0035_0017_0122_0122.jpg 1 35 17 122 122
0656_0057_0033_0080_0080.jpg 1 57 33 80 80
0657_0060_0101_0049_0049.jpg 1 60 101 49 49
0658_0036_0092_0071_0071.jpg 1 36 92 71 71
0659_0027_0028_0086_0086.jpg 1 27 28 86 86
0660_0030_0075_0099_0099.jpg 1 30 75 99 99
0661_0046_0055_0065_0065.jpg 1 46 55 65 65
0662_0059_0094_0092_0092.jpg 1 59 94 92 92
0663_0024_0027_0047_0047.jpg 1 24 27 47 47
0664_0068_0109_0031_0031.jpg 1 68 109 31 31
0665_0024_0061_0079_0079.jpg 1 24 61 79 79
0666_0064_0083_0092_0092.jpg 1 64 83 92 92
0667_0065_0017_0098_0098.jpg 1 65 17 98 98
0668_0131_0019_0024_0024.jpg 1 131 19 24 24
0669_0025_0016_0069_0069.jpg 1 25 16 69 69
0670_0099_0130_0037_0037.jpg 1 99 130 37 37
0671_0123_0061_0036_0036.jpg 1 123 61 36 36
0672_0128_0025_0027_0027.jpg 1 128 25 27 27
0673_0029_0045_0129_0129.jpg 1 29 45 129 129
0674_0023_0011_0135_0135.jpg 1 23 11 135 135
0675_0103_0014_0074_0074.jpg 1 103 14 74 74
0676_0104_0112_0062_0062.jpg 1 104 112 62 62
0677_0083_0053_0037_0037.jpg 1 83 53 37 37
0678_0091_0050_0061_0061.jpg 1 91 50 61 61
0679_0017_0078_0071_0071.jpg 1 17 78 71 71
0680_0029_0094_0090_0090.jpg 1 29 94 90 90
0681_0063_0051_0119_0119.jpg 1 63 51 119 119
0682_0034_0067_0097_0097.jpg 1 34 67 97 97
0683_0094_0125_0045_0045.jpg 1 94 125 45 45
0684_0036_0056_0123_0123.jpg 1 36 56 123 123
0685_0073_0011_0090_0090.jpg 1 73 11 90 90
0686_0119_0092_0066_0066.jpg 1 119 92 66 66
0687_0097_0027_0029_0029.jpg 1 97 27 29 29
0688_0064_0098_0073_0073.jpg 1 64 98 73 73
0689_0055_0012_0095_0095.jpg 1 55 12 95 95
0690_0053_0039_0090_0090.jpg 1 53 39 90 90
0691_0101_0086_0031_0031.jpg 1 101 86 31 31
0692_0084_0065_0027_0027.jpg 1 84 65 27 27
0693_0025_0021_0128_0128.jpg 1 25 21 128 128
0694_0098_0017_0079_0079.jpg 1 98 17 79 79
0695_0037_0034_0092_0092.jpg 1 37 34 92 92
0696_0079_0110_0038_0038.jpg 1 79 110 38 38
0697_0053_0094_0063_0063.jpg 1 53 94 63 63
0698_0055_0023_0128_0128.jpg 1 55 23 128 128
0699_0023_0078_0081_0081.jpg 1 23 78 81 81
0700_0022_0059_0037_0037.jpg 1 22 59 37 37
0701_0047_0043_0116_0116.jpg 1 47 43 116 116
0702_0018_0109_0043_0043.jpg 1 18 109 43 43
0703_0071_0127_0032_0032.jpg 1 71 127 32 32
0704_0046_0046_0122_0122.jpg 1 46 46 122 122
0705_0040_0051_0071_0071.jpg 1 40 51 71 71
0706_0030_0016_0107_0107.jpg 1 30 16 107 107
0707_0030_0043_0102_0102.jpg 1 30 43 102 102
0708_0087_0023_0037_0037.jpg 1 87 23 37 37
0709_0049_0009_0131_0131.jpg 1 49 9 131 131
0710_0037_0025_0127_0127.jpg 1 37 25 127 127
0711_0113_0131_0034_0034.jpg 1 113 131 34 34
0712_0093_0054_0053_0053.jpg 1 93 54 53 53
0713_0043_0120_0060_0060.jpg 1 43 120 60 60
0714_0013_0052_0084_0084.jpg 1 13 52 84 84
0715_0023_0041_0106_0106.jpg 1 23 41 106 106
0716_0020_0029_0118_0118.jpg 1 20 29 118 118
0717_0118_0149_0026_0026.jpg 1 118 149 26 26
0718_0095_0076_0094_0094.jpg 1 95 76 94 94
0719_0024_0031_0100_0100.jpg 1 24 31 100 100
0720_0020_0108_0049_0049.jpg 1 20 108 49 49
0721_0043_0022_0080_0080.jpg 1 43 22 80 80
0722_0077_0093_0064_0064.jpg 1 77 93 64 64
0723_0074_0059_0086_0086.jpg 1 74 59 86 86
0724_0052_0031_0114_0114.jpg 1 52 31 114 114
0725_0013_0015_0103_0103.jpg 1 13 15 103 103
0726_0011_0015_0125_0125.jpg 1 11 15 125 125
0727_0076_0073_0107_0107.jpg 1 76 73 107 107
0728_0067_0075_0096_0096.jpg 1 67 75 96 96
0729_0049_0063_0067_0067.jpg 1 49 63 67 67
0730_0012_0038_0131_0131.jpg 1 12 38 131 131
0731_0063_0115_0058_0058.jpg 1 63 115 58 58
0732_0104_0044_0080_0080.jpg 1 104 44 80 80
0733_0088_0061_0086_0086.jpg 1 88 61 86 86
0734_0094_0089_0066_0066.jpg 1 94 89 66 66
0735_0078_0135_0048_0048.jpg 1 78 135 48 48
0736_0109_0047_0048_0048.jpg 1 109 47 48 48
0737_0077_0078_0076_0076.jpg 1 77 78 76 76
0738_0087_0085_0087_0087.jpg 1 87 85 87 87
0739_0058_0010_0117_0117.jpg 1 58 10 117 117
0740_0129_0021_0035_0035.jpg 1 129 21 35 35
0741_0070_0023_0105_0105.jpg 1 70 23 105 105
0742_0072_0105_0078_0078.jpg 1 72 105 78 78
0743_0094_0097_0049_0049.jpg 1 94 97 49 49
0744_0047_0045_0131_0131.jpg 1 47 45 131 131
0745_0035_0019_0134_0134.jpg 1 35 19 134 134
0746_0111_0077_0032_0032.jpg 1 111 77 32 32
0747_0026_0019_0097_0097.jpg 1 26 19 97 97
0748_0053_0064_0035_0035.jpg 1 53 64 35 35
0749_0035_0012_0133_0133.jpg 1 35 12 133 133
0750_0037_0086_0069_0069.jpg 1 37 86 69 69
0751_0081_0073_0077_0077.jpg 1 81 73 77 77
0752_0055_0014_0107_0107.jpg 1 55 14 107 107
0753_0018_0110_0048_0048.jpg 1 18 110 48 48
0754_0032_0068_0120_0120.jpg 1 32 68 120 120
0755_0074_0052_0075_0075.jpg 1 74 52 75 75
0756_0080_0042_0094_0094.jpg 1 80 42 94 94
0757_0014_0013_0115_0115.jpg 1 14 13 115 115
0758_0047_0013_0103_0103.jpg 1 47 13 103 103
0759_0095_0104_0045_0045.jpg 1 95 104 45 45
0760_0026_0091_0088_0088.jpg 1 26 91 88 88
0761_0084_0120_0048_0048.jpg 1 84 120 48 48
0762_0044_0120_0027_0027.jpg 1 44 120 27 27
0763_0025_0069_0046_0046.jpg 1 25 69 46 46
0764_0052_0140_0038_0038.jpg 1 52 140 38 38
0765_0032_0025_0083_0083.jpg 1 32 25 83 83
0766_0049_0031_0122_0122.jpg 1 49 31 122 122
0767_0027_0109_0032_0032.jpg 1 27 109 32 32
0768_0078_0058_0041_0041.jpg 1 78 58 41 41
0769_0031_0033_0094_0094.jpg 1 31 33 94 94
0770_0012_0096_0091_0091.jpg 1 12 96 91 91
0771_0121_0064_0044_0044.jpg 1 121 64 44 44
0772_0044_0061_0131_0131.jpg 1 44 61 131 131
0773_0051_0051_0135_0135.jpg 1 51 51 135 135
0774_0086_0098_0084_0084.jpg 1 86 98 84 84
0775_0096_0049_0080_0080.jpg 1 96 49 80 80
0776_0043_0091_0093_0093.jpg 1 43 91 93 93
0777_0015_0044_0078_0078.jpg 1 15 44 78 78
0778_0119_0135_0046_0046.jpg 1 119 135 46 46
0779_0026_0104_0076_0076.jpg 1 26 104 76 76
0780_0015_0063_0051_0051.jpg 1 15 63 51 51
0781_0122_0066_0054_0054.jpg 1 122 66 54 54
0782_0113_0015_0074_0074.jpg 1 113 15 74 74
0783_0040_0047_0134_0134.jpg 1 40 47 134 134
0784_0018_0024_0129_0129.jpg 1 18 24 129 129
0785_0037_0028_0039_0039.jpg 1 37 28 39 39
0786_0031_0065_0126_0126.jpg 1 31 65 126 126
0787_0026_0067_0051_0051.jpg 1 26 67 51 51
0788_0068_0087_0027_0027.jpg 1 68 87 27 27
0789_0076_0069_0044_0044.jpg 1 76 69 44 44
0790_0076_0129_0033_0033.jpg 1 76 129 33 33
0791_0070_0072_0078_0078.jpg 1 70 72 78 78
0792_0099_0096_0088_0088.jpg 1 99 96 88 88
0793_0122_0038_0061_0061.jpg 1 122 38 61 61
0794_0018_0015_0132_0132.jpg 1 18 15 132 132
0795_0023_0085_0076_0076.jpg 1 23 85 76 76
0796_0047_0110_0034_0034.jpg 1 47 110 34 34
0797_0071_0035_0110_0110.jpg 1 71 35 110 110
0798_0019_0090_0097_0097.jpg 1 19 90 97 97
0799_0027_0123_0039_0039.jpg 1 27 123 39 39
0800_0022_0124_0061_0061.jpg 1 22 124 61 61
0801_0073_0039_0110_0110.jpg 1 73 39 110 110
0802_0013_0065_0124_0124.jpg 1 13 65 124 124
0803_0084_0035_0040_0040.jpg 1 84 35 40 40
0804_0089_0036_0059_0059.jpg 1 89 36 59 59
0805_0043_0021_0127_0127.jpg 1 43 21 127 127
0806_0075_0052_0077_0077.jpg 1 75 52 77 77
0807_0024_0023_0131_0131.jpg 1 24 23 131 131
0808_0044_0062_0054_0054.jpg 1 44 62 54 54
0809_0043_0046_0122_0122.jpg 1 43 46 122 122
0810_0008_0027_0128_0128.jpg 1 8 27 128 128
0811_0065_0061_0037_0037.jpg 1 65 61 37 37
0812_0123_0155_0025_0025.jpg 1 123 155 25 25
0813_0019_0030_0127_0127.jpg 1 19 30 127 127
0814_0056_0098_0032_0032.jpg 1 56 98 32 32
0815_0108_0049_0048_0048.jpg 1 108 49 48 48
0816_0089_0038_0031_0031.jpg 1 89 38 31 31
0817_0015_0047_0128_0128.jpg 1 15 47 128 128
0818_0067_0046_0101_0101.jpg 1 67 46 101 101
0819_0073_0049_0029_0029.jpg 1 73 49 29 29
0820_0108_0094_0068_0068.jpg 1 108 94 68 68
0821_0076_0061_0076_0076.jpg 1 76 61 76 76
0822_0059_0050_0070_0070.jpg 1 59 50 70 70
0823_0043_0045_0033_0033.jpg 1 43 45 33 33
0824_0114_0118_0027_0027.jpg 1 114 118 27 27
0825_0113_0098_0046_0046.jpg 1 113 98 46 46
0826_0075_0098_0049_0049.jpg 1 75 98 49 49
0827_0098_0143_0033_0033.jpg 1 98 143 33 33
0828_0054_0039_0124_0124.jpg 1 54 39 124 124
0829_0079_0043_0064_0064.jpg 1 79 43 64 64
0830_0038_0023_0116_0116.jpg 1 38 23 116 116
0831_0022_0073_0082_0082.jpg 1 22 73 82 82
0832_0090_0030_0067_0067.jpg 1 90 30 67 67
0833_0084_0047_0057_0057.jpg 1 84 47 57 57
0834_0050_0040_0089_0089.jpg 1 50 40 89 89
0835_0072_0064_0111_0111.jpg 1 72 64 111 111
0836_0065_0048_0101_0101.jpg 1 65 48 101 101
0837_0029_0139_0042_0042.jpg 1 29 139 42 42
0838_0106_0020_0027_0027.jpg 1 106 20 27 27
0839_0067_0129_0034_0034.jpg 1 67 129 34 34
0840_0015_0039_0121_0121.jpg 1 15 39 121 121
0841_0048_0029_0062_0062.jpg 1 48 29 62 62
0842_0118_0036_0030_0030.jpg 1 118 36 30 30
0843_0129_0113_0043_0043.jpg 1 129 113 43 43
0844_0065_0043_0125_0125.jpg 1 65 43 125 125
0845_0059_0018_0100_0100.jpg 1 59 18 100 100
0846_0090_0120_0046_0046.jpg 1 90 120 46 46
0847_0047_0089_0087_0087.jpg 1 47 89 87 87
0848_0059_0132_0036_0036.jpg 1 59 132 36 36
0849_0068_0045_0073_0073.jpg 1 68 45 73 73
0850_0082_0078_0076_0076.jpg 1 82 78 76 76
0851_0008_0034_0136_0136.jpg 1 8 34 136 136
0852_0096_0103_0065_0065.jpg 1 96 103 65 65
0853_0037_0100_0050_0050.jpg 1 37 100 50 50
0854_0088_0026_0080_0080.jpg 1 88 26 80 80
0855_0094_0119_0052_0052.jpg 1 94 119 52 52
0856_0124_0118_0040_0040.jpg 1 124 118 40 40
0857_0077_0028_0041_0041.jpg 1 77 28 41 41
0858_0100_0106_0050_0050.jpg 1 100 106 50 50
0859_0066_0078_0104_0104.jpg 1 66 78 104 104
0860_0111_0070_0025_0025.jpg 1 111 70 25 25
0861_0138_0091_0034_0034.jpg 1 138 91 34 34
0862_0025_0037_0129_0129.jpg 1 25 37 129 129
0863_0143_0143_0026_0026.jpg 1 143 143 26 26
0864_0034_0034_0090_0090.jpg 1 34 34 90 90
0865_0128_0057_0030_0030.jpg 1 128 57 30 30
0866_0136_0073_0024_0024.jpg 1 136 73 24 24
0867_0055_0069_0045_0045.jpg 1 55 69 45 45
0868_0083_0086_0088_0088.jpg 1 83 86 88 88
0869_0076_0034_0066_0066.jpg 1 76 34 66 66
0870_0049_0070_0081_0081.jpg 1 49 70 81 81
0871_0043_0031_0116_0116.jpg 1 43 31 116 116
0872_0010_0028_0108_0108.jpg 1 10 28 108 108
0873_0081_0086_0096_0096.jpg 1 81 86 96 96
0874_0021_0071_0091_0091.jpg 1 21 71 91 91
0875_0080_0031_0099_0099.jpg 1 80 31 99 99
0876_0096_0089_0058_0058.jpg 1 96 89 58 58
0877_0055_0027_0117_0117.jpg 1 55 27 117 117
0878_0072_0104_0071_0071.jpg 1 72 104 71 71
0879_0037_0018_0129_0129.jpg 1 37 18 129 129
0880_0080_0126_0044_0044.jpg 1 80 126 44 44
0881_0014_0060_0121_0121.jpg 1 14 60 121 121
0882_0060_0047_0129_0129.jpg 1 60 47 129 129
0883_0104_0044_0063_0063.jpg 1 104 44 63 63
0884_0089_0078_0026_0026.jpg 1 89 78 26 26
0885_0035_0061_0125_0125.jpg 1 35 61 125 125
0886_0039_0033_0112_0112.jpg 1 39 33 112 112
0887_0041_0018_0121_0121.jpg 1 41 18 121 121
0888_0025_0049_0119_0119.jpg 1 25 49 119 119
0889_0040_0027_0136_0136.jpg 1 40 27 136 136
0890_0101_0050_0062_0062.jpg 1 101 50 62 62
0891_0029_0032_0105_0105.jpg 1 29 32 105 105
0892_0083_0077_0077_0077.jpg 1 83 77 77 77
0893_0061_0023_0082_0082.jpg 1 61 23 82 82
0894_0079_0018_0072_0072.jpg 1 79 18 72 72
0895_0104_0094_0044_0044.jpg 1 104 94 44 44
0896_0108_0029_0026_0026.jpg 1 108 29 26 26
0897_0037_0059_0092_0092.jpg 1 37 59 92 92
0898_0026_0052_0126_0126.jpg 1 26 52 126 126
0899_0065_0078_0059_0059.jpg 1 65 78 59 59
0900_0062_0019_0052_0052.jpg 1 62 19 52 52
0901_0099_0050_0038_0038.jpg 1 99 50 38 38
0902_0061_0048_0113_0113.jpg 1 61 48 113 113
0903_0061_0120_0033_0033.jpg 1 61 120 33 33
0904_0058_0108_0067_0067.jpg 1 58 108 67 67
0905_0049_0088_0085_0085.jpg 1 49 88 85 85
0906_0013_0052_0139_0139.jpg 1 13 52 139 139
0907_0021_0053_0112_0112.jpg 1 21 53 112 112
0908_0017_0113_0047_0047.jpg 1 17 113 47 47
0909_0054_0064_0076_0076.jpg 1 54 64 76 76
0910_0101_0049_0063_0063.jpg 1 101 49 63 63
0911_0059_0053_0129_0129.jpg 1 59 53 129 129
0912_0109_0119_0044_0044.jpg 1 109 119 44 44
0913_0085_0049_0030_0030.jpg 1 85 49 30 30
0914_0045_0032_0136_0136.jpg 1 45 32 136 136
0915_0044_0014_0133_0133.jpg 1 44 14 133 133
0916_0077_0121_0064_0064.jpg 1 77 121 64 64
0917_0042_0037_0138_0138.jpg 1 42 37 138 138
0918_0038_0033_0119_0119.jpg 1 38 33 119 119
0919_0083_0018_0076_0076.jpg 1 83 18 76 76
0920_0124_0068_0032_0032.jpg 1 124 68 32 32
0921_0084_0028_0094_0094.jpg 1 84 28 94 94
0922_0044_0041_0082_0082.jpg 1 44 41 82 82
0923_0032_0013_0071_0071.jpg 1 32 13 71 71
0924_0018_0013_0082_0082.jpg 1 18 13 82 82
0925_0048_0013_0115_0115.jpg 1 48 13 115 115
0926_0052_0015_0138_0138.jpg 1 52 15 138 138
0927_0118_0077_0055_0055.jpg 1 118 77 55 55
0928_0030_0039_0103_0103.jpg 1 30 39 103 103
0929_0058_0092_0051_0051.jpg 1 58 92 51 51
0930_0050_0026_0132_0132.jpg 1 50 26 132 132
0931_0059_0097_0038_0038.jpg 1 59 97 38 38
0932_0072_0070_0087_0087.jpg 1 72 70 87 87
0933_0023_0086_0101_0101.jpg 1 23 86 101 101
0934_0041_0017_0126_0126.jpg 1 41 17 126 126
0935_0097_0050_0089_0089.jpg 1 97 50 89 89
0936_0070_0017_0101_0101.jpg 1 70 17 101 101
0937_0052_0032_0100_0100.jpg 1 52 32 100 100
0938_0088_0064_0062_0062.jpg 1 88 64 62 62
0939_0045_0044_0026_0026.jpg 1 45 44 26 26
0940_0038_0121_0054_0054.jpg 1 38 121 54 54
0941_0089_0110_0066_0066.jpg 1 89 110 66 66
0942_0109_0106_0071_0071.jpg 1 109 106 71 71
0943_0125_0051_0049_0049.jpg 1 125 51 49 49
0944_0011_0072_0091_0091.jpg 1 11 72 91 91
0945_0032_0138_0030_0030.jpg 1 32 138 30 30
0946_0016_0008_0132_0132.jpg 1 16 8 132 132
0947_0056_0015_0091_0091.jpg 1 56 15 91 91
0948_0059_0062_0124_0124.jpg 1 59 62 124 124
0949_0035_0103_0059_0059.jpg 1 35 103 59 59
0950_0044_0031_0044_0044.jpg 1 44 31 44 44
0951_0028_0013_0097_0097.jpg 1 28 13 97 97
0952_0069_0091_0051_0051.jpg 1 69 91 51 51
0953_0081_0097_0031_0031.jpg 1 81 97 31 31
0954_0023_0046_0063_0063.jpg 1 23 46 63 63
0955_0036_0089_0072_0072.jpg 1 36 89 72 72
0956_0033_0066_0063_0063.jpg 1 33 66 63 63
0957_0043_0016_0130_0130.jpg 1 43 16 130 130
0958_0087_0058_0039_0039.jpg 1 87 58 39 39
0959_0150_0067_0030_0030.jpg 1 150 67 30 30
0960_0092_0116_0066_0066.jpg 1 92 116 66 66
0961_0013_0011_0139_0139.jpg 1 13 11 139 139
0962_0016_0057_0117_0117.jpg 1 16 57 117 117
0963_0074_0115_0055_0055.jpg 1 74 115 55 55
0964_0060_0016_0040_0040.jpg 1 60 16 40 40
0965_0104_0142_0031_0031.jpg 1 104 142 31 31
0966_0018_0054_0118_0118.jpg 1 18 54 118 118
0967_0087_0034_0099_0099.jpg 1 87 34 99 99
0968_0066_0057_0029_0029.jpg 1 66 57 29 29
0969_0020_0032_0120_0120.jpg 1 20 32 120 120
0970_0010_0022_0104_0104.jpg 1 10 22 104 104
0971_0031_0045_0127_0127.jpg 1 31 45 127 127
0972_0091_0040_0089_0089.jpg 1 91 40 89 89
0973_0074_0009_0110_0110.jpg 1 74 9 110 110
0974_0092_0068_0093_0093.jpg 1 92 68 93 93
0975_0019_0034_0090_0090.jpg 1 19 34 90 90
0976_0021_0104_0038_0038.jpg 1 21 104 38 38
0977_0054_0012_0114_0114.jpg 1 54 12 114 114
0978_0093_0016_0079_0079.jpg 1 93 16 79 79
0979_0073_0043_0104_0104.jpg 1 73 43 104 104
0980_0038_0083_0105_0105.jpg 1 38 83 105 105
0981_0031_0072_0114_0114.jpg 1 31 72 114 114
0982_0054_0075_0061_0061.jpg 1 54 75 61 61
0983_0060_0048_0090_0090.jpg 1 60 48 90 90
0984_0032_0037_0115_0115.jpg 1 32 37 115 115
0985_0033_0079_0079_0079.jpg 1 33 79 79 79
0986_0026_0126_0031_0031.jpg 1 26 126 31 31
0987_0040_0056_0127_0127.jpg 1 40 56 127 127
0988_0087_0054_0091_0091.jpg 1 87 54 91 91
0989_0022_0086_0074_0074.jpg 1 22 86 74 74
0990_0077_0092_0089_0089.jpg 1 77 92 89 89
0991_0060_0055_0128_0128.jpg 1 60 55 128 128
0992_0046_0060_0100_0100.jpg 1 46 60 100 100
0993_0056_0032_0082_0082.jpg 1 56 32 82 82
0994_0019_0061_0118_0118.jpg 1 19 61 118 118
0995_0144_0119_0038_0038.jpg 1 144 119 38 38
