0001_0015_0017_0073_0073.jpg 1 15 17 73 73
0002_0046_0052_0098_0098.jpg 1 46 52 98 98
0003_0011_0055_0103_0103.jpg 1 11 55 103 103
0004_0028_0111_0074_0074.jpg 1 28 111 74 74
0005_0010_0065_0126_0126.jpg 1 10 65 126 126
0006_0015_0089_0090_0090.jpg 1 15 89 90 90
0007_0107_0110_0058_0058.jpg 1 107 110 58 58
0008_0135_0059_0047_0047.jpg 1 135 59 47 47
0009_0016_0031_0114_0114.jpg 1 16 31 114 114
0010_0079_0036_0107_0107.jpg 1 79 36 107 107
0011_0041_0016_0133_0133.jpg 1 41 16 133 133
0012_0064_0042_0073_0073.jpg 1 64 42 73 73
0013_0023_0082_0082_0082.jpg 1 23 82 82 82
0014_0067_0084_0105_0105.jpg 1 67 84 105 105
0015_0107_0109_0055_0055.jpg 1 107 109 55 55
0016_0127_0064_0042_0042.jpg 1 127 64 42 42
0017_0030_0025_0123_0123.jpg 1 30 25 123 123
0018_0038_0091_0052_0052.jpg 1 38 91 52 52
0019_0021_0115_0054_0054.jpg 1 21 115 54 54
0020_0009_0034_0124_0124.jpg 1 9 34 124 124
0021_0048_0106_0078_0078.jpg 1 48 106 78 78
0022_0038_0073_0098_0098.jpg 1 38 73 98 98
0023_0088_0088_0056_0056.jpg 1 88 88 56 56
0024_0114_0099_0035_0035.jpg 1 114 99 35 35
0025_0048_0119_0055_0055.jpg 1 48 119 55 55
0026_0042_0031_0032_0032.jpg 1 42 31 32 32
0027_0026_0043_0058_0058.jpg 1 26 43 58 58
0028_0071_0072_0108_0108.jpg 1 71 72 108 108
0029_0052_0049_0102_0102.jpg 1 52 49 102 102
0030_0127_0054_0052_0052.jpg 1 127 54 52 52
0031_0039_0104_0079_0079.jpg 1 39 104 79 79
0032_0055_0059_0119_0119.jpg 1 55 59 119 119
0033_0037_0050_0049_0049.jpg 1 37 50 49 49
0034_0027_0122_0044_0044.jpg 1 27 122 44 44
0035_0031_0027_0102_0102.jpg 1 31 27 102 102
0036_0095_0095_0038_0038.jpg 1 95 95 38 38
0037_0011_0018_0085_0085.jpg 1 11 18 85 85
0038_0066_0060_0105_0105.jpg 1 66 60 105 105
0039_0027_0015_0090_0090.jpg 1 27 15 90 90
0040_0124_0084_0061_0061.jpg 1 124 84 61 61
0041_0070_0015_0106_0106.jpg 1 70 15 106 106
0042_0034_0135_0026_0026.jpg 1 34 135 26 26
0043_0066_0036_0124_0124.jpg 1 66 36 124 124
0044_0053_0009_0137_0137.jpg 1 53 9 137 137
0045_0080_0070_0067_0067.jpg 1 80 70 67 67
0046_0069_0021_0028_0028.jpg 1 69 21 28 28
0047_0044_0016_0130_0130.jpg 1 44 16 130 130
0048_0054_0043_0104_0104.jpg 1 54 43 104 104
0049_0080_0062_0073_0073.jpg 1 80 62 73 73
0050_0097_0054_0067_0067.jpg 1 97 54 67 67
0051_0045_0047_0109_0109.jpg 1 45 47 109 109
0052_0067_0041_0101_0101.jpg 1 67 41 101 101
0053_0059_0084_0048_0048.jpg 1 59 84 48 48
0054_0035_0101_0045_0045.jpg 1 35 101 45 45
0055_0038_0031_0119_0119.jpg 1 38 31 119 119
0056_0027_0028_0119_0119.jpg 1 27 28 119 119
0057_0006_0050_0131_0131.jpg 1 6 50 131 131
0058_0024_0049_0061_0061.jpg 1 24 49 61 61
0059_0141_0068_0025_0025.jpg 1 141 68 25 25
0060_0083_0077_0039_0039.jpg 1 83 77 39 39
0061_0051_0099_0041_0041.jpg 1 51 99 41 41
0062_0033_0044_0076_0076.jpg 1 33 44 76 76
0063_0120_0082_0057_0057.jpg 1 120 82 57 57
0064_0068_0060_0116_0116.jpg 1 68 60 116 116
0065_0047_0022_0076_0076.jpg 1 47 22 76 76
0066_0120_0076_0026_0026.jpg 1 120 76 26 26
0067_0049_0046_0089_0089.jpg 1 49 46 89 89
0068_0037_0022_0089_0089.jpg 1 37 22 89 89
0069_0028_0077_0073_0073.jpg 1 28 77 73 73
0070_0023_0054_0134_0134.jpg 1 23 54 134 134
0071_0095_0040_0075_0075.jpg 1 95 40 75 75
0072_0054_0035_0133_0133.jpg 1 54 35 133 133
0073_0108_0095_0077_0077.jpg 1 108 95 77 77
0074_0069_0038_0092_0092.jpg 1 69 38 92 92
0075_0043_0075_0064_0064.jpg 1 43 75 64 64
0076_0045_0014_0082_0082.jpg 1 45 14 82 82
0077_0058_0070_0082_0082.jpg 1 58 70 82 82
0078_0091_0048_0067_0067.jpg 1 91 48 67 67
0079_0079_0030_0108_0108.jpg 1 79 30 108 108
0080_0064_0107_0070_0070.jpg 1 64 107 70 70
0081_0040_0124_0052_0052.jpg 1 40 124 52 52
0082_0042_0087_0074_0074.jpg 1 42 87 74 74
0083_0050_0045_0082_0082.jpg 1 50 45 82 82
0084_0011_0044_0128_0128.jpg 1 11 44 128 128
0085_0054_0053_0118_0118.jpg 1 54 53 118 118
0086_0099_0094_0082_0082.jpg 1 99 94 82 82
0087_0086_0118_0037_0037.jpg 1 86 118 37 37
0088_0073_0082_0084_0084.jpg 1 73 82 84 84
0089_0013_0018_0133_0133.jpg 1 13 18 133 133
0090_0028_0088_0056_0056.jpg 1 28 88 56 56
0091_0047_0046_0134_0134.jpg 1 47 46 134 134
0092_0084_0064_0038_0038.jpg 1 84 64 38 38
0093_0043_0015_0117_0117.jpg 1 43 15 117 117
0094_0052_0068_0083_0083.jpg 1 52 68 83 83
0095_0073_0069_0033_0033.jpg 1 73 69 33 33
0096_0031_0078_0036_0036.jpg 1 31 78 36 36
0097_0049_0112_0064_0064.jpg 1 49 112 64 64
0098_0081_0122_0027_0027.jpg 1 81 122 27 27
0099_0149_0128_0031_0031.jpg 1 149 128 31 31
0100_0080_0061_0082_0082.jpg 1 80 61 82 82
0101_0036_0080_0032_0032.jpg 1 36 80 32 32
0102_0015_0038_0109_0109.jpg 1 15 38 109 109
0103_0016_0037_0093_0093.jpg 1 16 37 93 93
0104_0056_0053_0117_0117.jpg 1 56 53 117 117
0105_0030_0100_0048_0048.jpg 1 30 100 48 48
0106_0049_0045_0123_0123.jpg 1 49 45 123 123
0107_0144_0048_0027_0027.jpg 1 144 48 27 27
0108_0016_0022_0126_0126.jpg 1 16 22 126 126
0109_0045_0007_0137_0137.jpg 1 45 7 137 137
0110_0070_0090_0032_0032.jpg 1 70 90 32 32
0111_0044_0047_0108_0108.jpg 1 44 47 108 108
0112_0035_0059_0128_0128.jpg 1 35 59 128 128
0113_0081_0038_0074_0074.jpg 1 81 38 74 74
0114_0035_0068_0100_0100.jpg 1 35 68 100 100
0115_0016_0086_0040_0040.jpg 1 16 86 40 40
0116_0019_0028_0123_0123.jpg 1 19 28 123 123
0117_0036_0038_0096_0096.jpg 1 36 38 96 96
0118_0052_0118_0065_0065.jpg 1 52 118 65 65
0119_0053_0030_0078_0078.jpg 1 53 30 78 78
0120_0028_0075_0091_0091.jpg 1 28 75 91 91
0121_0041_0109_0045_0045.jpg 1 41 109 45 45
0122_0125_0082_0048_0048.jpg 1 125 82 48 48
0123_0064_0041_0057_0057.jpg 1 64 41 57 57
0124_0020_0057_0084_0084.jpg 1 20 57 84 84
0125_0057_0033_0112_0112.jpg 1 57 33 112 112
0126_0063_0113_0073_0073.jpg 1 63 113 73 73
0127_0026_0051_0134_0134.jpg 1 26 51 134 134
0128_0121_0023_0048_0048.jpg 1 121 23 48 48
0129_0052_0081_0078_0078.jpg 1 52 81 78 78
0130_0008_0058_0130_0130.jpg 1 8 58 130 130
0131_0063_0056_0049_0049.jpg 1 63 56 49 49
0132_0011_0061_0131_0131.jpg 1 11 61 131 131
0133_0073_0087_0091_0091.jpg 1 73 87 91 91
0134_0135_0048_0036_0036.jpg 1 135 48 36 36
0135_0097_0049_0083_0083.jpg 1 97 49 83 83
0136_0097_0127_0028_0028.jpg 1 97 127 28 28
0137_0045_0053_0128_0128.jpg 1 45 53 128 128
0138_0033_0056_0122_0122.jpg 1 33 56 122 122
0139_0047_0091_0095_0095.jpg 1 47 91 95 95
0140_0111_0078_0036_0036.jpg 1 111 78 36 36
0141_0023_0023_0080_0080.jpg 1 23 23 80 80
0142_0041_0085_0084_0084.jpg 1 41 85 84 84
0143_0088_0082_0096_0096.jpg 1 88 82 96 96
0144_0033_0075_0087_0087.jpg 1 33 75 87 87
0145_0091_0022_0090_0090.jpg 1 91 22 90 90
0146_0070_0045_0075_0075.jpg 1 70 45 75 75
0147_0037_0079_0112_0112.jpg 1 37 79 112 112
0148_0037_0041_0133_0133.jpg 1 37 41 133 133
0149_0032_0013_0133_0133.jpg 1 32 13 133 133
0150_0017_0040_0136_0136.jpg 1 17 40 136 136
0151_0054_0129_0033_0033.jpg 1 54 129 33 33
0152_0051_0028_0135_0135.jpg 1 51 28 135 135
0153_0034_0066_0082_0082.jpg 1 34 66 82 82
0154_0021_0066_0089_0089.jpg 1 21 66 89 89
0155_0053_0041_0121_0121.jpg 1 53 41 121 121
0156_0047_0033_0123_0123.jpg 1 47 33 123 123
0157_0116_0039_0031_0031.jpg 1 116 39 31 31
0158_0019_0019_0119_0119.jpg 1 19 19 119 119
0159_0082_0137_0032_0032.jpg 1 82 137 32 32
0160_0084_0061_0063_0063.jpg 1 84 61 63 63
0161_0043_0069_0115_0115.jpg 1 43 69 115 115
0162_0079_0105_0027_0027.jpg 1 79 105 27 27
0163_0100_0035_0065_0065.jpg 1 100 35 65 65
0164_0023_0032_0117_0117.jpg 1 23 32 117 117
0165_0029_0076_0027_0027.jpg 1 29 76 27 27
0166_0033_0040_0109_0109.jpg 1 33 40 109 109
0167_0049_0063_0092_0092.jpg 1 49 63 92 92
0168_0034_0045_0042_0042.jpg 1 34 45 42 42
0169_0117_0034_0056_0056.jpg 1 117 34 56 56
0170_0048_0080_0032_0032.jpg 1 48 80 32 32
0171_0013_0014_0137_0137.jpg 1 13 14 137 137
0172_0092_0015_0097_0097.jpg 1 92 15 97 97
0173_0040_0018_0115_0115.jpg 1 40 18 115 115
0174_0051_0030_0130_0130.jpg 1 51 30 130 130
0175_0107_0069_0057_0057.jpg 1 107 69 57 57
0176_0012_0080_0107_0107.jpg 1 12 80 107 107
0177_0075_0027_0090_0090.jpg 1 75 27 90 90
0178_0084_0094_0080_0080.jpg 1 84 94 80 80
0179_0063_0102_0085_0085.jpg 1 63 102 85 85
0180_0083_0071_0035_0035.jpg 1 83 71 35 35
0181_0043_0047_0074_0074.jpg 1 43 47 74 74
0182_0037_0063_0082_0082.jpg 1 37 63 82 82
0183_0053_0022_0125_0125.jpg 1 53 22 125 125
0184_0105_0090_0077_0077.jpg 1 105 90 77 77
0185_0061_0123_0053_0053.jpg 1 61 123 53 53
0186_0082_0081_0036_0036.jpg 1 82 81 36 36
0187_0040_0067_0088_0088.jpg 1 40 67 88 88
0188_0095_0025_0064_0064.jpg 1 95 25 64 64
0189_0067_0096_0091_0091.jpg 1 67 96 91 91
0190_0043_0034_0134_0134.jpg 1 43 34 134 134
0191_0113_0047_0072_0072.jpg 1 113 47 72 72
0192_0038_0059_0045_0045.jpg 1 38 59 45 45
0193_0126_0077_0041_0041.jpg 1 126 77 41 41
0194_0063_0075_0047_0047.jpg 1 63 75 47 47
0195_0043_0052_0138_0138.jpg 1 43 52 138 138
0196_0021_0056_0081_0081.jpg 1 21 56 81 81
0197_0023_0141_0036_0036.jpg 1 23 141 36 36
0198_0085_0076_0078_0078.jpg 1 85 76 78 78
0199_0042_0010_0131_0131.jpg 1 42 10 131 131
0200_0051_0096_0049_0049.jpg 1 51 96 49 49
0201_0130_0036_0049_0049.jpg 1 130 36 49 49
0202_0021_0030_0106_0106.jpg 1 21 30 106 106
0203_0039_0070_0121_0121.jpg 1 39 70 121 121
0204_0030_0008_0139_0139.jpg 1 30 8 139 139
0205_0062_0101_0066_0066.jpg 1 62 101 66 66
0206_0018_0028_0113_0113.jpg 1 18 28 113 113
0207_0035_0030_0121_0121.jpg 1 35 30 121 121
0208_0010_0017_0120_0120.jpg 1 10 17 120 120
0209_0099_0058_0082_0082.jpg 1 99 58 82 82
0210_0023_0061_0118_0118.jpg 1 23 61 118 118
0211_0072_0073_0112_0112.jpg 1 72 73 112 112
0212_0052_0036_0058_0058.jpg 1 52 36 58 58
0213_0103_0034_0083_0083.jpg 1 103 34 83 83
0214_0129_0088_0051_0051.jpg 1 129 88 51 51
0215_0061_0131_0041_0041.jpg 1 61 131 41 41
0216_0013_0062_0095_0095.jpg 1 13 62 95 95
0217_0096_0042_0072_0072.jpg 1 96 42 72 72
0218_0056_0112_0067_0067.jpg 1 56 112 67 67
0219_0069_0044_0041_0041.jpg 1 69 44 41 41
0220_0061_0042_0025_0025.jpg 1 61 42 25 25
0221_0056_0051_0132_0132.jpg 1 56 51 132 132
0222_0034_0030_0128_0128.jpg 1 34 30 128 128
0223_0015_0030_0063_0063.jpg 1 15 30 63 63
0224_0042_0046_0130_0130.jpg 1 42 46 130 130
0225_0048_0027_0122_0122.jpg 1 48 27 122 122
0226_0026_0040_0088_0088.jpg 1 26 40 88 88
0227_0057_0015_0057_0057.jpg 1 57 15 57 57
0228_0015_0069_0104_0104.jpg 1 15 69 104 104
0229_0023_0018_0105_0105.jpg 1 23 18 105 105
0230_0105_0056_0044_0044.jpg 1 105 56 44 44
0231_0009_0030_0115_0115.jpg 1 9 30 115 115
0232_0082_0041_0083_0083.jpg 1 82 41 83 83
0233_0010_0049_0127_0127.jpg 1 10 49 127 127
0234_0061_0041_0083_0083.jpg 1 61 41 83 83
0235_0058_0067_0071_0071.jpg 1 58 67 71 71
0236_0076_0052_0025_0025.jpg 1 76 52 25 25
0237_0071_0026_0031_0031.jpg 1 71 26 31 31
0238_0023_0047_0079_0079.jpg 1 23 47 79 79
0239_0084_0048_0091_0091.jpg 1 84 48 91 91
0240_0037_0045_0081_0081.jpg 1 37 45 81 81
0241_0049_0021_0032_0032.jpg 1 49 21 32 32
0242_0026_0043_0139_0139.jpg 1 26 43 139 139
0243_0088_0138_0026_0026.jpg 1 88 138 26 26
0244_0024_0051_0084_0084.jpg 1 24 51 84 84
0245_0041_0053_0115_0115.jpg 1 41 53 115 115
0246_0130_0095_0048_0048.jpg 1 130 95 48 48
0247_0107_0018_0060_0060.jpg 1 107 18 60 60
0248_0039_0106_0037_0037.jpg 1 39 106 37 37
0249_0011_0038_0100_0100.jpg 1 11 38 100 100
0250_0070_0043_0108_0108.jpg 1 70 43 108 108
0251_0073_0074_0106_0106.jpg 1 73 74 106 106
0252_0015_0013_0103_0103.jpg 1 15 13 103 103
0253_0061_0043_0053_0053.jpg 1 61 43 53 53
0254_0029_0130_0029_0029.jpg 1 29 130 29 29
0255_0061_0011_0119_0119.jpg 1 61 11 119 119
0256_0015_0050_0073_0073.jpg 1 15 50 73 73
0257_0075_0098_0058_0058.jpg 1 75 98 58 58
0258_0029_0030_0035_0035.jpg 1 29 30 35 35
0259_0103_0037_0074_0074.jpg 1 103 37 74 74
0260_0016_0049_0122_0122.jpg 1 16 49 122 122
0261_0018_0047_0034_0034.jpg 1 18 47 34 34
0262_0066_0043_0110_0110.jpg 1 66 43 110 110
0263_0026_0041_0118_0118.jpg 1 26 41 118 118
0264_0086_0120_0058_0058.jpg 1 86 120 58 58
0265_0022_0109_0057_0057.jpg 1 22 109 57 57
0266_0028_0040_0089_0089.jpg 1 28 40 89 89
0267_0075_0040_0035_0035.jpg 1 75 40 35 35
0268_0041_0047_0039_0039.jpg 1 41 47 39 39
0269_0087_0052_0072_0072.jpg 1 87 52 72 72
0270_0028_0118_0051_0051.jpg 1 28 118 51 51
0271_0151_0149_0027_0027.jpg 1 151 149 27 27
0272_0025_0045_0128_0128.jpg 1 25 45 128 128
0273_0021_0042_0038_0038.jpg 1 21 42 38 38
0274_0060_0047_0072_0072.jpg 1 60 47 72 72
0275_0081_0097_0048_0048.jpg 1 81 97 48 48
0276_0054_0028_0120_0120.jpg 1 54 28 120 120
0277_0061_0076_0115_0115.jpg 1 61 76 115 115
0278_0035_0128_0054_0054.jpg 1 35 128 54 54
0279_0131_0126_0037_0037.jpg 1 131 126 37 37
0280_0027_0037_0134_0134.jpg 1 27 37 134 134
0281_0038_0022_0103_0103.jpg 1 38 22 103 103
0282_0088_0074_0030_0030.jpg 1 88 74 30 30
0283_0032_0029_0136_0136.jpg 1 32 29 136 136
0284_0095_0083_0090_0090.jpg 1 95 83 90 90
0285_0018_0019_0123_0123.jpg 1 18 19 123 123
0286_0076_0049_0103_0103.jpg 1 76 49 103 103
0287_0101_0089_0075_0075.jpg 1 101 89 75 75
0288_0041_0081_0101_0101.jpg 1 41 81 101 101
0289_0063_0105_0066_0066.jpg 1 63 105 66 66
0290_0048_0040_0124_0124.jpg 1 48 40 124 124
0291_0025_0030_0106_0106.jpg 1 25 30 106 106
0292_0070_0086_0092_0092.jpg 1 70 86 92 92
0293_0017_0010_0101_0101.jpg 1 17 10 101 101
0294_0085_0059_0031_0031.jpg 1 85 59 31 31
0295_0120_0122_0052_0052.jpg 1 120 122 52 52
0296_0107_0057_0075_0075.jpg 1 107 57 75 75
0297_0046_0016_0136_0136.jpg 1 46 16 136 136
0298_0041_0027_0107_0107.jpg 1 41 27 107 107
0299_0019_0051_0060_0060.jpg 1 19 51 60 60
0300_0015_0053_0111_0111.jpg 1 15 53 111 111
0301_0096_0024_0047_0047.jpg 1 96 24 47 47
0302_0045_0110_0066_0066.jpg 1 45 110 66 66
0303_0133_0047_0034_0034.jpg 1 133 47 34 34
0304_0064_0053_0072_0072.jpg 1 64 53 72 72
0305_0013_0099_0086_0086.jpg 1 13 99 86 86
0306_0151_0096_0032_0032.jpg 1 151 96 32 32
0307_0029_0049_0127_0127.jpg 1 29 49 127 127
0308_0039_0078_0094_0094.jpg 1 39 78 94 94
0309_0035_0080_0069_0069.jpg 1 35 80 69 69
0310_0065_0090_0042_0042.jpg 1 65 90 42 42
0311_0141_0122_0024_0024.jpg 1 141 122 24 24
0312_0050_0019_0138_0138.jpg 1 50 19 138 138
0313_0024_0085_0055_0055.jpg 1 24 85 55 55
0314_0040_0039_0120_0120.jpg 1 40 39 120 120
0315_0089_0013_0085_0085.jpg 1 89 13 85 85
0316_0028_0099_0040_0040.jpg 1 28 99 40 40
0317_0093_0056_0039_0039.jpg 1 93 56 39 39
0318_0051_0027_0073_0073.jpg 1 51 27 73 73
0319_0043_0114_0072_0072.jpg 1 43 114 72 72
0320_0038_0020_0132_0132.jpg 1 38 20 132 132
0321_0086_0088_0100_0100.jpg 1 86 88 100 100
0322_0018_0060_0125_0125.jpg 1 18 60 125 125
0323_0032_0079_0073_0073.jpg 1 32 79 73 73
0324_0053_0035_0061_0061.jpg 1 53 35 61 61
0325_0144_0148_0028_0028.jpg 1 144 148 28 28
0326_0018_0009_0139_0139.jpg 1 18 9 139 139
0327_0021_0037_0118_0118.jpg 1 21 37 118 118
0328_0059_0041_0103_0103.jpg 1 59 41 103 103
0329_0029_0034_0112_0112.jpg 1 29 34 112 112
0330_0133_0102_0033_0033.jpg 1 133 102 33 33
0331_0034_0021_0130_0130.jpg 1 34 21 130 130
0332_0077_0044_0087_0087.jpg 1 77 44 87 87
0333_0043_0041_0102_0102.jpg 1 43 41 102 102
0334_0103_0091_0048_0048.jpg 1 103 91 48 48
0335_0021_0025_0066_0066.jpg 1 21 25 66 66
0336_0100_0020_0069_0069.jpg 1 100 20 69 69
0337_0043_0049_0110_0110.jpg 1 43 49 110 110
0338_0086_0036_0096_0096.jpg 1 86 36 96 96
0339_0107_0062_0075_0075.jpg 1 107 62 75 75
0340_0072_0049_0027_0027.jpg 1 72 49 27 27
0341_0089_0092_0031_0031.jpg 1 89 92 31 31
0342_0067_0053_0119_0119.jpg 1 67 53 119 119
0343_0060_0049_0116_0116.jpg 1 60 49 116 116
0344_0094_0033_0080_0080.jpg 1 94 33 80 80
0345_0046_0027_0128_0128.jpg 1 46 27 128 128
0346_0059_0063_0118_0118.jpg 1 59 63 118 118
0347_0129_0040_0025_0025.jpg 1 129 40 25 25
0348_0125_0022_0030_0030.jpg 1 125 22 30 30
0349_0062_0048_0109_0109.jpg 1 62 48 109 109
0350_0120_0087_0060_0060.jpg 1 120 87 60 60
0351_0025_0086_0080_0080.jpg 1 25 86 80 80
0352_0047_0024_0084_0084.jpg 1 47 24 84 84
0353_0031_0059_0131_0131.jpg 1 31 59 131 131
0354_0120_0036_0056_0056.jpg 1 120 36 56 56
0355_0083_0052_0106_0106.jpg 1 83 52 106 106
0356_0053_0037_0095_0095.jpg 1 53 37 95 95
0357_0098_0098_0072_0072.jpg 1 98 98 72 72
0358_0049_0050_0127_0127.jpg 1 49 50 127 127
0359_0080_0086_0046_0046.jpg 1 80 86 46 46
0360_0077_0058_0105_0105.jpg 1 77 58 105 105
0361_0111_0107_0062_0062.jpg 1 111 107 62 62
0362_0026_0071_0074_0074.jpg 1 26 71 74 74
0363_0070_0119_0061_0061.jpg 1 70 119 61 61
0364_0024_0022_0111_0111.jpg 1 24 22 111 111
0365_0042_0067_0114_0114.jpg 1 42 67 114 114
0366_0081_0136_0047_0047.jpg 1 81 136 47 47
0367_0066_0059_0109_0109.jpg 1 66 59 109 109
0368_0028_0033_0119_0119.jpg 1 28 33 119 119
0369_0080_0043_0089_0089.jpg 1 80 43 89 89
0370_0074_0068_0117_0117.jpg 1 74 68 117 117
0371_0086_0088_0041_0041.jpg 1 86 88 41 41
0372_0079_0114_0045_0045.jpg 1 79 114 45 45
0373_0044_0020_0121_0121.jpg 1 44 20 121 121
0374_0049_0039_0125_0125.jpg 1 49 39 125 125
0375_0010_0059_0124_0124.jpg 1 10 59 124 124
0376_0059_0027_0121_0121.jpg 1 59 27 121 121
0377_0072_0040_0024_0024.jpg 1 72 40 24 24
0378_0056_0108_0076_0076.jpg 1 56 108 76 76
0379_0104_0032_0081_0081.jpg 1 104 32 81 81
0380_0113_0061_0052_0052.jpg 1 113 61 52 52
0381_0017_0091_0086_0086.jpg 1 17 91 86 86
0382_0013_0025_0128_0128.jpg 1 13 25 128 128
0383_0053_0017_0108_0108.jpg 1 53 17 108 108
0384_0026_0062_0117_0117.jpg 1 26 62 117 117
0385_0033_0067_0100_0100.jpg 1 33 67 100 100
0386_0029_0023_0133_0133.jpg 1 29 23 133 133
0387_0049_0107_0074_0074.jpg 1 49 107 74 74
0388_0028_0079_0059_0059.jpg 1 28 79 59 59
0389_0053_0040_0102_0102.jpg 1 53 40 102 102
0390_0063_0046_0126_0126.jpg 1 63 46 126 126
0391_0040_0027_0115_0115.jpg 1 40 27 115 115
0392_0071_0034_0032_0032.jpg 1 71 34 32 32
0393_0011_0042_0131_0131.jpg 1 11 42 131 131
0394_0041_0082_0093_0093.jpg 1 41 82 93 93
0395_0048_0096_0080_0080.jpg 1 48 96 80 80
0396_0021_0048_0137_0137.jpg 1 21 48 137 137
0397_0111_0078_0066_0066.jpg 1 111 78 66 66
0398_0063_0086_0085_0085.jpg 1 63 86 85 85
0399_0133_0038_0037_0037.jpg 1 133 38 37 37
0400_0074_0074_0101_0101.jpg 1 74 74 101 101
0401_0008_0040_0130_0130.jpg 1 8 40 130 130
0402_0039_0033_0057_0057.jpg 1 39 33 57 57
0403_0104_0035_0029_0029.jpg 1 104 35 29 29
0404_0142_0090_0034_0034.jpg 1 142 90 34 34
0405_0092_0096_0076_0076.jpg 1 92 96 76 76
0406_0074_0141_0035_0035.jpg 1 74 141 35 35
0407_0036_0066_0094_0094.jpg 1 36 66 94 94
0408_0113_0090_0053_0053.jpg 1 113 90 53 53
0409_0102_0068_0080_0080.jpg 1 102 68 80 80
0410_0144_0055_0031_0031.jpg 1 144 55 31 31
0411_0021_0026_0132_0132.jpg 1 21 26 132 132
0412_0052_0046_0123_0123.jpg 1 52 46 123 123
0413_0132_0057_0032_0032.jpg 1 132 57 32 32
0414_0030_0078_0081_0081.jpg 1 30 78 81 81
0415_0011_0007_0134_0134.jpg 1 11 7 134 134
0416_0060_0063_0115_0115.jpg 1 60 63 115 115
0417_0060_0048_0126_0126.jpg 1 60 48 126 126
0418_0074_0101_0055_0055.jpg 1 74 101 55 55
0419_0070_0051_0118_0118.jpg 1 70 51 118 118
0420_0105_0031_0064_0064.jpg 1 105 31 64 64
0421_0093_0074_0040_0040.jpg 1 93 74 40 40
0422_0017_0031_0113_0113.jpg 1 17 31 113 113
0423_0080_0059_0085_0085.jpg 1 80 59 85 85
0424_0045_0081_0024_0024.jpg 1 45 81 24 24
0425_0094_0060_0087_0087.jpg 1 94 60 87 87
0426_0105_0077_0077_0077.jpg 1 105 77 77 77
0427_0064_0097_0066_0066.jpg 1 64 97 66 66
0428_0136_0132_0027_0027.jpg 1 136 132 27 27
0429_0020_0064_0068_0068.jpg 1 20 64 68 68
0430_0143_0036_0033_0033.jpg 1 143 36 33 33
0431_0088_0097_0092_0092.jpg 1 88 97 92 92
0432_0047_0093_0071_0071.jpg 1 47 93 71 71
0433_0037_0036_0111_0111.jpg 1 37 36 111 111
0434_0052_0061_0117_0117.jpg 1 52 61 117 117
0435_0121_0123_0051_0051.jpg 1 121 123 51 51
0436_0154_0112_0024_0024.jpg 1 154 112 24 24
0437_0078_0032_0098_0098.jpg 1 78 32 98 98
0438_0058_0027_0132_0132.jpg 1 58 27 132 132
0439_0100_0019_0043_0043.jpg 1 100 19 43 43
0440_0049_0051_0108_0108.jpg 1 49 51 108 108
0441_0071_0093_0041_0041.jpg 1 71 93 41 41
0442_0057_0050_0062_0062.jpg 1 57 50 62 62
0443_0079_0084_0096_0096.jpg 1 79 84 96 96
0444_0017_0088_0086_0086.jpg 1 17 88 86 86
0445_0078_0048_0103_0103.jpg 1 78 48 103 103
0446_0017_0014_0129_0129.jpg 1 17 14 129 129
0447_0088_0093_0040_0040.jpg 1 88 93 40 40
0448_0049_0075_0109_0109.jpg 1 49 75 109 109
0449_0070_0098_0073_0073.jpg 1 70 98 73 73
0450_0085_0074_0063_0063.jpg 1 85 74 63 63
0451_0100_0128_0036_0036.jpg 1 100 128 36 36
0452_0045_0123_0037_0037.jpg 1 45 123 37 37
0453_0106_0074_0041_0041.jpg 1 106 74 41 41
0454_0015_0037_0138_0138.jpg 1 15 37 138 138
0455_0096_0037_0089_0089.jpg 1 96 37 89 89
0456_0070_0082_0065_0065.jpg 1 70 82 65 65
0457_0040_0014_0131_0131.jpg 1 40 14 131 131
0458_0084_0021_0070_0070.jpg 1 84 21 70 70
0459_0021_0060_0068_0068.jpg 1 21 60 68 68
0460_0056_0048_0121_0121.jpg 1 56 48 121 121
0461_0052_0039_0107_0107.jpg 1 52 39 107 107
0462_0034_0051_0112_0112.jpg 1 34 51 112 112
0463_0066_0060_0052_0052.jpg 1 66 60 52 52
0464_0055_0020_0133_0133.jpg 1 55 20 133 133
0465_0091_0043_0075_0075.jpg 1 91 43 75 75
0466_0086_0053_0097_0097.jpg 1 86 53 97 97
0467_0107_0070_0078_0078.jpg 1 107 70 78 78
0468_0017_0019_0137_0137.jpg 1 17 19 137 137
0469_0091_0061_0071_0071.jpg 1 91 61 71 71
0470_0015_0022_0098_0098.jpg 1 15 22 98 98
0471_0100_0091_0045_0045.jpg 1 100 91 45 45
0472_0036_0051_0122_0122.jpg 1 36 51 122 122
0473_0068_0017_0083_0083.jpg 1 68 17 83 83
0474_0035_0084_0035_0035.jpg 1 35 84 35 35
0475_0106_0109_0057_0057.jpg 1 106 109 57 57
0476_0094_0057_0066_0066.jpg 1 94 57 66 66
0477_0035_0131_0027_0027.jpg 1 35 131 27 27
0478_0124_0017_0043_0043.jpg 1 124 17 43 43
0479_0082_0058_0091_0091.jpg 1 82 58 91 91
0480_0052_0013_0120_0120.jpg 1 52 13 120 120
0481_0078_0125_0040_0040.jpg 1 78 125 40 40
0482_0117_0055_0058_0058.jpg 1 117 55 58 58
0483_0068_0036_0102_0102.jpg 1 68 36 102 102
0484_0030_0033_0115_0115.jpg 1 30 33 115 115
0485_0127_0018_0027_0027.jpg 1 127 18 27 27
0486_0031_0096_0052_0052.jpg 1 31 96 52 52
0487_0046_0108_0048_0048.jpg 1 46 108 48 48
0488_0127_0052_0028_0028.jpg 1 127 52 28 28
0489_0020_0077_0090_0090.jpg 1 20 77 90 90
0490_0049_0049_0094_0094.jpg 1 49 49 94 94
0491_0035_0024_0138_0138.jpg 1 35 24 138 138
0492_0048_0096_0076_0076.jpg 1 48 96 76 76
0493_0072_0057_0096_0096.jpg 1 72 57 96 96
0494_0034_0018_0126_0126.jpg 1 34 18 126 126
0495_0056_0041_0119_0119.jpg 1 56 41 119 119
0496_0063_0082_0084_0084.jpg 1 63 82 84 84
0497_0122_0042_0033_0033.jpg 1 122 42 33 33
0498_0101_0060_0062_0062.jpg 1 101 60 62 62
0499_0007_0028_0134_0134.jpg 1 7 28 134 134
0500_0114_0071_0070_0070.jpg 1 114 71 70 70
0501_0035_0049_0094_0094.jpg 1 35 49 94 94
0502_0057_0012_0097_0097.jpg 1 57 12 97 97
0503_0080_0060_0098_0098.jpg 1 80 60 98 98
0504_0114_0130_0037_0037.jpg 1 114 130 37 37
0505_0020_0057_0129_0129.jpg 1 20 57 129 129
0506_0017_0013_0134_0134.jpg 1 17 13 134 134
0507_0108_0023_0052_0052.jpg 1 108 23 52 52
0508_0064_0070_0070_0070.jpg 1 64 70 70 70
0509_0083_0099_0036_0036.jpg 1 83 99 36 36
0510_0088_0092_0095_0095.jpg 1 88 92 95 95
0511_0051_0018_0111_0111.jpg 1 51 18 111 111
0512_0045_0010_0130_0130.jpg 1 45 10 130 130
0513_0061_0020_0069_0069.jpg 1 61 20 69 69
0514_0013_0055_0066_0066.jpg 1 13 55 66 66
0515_0074_0134_0042_0042.jpg 1 74 134 42 42
0516_0042_0028_0124_0124.jpg 1 42 28 124 124
0517_0026_0039_0135_0135.jpg 1 26 39 135 135
0518_0036_0052_0127_0127.jpg 1 36 52 127 127
0519_0030_0021_0090_0090.jpg 1 30 21 90 90
0520_0013_0020_0100_0100.jpg 1 13 20 100 100
0521_0013_0050_0137_0137.jpg 1 13 50 137 137
0522_0085_0018_0076_0076.jpg 1 85 18 76 76
0523_0059_0037_0079_0079.jpg 1 59 37 79 79
0524_0019_0028_0034_0034.jpg 1 19 28 34 34
0525_0021_0062_0116_0116.jpg 1 21 62 116 116
0526_0078_0062_0089_0089.jpg 1 78 62 89 89
0527_0030_0061_0057_0057.jpg 1 30 61 57 57
0528_0040_0038_0106_0106.jpg 1 40 38 106 106
0529_0065_0110_0067_0067.jpg 1 65 110 67 67
0530_0014_0041_0062_0062.jpg 1 14 41 62 62
0531_0070_0071_0110_0110.jpg 1 70 71 110 110
0532_0065_0048_0105_0105.jpg 1 65 48 105 105
0533_0083_0086_0082_0082.jpg 1 83 86 82 82
0534_0044_0102_0084_0084.jpg 1 44 102 84 84
0535_0011_0073_0102_0102.jpg 1 11 73 102 102
0536_0037_0019_0120_0120.jpg 1 37 19 120 120
0537_0026_0123_0024_0024.jpg 1 26 123 24 24
0538_0053_0025_0121_0121.jpg 1 53 25 121 121
0539_0014_0057_0130_0130.jpg 1 14 57 130 130
0540_0029_0049_0083_0083.jpg 1 29 49 83 83
0541_0036_0044_0078_0078.jpg 1 36 44 78 78
0542_0044_0050_0137_0137.jpg 1 44 50 137 137
0543_0023_0029_0130_0130.jpg 1 23 29 130 130
0544_0113_0070_0052_0052.jpg 1 113 70 52 52
0545_0123_0134_0041_0041.jpg 1 123 134 41 41
0546_0077_0017_0098_0098.jpg 1 77 17 98 98
0547_0035_0103_0069_0069.jpg 1 35 103 69 69
0548_0026_0088_0101_0101.jpg 1 26 88 101 101
0549_0050_0068_0096_0096.jpg 1 50 68 96 96
0550_0076_0080_0107_0107.jpg 1 76 80 107 107
0551_0067_0076_0065_0065.jpg 1 67 76 65 65
0552_0050_0113_0070_0070.jpg 1 50 113 70 70
0553_0027_0036_0136_0136.jpg 1 27 36 136 136
0554_0070_0075_0082_0082.jpg 1 70 75 82 82
0555_0024_0057_0118_0118.jpg 1 24 57 118 118
0556_0058_0121_0036_0036.jpg 1 58 121 36 36
0557_0118_0068_0034_0034.jpg 1 118 68 34 34
0558_0064_0040_0117_0117.jpg 1 64 40 117 117
0559_0040_0059_0052_0052.jpg 1 40 59 52 52
0560_0116_0098_0044_0044.jpg 1 116 98 44 44
0561_0125_0019_0054_0054.jpg 1 125 19 54 54
0562_0074_0096_0083_0083.jpg 1 74 96 83 83
0563_0067_0067_0031_0031.jpg 1 67 67 31 31
0564_0125_0056_0049_0049.jpg 1 125 56 49 49
0565_0122_0057_0043_0043.jpg 1 122 57 43 43
0566_0060_0135_0046_0046.jpg 1 60 135 46 46
0567_0106_0060_0044_0044.jpg 1 106 60 44 44
0568_0110_0098_0062_0062.jpg 1 110 98 62 62
0569_0046_0008_0120_0120.jpg 1 46 8 120 120
0570_0019_0064_0053_0053.jpg 1 19 64 53 53
0571_0075_0064_0100_0100.jpg 1 75 64 100 100
0572_0041_0014_0124_0124.jpg 1 41 14 124 124
0573_0032_0038_0122_0122.jpg 1 32 38 122 122
0574_0050_0115_0070_0070.jpg 1 50 115 70 70
0575_0040_0032_0133_0133.jpg 1 40 32 133 133
0576_0048_0037_0124_0124.jpg 1 48 37 124 124
0577_0035_0038_0112_0112.jpg 1 35 38 112 112
0578_0064_0055_0103_0103.jpg 1 64 55 103 103
0579_0046_0045_0129_0129.jpg 1 46 45 129 129
0580_0018_0034_0094_0094.jpg 1 18 34 94 94
0581_0091_0062_0061_0061.jpg 1 91 62 61 61
0582_0070_0042_0112_0112.jpg 1 70 42 112 112
0583_0074_0028_0029_0029.jpg 1 74 28 29 29
0584_0018_0129_0048_0048.jpg 1 18 129 48 48
0585_0103_0108_0077_0077.jpg 1 103 108 77 77
0586_0099_0034_0086_0086.jpg 1 99 34 86 86
0587_0047_0065_0047_0047.jpg 1 47 65 47 47
0588_0093_0143_0032_0032.jpg 1 93 143 32 32
0589_0069_0026_0049_0049.jpg 1 69 26 49 49
0590_0110_0086_0035_0035.jpg 1 110 86 35 35
0591_0130_0056_0054_0054.jpg 1 130 56 54 54
0592_0027_0068_0106_0106.jpg 1 27 68 106 106
0593_0016_0050_0085_0085.jpg 1 16 50 85 85
0594_0016_0098_0061_0061.jpg 1 16 98 61 61
0595_0033_0042_0044_0044.jpg 1 33 42 44 44
0596_0010_0023_0105_0105.jpg 1 10 23 105 105
0597_0023_0060_0061_0061.jpg 1 23 60 61 61
0598_0067_0031_0112_0112.jpg 1 67 31 112 112
0599_0009_0012_0138_0138.jpg 1 9 12 138 138
0600_0022_0085_0096_0096.jpg 1 22 85 96 96
0601_0023_0022_0132_0132.jpg 1 23 22 132 132
0602_0040_0032_0135_0135.jpg 1 40 32 135 135
0603_0046_0017_0127_0127.jpg 1 46 17 127 127
0604_0105_0079_0055_0055.jpg 1 105 79 55 55
0605_0088_0019_0029_0029.jpg 1 88 19 29 29
0606_0046_0019_0137_0137.jpg 1 46 19 137 137
0607_0049_0083_0097_0097.jpg 1 49 83 97 97
0608_0069_0037_0116_0116.jpg 1 69 37 116 116
0609_0047_0037_0081_0081.jpg 1 47 37 81 81
0610_0016_0015_0055_0055.jpg 1 16 15 55 55
0611_0054_0017_0103_0103.jpg 1 54 17 103 103
0612_0080_0078_0060_0060.jpg 1 80 78 60 60
0613_0060_0048_0110_0110.jpg 1 60 48 110 110
0614_0060_0038_0104_0104.jpg 1 60 38 104 104
0615_0018_0083_0043_0043.jpg 1 18 83 43 43
0616_0060_0078_0082_0082.jpg 1 60 78 82 82
0617_0012_0025_0122_0122.jpg 1 12 25 122 122
0618_0080_0015_0105_0105.jpg 1 80 15 105 105
0619_0022_0028_0133_0133.jpg 1 22 28 133 133
0620_0025_0025_0078_0078.jpg 1 25 25 78 78
0621_0094_0084_0086_0086.jpg 1 94 84 86 86
0622_0021_0059_0120_0120.jpg 1 21 59 120 120
0623_0101_0097_0070_0070.jpg 1 101 97 70 70
0624_0018_0112_0046_0046.jpg 1 18 112 46 46
0625_0026_0065_0068_0068.jpg 1 26 65 68 68
0626_0128_0126_0031_0031.jpg 1 128 126 31 31
0627_0008_0036_0136_0136.jpg 1 8 36 136 136
0628_0071_0032_0105_0105.jpg 1 71 32 105 105
0629_0106_0108_0073_0073.jpg 1 106 108 73 73
0630_0030_0061_0059_0059.jpg 1 30 61 59 59
0631_0088_0085_0093_0093.jpg 1 88 85 93 93
0632_0111_0033_0038_0038.jpg 1 111 33 38 38
0633_0041_0039_0117_0117.jpg 1 41 39 117 117
0634_0058_0081_0108_0108.jpg 1 58 81 108 108
0635_0100_0123_0050_0050.jpg 1 100 123 50 50
0636_0090_0076_0099_0099.jpg 1 90 76 99 99
0637_0014_0020_0060_0060.jpg 1 14 20 60 60
0638_0050_0029_0088_0088.jpg 1 50 29 88 88
0639_0073_0105_0044_0044.jpg 1 73 105 44 44
0640_0017_0017_0108_0108.jpg 1 17 17 108 108
0641_0076_0017_0087_0087.jpg 1 76 17 87 87
0642_0066_0052_0059_0059.jpg 1 66 52 59 59
0643_0093_0038_0030_0030.jpg 1 93 38 30 30
0644_0076_0027_0113_0113.jpg 1 76 27 113 113
0645_0061_0037_0124_0124.jpg 1 61 37 124 124
0646_0074_0082_0101_0101.jpg 1 74 82 101 101
0647_0076_0043_0075_0075.jpg 1 76 43 75 75
0648_0069_0036_0042_0042.jpg 1 69 36 42 42
0649_0035_0110_0024_0024.jpg 1 35 110 24 24
0650_0108_0121_0041_0041.jpg 1 108 121 41 41
0651_0109_0090_0042_0042.jpg 1 109 90 42 42
0652_0058_0022_0050_0050.jpg 1 58 22 50 50
0653_0024_0142_0032_0032.jpg 1 24 142 32 32
0654_0091_0091_0057_0057.jpg 1 91 91 57 57
0655_0017_0064_0077_0077.jpg 1 17 64 77 77
0656_0069_0065_0088_0088.jpg 1 69 65 88 88
0657_0025_0038_0038_0038.jpg 1 25 38 38 38
0658_0017_0021_0108_0108.jpg 1 17 21 108 108
0659_0066_0029_0079_0079.jpg 1 66 29 79 79
0660_0027_0042_0111_0111.jpg 1 27 42 111 111
0661_0064_0046_0045_0045.jpg 1 64 46 45 45
0662_0106_0016_0072_0072.jpg 1 106 16 72 72
0663_0029_0053_0129_0129.jpg 1 29 53 129 129
0664_0014_0112_0074_0074.jpg 1 14 112 74 74
0665_0016_0021_0112_0112.jpg 1 16 21 112 112
0666_0031_0037_0122_0122.jpg 1 31 37 122 122
0667_0061_0068_0099_0099.jpg 1 61 68 99 99
0668_0088_0076_0093_0093.jpg 1 88 76 93 93
0669_0011_0070_0088_0088.jpg 1 11 70 88 88
0670_0128_0069_0041_0041.jpg 1 128 69 41 41
0671_0021_0043_0060_0060.jpg 1 21 43 60 60
0672_0030_0028_0041_0041.jpg 1 30 28 41 41
0673_0067_0077_0061_0061.jpg 1 67 77 61 61
0674_0062_0053_0046_0046.jpg 1 62 53 46 46
0675_0070_0067_0101_0101.jpg 1 70 67 101 101
0676_0046_0034_0103_0103.jpg 1 46 34 103 103
0677_0037_0049_0139_0139.jpg 1 37 49 139 139
0678_0010_0040_0099_0099.jpg 1 10 40 99 99
0679_0051_0054_0128_0128.jpg 1 51 54 128 128
0680_0038_0071_0110_0110.jpg 1 38 71 110 110
0681_0026_0019_0121_0121.jpg 1 26 19 121 121
0682_0131_0080_0037_0037.jpg 1 131 80 37 37
0683_0028_0058_0116_0116.jpg 1 28 58 116 116
0684_0105_0131_0040_0040.jpg 1 105 131 40 40
0685_0021_0037_0122_0122.jpg 1 21 37 122 122
0686_0042_0086_0066_0066.jpg 1 42 86 66 66
0687_0065_0087_0061_0061.jpg 1 65 87 61 61
0688_0041_0053_0109_0109.jpg 1 41 53 109 109
0689_0009_0069_0111_0111.jpg 1 9 69 111 111
0690_0124_0086_0031_0031.jpg 1 124 86 31 31
0691_0040_0026_0105_0105.jpg 1 40 26 105 105
0692_0027_0032_0136_0136.jpg 1 27 32 136 136
0693_0047_0023_0130_0130.jpg 1 47 23 130 130
0694_0127_0036_0044_0044.jpg 1 127 36 44 44
0695_0101_0045_0056_0056.jpg 1 101 45 56 56
0696_0071_0079_0108_0108.jpg 1 71 79 108 108
0697_0068_0010_0101_0101.jpg 1 68 10 101 101
0698_0045_0076_0037_0037.jpg 1 45 76 37 37
0699_0124_0064_0027_0027.jpg 1 124 64 27 27
0700_0073_0008_0113_0113.jpg 1 73 8 113 113
0701_0013_0018_0079_0079.jpg 1 13 18 79 79
0702_0030_0011_0137_0137.jpg 1 30 11 137 137
0703_0016_0019_0130_0130.jpg 1 16 19 130 130
0704_0049_0036_0075_0075.jpg 1 49 36 75 75
0705_0095_0078_0033_0033.jpg 1 95 78 33 33
0706_0009_0015_0131_0131.jpg 1 9 15 131 131
0707_0056_0021_0125_0125.jpg 1 56 21 125 125
0708_0040_0010_0118_0118.jpg 1 40 10 118 118
0709_0098_0049_0049_0049.jpg 1 98 49 49 49
0710_0027_0072_0063_0063.jpg 1 27 72 63 63
0711_0020_0032_0121_0121.jpg 1 20 32 121 121
0712_0017_0101_0076_0076.jpg 1 17 101 76 76
0713_0081_0047_0100_0100.jpg 1 81 47 100 100
0714_0045_0058_0025_0025.jpg 1 45 58 25 25
0715_0082_0020_0105_0105.jpg 1 82 20 105 105
0716_0026_0051_0134_0134.jpg 1 26 51 134 134
0717_0031_0052_0074_0074.jpg 1 31 52 74 74
0718_0065_0053_0101_0101.jpg 1 65 53 101 101
0719_0049_0089_0073_0073.jpg 1 49 89 73 73
0720_0033_0012_0125_0125.jpg 1 33 12 125 125
0721_0037_0008_0134_0134.jpg 1 37 8 134 134
0722_0047_0012_0133_0133.jpg 1 47 12 133 133
0723_0063_0045_0112_0112.jpg 1 63 45 112 112
0724_0047_0034_0076_0076.jpg 1 47 34 76 76
0725_0036_0039_0134_0134.jpg 1 36 39 134 134
0726_0036_0042_0042_0042.jpg 1 36 42 42 42
0727_0121_0066_0052_0052.jpg 1 121 66 52 52
0728_0078_0067_0109_0109.jpg 1 78 67 109 109
0729_0091_0073_0072_0072.jpg 1 91 73 72 72
0730_0061_0057_0057_0057.jpg 1 61 57 57 57
0731_0072_0040_0028_0028.jpg 1 72 40 28 28
0732_0009_0043_0131_0131.jpg 1 9 43 131 131
0733_0040_0048_0097_0097.jpg 1 40 48 97 97
0734_0073_0118_0056_0056.jpg 1 73 118 56 56
0735_0095_0038_0082_0082.jpg 1 95 38 82 82
0736_0059_0028_0105_0105.jpg 1 59 28 105 105
0737_0023_0032_0103_0103.jpg 1 23 32 103 103
0738_0075_0129_0044_0044.jpg 1 75 129 44 44
0739_0082_0015_0095_0095.jpg 1 82 15 95 95
0740_0025_0079_0046_0046.jpg 1 25 79 46 46
0741_0055_0052_0078_0078.jpg 1 55 52 78 78
0742_0040_0040_0045_0045.jpg 1 40 40 45 45
0743_0092_0069_0032_0032.jpg 1 92 69 32 32
0744_0058_0092_0071_0071.jpg 1 58 92 71 71
0745_0013_0050_0129_0129.jpg 1 13 50 129 129
0746_0043_0029_0096_0096.jpg 1 43 29 96 96
0747_0010_0016_0112_0112.jpg 1 10 16 112 112
0748_0086_0072_0071_0071.jpg 1 86 72 71 71
0749_0033_0065_0126_0126.jpg 1 33 65 126 126
0750_0035_0133_0046_0046.jpg 1 35 133 46 46
0751_0082_0021_0082_0082.jpg 1 82 21 82 82
0752_0043_0043_0127_0127.jpg 1 43 43 127 127
0753_0101_0056_0070_0070.jpg 1 101 56 70 70
0754_0027_0053_0099_0099.jpg 1 27 53 99 99
0755_0058_0029_0095_0095.jpg 1 58 29 95 95
0756_0051_0048_0137_0137.jpg 1 51 48 137 137
0757_0050_0009_0128_0128.jpg 1 50 9 128 128
0758_0132_0049_0043_0043.jpg 1 132 49 43 43
0759_0078_0026_0068_0068.jpg 1 78 26 68 68
0760_0034_0039_0105_0105.jpg 1 34 39 105 105
0761_0038_0012_0135_0135.jpg 1 38 12 135 135
0762_0098_0083_0048_0048.jpg 1 98 83 48 48
0763_0025_0059_0126_0126.jpg 1 25 59 126 126
0764_0088_0048_0071_0071.jpg 1 88 48 71 71
0765_0064_0077_0060_0060.jpg 1 64 77 60 60
0766_0079_0035_0065_0065.jpg 1 79 35 65 65
0767_0059_0027_0112_0112.jpg 1 59 27 112 112
0768_0076_0016_0108_0108.jpg 1 76 16 108 108
0769_0099_0107_0044_0044.jpg 1 99 107 44 44
0770_0107_0044_0066_0066.jpg 1 107 44 66 66
0771_0017_0109_0076_0076.jpg 1 17 109 76 76
0772_0021_0041_0044_0044.jpg 1 21 41 44 44
0773_0120_0122_0036_0036.jpg 1 120 122 36 36
0774_0010_0028_0114_0114.jpg 1 10 28 114 114
0775_0091_0022_0075_0075.jpg 1 91 22 75 75
0776_0033_0023_0088_0088.jpg 1 33 23 88 88
0777_0047_0016_0122_0122.jpg 1 47 16 122 122
0778_0027_0031_0138_0138.jpg 1 27 31 138 138
0779_0030_0081_0033_0033.jpg 1 30 81 33 33
0780_0093_0036_0086_0086.jpg 1 93 36 86 86
0781_0068_0076_0094_0094.jpg 1 68 76 94 94
0782_0063_0041_0126_0126.jpg 1 63 41 126 126
0783_0116_0079_0057_0057.jpg 1 116 79 57 57
0784_0040_0044_0133_0133.jpg 1 40 44 133 133
0785_0113_0048_0050_0050.jpg 1 113 48 50 50
0786_0040_0015_0090_0090.jpg 1 40 15 90 90
0787_0062_0016_0096_0096.jpg 1 62 16 96 96
0788_0008_0012_0118_0118.jpg 1 8 12 118 118
0789_0045_0013_0127_0127.jpg 1 45 13 127 127
0790_0071_0070_0027_0027.jpg 1 71 70 27 27
0791_0039_0060_0126_0126.jpg 1 39 60 126 126
0792_0072_0072_0103_0103.jpg 1 72 72 103 103
0793_0060_0096_0051_0051.jpg 1 60 96 51 51
0794_0100_0111_0025_0025.jpg 1 100 111 25 25
0795_0052_0015_0102_0102.jpg 1 52 15 102 102
0796_0012_0027_0109_0109.jpg 1 12 27 109 109
0797_0052_0101_0053_0053.jpg 1 52 101 53 53
0798_0040_0022_0098_0098.jpg 1 40 22 98 98
0799_0015_0052_0138_0138.jpg 1 15 52 138 138
0800_0089_0029_0035_0035.jpg 1 89 29 35 35
0801_0057_0022_0135_0135.jpg 1 57 22 135 135
0802_0120_0106_0048_0048.jpg 1 120 106 48 48
0803_0013_0038_0125_0125.jpg 1 13 38 125 125
0804_0054_0010_0107_0107.jpg 1 54 10 107 107
0805_0074_0063_0044_0044.jpg 1 74 63 44 44
0806_0047_0048_0096_0096.jpg 1 47 48 96 96
0807_0098_0080_0050_0050.jpg 1 98 80 50 50
0808_0061_0055_0077_0077.jpg 1 61 55 77 77
0809_0013_0067_0071_0071.jpg 1 13 67 71 71
0810_0076_0110_0061_0061.jpg 1 76 110 61 61
0811_0074_0041_0058_0058.jpg 1 74 41 58 58
0812_0015_0030_0091_0091.jpg 1 15 30 91 91
0813_0057_0079_0077_0077.jpg 1 57 79 77 77
0814_0071_0082_0059_0059.jpg 1 71 82 59 59
0815_0123_0128_0048_0048.jpg 1 123 128 48 48
0816_0044_0122_0052_0052.jpg 1 44 122 52 52
0817_0034_0027_0116_0116.jpg 1 34 27 116 116
0818_0050_0105_0082_0082.jpg 1 50 105 82 82
0819_0070_0028_0114_0114.jpg 1 70 28 114 114
0820_0059_0083_0076_0076.jpg 1 59 83 76 76
0821_0096_0120_0040_0040.jpg 1 96 120 40 40
0822_0029_0041_0133_0133.jpg 1 29 41 133 133
0823_0018_0017_0083_0083.jpg 1 18 17 83 83
0824_0134_0061_0042_0042.jpg 1 134 61 42 42
0825_0087_0020_0064_0064.jpg 1 87 20 64 64
0826_0062_0100_0073_0073.jpg 1 62 100 73 73
0827_0056_0034_0099_0099.jpg 1 56 34 99 99
0828_0081_0046_0103_0103.jpg 1 81 46 103 103
0829_0046_0024_0055_0055.jpg 1 46 24 55 55
0830_0056_0073_0090_0090.jpg 1 56 73 90 90
0831_0060_0097_0067_0067.jpg 1 60 97 67 67
0832_0073_0055_0117_0117.jpg 1 73 55 117 117
0833_0032_0069_0059_0059.jpg 1 32 69 59 59
0834_0033_0008_0136_0136.jpg 1 33 8 136 136
0835_0023_0059_0131_0131.jpg 1 23 59 131 131
0836_0055_0057_0116_0116.jpg 1 55 57 116 116
0837_0093_0077_0062_0062.jpg 1 93 77 62 62
0838_0039_0055_0041_0041.jpg 1 39 55 41 41
0839_0013_0022_0118_0118.jpg 1 13 22 118 118
0840_0058_0024_0129_0129.jpg 1 58 24 129 129
0841_0025_0130_0053_0053.jpg 1 25 130 53 53
0842_0024_0050_0129_0129.jpg 1 24 50 129 129
0843_0092_0038_0078_0078.jpg 1 92 38 78 78
0844_0113_0068_0060_0060.jpg 1 113 68 60 60
0845_0037_0019_0049_0049.jpg 1 37 19 49 49
0846_0026_0087_0069_0069.jpg 1 26 87 69 69
0847_0081_0029_0091_0091.jpg 1 81 29 91 91
0848_0050_0062_0123_0123.jpg 1 50 62 123 123
0849_0055_0012_0092_0092.jpg 1 55 12 92 92
0850_0008_0046_0124_0124.jpg 1 8 46 124 124
0851_0047_0096_0055_0055.jpg 1 47 96 55 55
0852_0014_0091_0084_0084.jpg 1 14 91 84 84
0853_0070_0041_0065_0065.jpg 1 70 41 65 65
0854_0091_0041_0076_0076.jpg 1 91 41 76 76
0855_0081_0074_0100_0100.jpg 1 81 74 100 100
0856_0047_0043_0132_0132.jpg 1 47 43 132 132
0857_0015_0102_0052_0052.jpg 1 15 102 52 52
0858_0012_0071_0090_0090.jpg 1 12 71 90 90
0859_0060_0049_0118_0118.jpg 1 60 49 118 118
0860_0078_0051_0080_0080.jpg 1 78 51 80 80
0861_0108_0108_0072_0072.jpg 1 108 108 72 72
0862_0019_0102_0032_0032.jpg 1 19 102 32 32
0863_0069_0067_0102_0102.jpg 1 69 67 102 102
0864_0074_0053_0114_0114.jpg 1 74 53 114 114
0865_0022_0091_0030_0030.jpg 1 22 91 30 30
0866_0060_0052_0126_0126.jpg 1 60 52 126 126
0867_0046_0028_0048_0048.jpg 1 46 28 48 48
0868_0098_0105_0027_0027.jpg 1 98 105 27 27
0869_0092_0074_0086_0086.jpg 1 92 74 86 86
0870_0016_0030_0105_0105.jpg 1 16 30 105 105
0871_0044_0078_0028_0028.jpg 1 44 78 28 28
0872_0020_0039_0065_0065.jpg 1 20 39 65 65
0873_0132_0053_0037_0037.jpg 1 132 53 37 37
0874_0054_0027_0130_0130.jpg 1 54 27 130 130
0875_0090_0115_0050_0050.jpg 1 90 115 50 50
0876_0040_0040_0106_0106.jpg 1 40 40 106 106
0877_0041_0070_0056_0056.jpg 1 41 70 56 56
0878_0044_0032_0030_0030.jpg 1 44 32 30 30
0879_0024_0032_0126_0126.jpg 1 24 32 126 126
0880_0030_0024_0124_0124.jpg 1 30 24 124 124
0881_0061_0059_0090_0090.jpg 1 61 59 90 90
0882_0098_0064_0068_0068.jpg 1 98 64 68 68
0883_0127_0136_0031_0031.jpg 1 127 136 31 31
0884_0060_0019_0065_0065.jpg 1 60 19 65 65
0885_0034_0075_0102_0102.jpg 1 34 75 102 102
0886_0058_0088_0069_0069.jpg 1 58 88 69 69
0887_0037_0026_0085_0085.jpg 1 37 26 85 85
0888_0127_0084_0039_0039.jpg 1 127 84 39 39
0889_0088_0048_0097_0097.jpg 1 88 48 97 97
0890_0097_0092_0065_0065.jpg 1 97 92 65 65
0891_0025_0045_0116_0116.jpg 1 25 45 116 116
0892_0081_0040_0089_0089.jpg 1 81 40 89 89
0893_0043_0113_0027_0027.jpg 1 43 113 27 27
0894_0116_0130_0054_0054.jpg 1 116 130 54 54
0895_0053_0010_0122_0122.jpg 1 53 10 122 122
0896_0042_0097_0048_0048.jpg 1 42 97 48 48
0897_0054_0037_0127_0127.jpg 1 54 37 127 127
0898_0146_0129_0027_0027.jpg 1 146 129 27 27
0899_0014_0040_0132_0132.jpg 1 14 40 132 132
0900_0063_0044_0039_0039.jpg 1 63 44 39 39
0901_0017_0024_0136_0136.jpg 1 17 24 136 136
0902_0014_0010_0131_0131.jpg 1 14 10 131 131
0903_0123_0068_0054_0054.jpg 1 123 68 54 54
0904_0063_0022_0114_0114.jpg 1 63 22 114 114
0905_0019_0029_0088_0088.jpg 1 19 29 88 88
0906_0021_0031_0069_0069.jpg 1 21 31 69 69
0907_0031_0024_0122_0122.jpg 1 31 24 122 122
0908_0019_0007_0130_0130.jpg 1 19 7 130 130
0909_0025_0020_0087_0087.jpg 1 25 20 87 87
0910_0018_0019_0102_0102.jpg 1 18 19 102 102
0911_0149_0034_0024_0024.jpg 1 149 34 24 24
0912_0029_0078_0058_0058.jpg 1 29 78 58 58
0913_0062_0079_0059_0059.jpg 1 62 79 59 59
0914_0021_0060_0040_0040.jpg 1 21 60 40 40
0915_0068_0063_0121_0121.jpg 1 68 63 121 121
0916_0049_0090_0074_0074.jpg 1 49 90 74 74
0917_0098_0116_0069_0069.jpg 1 98 116 69 69
0918_0119_0015_0058_0058.jpg 1 119 15 58 58
0919_0080_0036_0037_0037.jpg 1 80 36 37 37
0920_0015_0025_0110_0110.jpg 1 15 25 110 110
0921_0080_0016_0032_0032.jpg 1 80 16 32 32
0922_0062_0071_0029_0029.jpg 1 62 71 29 29
0923_0083_0031_0029_0029.jpg 1 83 31 29 29
0924_0098_0086_0072_0072.jpg 1 98 86 72 72
0925_0095_0030_0085_0085.jpg 1 95 30 85 85
0926_0048_0047_0026_0026.jpg 1 48 47 26 26
0927_0083_0066_0097_0097.jpg 1 83 66 97 97
0928_0134_0137_0044_0044.jpg 1 134 137 44 44
0929_0082_0057_0090_0090.jpg 1 82 57 90 90
0930_0031_0033_0107_0107.jpg 1 31 33 107 107
0931_0040_0068_0102_0102.jpg 1 40 68 102 102
0932_0060_0048_0085_0085.jpg 1 60 48 85 85
0933_0035_0042_0105_0105.jpg 1 35 42 105 105
0934_0015_0013_0118_0118.jpg 1 15 13 118 118
0935_0018_0082_0095_0095.jpg 1 18 82 95 95
0936_0017_0101_0029_0029.jpg 1 17 101 29 29
0937_0020_0036_0036_0036.jpg 1 20 36 36 36
0938_0017_0057_0062_0062.jpg 1 17 57 62 62
0939_0043_0042_0123_0123.jpg 1 43 42 123 123
0940_0051_0088_0089_0089.jpg 1 51 88 89 89
0941_0122_0115_0040_0040.jpg 1 122 115 40 40
0942_0033_0058_0054_0054.jpg 1 33 58 54 54
0943_0033_0051_0034_0034.jpg 1 33 51 34 34
0944_0041_0062_0104_0104.jpg 1 41 62 104 104
0945_0055_0104_0069_0069.jpg 1 55 104 69 69
0946_0033_0051_0094_0094.jpg 1 33 51 94 94
0947_0017_0037_0111_0111.jpg 1 17 37 111 111
0948_0021_0020_0039_0039.jpg 1 21 20 39 39
0949_0080_0124_0051_0051.jpg 1 80 124 51 51
0950_0076_0126_0026_0026.jpg 1 76 126 26 26
0951_0088_0052_0061_0061.jpg 1 88 52 61 61
0952_0067_0050_0107_0107.jpg 1 67 50 107 107
0953_0072_0052_0105_0105.jpg 1 72 52 105 105
0954_0009_0018_0122_0122.jpg 1 9 18 122 122
0955_0095_0030_0049_0049.jpg 1 95 30 49 49
0956_0020_0024_0137_0137.jpg 1 20 24 137 137
0957_0068_0118_0064_0064.jpg 1 68 118 64 64
0958_0054_0034_0087_0087.jpg 1 54 34 87 87
0959_0050_0063_0046_0046.jpg 1 50 63 46 46
0960_0033_0116_0052_0052.jpg 1 33 116 52 52
0961_0015_0107_0050_0050.jpg 1 15 107 50 50
0962_0095_0120_0042_0042.jpg 1 95 120 42 42
0963_0131_0050_0044_0044.jpg 1 131 50 44 44
0964_0089_0064_0090_0090.jpg 1 89 64 90 90
0965_0101_0049_0056_0056.jpg 1 101 49 56 56
0966_0042_0039_0137_0137.jpg 1 42 39 137 137
0967_0038_0034_0064_0064.jpg 1 38 34 64 64
0968_0020_0124_0057_0057.jpg 1 20 124 57 57
0969_0083_0137_0036_0036.jpg 1 83 137 36 36
0970_0086_0037_0087_0087.jpg 1 86 37 87 87
0971_0068_0104_0065_0065.jpg 1 68 104 65 65
0972_0015_0126_0056_0056.jpg 1 15 126 56 56
0973_0019_0098_0071_0071.jpg 1 19 98 71 71
0974_0072_0033_0069_0069.jpg 1 72 33 69 69
0975_0021_0035_0123_0123.jpg 1 21 35 123 123
0976_0020_0047_0125_0125.jpg 1 20 47 125 125
0977_0038_0044_0136_0136.jpg 1 38 44 136 136
0978_0062_0030_0095_0095.jpg 1 62 30 95 95
0979_0078_0110_0063_0063.jpg 1 78 110 63 63
0980_0060_0066_0122_0122.jpg 1 60 66 122 122
0981_0132_0083_0040_0040.jpg 1 132 83 40 40
0982_0031_0023_0083_0083.jpg 1 31 23 83 83
0983_0024_0042_0092_0092.jpg 1 24 42 92 92
0984_0066_0080_0092_0092.jpg 1 66 80 92 92
0985_0043_0061_0111_0111.jpg 1 43 61 111 111
0986_0045_0016_0127_0127.jpg 1 45 16 127 127
0987_0074_0067_0116_0116.jpg 1 74 67 116 116
0988_0031_0057_0136_0136.jpg 1 31 57 136 136
0989_0087_0019_0076_0076.jpg 1 87 19 76 76
0990_0082_0011_0097_0097.jpg 1 82 11 97 97
0991_0020_0055_0135_0135.jpg 1 20 55 135 135
0992_0060_0027_0042_0042.jpg 1 60 27 42 42
0993_0089_0060_0085_0085.jpg 1 89 60 85 85
0994_0030_0047_0129_0129.jpg 1 30 47 129 129
0995_0048_0083_0055_0055.jpg 1 48 83 55 55
