0001_0091_0103_0075_0075.jpg 1 91 103 75 75
0002_0100_0074_0076_0076.jpg 1 100 74 76 76
0003_0029_0122_0054_0054.jpg 1 29 122 54 54
0004_0051_0085_0091_0091.jpg 1 51 85 91 91
0005_0029_0033_0119_0119.jpg 1 29 33 119 119
0006_0021_0057_0090_0090.jpg 1 21 57 90 90
0007_0016_0042_0096_0096.jpg 1 16 42 96 96
0008_0075_0132_0041_0041.jpg 1 75 132 41 41
0009_0113_0079_0055_0055.jpg 1 113 79 55 55
0010_0032_0038_0136_0136.jpg 1 32 38 136 136
0011_0031_0035_0088_0088.jpg 1 31 35 88 88
0012_0040_0086_0093_0093.jpg 1 40 86 93 93
0013_0109_0091_0075_0075.jpg 1 109 91 75 75
0014_0121_0033_0045_0045.jpg 1 121 33 45 45
0015_0099_0026_0062_0062.jpg 1 99 26 62 62
0016_0025_0057_0118_0118.jpg 1 25 57 118 118
0017_0058_0083_0105_0105.jpg 1 58 83 105 105
0018_0058_0129_0033_0033.jpg 1 58 129 33 33
0019_0056_0023_0131_0131.jpg 1 56 23 131 131
0020_0045_0065_0122_0122.jpg 1 45 65 122 122
0021_0052_0075_0089_0089.jpg 1 52 75 89 89
0022_0038_0030_0074_0074.jpg 1 38 30 74 74
0023_0124_0036_0043_0043.jpg 1 124 36 43 43
0024_0090_0022_0098_0098.jpg 1 90 22 98 98
0025_0020_0026_0078_0078.jpg 1 20 26 78 78
0026_0013_0016_0120_0120.jpg 1 13 16 120 120
0027_0112_0052_0024_0024.jpg 1 112 52 24 24
0028_0056_0098_0060_0060.jpg 1 56 98 60 60
0029_0095_0045_0089_0089.jpg 1 95 45 89 89
0030_0088_0092_0059_0059.jpg 1 88 92 59 59
0031_0113_0021_0067_0067.jpg 1 113 21 67 67
0032_0057_0083_0083_0083.jpg 1 57 83 83 83
0033_0075_0075_0039_0039.jpg 1 75 75 39 39
0034_0065_0068_0069_0069.jpg 1 65 68 69 69
0035_0076_0025_0092_0092.jpg 1 76 25 92 92
0036_0051_0090_0086_0086.jpg 1 51 90 86 86
0037_0050_0105_0080_0080.jpg 1 50 105 80 80
0038_0137_0091_0044_0044.jpg 1 137 91 44 44
0039_0024_0049_0135_0135.jpg 1 24 49 135 135
0040_0081_0052_0069_0069.jpg 1 81 52 69 69
0041_0029_0091_0089_0089.jpg 1 29 91 89 89
0042_0045_0075_0074_0074.jpg 1 45 75 74 74
0043_0015_0019_0094_0094.jpg 1 15 19 94 94
0044_0029_0019_0129_0129.jpg 1 29 19 129 129
0045_0019_0055_0102_0102.jpg 1 19 55 102 102
0046_0038_0034_0120_0120.jpg 1 38 34 120 120
0047_0081_0039_0072_0072.jpg 1 81 39 72 72
0048_0058_0033_0042_0042.jpg 1 58 33 42 42
0049_0054_0042_0076_0076.jpg 1 54 42 76 76
0050_0083_0019_0080_0080.jpg 1 83 19 80 80
0051_0109_0073_0041_0041.jpg 1 109 73 41 41
0052_0057_0063_0055_0055.jpg 1 57 63 55 55
0053_0123_0069_0052_0052.jpg 1 123 69 52 52
0054_0137_0029_0044_0044.jpg 1 137 29 44 44
0055_0018_0033_0130_0130.jpg 1 18 33 130 130
0056_0057_0056_0089_0089.jpg 1 57 56 89 89
0057_0042_0037_0120_0120.jpg 1 42 37 120 120
0058_0063_0069_0043_0043.jpg 1 63 69 43 43
0059_0077_0069_0108_0108.jpg 1 77 69 108 108
0060_0024_0115_0048_0048.jpg 1 24 115 48 48
0061_0037_0023_0098_0098.jpg 1 37 23 98 98
0062_0043_0014_0076_0076.jpg 1 43 14 76 76
0063_0047_0050_0124_0124.jpg 1 47 50 124 124
0064_0045_0064_0097_0097.jpg 1 45 64 97 97
0065_0067_0102_0070_0070.jpg 1 67 102 70 70
0066_0008_0033_0131_0131.jpg 1 8 33 131 131
0067_0050_0071_0082_0082.jpg 1 50 71 82 82
0068_0047_0032_0128_0128.jpg 1 47 32 128 128
0069_0038_0008_0124_0124.jpg 1 38 8 124 124
0070_0065_0104_0032_0032.jpg 1 65 104 32 32
0071_0031_0045_0139_0139.jpg 1 31 45 139 139
0072_0012_0044_0087_0087.jpg 1 12 44 87 87
0073_0067_0075_0035_0035.jpg 1 67 75 35 35
0074_0025_0033_0028_0028.jpg 1 25 33 28 28
0075_0043_0131_0051_0051.jpg 1 43 131 51 51
0076_0117_0017_0047_0047.jpg 1 117 17 47 47
0077_0097_0080_0036_0036.jpg 1 97 80 36 36
0078_0045_0124_0057_0057.jpg 1 45 124 57 57
0079_0084_0067_0075_0075.jpg 1 84 67 75 75
0080_0088_0032_0051_0051.jpg 1 88 32 51 51
0081_0129_0139_0036_0036.jpg 1 129 139 36 36
0082_0025_0031_0136_0136.jpg 1 25 31 136 136
0083_0042_0096_0062_0062.jpg 1 42 96 62 62
0084_0126_0104_0036_0036.jpg 1 126 104 36 36
0085_0087_0065_0071_0071.jpg 1 87 65 71 71
0086_0112_0075_0053_0053.jpg 1 112 75 53 53
0087_0029_0039_0100_0100.jpg 1 29 39 100 100
0088_0099_0033_0087_0087.jpg 1 99 33 87 87
0089_0089_0056_0063_0063.jpg 1 89 56 63 63
0090_0025_0015_0118_0118.jpg 1 25 15 118 118
0091_0016_0078_0074_0074.jpg 1 16 78 74 74
0092_0047_0041_0118_0118.jpg 1 47 41 118 118
0093_0105_0052_0048_0048.jpg 1 105 52 48 48
0094_0021_0116_0032_0032.jpg 1 21 116 32 32
0095_0072_0052_0079_0079.jpg 1 72 52 79 79
0096_0031_0024_0122_0122.jpg 1 31 24 122 122
0097_0063_0020_0106_0106.jpg 1 63 20 106 106
0098_0059_0106_0079_0079.jpg 1 59 106 79 79
0099_0040_0014_0103_0103.jpg 1 40 14 103 103
0100_0011_0082_0095_0095.jpg 1 11 82 95 95
0101_0060_0050_0071_0071.jpg 1 60 50 71 71
0102_0034_0075_0047_0047.jpg 1 34 75 47 47
0103_0123_0106_0041_0041.jpg 1 123 106 41 41
0104_0039_0019_0068_0068.jpg 1 39 19 68 68
0105_0057_0027_0099_0099.jpg 1 57 27 99 99
0106_0014_0020_0119_0119.jpg 1 14 20 119 119
0107_0038_0050_0050_0050.jpg 1 38 50 50 50
0108_0035_0045_0111_0111.jpg 1 35 45 111 111
0109_0134_0102_0027_0027.jpg 1 134 102 27 27
0110_0066_0093_0033_0033.jpg 1 66 93 33 33
0111_0113_0093_0024_0024.jpg 1 113 93 24 24
0112_0127_0115_0049_0049.jpg 1 127 115 49 49
0113_0026_0025_0106_0106.jpg 1 26 25 106 106
0114_0066_0054_0097_0097.jpg 1 66 54 97 97
0115_0070_0064_0117_0117.jpg 1 70 64 117 117
0116_0056_0023_0113_0113.jpg 1 56 23 113 113
0117_0078_0065_0104_0104.jpg 1 78 65 104 104
0118_0080_0103_0051_0051.jpg 1 80 103 51 51
0119_0017_0036_0124_0124.jpg 1 17 36 124 124
0120_0055_0056_0136_0136.jpg 1 55 56 136 136
0121_0132_0042_0052_0052.jpg 1 132 42 52 52
0122_0021_0022_0126_0126.jpg 1 21 22 126 126
0123_0056_0102_0063_0063.jpg 1 56 102 63 63
0124_0046_0031_0073_0073.jpg 1 46 31 73 73
0125_0076_0071_0063_0063.jpg 1 76 71 63 63
0126_0080_0033_0051_0051.jpg 1 80 33 51 51
0127_0065_0082_0094_0094.jpg 1 65 82 94 94
0128_0063_0033_0031_0031.jpg 1 63 33 31 31
0129_0012_0060_0101_0101.jpg 1 12 60 101 101
0130_0016_0103_0047_0047.jpg 1 16 103 47 47
0131_0022_0079_0076_0076.jpg 1 22 79 76 76
0132_0016_0076_0090_0090.jpg 1 16 76 90 90
0133_0029_0065_0112_0112.jpg 1 29 65 112 112
0134_0063_0085_0073_0073.jpg 1 63 85 73 73
0135_0050_0045_0107_0107.jpg 1 50 45 107 107
0136_0042_0075_0029_0029.jpg 1 42 75 29 29
0137_0058_0052_0104_0104.jpg 1 58 52 104 104
0138_0047_0046_0125_0125.jpg 1 47 46 125 125
0139_0083_0031_0076_0076.jpg 1 83 31 76 76
0140_0082_0030_0038_0038.jpg 1 82 30 38 38
0141_0090_0036_0082_0082.jpg 1 90 36 82 82
0142_0112_0023_0056_0056.jpg 1 112 23 56 56
0143_0088_0072_0082_0082.jpg 1 88 72 82 82
0144_0107_0086_0070_0070.jpg 1 107 86 70 70
0145_0097_0062_0074_0074.jpg 1 97 62 74 74
0146_0082_0050_0108_0108.jpg 1 82 50 108 108
0147_0049_0040_0064_0064.jpg 1 49 40 64 64
0148_0032_0115_0048_0048.jpg 1 32 115 48 48
0149_0047_0077_0083_0083.jpg 1 47 77 83 83
0150_0052_0009_0122_0122.jpg 1 52 9 122 122
0151_0008_0043_0127_0127.jpg 1 8 43 127 127
0152_0073_0035_0037_0037.jpg 1 73 35 37 37
0153_0025_0108_0024_0024.jpg 1 25 108 24 24
0154_0043_0026_0116_0116.jpg 1 43 26 116 116
0155_0006_0022_0139_0139.jpg 1 6 22 139 139
0156_0075_0049_0067_0067.jpg 1 75 49 67 67
0157_0086_0081_0082_0082.jpg 1 86 81 82 82
0158_0076_0107_0028_0028.jpg 1 76 107 28 28
0159_0026_0080_0025_0025.jpg 1 26 80 25 25
0160_0038_0025_0127_0127.jpg 1 38 25 127 127
0161_0055_0097_0037_0037.jpg 1 55 97 37 37
0162_0013_0033_0120_0120.jpg 1 13 33 120 120
0163_0052_0086_0080_0080.jpg 1 52 86 80 80
0164_0074_0027_0113_0113.jpg 1 74 27 113 113
0165_0040_0018_0131_0131.jpg 1 40 18 131 131
0166_0057_0105_0076_0076.jpg 1 57 105 76 76
0167_0088_0010_0097_0097.jpg 1 88 10 97 97
0168_0068_0116_0059_0059.jpg 1 68 116 59 59
0169_0065_0112_0032_0032.jpg 1 65 112 32 32
0170_0041_0034_0112_0112.jpg 1 41 34 112 112
0171_0104_0086_0027_0027.jpg 1 104 86 27 27
0172_0061_0065_0030_0030.jpg 1 61 65 30 30
0173_0098_0014_0083_0083.jpg 1 98 14 83 83
0174_0043_0051_0062_0062.jpg 1 43 51 62 62
0175_0122_0126_0052_0052.jpg 1 122 126 52 52
0176_0029_0040_0048_0048.jpg 1 29 40 48 48
0177_0109_0096_0025_0025.jpg 1 109 96 25 25
0178_0018_0061_0128_0128.jpg 1 18 61 128 128
0179_0106_0098_0082_0082.jpg 1 106 98 82 82
0180_0023_0061_0106_0106.jpg 1 23 61 106 106
0181_0076_0028_0027_0027.jpg 1 76 28 27 27
0182_0070_0058_0034_0034.jpg 1 70 58 34 34
0183_0067_0065_0093_0093.jpg 1 67 65 93 93
0184_0090_0120_0052_0052.jpg 1 90 120 52 52
0185_0130_0082_0047_0047.jpg 1 130 82 47 47
0186_0034_0023_0137_0137.jpg 1 34 23 137 137
0187_0088_0104_0025_0025.jpg 1 88 104 25 25
0188_0022_0060_0110_0110.jpg 1 22 60 110 110
0189_0070_0016_0072_0072.jpg 1 70 16 72 72
0190_0038_0025_0051_0051.jpg 1 38 25 51 51
0191_0068_0066_0124_0124.jpg 1 68 66 124 124
0192_0022_0008_0137_0137.jpg 1 22 8 137 137
0193_0072_0124_0045_0045.jpg 1 72 124 45 45
0194_0031_0087_0086_0086.jpg 1 31 87 86 86
0195_0056_0015_0053_0053.jpg 1 56 15 53 53
0196_0023_0071_0085_0085.jpg 1 23 71 85 85
0197_0071_0034_0055_0055.jpg 1 71 34 55 55
0198_0018_0060_0104_0104.jpg 1 18 60 104 104
0199_0068_0102_0044_0044.jpg 1 68 102 44 44
0200_0052_0038_0028_0028.jpg 1 52 38 28 28
0201_0008_0036_0137_0137.jpg 1 8 36 137 137
0202_0084_0094_0089_0089.jpg 1 84 94 89 89
0203_0138_0069_0024_0024.jpg 1 138 69 24 24
0204_0125_0053_0028_0028.jpg 1 125 53 28 28
0205_0018_0007_0127_0127.jpg 1 18 7 127 127
0206_0035_0026_0125_0125.jpg 1 35 26 125 125
0207_0054_0038_0087_0087.jpg 1 54 38 87 87
0208_0067_0059_0103_0103.jpg 1 67 59 103 103
0209_0062_0080_0098_0098.jpg 1 62 80 98 98
0210_0053_0010_0092_0092.jpg 1 53 10 92 92
0211_0048_0081_0106_0106.jpg 1 48 81 106 106
0212_0037_0090_0082_0082.jpg 1 37 90 82 82
0213_0044_0095_0080_0080.jpg 1 44 95 80 80
0214_0071_0036_0092_0092.jpg 1 71 36 92 92
0215_0077_0064_0090_0090.jpg 1 77 64 90 90
0216_0033_0016_0079_0079.jpg 1 33 16 79 79
0217_0034_0061_0121_0121.jpg 1 34 61 121 121
0218_0102_0052_0083_0083.jpg 1 102 52 83 83
0219_0052_0010_0137_0137.jpg 1 52 10 137 137
0220_0122_0125_0028_0028.jpg 1 122 125 28 28
0221_0083_0041_0053_0053.jpg 1 83 41 53 53
0222_0076_0033_0106_0106.jpg 1 76 33 106 106
0223_0036_0034_0051_0051.jpg 1 36 34 51 51
0224_0017_0058_0091_0091.jpg 1 17 58 91 91
0225_0091_0070_0056_0056.jpg 1 91 70 56 56
0226_0081_0106_0053_0053.jpg 1 81 106 53 53
0227_0014_0054_0132_0132.jpg 1 14 54 132 132
0228_0015_0056_0067_0067.jpg 1 15 56 67 67
0229_0019_0144_0024_0024.jpg 1 19 144 24 24
0230_0044_0041_0082_0082.jpg 1 44 41 82 82
0231_0098_0037_0085_0085.jpg 1 98 37 85 85
0232_0033_0135_0047_0047.jpg 1 33 135 47 47
0233_0078_0048_0080_0080.jpg 1 78 48 80 80
0234_0021_0151_0030_0030.jpg 1 21 151 30 30
0235_0120_0127_0054_0054.jpg 1 120 127 54 54
0236_0074_0066_0050_0050.jpg 1 74 66 50 50
0237_0050_0108_0046_0046.jpg 1 50 108 46 46
0238_0019_0039_0134_0134.jpg 1 19 39 134 134
0239_0026_0062_0034_0034.jpg 1 26 62 34 34
0240_0080_0057_0038_0038.jpg 1 80 57 38 38
0241_0080_0029_0026_0026.jpg 1 80 29 26 26
0242_0079_0097_0058_0058.jpg 1 79 97 58 58
0243_0022_0025_0124_0124.jpg 1 22 25 124 124
0244_0094_0062_0062_0062.jpg 1 94 62 62 62
0245_0045_0017_0133_0133.jpg 1 45 17 133 133
0246_0063_0063_0118_0118.jpg 1 63 63 118 118
0247_0079_0089_0060_0060.jpg 1 79 89 60 60
0248_0024_0111_0057_0057.jpg 1 24 111 57 57
0249_0064_0013_0099_0099.jpg 1 64 13 99 99
0250_0027_0046_0100_0100.jpg 1 27 46 100 100
0251_0064_0055_0068_0068.jpg 1 64 55 68 68
0252_0086_0134_0043_0043.jpg 1 86 134 43 43
0253_0066_0084_0034_0034.jpg 1 66 84 34 34
0254_0069_0116_0064_0064.jpg 1 69 116 64 64
0255_0108_0081_0062_0062.jpg 1 108 81 62 62
0256_0059_0029_0118_0118.jpg 1 59 29 118 118
0257_0043_0045_0138_0138.jpg 1 43 45 138 138
0258_0052_0059_0079_0079.jpg 1 52 59 79 79
0259_0044_0049_0064_0064.jpg 1 44 49 64 64
0260_0074_0074_0100_0100.jpg 1 74 74 100 100
0261_0060_0052_0129_0129.jpg 1 60 52 129 129
0262_0076_0060_0115_0115.jpg 1 76 60 115 115
0263_0064_0076_0080_0080.jpg 1 64 76 80 80
0264_0098_0112_0046_0046.jpg 1 98 112 46 46
0265_0074_0053_0090_0090.jpg 1 74 53 90 90
0266_0071_0027_0108_0108.jpg 1 71 27 108 108
0267_0063_0008_0126_0126.jpg 1 63 8 126 126
0268_0034_0098_0083_0083.jpg 1 34 98 83 83
0269_0028_0047_0082_0082.jpg 1 28 47 82 82
0270_0038_0033_0130_0130.jpg 1 38 33 130 130
0271_0040_0023_0131_0131.jpg 1 40 23 131 131
0272_0133_0055_0031_0031.jpg 1 133 55 31 31
0273_0087_0083_0082_0082.jpg 1 87 83 82 82
0274_0014_0022_0091_0091.jpg 1 14 22 91 91
0275_0036_0072_0080_0080.jpg 1 36 72 80 80
0276_0049_0014_0117_0117.jpg 1 49 14 117 117
0277_0058_0059_0105_0105.jpg 1 58 59 105 105
0278_0026_0022_0121_0121.jpg 1 26 22 121 121
0279_0133_0079_0047_0047.jpg 1 133 79 47 47
0280_0019_0022_0123_0123.jpg 1 19 22 123 123
0281_0025_0051_0065_0065.jpg 1 25 51 65 65
0282_0025_0112_0053_0053.jpg 1 25 112 53 53
0283_0057_0066_0122_0122.jpg 1 57 66 122 122
0284_0015_0027_0128_0128.jpg 1 15 27 128 128
0285_0036_0036_0082_0082.jpg 1 36 36 82 82
0286_0064_0015_0128_0128.jpg 1 64 15 128 128
0287_0079_0086_0057_0057.jpg 1 79 86 57 57
0288_0110_0103_0049_0049.jpg 1 110 103 49 49
0289_0034_0019_0123_0123.jpg 1 34 19 123 123
0290_0029_0063_0082_0082.jpg 1 29 63 82 82
0291_0109_0139_0042_0042.jpg 1 109 139 42 42
0292_0036_0092_0036_0036.jpg 1 36 92 36 36
0293_0053_0078_0101_0101.jpg 1 53 78 101 101
0294_0014_0012_0106_0106.jpg 1 14 12 106 106
0295_0019_0012_0135_0135.jpg 1 19 12 135 135
0296_0017_0036_0131_0131.jpg 1 17 36 131 131
0297_0015_0028_0130_0130.jpg 1 15 28 130 130
0298_0052_0032_0126_0126.jpg 1 52 32 126 126
0299_0104_0146_0037_0037.jpg 1 104 146 37 37
0300_0040_0024_0075_0075.jpg 1 40 24 75 75
0301_0051_0043_0093_0093.jpg 1 51 43 93 93
0302_0037_0030_0137_0137.jpg 1 37 30 137 137
0303_0109_0060_0067_0067.jpg 1 109 60 67 67
0304_0015_0041_0119_0119.jpg 1 15 41 119 119
0305_0031_0125_0046_0046.jpg 1 31 125 46 46
0306_0096_0080_0068_0068.jpg 1 96 80 68 68
0307_0089_0053_0035_0035.jpg 1 89 53 35 35
0308_0037_0028_0119_0119.jpg 1 37 28 119 119
0309_0018_0047_0138_0138.jpg 1 18 47 138 138
0310_0015_0107_0064_0064.jpg 1 15 107 64 64
0311_0035_0111_0071_0071.jpg 1 35 111 71 71
0312_0117_0046_0050_0050.jpg 1 117 46 50 50
0313_0067_0068_0105_0105.jpg 1 67 68 105 105
0314_0068_0113_0033_0033.jpg 1 68 113 33 33
0315_0036_0088_0053_0053.jpg 1 36 88 53 53
0316_0062_0039_0118_0118.jpg 1 62 39 118 118
0317_0051_0034_0136_0136.jpg 1 51 34 136 136
0318_0052_0029_0102_0102.jpg 1 52 29 102 102
0319_0078_0105_0030_0030.jpg 1 78 105 30 30
0320_0043_0039_0126_0126.jpg 1 43 39 126 126
0321_0086_0108_0076_0076.jpg 1 86 108 76 76
0322_0050_0048_0090_0090.jpg 1 50 48 90 90
0323_0043_0020_0113_0113.jpg 1 43 20 113 113
0324_0063_0050_0097_0097.jpg 1 63 50 97 97
0325_0042_0059_0066_0066.jpg 1 42 59 66 66
0326_0089_0087_0050_0050.jpg 1 89 87 50 50
0327_0031_0012_0103_0103.jpg 1 31 12 103 103
0328_0057_0111_0076_0076.jpg 1 57 111 76 76
0329_0030_0047_0112_0112.jpg 1 30 47 112 112
0330_0026_0039_0051_0051.jpg 1 26 39 51 51
0331_0105_0022_0063_0063.jpg 1 105 22 63 63
0332_0039_0024_0138_0138.jpg 1 39 24 138 138
0333_0141_0070_0026_0026.jpg 1 141 70 26 26
0334_0055_0068_0076_0076.jpg 1 55 68 76 76
0335_0030_0044_0111_0111.jpg 1 30 44 111 111
0336_0022_0045_0122_0122.jpg 1 22 45 122 122
0337_0023_0045_0075_0075.jpg 1 23 45 75 75
0338_0050_0050_0114_0114.jpg 1 50 50 114 114
0339_0048_0050_0108_0108.jpg 1 48 50 108 108
0340_0106_0114_0031_0031.jpg 1 106 114 31 31
0341_0062_0061_0124_0124.jpg 1 62 61 124 124
0342_0019_0013_0132_0132.jpg 1 19 13 132 132
0343_0051_0060_0106_0106.jpg 1 51 60 106 106
0344_0050_0042_0049_0049.jpg 1 50 42 49 49
0345_0107_0072_0079_0079.jpg 1 107 72 79 79
0346_0021_0068_0105_0105.jpg 1 21 68 105 105
0347_0021_0131_0042_0042.jpg 1 21 131 42 42
0348_0073_0098_0069_0069.jpg 1 73 98 69 69
0349_0114_0130_0042_0042.jpg 1 114 130 42 42
0350_0062_0038_0124_0124.jpg 1 62 38 124 124
0351_0054_0023_0132_0132.jpg 1 54 23 132 132
0352_0085_0050_0024_0024.jpg 1 85 50 24 24
0353_0065_0085_0096_0096.jpg 1 65 85 96 96
0354_0029_0022_0137_0137.jpg 1 29 22 137 137
0355_0104_0085_0081_0081.jpg 1 104 85 81 81
0356_0041_0087_0041_0041.jpg 1 41 87 41 41
0357_0075_0020_0039_0039.jpg 1 75 20 39 39
0358_0039_0009_0126_0126.jpg 1 39 9 126 126
0359_0063_0025_0106_0106.jpg 1 63 25 106 106
0360_0069_0047_0112_0112.jpg 1 69 47 112 112
0361_0032_0059_0052_0052.jpg 1 32 59 52 52
0362_0132_0123_0046_0046.jpg 1 132 123 46 46
0363_0096_0011_0087_0087.jpg 1 96 11 87 87
0364_0104_0065_0046_0046.jpg 1 104 65 46 46
0365_0053_0036_0066_0066.jpg 1 53 36 66 66
0366_0033_0019_0039_0039.jpg 1 33 19 39 39
0367_0077_0069_0030_0030.jpg 1 77 69 30 30
0368_0062_0034_0032_0032.jpg 1 62 34 32 32
0369_0048_0032_0073_0073.jpg 1 48 32 73 73
0370_0051_0010_0138_0138.jpg 1 51 10 138 138
0371_0071_0066_0071_0071.jpg 1 71 66 71 71
0372_0007_0021_0136_0136.jpg 1 7 21 136 136
0373_0146_0139_0026_0026.jpg 1 146 139 26 26
0374_0033_0015_0125_0125.jpg 1 33 15 125 125
0375_0026_0041_0104_0104.jpg 1 26 41 104 104
0376_0070_0051_0073_0073.jpg 1 70 51 73 73
0377_0031_0079_0069_0069.jpg 1 31 79 69 69
0378_0051_0014_0128_0128.jpg 1 51 14 128 128
0379_0040_0059_0024_0024.jpg 1 40 59 24 24
0380_0026_0143_0028_0028.jpg 1 26 143 28 28
0381_0044_0050_0129_0129.jpg 1 44 50 129 129
0382_0015_0054_0108_0108.jpg 1 15 54 108 108
0383_0034_0028_0124_0124.jpg 1 34 28 124 124
0384_0025_0044_0131_0131.jpg 1 25 44 131 131
0385_0070_0041_0075_0075.jpg 1 70 41 75 75
0386_0108_0051_0041_0041.jpg 1 108 51 41 41
0387_0030_0031_0139_0139.jpg 1 30 31 139 139
0388_0080_0055_0067_0067.jpg 1 80 55 67 67
0389_0036_0058_0090_0090.jpg 1 36 58 90 90
0390_0105_0019_0049_0049.jpg 1 105 19 49 49
0391_0041_0016_0130_0130.jpg 1 41 16 130 130
0392_0036_0050_0032_0032.jpg 1 36 50 32 32
0393_0072_0077_0067_0067.jpg 1 72 77 67 67
0394_0053_0063_0060_0060.jpg 1 53 63 60 60
0395_0077_0113_0037_0037.jpg 1 77 113 37 37
0396_0038_0066_0117_0117.jpg 1 38 66 117 117
0397_0092_0076_0092_0092.jpg 1 92 76 92 92
0398_0058_0086_0033_0033.jpg 1 58 86 33 33
0399_0056_0036_0066_0066.jpg 1 56 36 66 66
0400_0051_0078_0102_0102.jpg 1 51 78 102 102
0401_0103_0053_0078_0078.jpg 1 103 53 78 78
0402_0036_0042_0123_0123.jpg 1 36 42 123 123
0403_0018_0037_0120_0120.jpg 1 18 37 120 120
0404_0067_0076_0105_0105.jpg 1 67 76 105 105
0405_0045_0017_0067_0067.jpg 1 45 17 67 67
0406_0041_0030_0130_0130.jpg 1 41 30 130 130
0407_0010_0035_0129_0129.jpg 1 10 35 129 129
0408_0037_0032_0108_0108.jpg 1 37 32 108 108
0409_0060_0059_0122_0122.jpg 1 60 59 122 122
0410_0098_0078_0054_0054.jpg 1 98 78 54 54
0411_0020_0073_0069_0069.jpg 1 20 73 69 69
0412_0031_0035_0119_0119.jpg 1 31 35 119 119
0413_0027_0107_0053_0053.jpg 1 27 107 53 53
0414_0121_0101_0056_0056.jpg 1 121 101 56 56
0415_0079_0045_0103_0103.jpg 1 79 45 103 103
0416_0027_0087_0044_0044.jpg 1 27 87 44 44
0417_0069_0093_0074_0074.jpg 1 69 93 74 74
0418_0074_0023_0104_0104.jpg 1 74 23 104 104
0419_0064_0010_0127_0127.jpg 1 64 10 127 127
0420_0093_0067_0090_0090.jpg 1 93 67 90 90
0421_0134_0048_0045_0045.jpg 1 134 48 45 45
0422_0019_0076_0076_0076.jpg 1 19 76 76 76
0423_0046_0036_0100_0100.jpg 1 46 36 100 100
0424_0082_0017_0068_0068.jpg 1 82 17 68 68
0425_0041_0008_0130_0130.jpg 1 41 8 130 130
0426_0059_0018_0123_0123.jpg 1 59 18 123 123
0427_0082_0079_0105_0105.jpg 1 82 79 105 105
0428_0105_0059_0048_0048.jpg 1 105 59 48 48
0429_0046_0021_0072_0072.jpg 1 46 21 72 72
0430_0058_0012_0135_0135.jpg 1 58 12 135 135
0431_0012_0067_0096_0096.jpg 1 12 67 96 96
0432_0053_0086_0088_0088.jpg 1 53 86 88 88
0433_0080_0089_0030_0030.jpg 1 80 89 30 30
0434_0041_0028_0130_0130.jpg 1 41 28 130 130
0435_0067_0098_0038_0038.jpg 1 67 98 38 38
0436_0069_0045_0077_0077.jpg 1 69 45 77 77
0437_0063_0092_0090_0090.jpg 1 63 92 90 90
0438_0044_0123_0061_0061.jpg 1 44 123 61 61
0439_0055_0078_0101_0101.jpg 1 55 78 101 101
0440_0122_0142_0041_0041.jpg 1 122 142 41 41
0441_0025_0128_0051_0051.jpg 1 25 128 51 51
0442_0047_0031_0134_0134.jpg 1 47 31 134 134
0443_0062_0053_0088_0088.jpg 1 62 53 88 88
0444_0037_0079_0111_0111.jpg 1 37 79 111 111
0445_0043_0020_0106_0106.jpg 1 43 20 106 106
0446_0057_0059_0095_0095.jpg 1 57 59 95 95
0447_0062_0066_0050_0050.jpg 1 62 66 50 50
0448_0053_0032_0122_0122.jpg 1 53 32 122 122
0449_0045_0076_0031_0031.jpg 1 45 76 31 31
0450_0082_0092_0056_0056.jpg 1 82 92 56 56
0451_0123_0098_0025_0025.jpg 1 123 98 25 25
0452_0084_0023_0098_0098.jpg 1 84 23 98 98
0453_0013_0059_0100_0100.jpg 1 13 59 100 100
0454_0011_0084_0097_0097.jpg 1 11 84 97 97
0455_0044_0043_0058_0058.jpg 1 44 43 58 58
0456_0063_0013_0113_0113.jpg 1 63 13 113 113
0457_0032_0012_0080_0080.jpg 1 32 12 80 80
0458_0063_0016_0076_0076.jpg 1 63 16 76 76
0459_0095_0087_0084_0084.jpg 1 95 87 84 84
0460_0144_0094_0037_0037.jpg 1 144 94 37 37
0461_0030_0068_0056_0056.jpg 1 30 68 56 56
0462_0050_0064_0101_0101.jpg 1 50 64 101 101
0463_0059_0055_0040_0040.jpg 1 59 55 40 40
0464_0025_0048_0049_0049.jpg 1 25 48 49 49
0465_0038_0020_0127_0127.jpg 1 38 20 127 127
0466_0023_0021_0108_0108.jpg 1 23 21 108 108
0467_0093_0088_0095_0095.jpg 1 93 88 95 95
0468_0046_0075_0084_0084.jpg 1 46 75 84 84
0469_0009_0030_0119_0119.jpg 1 9 30 119 119
0470_0044_0093_0074_0074.jpg 1 44 93 74 74
0471_0104_0060_0048_0048.jpg 1 104 60 48 48
0472_0046_0075_0115_0115.jpg 1 46 75 115 115
0473_0115_0037_0035_0035.jpg 1 115 37 35 35
0474_0092_0077_0090_0090.jpg 1 92 77 90 90
0475_0019_0050_0110_0110.jpg 1 19 50 110 110
0476_0141_0084_0037_0037.jpg 1 141 84 37 37
0477_0021_0017_0086_0086.jpg 1 21 17 86 86
0478_0049_0045_0031_0031.jpg 1 49 45 31 31
0479_0010_0033_0135_0135.jpg 1 10 33 135 135
0480_0117_0026_0034_0034.jpg 1 117 26 34 34
0481_0022_0024_0037_0037.jpg 1 22 24 37 37
0482_0071_0030_0063_0063.jpg 1 71 30 63 63
0483_0102_0114_0064_0064.jpg 1 102 114 64 64
0484_0062_0041_0108_0108.jpg 1 62 41 108 108
0485_0034_0039_0116_0116.jpg 1 34 39 116 116
0486_0098_0025_0086_0086.jpg 1 98 25 86 86
0487_0051_0011_0089_0089.jpg 1 51 11 89 89
0488_0073_0075_0067_0067.jpg 1 73 75 67 67
0489_0023_0084_0045_0045.jpg 1 23 84 45 45
0490_0051_0048_0129_0129.jpg 1 51 48 129 129
0491_0068_0059_0052_0052.jpg 1 68 59 52 52
0492_0097_0111_0062_0062.jpg 1 97 111 62 62
0493_0028_0072_0107_0107.jpg 1 28 72 107 107
0494_0054_0050_0136_0136.jpg 1 54 50 136 136
0495_0015_0075_0105_0105.jpg 1 15 75 105 105
0496_0063_0058_0114_0114.jpg 1 63 58 114 114
0497_0047_0090_0093_0093.jpg 1 47 90 93 93
0498_0060_0015_0105_0105.jpg 1 60 15 105 105
0499_0079_0116_0064_0064.jpg 1 79 116 64 64
0500_0040_0095_0065_0065.jpg 1 40 95 65 65
0501_0056_0035_0097_0097.jpg 1 56 35 97 97
0502_0050_0021_0118_0118.jpg 1 50 21 118 118
0503_0032_0050_0128_0128.jpg 1 32 50 128 128
0504_0042_0091_0065_0065.jpg 1 42 91 65 65
0505_0036_0079_0059_0059.jpg 1 36 79 59 59
0506_0062_0057_0122_0122.jpg 1 62 57 122 122
0507_0024_0050_0128_0128.jpg 1 24 50 128 128
0508_0035_0018_0062_0062.jpg 1 35 18 62 62
0509_0020_0058_0123_0123.jpg 1 20 58 123 123
0510_0124_0071_0052_0052.jpg 1 124 71 52 52
0511_0079_0062_0038_0038.jpg 1 79 62 38 38
0512_0064_0032_0125_0125.jpg 1 64 32 125 125
0513_0025_0061_0131_0131.jpg 1 25 61 131 131
0514_0020_0038_0128_0128.jpg 1 20 38 128 128
0515_0052_0056_0116_0116.jpg 1 52 56 116 116
0516_0044_0058_0116_0116.jpg 1 44 58 116 116
0517_0109_0104_0061_0061.jpg 1 109 104 61 61
0518_0061_0079_0097_0097.jpg 1 61 79 97 97
0519_0053_0058_0076_0076.jpg 1 53 58 76 76
0520_0108_0150_0026_0026.jpg 1 108 150 26 26
0521_0049_0097_0048_0048.jpg 1 49 97 48 48
0522_0025_0083_0068_0068.jpg 1 25 83 68 68
0523_0065_0059_0104_0104.jpg 1 65 59 104 104
0524_0138_0026_0037_0037.jpg 1 138 26 37 37
0525_0041_0036_0123_0123.jpg 1 41 36 123 123
0526_0085_0041_0030_0030.jpg 1 85 41 30 30
0527_0074_0049_0040_0040.jpg 1 74 49 40 40
0528_0078_0092_0051_0051.jpg 1 78 92 51 51
0529_0031_0069_0031_0031.jpg 1 31 69 31 31
0530_0030_0097_0026_0026.jpg 1 30 97 26 26
0531_0055_0129_0045_0045.jpg 1 55 129 45 45
0532_0012_0087_0076_0076.jpg 1 12 87 76 76
0533_0024_0056_0119_0119.jpg 1 24 56 119 119
0534_0098_0044_0054_0054.jpg 1 98 44 54 54
0535_0045_0034_0110_0110.jpg 1 45 34 110 110
0536_0074_0045_0112_0112.jpg 1 74 45 112 112
0537_0066_0015_0049_0049.jpg 1 66 15 49 49
0538_0043_0009_0113_0113.jpg 1 43 9 113 113
0539_0062_0055_0038_0038.jpg 1 62 55 38 38
0540_0070_0117_0053_0053.jpg 1 70 117 53 53
0541_0053_0055_0130_0130.jpg 1 53 55 130 130
0542_0068_0037_0089_0089.jpg 1 68 37 89 89
0543_0022_0012_0137_0137.jpg 1 22 12 137 137
0544_0036_0062_0034_0034.jpg 1 36 62 34 34
0545_0100_0121_0054_0054.jpg 1 100 121 54 54
0546_0055_0073_0069_0069.jpg 1 55 73 69 69
0547_0108_0080_0032_0032.jpg 1 108 80 32 32
0548_0028_0102_0026_0026.jpg 1 28 102 26 26
0549_0077_0048_0058_0058.jpg 1 77 48 58 58
0550_0068_0056_0096_0096.jpg 1 68 56 96 96
0551_0042_0101_0028_0028.jpg 1 42 101 28 28
0552_0068_0018_0087_0087.jpg 1 68 18 87 87
0553_0117_0125_0057_0057.jpg 1 117 125 57 57
0554_0062_0052_0032_0032.jpg 1 62 52 32 32
0555_0093_0084_0086_0086.jpg 1 93 84 86 86
0556_0047_0027_0120_0120.jpg 1 47 27 120 120
0557_0026_0046_0132_0132.jpg 1 26 46 132 132
0558_0054_0097_0089_0089.jpg 1 54 97 89 89
0559_0037_0052_0099_0099.jpg 1 37 52 99 99
0560_0058_0068_0083_0083.jpg 1 58 68 83 83
0561_0068_0020_0096_0096.jpg 1 68 20 96 96
0562_0025_0014_0134_0134.jpg 1 25 14 134 134
0563_0051_0010_0116_0116.jpg 1 51 10 116 116
0564_0109_0115_0024_0024.jpg 1 109 115 24 24
0565_0117_0076_0039_0039.jpg 1 117 76 39 39
0566_0044_0071_0042_0042.jpg 1 44 71 42 42
0567_0052_0045_0114_0114.jpg 1 52 45 114 114
0568_0091_0098_0030_0030.jpg 1 91 98 30 30
0569_0027_0050_0064_0064.jpg 1 27 50 64 64
0570_0026_0050_0075_0075.jpg 1 26 50 75 75
0571_0020_0047_0136_0136.jpg 1 20 47 136 136
0572_0080_0131_0036_0036.jpg 1 80 131 36 36
0573_0091_0095_0064_0064.jpg 1 91 95 64 64
0574_0103_0068_0047_0047.jpg 1 103 68 47 47
0575_0095_0059_0059_0059.jpg 1 95 59 59 59
0576_0033_0071_0068_0068.jpg 1 33 71 68 68
0577_0091_0022_0055_0055.jpg 1 91 22 55 55
0578_0107_0033_0026_0026.jpg 1 107 33 26 26
0579_0038_0044_0121_0121.jpg 1 38 44 121 121
0580_0035_0009_0121_0121.jpg 1 35 9 121 121
0581_0020_0052_0078_0078.jpg 1 20 52 78 78
0582_0037_0081_0104_0104.jpg 1 37 81 104 104
0583_0085_0031_0032_0032.jpg 1 85 31 32 32
0584_0113_0054_0033_0033.jpg 1 113 54 33 33
0585_0124_0116_0029_0029.jpg 1 124 116 29 29
0586_0109_0060_0055_0055.jpg 1 109 60 55 55
0587_0100_0085_0080_0080.jpg 1 100 85 80 80
0588_0024_0023_0134_0134.jpg 1 24 23 134 134
0589_0126_0107_0034_0034.jpg 1 126 107 34 34
0590_0064_0075_0082_0082.jpg 1 64 75 82 82
0591_0012_0024_0137_0137.jpg 1 12 24 137 137
0592_0043_0024_0127_0127.jpg 1 43 24 127 127
0593_0082_0112_0057_0057.jpg 1 82 112 57 57
0594_0040_0045_0086_0086.jpg 1 40 45 86 86
0595_0053_0059_0060_0060.jpg 1 53 59 60 60
0596_0035_0028_0046_0046.jpg 1 35 28 46 46
0597_0066_0066_0091_0091.jpg 1 66 66 91 91
0598_0080_0025_0076_0076.jpg 1 80 25 76 76
0599_0021_0071_0079_0079.jpg 1 21 71 79 79
0600_0037_0033_0050_0050.jpg 1 37 33 50 50
0601_0019_0051_0063_0063.jpg 1 19 51 63 63
0602_0048_0044_0138_0138.jpg 1 48 44 138 138
0603_0069_0079_0039_0039.jpg 1 69 79 39 39
0604_0101_0049_0055_0055.jpg 1 101 49 55 55
0605_0020_0051_0037_0037.jpg 1 20 51 37 37
0606_0044_0017_0070_0070.jpg 1 44 17 70 70
0607_0050_0064_0053_0053.jpg 1 50 64 53 53
0608_0031_0097_0046_0046.jpg 1 31 97 46 46
0609_0043_0018_0033_0033.jpg 1 43 18 33 33
0610_0061_0011_0090_0090.jpg 1 61 11 90 90
0611_0105_0030_0080_0080.jpg 1 105 30 80 80
0612_0036_0060_0106_0106.jpg 1 36 60 106 106
0613_0017_0039_0117_0117.jpg 1 17 39 117 117
0614_0049_0105_0075_0075.jpg 1 49 105 75 75
0615_0083_0027_0078_0078.jpg 1 83 27 78 78
0616_0081_0050_0106_0106.jpg 1 81 50 106 106
0617_0048_0019_0135_0135.jpg 1 48 19 135 135
0618_0019_0145_0030_0030.jpg 1 19 145 30 30
0619_0030_0036_0098_0098.jpg 1 30 36 98 98
0620_0027_0080_0072_0072.jpg 1 27 80 72 72
0621_0014_0047_0119_0119.jpg 1 14 47 119 119
0622_0079_0079_0046_0046.jpg 1 79 79 46 46
0623_0033_0023_0067_0067.jpg 1 33 23 67 67
0624_0085_0109_0066_0066.jpg 1 85 109 66 66
0625_0054_0019_0039_0039.jpg 1 54 19 39 39
0626_0029_0013_0139_0139.jpg 1 29 13 139 139
0627_0038_0059_0113_0113.jpg 1 38 59 113 113
0628_0027_0059_0125_0125.jpg 1 27 59 125 125
0629_0017_0067_0035_0035.jpg 1 17 67 35 35
0630_0024_0083_0093_0093.jpg 1 24 83 93 93
0631_0032_0110_0037_0037.jpg 1 32 110 37 37
0632_0032_0110_0067_0067.jpg 1 32 110 67 67
0633_0023_0058_0121_0121.jpg 1 23 58 121 121
0634_0067_0067_0113_0113.jpg 1 67 67 113 113
0635_0083_0097_0055_0055.jpg 1 83 97 55 55
0636_0056_0076_0046_0046.jpg 1 56 76 46 46
0637_0045_0113_0048_0048.jpg 1 45 113 48 48
0638_0122_0130_0043_0043.jpg 1 122 130 43 43
0639_0077_0033_0112_0112.jpg 1 77 33 112 112
0640_0031_0011_0095_0095.jpg 1 31 11 95 95
0641_0107_0123_0038_0038.jpg 1 107 123 38 38
0642_0038_0011_0115_0115.jpg 1 38 11 115 115
0643_0100_0026_0058_0058.jpg 1 100 26 58 58
0644_0053_0026_0135_0135.jpg 1 53 26 135 135
0645_0046_0073_0116_0116.jpg 1 46 73 116 116
0646_0014_0080_0094_0094.jpg 1 14 80 94 94
0647_0071_0038_0107_0107.jpg 1 71 38 107 107
0648_0074_0011_0106_0106.jpg 1 74 11 106 106
0649_0054_0059_0095_0095.jpg 1 54 59 95 95
0650_0154_0114_0028_0028.jpg 1 154 114 28 28
0651_0026_0025_0136_0136.jpg 1 26 25 136 136
0652_0102_0018_0071_0071.jpg 1 102 18 71 71
0653_0021_0052_0107_0107.jpg 1 21 52 107 107
0654_0065_0113_0062_0062.jpg 1 65 113 62 62
0655_0060_0132_0043_0043.jpg 1 60 132 43 43
0656_0069_0036_0074_0074.jpg 1 69 36 74 74
0657_0008_0009_0119_0119.jpg 1 8 9 119 119
0658_0138_0073_0028_0028.jpg 1 138 73 28 28
0659_0043_0075_0109_0109.jpg 1 43 75 109 109
0660_0063_0029_0064_0064.jpg 1 63 29 64 64
0661_0120_0094_0049_0049.jpg 1 120 94 49 49
0662_0026_0008_0132_0132.jpg 1 26 8 132 132
0663_0069_0040_0104_0104.jpg 1 69 40 104 104
0664_0015_0034_0085_0085.jpg 1 15 34 85 85
0665_0115_0134_0033_0033.jpg 1 115 134 33 33
0666_0053_0018_0057_0057.jpg 1 53 18 57 57
0667_0058_0012_0096_0096.jpg 1 58 12 96 96
0668_0011_0076_0102_0102.jpg 1 11 76 102 102
0669_0031_0055_0115_0115.jpg 1 31 55 115 115
0670_0053_0030_0121_0121.jpg 1 53 30 121 121
0671_0042_0047_0052_0052.jpg 1 42 47 52 52
0672_0072_0043_0076_0076.jpg 1 72 43 76 76
0673_0072_0081_0090_0090.jpg 1 72 81 90 90
0674_0063_0048_0065_0065.jpg 1 63 48 65 65
0675_0109_0068_0077_0077.jpg 1 109 68 77 77
0676_0078_0023_0092_0092.jpg 1 78 23 92 92
0677_0028_0032_0139_0139.jpg 1 28 32 139 139
0678_0012_0036_0108_0108.jpg 1 12 36 108 108
0679_0085_0058_0078_0078.jpg 1 85 58 78 78
0680_0015_0069_0093_0093.jpg 1 15 69 93 93
0681_0026_0036_0128_0128.jpg 1 26 36 128 128
0682_0024_0054_0132_0132.jpg 1 24 54 132 132
0683_0081_0097_0048_0048.jpg 1 81 97 48 48
0684_0114_0035_0050_0050.jpg 1 114 35 50 50
0685_0036_0028_0109_0109.jpg 1 36 28 109 109
0686_0017_0038_0127_0127.jpg 1 17 38 127 127
0687_0045_0079_0047_0047.jpg 1 45 79 47 47
0688_0027_0111_0054_0054.jpg 1 27 111 54 54
0689_0076_0090_0091_0091.jpg 1 76 90 91 91
0690_0034_0014_0097_0097.jpg 1 34 14 97 97
0691_0019_0035_0100_0100.jpg 1 19 35 100 100
0692_0014_0031_0139_0139.jpg 1 14 31 139 139
0693_0029_0013_0129_0129.jpg 1 29 13 129 129
0694_0023_0092_0064_0064.jpg 1 23 92 64 64
0695_0106_0093_0026_0026.jpg 1 106 93 26 26
0696_0028_0066_0036_0036.jpg 1 28 66 36 36
0697_0036_0036_0037_0037.jpg 1 36 36 37 37
0698_0044_0007_0137_0137.jpg 1 44 7 137 137
0699_0036_0137_0047_0047.jpg 1 36 137 47 47
0700_0026_0108_0074_0074.jpg 1 26 108 74 74
0701_0058_0086_0047_0047.jpg 1 58 86 47 47
0702_0108_0105_0059_0059.jpg 1 108 105 59 59
0703_0040_0070_0111_0111.jpg 1 40 70 111 111
0704_0053_0020_0106_0106.jpg 1 53 20 106 106
0705_0073_0008_0117_0117.jpg 1 73 8 117 117
0706_0052_0088_0069_0069.jpg 1 52 88 69 69
0707_0023_0069_0105_0105.jpg 1 23 69 105 105
0708_0120_0099_0057_0057.jpg 1 120 99 57 57
0709_0093_0057_0079_0079.jpg 1 93 57 79 79
0710_0032_0020_0102_0102.jpg 1 32 20 102 102
0711_0067_0031_0063_0063.jpg 1 67 31 63 63
0712_0094_0089_0089_0089.jpg 1 94 89 89 89
0713_0065_0071_0109_0109.jpg 1 65 71 109 109
0714_0033_0101_0033_0033.jpg 1 33 101 33 33
0715_0052_0012_0126_0126.jpg 1 52 12 126 126
0716_0018_0056_0129_0129.jpg 1 18 56 129 129
0717_0055_0068_0108_0108.jpg 1 55 68 108 108
0718_0036_0090_0046_0046.jpg 1 36 90 46 46
0719_0061_0032_0035_0035.jpg 1 61 32 35 35
0720_0058_0063_0093_0093.jpg 1 58 63 93 93
0721_0020_0059_0085_0085.jpg 1 20 59 85 85
0722_0077_0122_0040_0040.jpg 1 77 122 40 40
0723_0035_0038_0123_0123.jpg 1 35 38 123 123
0724_0080_0080_0100_0100.jpg 1 80 80 100 100
0725_0127_0132_0052_0052.jpg 1 127 132 52 52
0726_0090_0094_0092_0092.jpg 1 90 94 92 92
0727_0068_0083_0025_0025.jpg 1 68 83 25 25
0728_0063_0075_0029_0029.jpg 1 63 75 29 29
0729_0084_0012_0103_0103.jpg 1 84 12 103 103
0730_0065_0069_0064_0064.jpg 1 65 69 64 64
0731_0085_0031_0048_0048.jpg 1 85 31 48 48
0732_0124_0071_0060_0060.jpg 1 124 71 60 60
0733_0064_0050_0095_0095.jpg 1 64 50 95 95
0734_0024_0084_0099_0099.jpg 1 24 84 99 99
0735_0057_0083_0067_0067.jpg 1 57 83 67 67
0736_0057_0068_0120_0120.jpg 1 57 68 120 120
0737_0064_0016_0080_0080.jpg 1 64 16 80 80
0738_0093_0035_0090_0090.jpg 1 93 35 90 90
0739_0013_0028_0136_0136.jpg 1 13 28 136 136
0740_0102_0100_0072_0072.jpg 1 102 100 72 72
0741_0025_0032_0062_0062.jpg 1 25 32 62 62
0742_0020_0044_0049_0049.jpg 1 20 44 49 49
0743_0116_0119_0055_0055.jpg 1 116 119 55 55
0744_0035_0014_0103_0103.jpg 1 35 14 103 103
0745_0087_0059_0097_0097.jpg 1 87 59 97 97
0746_0007_0015_0132_0132.jpg 1 7 15 132 132
0747_0069_0029_0100_0100.jpg 1 69 29 100 100
0748_0072_0066_0040_0040.jpg 1 72 66 40 40
0749_0053_0063_0116_0116.jpg 1 53 63 116 116
0750_0101_0058_0081_0081.jpg 1 101 58 81 81
0751_0017_0086_0092_0092.jpg 1 17 86 92 92
0752_0051_0102_0043_0043.jpg 1 51 102 43 43
0753_0065_0009_0113_0113.jpg 1 65 9 113 113
0754_0142_0056_0028_0028.jpg 1 142 56 28 28
0755_0027_0051_0138_0138.jpg 1 27 51 138 138
0756_0020_0063_0102_0102.jpg 1 20 63 102 102
0757_0064_0041_0114_0114.jpg 1 64 41 114 114
0758_0037_0046_0031_0031.jpg 1 37 46 31 31
0759_0093_0073_0054_0054.jpg 1 93 73 54 54
0760_0061_0009_0121_0121.jpg 1 61 9 121 121
0761_0017_0057_0118_0118.jpg 1 17 57 118 118
0762_0045_0022_0118_0118.jpg 1 45 22 118 118
0763_0080_0012_0077_0077.jpg 1 80 12 77 77
0764_0023_0050_0094_0094.jpg 1 23 50 94 94
0765_0028_0049_0037_0037.jpg 1 28 49 37 37
0766_0030_0028_0138_0138.jpg 1 30 28 138 138
0767_0030_0055_0123_0123.jpg 1 30 55 123 123
0768_0084_0051_0071_0071.jpg 1 84 51 71 71
0769_0085_0033_0094_0094.jpg 1 85 33 94 94
0770_0032_0051_0122_0122.jpg 1 32 51 122 122
0771_0075_0059_0094_0094.jpg 1 75 59 94 94
0772_0092_0132_0048_0048.jpg 1 92 132 48 48
0773_0064_0102_0072_0072.jpg 1 64 102 72 72
0774_0081_0133_0035_0035.jpg 1 81 133 35 35
0775_0052_0041_0138_0138.jpg 1 52 41 138 138
0776_0008_0026_0126_0126.jpg 1 8 26 126 126
0777_0048_0116_0024_0024.jpg 1 48 116 24 24
0778_0046_0079_0085_0085.jpg 1 46 79 85 85
0779_0056_0046_0036_0036.jpg 1 56 46 36 36
0780_0068_0014_0102_0102.jpg 1 68 14 102 102
0781_0067_0016_0068_0068.jpg 1 67 16 68 68
0782_0029_0086_0030_0030.jpg 1 29 86 30 30
0783_0025_0050_0053_0053.jpg 1 25 50 53 53
0784_0096_0103_0051_0051.jpg 1 96 103 51 51
0785_0094_0137_0044_0044.jpg 1 94 137 44 44
0786_0029_0042_0062_0062.jpg 1 29 42 62 62
0787_0026_0056_0134_0134.jpg 1 26 56 134 134
0788_0040_0032_0122_0122.jpg 1 40 32 122 122
0789_0019_0051_0115_0115.jpg 1 19 51 115 115
0790_0099_0060_0084_0084.jpg 1 99 60 84 84
0791_0056_0042_0100_0100.jpg 1 56 42 100 100
0792_0038_0091_0056_0056.jpg 1 38 91 56 56
0793_0063_0021_0070_0070.jpg 1 63 21 70 70
0794_0063_0091_0060_0060.jpg 1 63 91 60 60
0795_0068_0087_0025_0025.jpg 1 68 87 25 25
0796_0036_0056_0135_0135.jpg 1 36 56 135 135
0797_0044_0031_0060_0060.jpg 1 44 31 60 60
0798_0054_0081_0085_0085.jpg 1 54 81 85 85
0799_0023_0056_0117_0117.jpg 1 23 56 117 117
0800_0045_0061_0108_0108.jpg 1 45 61 108 108
0801_0110_0118_0058_0058.jpg 1 110 118 58 58
0802_0037_0059_0120_0120.jpg 1 37 59 120 120
0803_0085_0057_0070_0070.jpg 1 85 57 70 70
0804_0065_0064_0117_0117.jpg 1 65 64 117 117
0805_0058_0078_0041_0041.jpg 1 58 78 41 41
0806_0022_0126_0027_0027.jpg 1 22 126 27 27
0807_0118_0033_0048_0048.jpg 1 118 33 48 48
0808_0044_0014_0096_0096.jpg 1 44 14 96 96
0809_0016_0055_0132_0132.jpg 1 16 55 132 132
0810_0073_0024_0110_0110.jpg 1 73 24 110 110
0811_0048_0030_0120_0120.jpg 1 48 30 120 120
0812_0022_0085_0082_0082.jpg 1 22 85 82 82
0813_0054_0070_0072_0072.jpg 1 54 70 72 72
0814_0077_0060_0114_0114.jpg 1 77 60 114 114
0815_0080_0025_0051_0051.jpg 1 80 25 51 51
0816_0079_0036_0107_0107.jpg 1 79 36 107 107
0817_0104_0085_0068_0068.jpg 1 104 85 68 68
0818_0060_0086_0097_0097.jpg 1 60 86 97 97
0819_0067_0061_0124_0124.jpg 1 67 61 124 124
0820_0016_0087_0044_0044.jpg 1 16 87 44 44
0821_0063_0014_0069_0069.jpg 1 63 14 69 69
0822_0041_0035_0120_0120.jpg 1 41 35 120 120
0823_0053_0008_0136_0136.jpg 1 53 8 136 136
0824_0099_0119_0029_0029.jpg 1 99 119 29 29
0825_0049_0113_0052_0052.jpg 1 49 113 52 52
0826_0036_0011_0122_0122.jpg 1 36 11 122 122
0827_0109_0100_0038_0038.jpg 1 109 100 38 38
0828_0073_0029_0113_0113.jpg 1 73 29 113 113
0829_0044_0067_0111_0111.jpg 1 44 67 111 111
0830_0103_0108_0074_0074.jpg 1 103 108 74 74
0831_0053_0011_0123_0123.jpg 1 53 11 123 123
0832_0100_0039_0061_0061.jpg 1 100 39 61 61
0833_0117_0111_0047_0047.jpg 1 117 111 47 47
0834_0112_0036_0073_0073.jpg 1 112 36 73 73
0835_0082_0051_0040_0040.jpg 1 82 51 40 40
0836_0065_0078_0043_0043.jpg 1 65 78 43 43
0837_0029_0031_0136_0136.jpg 1 29 31 136 136
0838_0027_0045_0110_0110.jpg 1 27 45 110 110
0839_0064_0138_0044_0044.jpg 1 64 138 44 44
0840_0101_0082_0073_0073.jpg 1 101 82 73 73
0841_0048_0131_0043_0043.jpg 1 48 131 43 43
0842_0093_0129_0029_0029.jpg 1 93 129 29 29
0843_0060_0057_0071_0071.jpg 1 60 57 71 71
0844_0028_0079_0111_0111.jpg 1 28 79 111 111
0845_0019_0046_0093_0093.jpg 1 19 46 93 93
0846_0007_0037_0129_0129.jpg 1 7 37 129 129
0847_0091_0095_0028_0028.jpg 1 91 95 28 28
0848_0032_0010_0106_0106.jpg 1 32 10 106 106
0849_0054_0011_0106_0106.jpg 1 54 11 106 106
0850_0108_0051_0055_0055.jpg 1 108 51 55 55
0851_0111_0075_0026_0026.jpg 1 111 75 26 26
0852_0055_0029_0058_0058.jpg 1 55 29 58 58
0853_0051_0036_0119_0119.jpg 1 51 36 119 119
0854_0043_0032_0079_0079.jpg 1 43 32 79 79
0855_0073_0041_0090_0090.jpg 1 73 41 90 90
0856_0123_0081_0035_0035.jpg 1 123 81 35 35
0857_0125_0106_0044_0044.jpg 1 125 106 44 44
0858_0023_0010_0106_0106.jpg 1 23 10 106 106
0859_0121_0134_0038_0038.jpg 1 121 134 38 38
0860_0061_0043_0065_0065.jpg 1 61 43 65 65
0861_0093_0112_0050_0050.jpg 1 93 112 50 50
0862_0087_0061_0034_0034.jpg 1 87 61 34 34
0863_0019_0040_0067_0067.jpg 1 19 40 67 67
0864_0120_0058_0062_0062.jpg 1 120 58 62 62
0865_0032_0032_0138_0138.jpg 1 32 32 138 138
0866_0060_0099_0057_0057.jpg 1 60 99 57 57
0867_0100_0112_0066_0066.jpg 1 100 112 66 66
0868_0060_0034_0115_0115.jpg 1 60 34 115 115
0869_0058_0061_0077_0077.jpg 1 58 61 77 77
0870_0075_0016_0051_0051.jpg 1 75 16 51 51
0871_0059_0062_0047_0047.jpg 1 59 62 47 47
0872_0012_0074_0078_0078.jpg 1 12 74 78 78
0873_0087_0093_0087_0087.jpg 1 87 93 87 87
0874_0028_0106_0042_0042.jpg 1 28 106 42 42
0875_0042_0012_0127_0127.jpg 1 42 12 127 127
0876_0019_0011_0090_0090.jpg 1 19 11 90 90
0877_0056_0019_0100_0100.jpg 1 56 19 100 100
0878_0086_0061_0044_0044.jpg 1 86 61 44 44
0879_0034_0111_0050_0050.jpg 1 34 111 50 50
0880_0089_0082_0089_0089.jpg 1 89 82 89 89
0881_0085_0046_0055_0055.jpg 1 85 46 55 55
0882_0052_0064_0076_0076.jpg 1 52 64 76 76
0883_0036_0030_0073_0073.jpg 1 36 30 73 73
0884_0132_0044_0044_0044.jpg 1 132 44 44 44
0885_0058_0043_0131_0131.jpg 1 58 43 131 131
0886_0095_0031_0066_0066.jpg 1 95 31 66 66
0887_0035_0099_0060_0060.jpg 1 35 99 60 60
0888_0039_0039_0134_0134.jpg 1 39 39 134 134
0889_0061_0034_0116_0116.jpg 1 61 34 116 116
0890_0019_0119_0051_0051.jpg 1 19 119 51 51
0891_0068_0115_0050_0050.jpg 1 68 115 50 50
0892_0047_0022_0121_0121.jpg 1 47 22 121 121
0893_0029_0035_0138_0138.jpg 1 29 35 138 138
0894_0076_0108_0057_0057.jpg 1 76 108 57 57
0895_0086_0119_0056_0056.jpg 1 86 119 56 56
0896_0028_0028_0139_0139.jpg 1 28 28 139 139
0897_0072_0074_0104_0104.jpg 1 72 74 104 104
0898_0052_0057_0077_0077.jpg 1 52 57 77 77
0899_0013_0038_0129_0129.jpg 1 13 38 129 129
0900_0035_0046_0054_0054.jpg 1 35 46 54 54
0901_0017_0067_0105_0105.jpg 1 17 67 105 105
0902_0056_0066_0113_0113.jpg 1 56 66 113 113
0903_0055_0022_0114_0114.jpg 1 55 22 114 114
0904_0074_0050_0098_0098.jpg 1 74 50 98 98
0905_0038_0041_0116_0116.jpg 1 38 41 116 116
0906_0062_0060_0063_0063.jpg 1 62 60 63 63
0907_0045_0007_0139_0139.jpg 1 45 7 139 139
0908_0020_0038_0138_0138.jpg 1 20 38 138 138
0909_0017_0106_0067_0067.jpg 1 17 106 67 67
0910_0089_0124_0049_0049.jpg 1 89 124 49 49
0911_0046_0059_0108_0108.jpg 1 46 59 108 108
0912_0110_0078_0024_0024.jpg 1 110 78 24 24
0913_0011_0083_0085_0085.jpg 1 11 83 85 85
0914_0034_0027_0117_0117.jpg 1 34 27 117 117
0915_0047_0039_0112_0112.jpg 1 47 39 112 112
0916_0077_0109_0036_0036.jpg 1 77 109 36 36
0917_0026_0097_0068_0068.jpg 1 26 97 68 68
0918_0035_0062_0102_0102.jpg 1 35 62 102 102
0919_0092_0123_0026_0026.jpg 1 92 123 26 26
0920_0058_0026_0062_0062.jpg 1 58 26 62 62
0921_0073_0069_0026_0026.jpg 1 73 69 26 26
0922_0034_0070_0113_0113.jpg 1 34 70 113 113
0923_0030_0022_0076_0076.jpg 1 30 22 76 76
0924_0011_0019_0106_0106.jpg 1 11 19 106 106
0925_0096_0023_0046_0046.jpg 1 96 23 46 46
0926_0036_0072_0028_0028.jpg 1 36 72 28 28
0927_0127_0033_0038_0038.jpg 1 127 33 38 38
0928_0033_0066_0089_0089.jpg 1 33 66 89 89
0929_0085_0053_0082_0082.jpg 1 85 53 82 82
0930_0013_0087_0095_0095.jpg 1 13 87 95 95
0931_0082_0052_0102_0102.jpg 1 82 52 102 102
0932_0028_0011_0123_0123.jpg 1 28 11 123 123
0933_0098_0051_0087_0087.jpg 1 98 51 87 87
0934_0054_0070_0046_0046.jpg 1 54 70 46 46
0935_0039_0037_0134_0134.jpg 1 39 37 134 134
0936_0080_0048_0096_0096.jpg 1 80 48 96 96
0937_0036_0045_0127_0127.jpg 1 36 45 127 127
0938_0023_0036_0113_0113.jpg 1 23 36 113 113
0939_0074_0054_0061_0061.jpg 1 74 54 61 61
0940_0057_0107_0046_0046.jpg 1 57 107 46 46
0941_0141_0149_0025_0025.jpg 1 141 149 25 25
0942_0053_0072_0041_0041.jpg 1 53 72 41 41
0943_0042_0084_0027_0027.jpg 1 42 84 27 27
0944_0053_0083_0040_0040.jpg 1 53 83 40 40
0945_0063_0061_0038_0038.jpg 1 63 61 38 38
0946_0134_0092_0036_0036.jpg 1 134 92 36 36
0947_0035_0052_0133_0133.jpg 1 35 52 133 133
0948_0107_0129_0050_0050.jpg 1 107 129 50 50
0949_0056_0067_0112_0112.jpg 1 56 67 112 112
0950_0097_0078_0074_0074.jpg 1 97 78 74 74
0951_0049_0058_0042_0042.jpg 1 49 58 42 42
0952_0032_0060_0116_0116.jpg 1 32 60 116 116
0953_0072_0024_0078_0078.jpg 1 72 24 78 78
0954_0045_0093_0055_0055.jpg 1 45 93 55 55
0955_0022_0077_0088_0088.jpg 1 22 77 88 88
0956_0087_0083_0095_0095.jpg 1 87 83 95 95
0957_0072_0079_0078_0078.jpg 1 72 79 78 78
0958_0088_0095_0080_0080.jpg 1 88 95 80 80
0959_0037_0026_0043_0043.jpg 1 37 26 43 43
0960_0108_0104_0068_0068.jpg 1 108 104 68 68
0961_0066_0086_0042_0042.jpg 1 66 86 42 42
0962_0075_0032_0114_0114.jpg 1 75 32 114 114
0963_0047_0097_0078_0078.jpg 1 47 97 78 78
0964_0084_0072_0102_0102.jpg 1 84 72 102 102
0965_0048_0026_0108_0108.jpg 1 48 26 108 108
0966_0052_0085_0071_0071.jpg 1 52 85 71 71
0967_0088_0088_0065_0065.jpg 1 88 88 65 65
0968_0062_0077_0070_0070.jpg 1 62 77 70 70
0969_0068_0058_0097_0097.jpg 1 68 58 97 97
0970_0074_0139_0029_0029.jpg 1 74 139 29 29
0971_0064_0086_0063_0063.jpg 1 64 86 63 63
0972_0021_0020_0045_0045.jpg 1 21 20 45 45
0973_0015_0033_0099_0099.jpg 1 15 33 99 99
0974_0100_0077_0077_0077.jpg 1 100 77 77 77
0975_0040_0013_0065_0065.jpg 1 40 13 65 65
0976_0064_0026_0102_0102.jpg 1 64 26 102 102
0977_0043_0068_0079_0079.jpg 1 43 68 79 79
0978_0078_0016_0106_0106.jpg 1 78 16 106 106
0979_0046_0102_0047_0047.jpg 1 46 102 47 47
0980_0071_0095_0093_0093.jpg 1 71 95 93 93
0981_0027_0011_0102_0102.jpg 1 27 11 102 102
0982_0016_0091_0053_0053.jpg 1 16 91 53 53
0983_0081_0029_0095_0095.jpg 1 81 29 95 95
0984_0047_0012_0121_0121.jpg 1 47 12 121 121
0985_0091_0038_0024_0024.jpg 1 91 38 24 24
0986_0091_0040_0056_0056.jpg 1 91 40 56 56
0987_0045_0044_0097_0097.jpg 1 45 44 97 97
0988_0017_0101_0080_0080.jpg 1 17 101 80 80
0989_0108_0107_0066_0066.jpg 1 108 107 66 66
0990_0138_0128_0037_0037.jpg 1 138 128 37 37
0991_0042_0052_0125_0125.jpg 1 42 52 125 125
0992_0056_0051_0132_0132.jpg 1 56 51 132 132
0993_0068_0067_0065_0065.jpg 1 68 67 65 65
0994_0076_0123_0061_0061.jpg 1 76 123 61 61
0995_0056_0039_0024_0024.jpg 1 56 39 24 24
