0001_0051_0047_0125_0125.jpg 1 51 47 125 125
0002_0050_0060_0126_0126.jpg 1 50 60 126 126
0003_0054_0059_0069_0069.jpg 1 54 59 69 69
0004_0014_0025_0135_0135.jpg 1 14 25 135 135
0005_0070_0024_0105_0105.jpg 1 70 24 105 105
0006_0095_0138_0044_0044.jpg 1 95 138 44 44
0007_0124_0084_0046_0046.jpg 1 124 84 46 46
0008_0037_0041_0113_0113.jpg 1 37 41 113 113
0009_0052_0022_0120_0120.jpg 1 52 22 120 120
0010_0039_0022_0065_0065.jpg 1 39 22 65 65
0011_0097_0024_0077_0077.jpg 1 97 24 77 77
0012_0057_0055_0126_0126.jpg 1 57 55 126 126
0013_0081_0043_0035_0035.jpg 1 81 43 35 35
0014_0108_0051_0066_0066.jpg 1 108 51 66 66
0015_0054_0093_0026_0026.jpg 1 54 93 26 26
0016_0070_0103_0043_0043.jpg 1 70 103 43 43
0017_0094_0132_0046_0046.jpg 1 94 132 46 46
0018_0110_0031_0043_0043.jpg 1 110 31 43 43
0019_0021_0117_0062_0062.jpg 1 21 117 62 62
0020_0105_0073_0066_0066.jpg 1 105 73 66 66
0021_0052_0142_0032_0032.jpg 1 52 142 32 32
0022_0034_0022_0058_0058.jpg 1 34 22 58 58
0023_0031_0016_0123_0123.jpg 1 31 16 123 123
0024_0044_0063_0036_0036.jpg 1 44 63 36 36
0025_0072_0056_0062_0062.jpg 1 72 56 62 62
0026_0143_0026_0036_0036.jpg 1 143 26 36 36
0027_0010_0023_0128_0128.jpg 1 10 23 128 128
0028_0070_0019_0112_0112.jpg 1 70 19 112 112
0029_0034_0014_0130_0130.jpg 1 34 14 130 130
0030_0113_0077_0050_0050.jpg 1 113 77 50 50
0031_0036_0052_0065_0065.jpg 1 36 52 65 65
0032_0012_0059_0132_0132.jpg 1 12 59 132 132
0033_0044_0025_0115_0115.jpg 1 44 25 115 115
0034_0092_0093_0088_0088.jpg 1 92 93 88 88
0035_0078_0020_0065_0065.jpg 1 78 20 65 65
0036_0037_0020_0061_0061.jpg 1 37 20 61 61
0037_0064_0037_0054_0054.jpg 1 64 37 54 54
0038_0077_0037_0077_0077.jpg 1 77 37 77 77
0039_0012_0054_0124_0124.jpg 1 12 54 124 124
0040_0109_0093_0077_0077.jpg 1 109 93 77 77
0041_0010_0044_0126_0126.jpg 1 10 44 126 126
0042_0104_0042_0067_0067.jpg 1 104 42 67 67
0043_0026_0049_0134_0134.jpg 1 26 49 134 134
0044_0046_0018_0129_0129.jpg 1 46 18 129 129
0045_0024_0063_0111_0111.jpg 1 24 63 111 111
0046_0045_0023_0117_0117.jpg 1 45 23 117 117
0047_0065_0046_0087_0087.jpg 1 65 46 87 87
0048_0023_0094_0080_0080.jpg 1 23 94 80 80
0049_0034_0022_0066_0066.jpg 1 34 22 66 66
0050_0073_0010_0101_0101.jpg 1 73 10 101 101
0051_0026_0021_0124_0124.jpg 1 26 21 124 124
0052_0066_0050_0107_0107.jpg 1 66 50 107 107
0053_0036_0069_0115_0115.jpg 1 36 69 115 115
0054_0043_0036_0139_0139.jpg 1 43 36 139 139
0055_0037_0058_0120_0120.jpg 1 37 58 120 120
0056_0137_0078_0029_0029.jpg 1 137 78 29 29
0057_0023_0077_0061_0061.jpg 1 23 77 61 61
0058_0082_0018_0108_0108.jpg 1 82 18 108 108
0059_0059_0018_0059_0059.jpg 1 59 18 59 59
0060_0035_0041_0093_0093.jpg 1 35 41 93 93
0061_0097_0106_0054_0054.jpg 1 97 106 54 54
0062_0047_0115_0063_0063.jpg 1 47 115 63 63
0063_0075_0063_0080_0080.jpg 1 75 63 80 80
0064_0061_0050_0082_0082.jpg 1 61 50 82 82
0065_0009_0032_0111_0111.jpg 1 9 32 111 111
0066_0087_0056_0097_0097.jpg 1 87 56 97 97
0067_0097_0055_0033_0033.jpg 1 97 55 33 33
0068_0106_0114_0062_0062.jpg 1 106 114 62 62
0069_0033_0024_0110_0110.jpg 1 33 24 110 110
0070_0012_0011_0091_0091.jpg 1 12 11 91 91
0071_0104_0084_0079_0079.jpg 1 104 84 79 79
0072_0019_0087_0092_0092.jpg 1 19 87 92 92
0073_0018_0017_0069_0069.jpg 1 18 17 69 69
0074_0088_0015_0068_0068.jpg 1 88 15 68 68
0075_0031_0073_0114_0114.jpg 1 31 73 114 114
0076_0079_0065_0092_0092.jpg 1 79 65 92 92
0077_0050_0092_0080_0080.jpg 1 50 92 80 80
0078_0056_0072_0105_0105.jpg 1 56 72 105 105
0079_0022_0053_0051_0051.jpg 1 22 53 51 51
0080_0048_0051_0113_0113.jpg 1 48 51 113 113
0081_0024_0041_0128_0128.jpg 1 24 41 128 128
0082_0057_0014_0116_0116.jpg 1 57 14 116 116
0083_0045_0124_0054_0054.jpg 1 45 124 54 54
0084_0083_0034_0059_0059.jpg 1 83 34 59 59
0085_0046_0036_0128_0128.jpg 1 46 36 128 128
0086_0085_0099_0089_0089.jpg 1 85 99 89 89
0087_0139_0116_0032_0032.jpg 1 139 116 32 32
0088_0032_0037_0055_0055.jpg 1 32 37 55 55
0089_0030_0107_0057_0057.jpg 1 30 107 57 57
0090_0081_0058_0106_0106.jpg 1 81 58 106 106
0091_0071_0084_0069_0069.jpg 1 71 84 69 69
0092_0114_0093_0052_0052.jpg 1 114 93 52 52
0093_0039_0045_0129_0129.jpg 1 39 45 129 129
0094_0048_0080_0080_0080.jpg 1 48 80 80 80
0095_0070_0025_0042_0042.jpg 1 70 25 42 42
0096_0049_0018_0060_0060.jpg 1 49 18 60 60
0097_0082_0035_0070_0070.jpg 1 82 35 70 70
0098_0011_0050_0111_0111.jpg 1 11 50 111 111
0099_0049_0064_0098_0098.jpg 1 49 64 98 98
0100_0083_0097_0030_0030.jpg 1 83 97 30 30
0101_0045_0047_0072_0072.jpg 1 45 47 72 72
0102_0046_0025_0036_0036.jpg 1 46 25 36 36
0103_0120_0139_0026_0026.jpg 1 120 139 26 26
0104_0030_0105_0067_0067.jpg 1 30 105 67 67
0105_0054_0054_0132_0132.jpg 1 54 54 132 132
0106_0018_0036_0104_0104.jpg 1 18 36 104 104
0107_0013_0041_0073_0073.jpg 1 13 41 73 73
0108_0098_0077_0084_0084.jpg 1 98 77 84 84
0109_0042_0040_0101_0101.jpg 1 42 40 101 101
0110_0075_0067_0104_0104.jpg 1 75 67 104 104
0111_0054_0039_0129_0129.jpg 1 54 39 129 129
0112_0091_0046_0096_0096.jpg 1 91 46 96 96
0113_0078_0025_0028_0028.jpg 1 78 25 28 28
0114_0027_0029_0133_0133.jpg 1 27 29 133 133
0115_0046_0051_0107_0107.jpg 1 46 51 107 107
0116_0020_0041_0036_0036.jpg 1 20 41 36 36
0117_0018_0022_0131_0131.jpg 1 18 22 131 131
0118_0022_0022_0032_0032.jpg 1 22 22 32 32
0119_0043_0097_0057_0057.jpg 1 43 97 57 57
0120_0009_0013_0109_0109.jpg 1 9 13 109 109
0121_0022_0021_0134_0134.jpg 1 22 21 134 134
0122_0082_0037_0026_0026.jpg 1 82 37 26 26
0123_0065_0056_0063_0063.jpg 1 65 56 63 63
0124_0060_0078_0102_0102.jpg 1 60 78 102 102
0125_0129_0134_0044_0044.jpg 1 129 134 44 44
0126_0094_0029_0085_0085.jpg 1 94 29 85 85
0127_0013_0052_0099_0099.jpg 1 13 52 99 99
0128_0098_0092_0047_0047.jpg 1 98 92 47 47
0129_0052_0026_0136_0136.jpg 1 52 26 136 136
0130_0029_0053_0135_0135.jpg 1 29 53 135 135
0131_0052_0008_0124_0124.jpg 1 52 8 124 124
0132_0020_0024_0137_0137.jpg 1 20 24 137 137
0133_0067_0038_0098_0098.jpg 1 67 38 98 98
0134_0025_0075_0105_0105.jpg 1 25 75 105 105
0135_0038_0010_0116_0116.jpg 1 38 10 116 116
0136_0022_0050_0109_0109.jpg 1 22 50 109 109
0137_0144_0041_0037_0037.jpg 1 144 41 37 37
0138_0024_0043_0135_0135.jpg 1 24 43 135 135
0139_0031_0027_0124_0124.jpg 1 31 27 124 124
0140_0134_0090_0026_0026.jpg 1 134 90 26 26
0141_0071_0067_0116_0116.jpg 1 71 67 116 116
0142_0018_0030_0129_0129.jpg 1 18 30 129 129
0143_0008_0042_0128_0128.jpg 1 8 42 128 128
0144_0068_0090_0090_0090.jpg 1 68 90 90 90
0145_0028_0035_0135_0135.jpg 1 28 35 135 135
0146_0068_0016_0123_0123.jpg 1 68 16 123 123
0147_0035_0053_0069_0069.jpg 1 35 53 69 69
0148_0018_0013_0114_0114.jpg 1 18 13 114 114
0149_0070_0115_0055_0055.jpg 1 70 115 55 55
0150_0111_0086_0053_0053.jpg 1 111 86 53 53
0151_0082_0074_0052_0052.jpg 1 82 74 52 52
0152_0025_0052_0089_0089.jpg 1 25 52 89 89
0153_0071_0048_0119_0119.jpg 1 71 48 119 119
0154_0034_0063_0120_0120.jpg 1 34 63 120 120
0155_0144_0100_0037_0037.jpg 1 144 100 37 37
0156_0109_0081_0048_0048.jpg 1 109 81 48 48
0157_0012_0020_0123_0123.jpg 1 12 20 123 123
0158_0017_0109_0059_0059.jpg 1 17 109 59 59
0159_0033_0083_0103_0103.jpg 1 33 83 103 103
0160_0062_0058_0106_0106.jpg 1 62 58 106 106
0161_0072_0130_0054_0054.jpg 1 72 130 54 54
0162_0071_0066_0118_0118.jpg 1 71 66 118 118
0163_0011_0068_0123_0123.jpg 1 11 68 123 123
0164_0094_0083_0065_0065.jpg 1 94 83 65 65
0165_0065_0071_0080_0080.jpg 1 65 71 80 80
0166_0046_0098_0065_0065.jpg 1 46 98 65 65
0167_0034_0058_0106_0106.jpg 1 34 58 106 106
0168_0045_0049_0067_0067.jpg 1 45 49 67 67
0169_0023_0008_0136_0136.jpg 1 23 8 136 136
0170_0046_0034_0103_0103.jpg 1 46 34 103 103
0171_0029_0038_0138_0138.jpg 1 29 38 138 138
0172_0024_0037_0116_0116.jpg 1 24 37 116 116
0173_0007_0007_0134_0134.jpg 1 7 7 134 134
0174_0041_0035_0077_0077.jpg 1 41 35 77 77
0175_0055_0024_0129_0129.jpg 1 55 24 129 129
0176_0040_0029_0075_0075.jpg 1 40 29 75 75
0177_0074_0039_0073_0073.jpg 1 74 39 73 73
0178_0088_0027_0036_0036.jpg 1 88 27 36 36
0179_0027_0031_0089_0089.jpg 1 27 31 89 89
0180_0026_0009_0134_0134.jpg 1 26 9 134 134
0181_0080_0061_0071_0071.jpg 1 80 61 71 71
0182_0010_0068_0117_0117.jpg 1 10 68 117 117
0183_0152_0121_0028_0028.jpg 1 152 121 28 28
0184_0094_0036_0077_0077.jpg 1 94 36 77 77
0185_0133_0044_0052_0052.jpg 1 133 44 52 52
0186_0066_0076_0114_0114.jpg 1 66 76 114 114
0187_0012_0059_0132_0132.jpg 1 12 59 132 132
0188_0069_0027_0104_0104.jpg 1 69 27 104 104
0189_0076_0027_0068_0068.jpg 1 76 27 68 68
0190_0121_0056_0051_0051.jpg 1 121 56 51 51
0191_0123_0057_0048_0048.jpg 1 123 57 48 48
0192_0029_0073_0117_0117.jpg 1 29 73 117 117
0193_0018_0024_0109_0109.jpg 1 18 24 109 109
0194_0118_0024_0029_0029.jpg 1 118 24 29 29
0195_0018_0089_0094_0094.jpg 1 18 89 94 94
0196_0093_0037_0047_0047.jpg 1 93 37 47 47
0197_0094_0061_0036_0036.jpg 1 94 61 36 36
0198_0032_0130_0049_0049.jpg 1 32 130 49 49
0199_0060_0066_0114_0114.jpg 1 60 66 114 114
0200_0059_0009_0114_0114.jpg 1 59 9 114 114
0201_0047_0016_0076_0076.jpg 1 47 16 76 76
0202_0037_0052_0075_0075.jpg 1 37 52 75 75
0203_0030_0106_0050_0050.jpg 1 30 106 50 50
0204_0084_0036_0031_0031.jpg 1 84 36 31 31
0205_0063_0074_0029_0029.jpg 1 63 74 29 29
0206_0079_0108_0043_0043.jpg 1 79 108 43 43
0207_0039_0033_0086_0086.jpg 1 39 33 86 86
0208_0058_0112_0036_0036.jpg 1 58 112 36 36
0209_0010_0028_0104_0104.jpg 1 10 28 104 104
0210_0078_0041_0033_0033.jpg 1 78 41 33 33
0211_0018_0057_0024_0024.jpg 1 18 57 24 24
0212_0072_0091_0096_0096.jpg 1 72 91 96 96
0213_0058_0034_0112_0112.jpg 1 58 34 112 112
0214_0133_0100_0040_0040.jpg 1 133 100 40 40
0215_0024_0027_0128_0128.jpg 1 24 27 128 128
0216_0034_0089_0100_0100.jpg 1 34 89 100 100
0217_0133_0084_0024_0024.jpg 1 133 84 24 24
0218_0016_0019_0041_0041.jpg 1 16 19 41 41
0219_0011_0027_0130_0130.jpg 1 11 27 130 130
0220_0141_0094_0037_0037.jpg 1 141 94 37 37
0221_0082_0011_0090_0090.jpg 1 82 11 90 90
0222_0059_0074_0089_0089.jpg 1 59 74 89 89
0223_0085_0060_0082_0082.jpg 1 85 60 82 82
0224_0135_0070_0033_0033.jpg 1 135 70 33 33
0225_0097_0096_0056_0056.jpg 1 97 96 56 56
0226_0027_0010_0122_0122.jpg 1 27 10 122 122
0227_0072_0011_0089_0089.jpg 1 72 11 89 89
0228_0040_0127_0042_0042.jpg 1 40 127 42 42
0229_0060_0028_0119_0119.jpg 1 60 28 119 119
0230_0095_0126_0031_0031.jpg 1 95 126 31 31
0231_0047_0015_0135_0135.jpg 1 47 15 135 135
0232_0087_0014_0083_0083.jpg 1 87 14 83 83
0233_0086_0064_0068_0068.jpg 1 86 64 68 68
0234_0020_0048_0101_0101.jpg 1 20 48 101 101
0235_0084_0065_0058_0058.jpg 1 84 65 58 58
0236_0100_0121_0056_0056.jpg 1 100 121 56 56
0237_0088_0097_0072_0072.jpg 1 88 97 72 72
0238_0079_0071_0074_0074.jpg 1 79 71 74 74
0239_0067_0045_0081_0081.jpg 1 67 45 81 81
0240_0074_0130_0035_0035.jpg 1 74 130 35 35
0241_0029_0030_0087_0087.jpg 1 29 30 87 87
0242_0138_0047_0032_0032.jpg 1 138 47 32 32
0243_0044_0030_0055_0055.jpg 1 44 30 55 55
0244_0081_0021_0030_0030.jpg 1 81 21 30 30
0245_0067_0047_0105_0105.jpg 1 67 47 105 105
0246_0048_0056_0113_0113.jpg 1 48 56 113 113
0247_0137_0039_0036_0036.jpg 1 137 39 36 36
0248_0075_0078_0057_0057.jpg 1 75 78 57 57
0249_0025_0054_0117_0117.jpg 1 25 54 117 117
0250_0064_0017_0124_0124.jpg 1 64 17 124 124
0251_0052_0027_0131_0131.jpg 1 52 27 131 131
0252_0084_0085_0085_0085.jpg 1 84 85 85 85
0253_0041_0019_0139_0139.jpg 1 41 19 139 139
0254_0059_0039_0125_0125.jpg 1 59 39 125 125
0255_0042_0068_0122_0122.jpg 1 42 68 122 122
0256_0018_0041_0112_0112.jpg 1 18 41 112 112
0257_0115_0096_0037_0037.jpg 1 115 96 37 37
0258_0058_0052_0059_0059.jpg 1 58 52 59 59
0259_0063_0045_0120_0120.jpg 1 63 45 120 120
0260_0030_0088_0088_0088.jpg 1 30 88 88 88
0261_0093_0115_0058_0058.jpg 1 93 115 58 58
0262_0016_0124_0043_0043.jpg 1 16 124 43 43
0263_0109_0039_0044_0044.jpg 1 109 39 44 44
0264_0103_0083_0054_0054.jpg 1 103 83 54 54
0265_0042_0054_0054_0054.jpg 1 42 54 54 54
0266_0034_0134_0033_0033.jpg 1 34 134 33 33
0267_0028_0023_0117_0117.jpg 1 28 23 117 117
0268_0024_0038_0090_0090.jpg 1 24 38 90 90
0269_0084_0103_0069_0069.jpg 1 84 103 69 69
0270_0121_0099_0028_0028.jpg 1 121 99 28 28
0271_0025_0086_0038_0038.jpg 1 25 86 38 38
0272_0043_0062_0119_0119.jpg 1 43 62 119 119
0273_0021_0050_0131_0131.jpg 1 21 50 131 131
0274_0020_0022_0075_0075.jpg 1 20 22 75 75
0275_0028_0033_0108_0108.jpg 1 28 33 108 108
0276_0044_0043_0105_0105.jpg 1 44 43 105 105
0277_0032_0042_0128_0128.jpg 1 32 42 128 128
0278_0053_0040_0034_0034.jpg 1 53 40 34 34
0279_0024_0075_0100_0100.jpg 1 24 75 100 100
0280_0095_0097_0087_0087.jpg 1 95 97 87 87
0281_0038_0025_0115_0115.jpg 1 38 25 115 115
0282_0068_0055_0122_0122.jpg 1 68 55 122 122
0283_0014_0053_0124_0124.jpg 1 14 53 124 124
0284_0107_0028_0031_0031.jpg 1 107 28 31 31
0285_0023_0023_0118_0118.jpg 1 23 23 118 118
0286_0021_0012_0116_0116.jpg 1 21 12 116 116
0287_0045_0089_0097_0097.jpg 1 45 89 97 97
0288_0098_0048_0037_0037.jpg 1 98 48 37 37
0289_0071_0102_0039_0039.jpg 1 71 102 39 39
0290_0024_0079_0057_0057.jpg 1 24 79 57 57
0291_0079_0036_0067_0067.jpg 1 79 36 67 67
0292_0030_0047_0130_0130.jpg 1 30 47 130 130
0293_0048_0069_0049_0049.jpg 1 48 69 49 49
0294_0081_0044_0061_0061.jpg 1 81 44 61 61
0295_0013_0069_0112_0112.jpg 1 13 69 112 112
0296_0083_0064_0087_0087.jpg 1 83 64 87 87
0297_0023_0026_0119_0119.jpg 1 23 26 119 119
0298_0045_0017_0133_0133.jpg 1 45 17 133 133
0299_0079_0083_0056_0056.jpg 1 79 83 56 56
0300_0028_0083_0081_0081.jpg 1 28 83 81 81
0301_0090_0033_0078_0078.jpg 1 90 33 78 78
0302_0067_0071_0033_0033.jpg 1 67 71 33 33
0303_0087_0071_0054_0054.jpg 1 87 71 54 54
0304_0077_0097_0045_0045.jpg 1 77 97 45 45
0305_0022_0050_0075_0075.jpg 1 22 50 75 75
0306_0044_0053_0086_0086.jpg 1 44 53 86 86
0307_0099_0066_0041_0041.jpg 1 99 66 41 41
0308_0068_0097_0049_0049.jpg 1 68 97 49 49
0309_0059_0069_0066_0066.jpg 1 59 69 66 66
0310_0090_0070_0076_0076.jpg 1 90 70 76 76
0311_0088_0030_0062_0062.jpg 1 88 30 62 62
0312_0099_0097_0086_0086.jpg 1 99 97 86 86
0313_0087_0070_0078_0078.jpg 1 87 70 78 78
0314_0031_0037_0052_0052.jpg 1 31 37 52 52
0315_0035_0006_0135_0135.jpg 1 35 6 135 135
0316_0036_0016_0127_0127.jpg 1 36 16 127 127
0317_0032_0024_0132_0132.jpg 1 32 24 132 132
0318_0103_0048_0057_0057.jpg 1 103 48 57 57
0319_0027_0053_0137_0137.jpg 1 27 53 137 137
0320_0015_0051_0093_0093.jpg 1 15 51 93 93
0321_0033_0044_0077_0077.jpg 1 33 44 77 77
0322_0122_0097_0042_0042.jpg 1 122 97 42 42
0323_0064_0011_0096_0096.jpg 1 64 11 96 96
0324_0037_0100_0048_0048.jpg 1 37 100 48 48
0325_0084_0106_0067_0067.jpg 1 84 106 67 67
0326_0056_0008_0120_0120.jpg 1 56 8 120 120
0327_0090_0058_0059_0059.jpg 1 90 58 59 59
0328_0085_0024_0101_0101.jpg 1 85 24 101 101
0329_0050_0079_0037_0037.jpg 1 50 79 37 37
0330_0101_0100_0054_0054.jpg 1 101 100 54 54
0331_0150_0091_0027_0027.jpg 1 150 91 27 27
0332_0062_0067_0118_0118.jpg 1 62 67 118 118
0333_0089_0016_0055_0055.jpg 1 89 16 55 55
0334_0081_0081_0046_0046.jpg 1 81 81 46 46
0335_0068_0034_0085_0085.jpg 1 68 34 85 85
0336_0076_0055_0100_0100.jpg 1 76 55 100 100
0337_0047_0063_0084_0084.jpg 1 47 63 84 84
0338_0091_0071_0092_0092.jpg 1 91 71 92 92
0339_0065_0059_0113_0113.jpg 1 65 59 113 113
0340_0009_0030_0118_0118.jpg 1 9 30 118 118
0341_0060_0095_0092_0092.jpg 1 60 95 92 92
0342_0061_0101_0066_0066.jpg 1 61 101 66 66
0343_0046_0094_0066_0066.jpg 1 46 94 66 66
0344_0029_0025_0065_0065.jpg 1 29 25 65 65
0345_0045_0062_0122_0122.jpg 1 45 62 122 122
0346_0015_0054_0135_0135.jpg 1 15 54 135 135
0347_0018_0071_0072_0072.jpg 1 18 71 72 72
0348_0059_0084_0102_0102.jpg 1 59 84 102 102
0349_0082_0048_0096_0096.jpg 1 82 48 96 96
0350_0107_0028_0079_0079.jpg 1 107 28 79 79
0351_0030_0028_0082_0082.jpg 1 30 28 82 82
0352_0088_0015_0096_0096.jpg 1 88 15 96 96
0353_0092_0083_0092_0092.jpg 1 92 83 92 92
0354_0048_0127_0055_0055.jpg 1 48 127 55 55
0355_0050_0008_0136_0136.jpg 1 50 8 136 136
0356_0022_0033_0078_0078.jpg 1 22 33 78 78
0357_0019_0076_0067_0067.jpg 1 19 76 67 67
0358_0029_0040_0132_0132.jpg 1 29 40 132 132
0359_0024_0041_0115_0115.jpg 1 24 41 115 115
0360_0017_0012_0128_0128.jpg 1 17 12 128 128
0361_0077_0052_0078_0078.jpg 1 77 52 78 78
0362_0104_0112_0060_0060.jpg 1 104 112 60 60
0363_0044_0058_0084_0084.jpg 1 44 58 84 84
0364_0076_0034_0032_0032.jpg 1 76 34 32 32
0365_0052_0059_0130_0130.jpg 1 52 59 130 130
0366_0087_0011_0103_0103.jpg 1 87 11 103 103
0367_0058_0099_0037_0037.jpg 1 58 99 37 37
0368_0008_0076_0114_0114.jpg 1 8 76 114 114
0369_0017_0011_0138_0138.jpg 1 17 11 138 138
0370_0063_0062_0125_0125.jpg 1 63 62 125 125
0371_0058_0034_0110_0110.jpg 1 58 34 110 110
0372_0032_0028_0093_0093.jpg 1 32 28 93 93
0373_0073_0023_0084_0084.jpg 1 73 23 84 84
0374_0088_0100_0087_0087.jpg 1 88 100 87 87
0375_0032_0026_0122_0122.jpg 1 32 26 122 122
0376_0024_0093_0049_0049.jpg 1 24 93 49 49
0377_0059_0048_0134_0134.jpg 1 59 48 134 134
0378_0050_0013_0133_0133.jpg 1 50 13 133 133
0379_0023_0125_0035_0035.jpg 1 23 125 35 35
0380_0098_0024_0067_0067.jpg 1 98 24 67 67
0381_0025_0024_0097_0097.jpg 1 25 24 97 97
0382_0032_0042_0039_0039.jpg 1 32 42 39 39
0383_0014_0058_0097_0097.jpg 1 14 58 97 97
0384_0080_0087_0050_0050.jpg 1 80 87 50 50
0385_0093_0095_0083_0083.jpg 1 93 95 83 83
0386_0057_0073_0029_0029.jpg 1 57 73 29 29
0387_0111_0106_0073_0073.jpg 1 111 106 73 73
0388_0076_0024_0105_0105.jpg 1 76 24 105 105
0389_0025_0087_0061_0061.jpg 1 25 87 61 61
0390_0044_0027_0138_0138.jpg 1 44 27 138 138
0391_0056_0096_0066_0066.jpg 1 56 96 66 66
0392_0032_0115_0029_0029.jpg 1 32 115 29 29
0393_0037_0057_0100_0100.jpg 1 37 57 100 100
0394_0041_0070_0106_0106.jpg 1 41 70 106 106
0395_0016_0040_0076_0076.jpg 1 16 40 76 76
0396_0090_0086_0085_0085.jpg 1 90 86 85 85
0397_0090_0086_0046_0046.jpg 1 90 86 46 46
0398_0021_0073_0096_0096.jpg 1 21 73 96 96
0399_0120_0072_0034_0034.jpg 1 120 72 34 34
0400_0066_0034_0083_0083.jpg 1 66 34 83 83
0401_0078_0122_0052_0052.jpg 1 78 122 52 52
0402_0011_0040_0123_0123.jpg 1 11 40 123 123
0403_0072_0036_0044_0044.jpg 1 72 36 44 44
0404_0106_0086_0077_0077.jpg 1 106 86 77 77
0405_0012_0033_0128_0128.jpg 1 12 33 128 128
0406_0051_0119_0048_0048.jpg 1 51 119 48 48
0407_0127_0056_0030_0030.jpg 1 127 56 30 30
0408_0038_0055_0043_0043.jpg 1 38 55 43 43
0409_0105_0056_0034_0034.jpg 1 105 56 34 34
0410_0040_0064_0119_0119.jpg 1 40 64 119 119
0411_0078_0029_0090_0090.jpg 1 78 29 90 90
0412_0028_0113_0039_0039.jpg 1 28 113 39 39
0413_0064_0036_0118_0118.jpg 1 64 36 118 118
0414_0118_0084_0061_0061.jpg 1 118 84 61 61
0415_0014_0036_0132_0132.jpg 1 14 36 132 132
0416_0059_0062_0032_0032.jpg 1 59 62 32 32
0417_0054_0089_0092_0092.jpg 1 54 89 92 92
0418_0076_0016_0060_0060.jpg 1 76 16 60 60
0419_0109_0077_0065_0065.jpg 1 109 77 65 65
0420_0023_0036_0134_0134.jpg 1 23 36 134 134
0421_0127_0077_0045_0045.jpg 1 127 77 45 45
0422_0083_0031_0099_0099.jpg 1 83 31 99 99
0423_0041_0056_0079_0079.jpg 1 41 56 79 79
0424_0067_0088_0095_0095.jpg 1 67 88 95 95
0425_0063_0037_0100_0100.jpg 1 63 37 100 100
0426_0059_0018_0112_0112.jpg 1 59 18 112 112
0427_0088_0027_0085_0085.jpg 1 88 27 85 85
0428_0097_0014_0080_0080.jpg 1 97 14 80 80
0429_0067_0050_0111_0111.jpg 1 67 50 111 111
0430_0017_0032_0136_0136.jpg 1 17 32 136 136
0431_0045_0064_0069_0069.jpg 1 45 64 69 69
0432_0117_0139_0036_0036.jpg 1 117 139 36 36
0433_0015_0094_0082_0082.jpg 1 15 94 82 82
0434_0039_0041_0108_0108.jpg 1 39 41 108 108
0435_0123_0054_0052_0052.jpg 1 123 54 52 52
0436_0110_0074_0075_0075.jpg 1 110 74 75 75
0437_0011_0011_0106_0106.jpg 1 11 11 106 106
0438_0106_0090_0038_0038.jpg 1 106 90 38 38
0439_0097_0094_0082_0082.jpg 1 97 94 82 82
0440_0093_0027_0086_0086.jpg 1 93 27 86 86
0441_0051_0065_0117_0117.jpg 1 51 65 117 117
0442_0063_0076_0075_0075.jpg 1 63 76 75 75
0443_0042_0023_0097_0097.jpg 1 42 23 97 97
0444_0045_0069_0107_0107.jpg 1 45 69 107 107
0445_0014_0026_0132_0132.jpg 1 14 26 132 132
0446_0045_0029_0094_0094.jpg 1 45 29 94 94
0447_0037_0013_0097_0097.jpg 1 37 13 97 97
0448_0012_0079_0099_0099.jpg 1 12 79 99 99
0449_0071_0049_0114_0114.jpg 1 71 49 114 114
0450_0023_0009_0112_0112.jpg 1 23 9 112 112
0451_0013_0009_0128_0128.jpg 1 13 9 128 128
0452_0080_0046_0087_0087.jpg 1 80 46 87 87
0453_0087_0073_0055_0055.jpg 1 87 73 55 55
0454_0088_0106_0045_0045.jpg 1 88 106 45 45
0455_0099_0065_0062_0062.jpg 1 99 65 62 62
0456_0044_0018_0050_0050.jpg 1 44 18 50 50
0457_0061_0065_0127_0127.jpg 1 61 65 127 127
0458_0083_0063_0087_0087.jpg 1 83 63 87 87
0459_0011_0034_0120_0120.jpg 1 11 34 120 120
0460_0134_0080_0037_0037.jpg 1 134 80 37 37
0461_0032_0062_0087_0087.jpg 1 32 62 87 87
0462_0060_0045_0126_0126.jpg 1 60 45 126 126
0463_0072_0023_0102_0102.jpg 1 72 23 102 102
0464_0018_0020_0049_0049.jpg 1 18 20 49 49
0465_0021_0031_0106_0106.jpg 1 21 31 106 106
0466_0080_0139_0039_0039.jpg 1 80 139 39 39
0467_0037_0035_0027_0027.jpg 1 37 35 27 27
0468_0075_0093_0095_0095.jpg 1 75 93 95 95
0469_0013_0083_0092_0092.jpg 1 13 83 92 92
0470_0011_0039_0095_0095.jpg 1 11 39 95 95
0471_0064_0055_0094_0094.jpg 1 64 55 94 94
0472_0040_0068_0029_0029.jpg 1 40 68 29 29
0473_0125_0099_0029_0029.jpg 1 125 99 29 29
0474_0029_0058_0101_0101.jpg 1 29 58 101 101
0475_0116_0142_0028_0028.jpg 1 116 142 28 28
0476_0049_0021_0136_0136.jpg 1 49 21 136 136
0477_0015_0014_0135_0135.jpg 1 15 14 135 135
0478_0053_0112_0072_0072.jpg 1 53 112 72 72
0479_0040_0050_0052_0052.jpg 1 40 50 52 52
0480_0069_0012_0095_0095.jpg 1 69 12 95 95
0481_0047_0112_0062_0062.jpg 1 47 112 62 62
0482_0019_0040_0064_0064.jpg 1 19 40 64 64
0483_0059_0103_0047_0047.jpg 1 59 103 47 47
0484_0017_0047_0072_0072.jpg 1 17 47 72 72
0485_0027_0039_0068_0068.jpg 1 27 39 68 68
0486_0133_0110_0030_0030.jpg 1 133 110 30 30
0487_0078_0059_0109_0109.jpg 1 78 59 109 109
0488_0097_0058_0049_0049.jpg 1 97 58 49 49
0489_0116_0091_0061_0061.jpg 1 116 91 61 61
0490_0056_0018_0029_0029.jpg 1 56 18 29 29
0491_0027_0029_0037_0037.jpg 1 27 29 37 37
0492_0086_0153_0026_0026.jpg 1 86 153 26 26
0493_0011_0085_0100_0100.jpg 1 11 85 100 100
0494_0071_0098_0057_0057.jpg 1 71 98 57 57
0495_0029_0043_0118_0118.jpg 1 29 43 118 118
0496_0092_0073_0089_0089.jpg 1 92 73 89 89
0497_0053_0056_0065_0065.jpg 1 53 56 65 65
0498_0058_0035_0077_0077.jpg 1 58 35 77 77
0499_0015_0048_0066_0066.jpg 1 15 48 66 66
0500_0046_0049_0024_0024.jpg 1 46 49 24 24
0501_0060_0135_0036_0036.jpg 1 60 135 36 36
0502_0057_0054_0104_0104.jpg 1 57 54 104 104
0503_0103_0094_0028_0028.jpg 1 103 94 28 28
0504_0033_0053_0079_0079.jpg 1 33 53 79 79
0505_0037_0075_0034_0034.jpg 1 37 75 34 34
0506_0015_0017_0132_0132.jpg 1 15 17 132 132
0507_0100_0082_0083_0083.jpg 1 100 82 83 83
0508_0101_0066_0034_0034.jpg 1 101 66 34 34
0509_0032_0045_0136_0136.jpg 1 32 45 136 136
0510_0086_0023_0096_0096.jpg 1 86 23 96 96
0511_0082_0139_0043_0043.jpg 1 82 139 43 43
0512_0022_0024_0067_0067.jpg 1 22 24 67 67
0513_0074_0091_0097_0097.jpg 1 74 91 97 97
0514_0096_0034_0053_0053.jpg 1 96 34 53 53
0515_0084_0020_0067_0067.jpg 1 84 20 67 67
0516_0102_0108_0046_0046.jpg 1 102 108 46 46
0517_0067_0089_0058_0058.jpg 1 67 89 58 58
0518_0084_0025_0095_0095.jpg 1 84 25 95 95
0519_0047_0097_0059_0059.jpg 1 47 97 59 59
0520_0045_0046_0126_0126.jpg 1 45 46 126 126
0521_0078_0091_0069_0069.jpg 1 78 91 69 69
0522_0014_0120_0052_0052.jpg 1 14 120 52 52
0523_0025_0065_0083_0083.jpg 1 25 65 83 83
0524_0100_0037_0064_0064.jpg 1 100 37 64 64
0525_0093_0040_0053_0053.jpg 1 93 40 53 53
0526_0118_0053_0064_0064.jpg 1 118 53 64 64
0527_0050_0013_0103_0103.jpg 1 50 13 103 103
0528_0066_0026_0115_0115.jpg 1 66 26 115 115
0529_0088_0129_0032_0032.jpg 1 88 129 32 32
0530_0047_0018_0120_0120.jpg 1 47 18 120 120
0531_0034_0066_0126_0126.jpg 1 34 66 126 126
0532_0045_0054_0037_0037.jpg 1 45 54 37 37
0533_0084_0118_0067_0067.jpg 1 84 118 67 67
0534_0066_0135_0039_0039.jpg 1 66 135 39 39
0535_0061_0076_0046_0046.jpg 1 61 76 46 46
0536_0137_0122_0040_0040.jpg 1 137 122 40 40
0537_0072_0030_0111_0111.jpg 1 72 30 111 111
0538_0023_0076_0071_0071.jpg 1 23 76 71 71
0539_0041_0021_0101_0101.jpg 1 41 21 101 101
0540_0060_0038_0126_0126.jpg 1 60 38 126 126
0541_0032_0010_0139_0139.jpg 1 32 10 139 139
0542_0102_0081_0082_0082.jpg 1 102 81 82 82
0543_0041_0069_0103_0103.jpg 1 41 69 103 103
0544_0083_0113_0071_0071.jpg 1 83 113 71 71
0545_0076_0044_0078_0078.jpg 1 76 44 78 78
0546_0022_0086_0057_0057.jpg 1 22 86 57 57
0547_0086_0060_0083_0083.jpg 1 86 60 83 83
0548_0019_0071_0046_0046.jpg 1 19 71 46 46
0549_0013_0051_0109_0109.jpg 1 13 51 109 109
0550_0023_0102_0068_0068.jpg 1 23 102 68 68
0551_0035_0087_0076_0076.jpg 1 35 87 76 76
0552_0048_0017_0075_0075.jpg 1 48 17 75 75
0553_0135_0129_0031_0031.jpg 1 135 129 31 31
0554_0076_0076_0106_0106.jpg 1 76 76 106 106
0555_0040_0105_0082_0082.jpg 1 40 105 82 82
0556_0035_0057_0096_0096.jpg 1 35 57 96 96
0557_0027_0027_0126_0126.jpg 1 27 27 126 126
0558_0053_0039_0128_0128.jpg 1 53 39 128 128
0559_0100_0087_0075_0075.jpg 1 100 87 75 75
0560_0054_0049_0110_0110.jpg 1 54 49 110 110
0561_0045_0131_0043_0043.jpg 1 45 131 43 43
0562_0044_0013_0112_0112.jpg 1 44 13 112 112
0563_0079_0045_0052_0052.jpg 1 79 45 52 52
0564_0032_0120_0036_0036.jpg 1 32 120 36 36
0565_0117_0043_0059_0059.jpg 1 117 43 59 59
0566_0077_0032_0094_0094.jpg 1 77 32 94 94
0567_0022_0050_0129_0129.jpg 1 22 50 129 129
0568_0050_0067_0124_0124.jpg 1 50 67 124 124
0569_0102_0078_0028_0028.jpg 1 102 78 28 28
0570_0028_0042_0072_0072.jpg 1 28 42 72 72
0571_0064_0023_0066_0066.jpg 1 64 23 66 66
0572_0070_0074_0110_0110.jpg 1 70 74 110 110
0573_0133_0040_0050_0050.jpg 1 133 40 50 50
0574_0067_0076_0102_0102.jpg 1 67 76 102 102
0575_0016_0045_0086_0086.jpg 1 16 45 86 86
0576_0020_0049_0115_0115.jpg 1 20 49 115 115
0577_0110_0020_0038_0038.jpg 1 110 20 38 38
0578_0062_0091_0086_0086.jpg 1 62 91 86 86
0579_0024_0034_0064_0064.jpg 1 24 34 64 64
0580_0024_0059_0039_0039.jpg 1 24 59 39 39
0581_0134_0124_0042_0042.jpg 1 134 124 42 42
0582_0069_0095_0068_0068.jpg 1 69 95 68 68
0583_0092_0018_0091_0091.jpg 1 92 18 91 91
0584_0096_0086_0062_0062.jpg 1 96 86 62 62
0585_0013_0079_0094_0094.jpg 1 13 79 94 94
0586_0033_0026_0138_0138.jpg 1 33 26 138 138
0587_0059_0053_0050_0050.jpg 1 59 53 50 50
0588_0071_0036_0027_0027.jpg 1 71 36 27 27
0589_0049_0056_0097_0097.jpg 1 49 56 97 97
0590_0023_0102_0079_0079.jpg 1 23 102 79 79
0591_0031_0057_0123_0123.jpg 1 31 57 123 123
0592_0039_0063_0054_0054.jpg 1 39 63 54 54
0593_0105_0112_0073_0073.jpg 1 105 112 73 73
0594_0084_0039_0035_0035.jpg 1 84 39 35 35
0595_0147_0063_0030_0030.jpg 1 147 63 30 30
0596_0046_0024_0139_0139.jpg 1 46 24 139 139
0597_0027_0045_0069_0069.jpg 1 27 45 69 69
0598_0050_0099_0056_0056.jpg 1 50 99 56 56
0599_0097_0133_0050_0050.jpg 1 97 133 50 50
0600_0064_0061_0128_0128.jpg 1 64 61 128 128
0601_0043_0023_0029_0029.jpg 1 43 23 29 29
0602_0007_0042_0123_0123.jpg 1 7 42 123 123
0603_0054_0040_0107_0107.jpg 1 54 40 107 107
0604_0135_0102_0031_0031.jpg 1 135 102 31 31
0605_0056_0045_0136_0136.jpg 1 56 45 136 136
0606_0119_0109_0031_0031.jpg 1 119 109 31 31
0607_0050_0043_0078_0078.jpg 1 50 43 78 78
0608_0074_0032_0095_0095.jpg 1 74 32 95 95
0609_0059_0046_0133_0133.jpg 1 59 46 133 133
0610_0076_0027_0098_0098.jpg 1 76 27 98 98
0611_0028_0056_0109_0109.jpg 1 28 56 109 109
0612_0027_0013_0132_0132.jpg 1 27 13 132 132
0613_0009_0058_0132_0132.jpg 1 9 58 132 132
0614_0085_0036_0089_0089.jpg 1 85 36 89 89
0615_0049_0079_0044_0044.jpg 1 49 79 44 44
0616_0053_0043_0139_0139.jpg 1 53 43 139 139
0617_0032_0044_0078_0078.jpg 1 32 44 78 78
0618_0061_0016_0046_0046.jpg 1 61 16 46 46
0619_0060_0087_0087_0087.jpg 1 60 87 87 87
0620_0019_0047_0124_0124.jpg 1 19 47 124 124
0621_0069_0073_0109_0109.jpg 1 69 73 109 109
0622_0061_0015_0073_0073.jpg 1 61 15 73 73
0623_0030_0086_0094_0094.jpg 1 30 86 94 94
0624_0069_0045_0062_0062.jpg 1 69 45 62 62
0625_0075_0088_0091_0091.jpg 1 75 88 91 91
0626_0059_0034_0127_0127.jpg 1 59 34 127 127
0627_0074_0082_0078_0078.jpg 1 74 82 78 78
0628_0071_0032_0109_0109.jpg 1 71 32 109 109
0629_0132_0126_0048_0048.jpg 1 132 126 48 48
0630_0032_0026_0126_0126.jpg 1 32 26 126 126
0631_0079_0077_0084_0084.jpg 1 79 77 84 84
0632_0028_0020_0118_0118.jpg 1 28 20 118 118
0633_0043_0007_0130_0130.jpg 1 43 7 130 130
0634_0088_0128_0054_0054.jpg 1 88 128 54 54
0635_0054_0013_0070_0070.jpg 1 54 13 70 70
0636_0077_0106_0040_0040.jpg 1 77 106 40 40
0637_0060_0059_0059_0059.jpg 1 60 59 59 59
0638_0025_0022_0120_0120.jpg 1 25 22 120 120
0639_0050_0020_0139_0139.jpg 1 50 20 139 139
0640_0036_0100_0076_0076.jpg 1 36 100 76 76
0641_0111_0054_0062_0062.jpg 1 111 54 62 62
0642_0065_0102_0053_0053.jpg 1 65 102 53 53
0643_0014_0059_0108_0108.jpg 1 14 59 108 108
0644_0072_0016_0117_0117.jpg 1 72 16 117 117
0645_0022_0021_0049_0049.jpg 1 22 21 49 49
0646_0023_0011_0095_0095.jpg 1 23 11 95 95
0647_0022_0033_0065_0065.jpg 1 22 33 65 65
0648_0086_0088_0086_0086.jpg 1 86 88 86 86
0649_0016_0040_0134_0134.jpg 1 16 40 134 134
0650_0124_0046_0051_0051.jpg 1 124 46 51 51
0651_0148_0070_0032_0032.jpg 1 148 70 32 32
0652_0092_0064_0027_0027.jpg 1 92 64 27 27
0653_0033_0111_0066_0066.jpg 1 33 111 66 66
0654_0116_0036_0050_0050.jpg 1 116 36 50 50
0655_0065_0054_0116_0116.jpg 1 65 54 116 116
0656_0083_0018_0066_0066.jpg 1 83 18 66 66
0657_0059_0062_0130_0130.jpg 1 59 62 130 130
0658_0039_0037_0036_0036.jpg 1 39 37 36 36
0659_0153_0113_0027_0027.jpg 1 153 113 27 27
0660_0062_0035_0105_0105.jpg 1 62 35 105 105
0661_0068_0026_0079_0079.jpg 1 68 26 79 79
0662_0032_0022_0082_0082.jpg 1 32 22 82 82
0663_0069_0096_0074_0074.jpg 1 69 96 74 74
0664_0035_0073_0084_0084.jpg 1 35 73 84 84
0665_0025_0083_0102_0102.jpg 1 25 83 102 102
0666_0070_0047_0086_0086.jpg 1 70 47 86 86
0667_0040_0082_0099_0099.jpg 1 40 82 99 99
0668_0090_0046_0074_0074.jpg 1 90 46 74 74
0669_0095_0090_0066_0066.jpg 1 95 90 66 66
0670_0060_0063_0028_0028.jpg 1 60 63 28 28
0671_0030_0054_0030_0030.jpg 1 30 54 30 30
0672_0076_0016_0115_0115.jpg 1 76 16 115 115
0673_0008_0012_0121_0121.jpg 1 8 12 121 121
0674_0149_0090_0031_0031.jpg 1 149 90 31 31
0675_0085_0098_0081_0081.jpg 1 85 98 81 81
0676_0092_0065_0045_0045.jpg 1 92 65 45 45
0677_0064_0052_0121_0121.jpg 1 64 52 121 121
0678_0071_0048_0073_0073.jpg 1 71 48 73 73
0679_0057_0012_0092_0092.jpg 1 57 12 92 92
0680_0024_0040_0137_0137.jpg 1 24 40 137 137
0681_0084_0036_0057_0057.jpg 1 84 36 57 57
0682_0034_0071_0077_0077.jpg 1 34 71 77 77
0683_0035_0043_0122_0122.jpg 1 35 43 122 122
0684_0050_0028_0130_0130.jpg 1 50 28 130 130
0685_0088_0057_0087_0087.jpg 1 88 57 87 87
0686_0020_0046_0136_0136.jpg 1 20 46 136 136
0687_0069_0023_0111_0111.jpg 1 69 23 111 111
0688_0015_0076_0073_0073.jpg 1 15 76 73 73
0689_0016_0021_0136_0136.jpg 1 16 21 136 136
0690_0037_0117_0029_0029.jpg 1 37 117 29 29
0691_0029_0017_0120_0120.jpg 1 29 17 120 120
0692_0067_0015_0086_0086.jpg 1 67 15 86 86
0693_0045_0093_0031_0031.jpg 1 45 93 31 31
0694_0026_0060_0130_0130.jpg 1 26 60 130 130
0695_0053_0046_0101_0101.jpg 1 53 46 101 101
0696_0087_0102_0086_0086.jpg 1 87 102 86 86
0697_0067_0085_0095_0095.jpg 1 67 85 95 95
0698_0033_0033_0114_0114.jpg 1 33 33 114 114
0699_0009_0074_0114_0114.jpg 1 9 74 114 114
0700_0115_0061_0030_0030.jpg 1 115 61 30 30
0701_0024_0149_0032_0032.jpg 1 24 149 32 32
0702_0023_0028_0108_0108.jpg 1 23 28 108 108
0703_0050_0018_0100_0100.jpg 1 50 18 100 100
0704_0072_0103_0075_0075.jpg 1 72 103 75 75
0705_0054_0009_0113_0113.jpg 1 54 9 113 113
0706_0020_0046_0098_0098.jpg 1 20 46 98 98
0707_0021_0036_0131_0131.jpg 1 21 36 131 131
0708_0076_0102_0037_0037.jpg 1 76 102 37 37
0709_0055_0051_0127_0127.jpg 1 55 51 127 127
0710_0131_0113_0054_0054.jpg 1 131 113 54 54
0711_0055_0113_0033_0033.jpg 1 55 113 33 33
0712_0023_0014_0129_0129.jpg 1 23 14 129 129
0713_0077_0066_0048_0048.jpg 1 77 66 48 48
0714_0121_0125_0033_0033.jpg 1 121 125 33 33
0715_0133_0021_0051_0051.jpg 1 133 21 51 51
0716_0019_0018_0138_0138.jpg 1 19 18 138 138
0717_0061_0081_0081_0081.jpg 1 61 81 81 81
0718_0075_0108_0056_0056.jpg 1 75 108 56 56
0719_0024_0088_0049_0049.jpg 1 24 88 49 49
0720_0029_0034_0111_0111.jpg 1 29 34 111 111
0721_0053_0066_0086_0086.jpg 1 53 66 86 86
0722_0044_0037_0095_0095.jpg 1 44 37 95 95
0723_0065_0046_0064_0064.jpg 1 65 46 64 64
0724_0033_0052_0121_0121.jpg 1 33 52 121 121
0725_0027_0019_0075_0075.jpg 1 27 19 75 75
0726_0074_0112_0070_0070.jpg 1 74 112 70 70
0727_0033_0080_0030_0030.jpg 1 33 80 30 30
0728_0096_0061_0085_0085.jpg 1 96 61 85 85
0729_0052_0102_0060_0060.jpg 1 52 102 60 60
0730_0072_0040_0083_0083.jpg 1 72 40 83 83
0731_0126_0045_0025_0025.jpg 1 126 45 25 25
0732_0096_0081_0087_0087.jpg 1 96 81 87 87
0733_0091_0088_0081_0081.jpg 1 91 88 81 81
0734_0021_0018_0128_0128.jpg 1 21 18 128 128
0735_0023_0036_0077_0077.jpg 1 23 36 77 77
0736_0029_0052_0135_0135.jpg 1 29 52 135 135
0737_0033_0051_0128_0128.jpg 1 33 51 128 128
0738_0015_0038_0120_0120.jpg 1 15 38 120 120
0739_0036_0075_0031_0031.jpg 1 36 75 31 31
0740_0054_0034_0090_0090.jpg 1 54 34 90 90
0741_0085_0110_0069_0069.jpg 1 85 110 69 69
0742_0038_0036_0048_0048.jpg 1 38 36 48 48
0743_0128_0039_0046_0046.jpg 1 128 39 46 46
0744_0069_0098_0038_0038.jpg 1 69 98 38 38
0745_0061_0052_0101_0101.jpg 1 61 52 101 101
0746_0112_0068_0056_0056.jpg 1 112 68 56 56
0747_0088_0015_0090_0090.jpg 1 88 15 90 90
0748_0048_0057_0095_0095.jpg 1 48 57 95 95
0749_0029_0058_0067_0067.jpg 1 29 58 67 67
0750_0062_0057_0085_0085.jpg 1 62 57 85 85
0751_0033_0017_0079_0079.jpg 1 33 17 79 79
0752_0081_0075_0079_0079.jpg 1 81 75 79 79
0753_0073_0012_0116_0116.jpg 1 73 12 116 116
0754_0072_0033_0060_0060.jpg 1 72 33 60 60
0755_0051_0101_0026_0026.jpg 1 51 101 26 26
0756_0036_0019_0092_0092.jpg 1 36 19 92 92
0757_0017_0082_0087_0087.jpg 1 17 82 87 87
0758_0067_0077_0110_0110.jpg 1 67 77 110 110
0759_0022_0061_0118_0118.jpg 1 22 61 118 118
0760_0031_0026_0049_0049.jpg 1 31 26 49 49
0761_0107_0038_0038_0038.jpg 1 107 38 38 38
0762_0060_0049_0073_0073.jpg 1 60 49 73 73
0763_0071_0065_0055_0055.jpg 1 71 65 55 55
0764_0060_0066_0090_0090.jpg 1 60 66 90 90
0765_0062_0033_0030_0030.jpg 1 62 33 30 30
0766_0038_0028_0108_0108.jpg 1 38 28 108 108
0767_0015_0073_0116_0116.jpg 1 15 73 116 116
0768_0139_0040_0030_0030.jpg 1 139 40 30 30
0769_0086_0025_0058_0058.jpg 1 86 25 58 58
0770_0061_0009_0128_0128.jpg 1 61 9 128 128
0771_0031_0084_0081_0081.jpg 1 31 84 81 81
0772_0109_0048_0034_0034.jpg 1 109 48 34 34
0773_0062_0051_0126_0126.jpg 1 62 51 126 126
0774_0035_0009_0107_0107.jpg 1 35 9 107 107
0775_0028_0100_0046_0046.jpg 1 28 100 46 46
0776_0026_0067_0042_0042.jpg 1 26 67 42 42
0777_0029_0106_0025_0025.jpg 1 29 106 25 25
0778_0073_0049_0090_0090.jpg 1 73 49 90 90
0779_0108_0071_0042_0042.jpg 1 108 71 42 42
0780_0126_0095_0051_0051.jpg 1 126 95 51 51
0781_0029_0041_0050_0050.jpg 1 29 41 50 50
0782_0028_0054_0097_0097.jpg 1 28 54 97 97
0783_0044_0042_0135_0135.jpg 1 44 42 135 135
0784_0055_0091_0062_0062.jpg 1 55 91 62 62
0785_0037_0036_0101_0101.jpg 1 37 36 101 101
0786_0045_0017_0097_0097.jpg 1 45 17 97 97
0787_0024_0067_0123_0123.jpg 1 24 67 123 123
0788_0099_0079_0075_0075.jpg 1 99 79 75 75
0789_0059_0090_0051_0051.jpg 1 59 90 51 51
0790_0124_0087_0046_0046.jpg 1 124 87 46 46
0791_0039_0054_0122_0122.jpg 1 39 54 122 122
0792_0060_0014_0076_0076.jpg 1 60 14 76 76
0793_0064_0029_0127_0127.jpg 1 64 29 127 127
0794_0068_0032_0123_0123.jpg 1 68 32 123 123
0795_0018_0038_0101_0101.jpg 1 18 38 101 101
0796_0024_0019_0077_0077.jpg 1 24 19 77 77
0797_0048_0065_0108_0108.jpg 1 48 65 108 108
0798_0032_0111_0047_0047.jpg 1 32 111 47 47
0799_0066_0034_0031_0031.jpg 1 66 34 31 31
0800_0014_0033_0123_0123.jpg 1 14 33 123 123
0801_0092_0125_0056_0056.jpg 1 92 125 56 56
0802_0092_0051_0037_0037.jpg 1 92 51 37 37
0803_0028_0052_0120_0120.jpg 1 28 52 120 120
0804_0027_0099_0025_0025.jpg 1 27 99 25 25
0805_0068_0014_0075_0075.jpg 1 68 14 75 75
0806_0020_0018_0131_0131.jpg 1 20 18 131 131
0807_0039_0050_0121_0121.jpg 1 39 50 121 121
0808_0102_0036_0055_0055.jpg 1 102 36 55 55
0809_0015_0027_0066_0066.jpg 1 15 27 66 66
0810_0012_0074_0117_0117.jpg 1 12 74 117 117
0811_0104_0030_0067_0067.jpg 1 104 30 67 67
0812_0043_0014_0116_0116.jpg 1 43 14 116 116
0813_0022_0040_0132_0132.jpg 1 22 40 132 132
0814_0084_0079_0039_0039.jpg 1 84 79 39 39
0815_0046_0028_0097_0097.jpg 1 46 28 97 97
0816_0059_0083_0098_0098.jpg 1 59 83 98 98
0817_0036_0080_0108_0108.jpg 1 36 80 108 108
0818_0067_0075_0077_0077.jpg 1 67 75 77 77
0819_0024_0028_0042_0042.jpg 1 24 28 42 42
0820_0051_0103_0046_0046.jpg 1 51 103 46 46
0821_0069_0015_0091_0091.jpg 1 69 15 91 91
0822_0051_0070_0099_0099.jpg 1 51 70 99 99
0823_0117_0058_0046_0046.jpg 1 117 58 46 46
0824_0083_0096_0058_0058.jpg 1 83 96 58 58
0825_0032_0055_0117_0117.jpg 1 32 55 117 117
0826_0057_0040_0039_0039.jpg 1 57 40 39 39
0827_0087_0100_0081_0081.jpg 1 87 100 81 81
0828_0097_0046_0090_0090.jpg 1 97 46 90 90
0829_0079_0146_0027_0027.jpg 1 79 146 27 27
0830_0010_0057_0131_0131.jpg 1 10 57 131 131
0831_0027_0040_0042_0042.jpg 1 27 40 42 42
0832_0056_0023_0134_0134.jpg 1 56 23 134 134
0833_0117_0032_0064_0064.jpg 1 117 32 64 64
0834_0070_0056_0076_0076.jpg 1 70 56 76 76
0835_0034_0026_0081_0081.jpg 1 34 26 81 81
0836_0038_0089_0080_0080.jpg 1 38 89 80 80
0837_0048_0067_0105_0105.jpg 1 48 67 105 105
0838_0068_0098_0082_0082.jpg 1 68 98 82 82
0839_0027_0093_0081_0081.jpg 1 27 93 81 81
0840_0027_0035_0126_0126.jpg 1 27 35 126 126
0841_0089_0031_0094_0094.jpg 1 89 31 94 94
0842_0016_0039_0120_0120.jpg 1 16 39 120 120
0843_0085_0122_0029_0029.jpg 1 85 122 29 29
0844_0086_0095_0057_0057.jpg 1 86 95 57 57
0845_0095_0106_0049_0049.jpg 1 95 106 49 49
0846_0020_0095_0056_0056.jpg 1 20 95 56 56
0847_0019_0084_0088_0088.jpg 1 19 84 88 88
0848_0009_0043_0113_0113.jpg 1 9 43 113 113
0849_0123_0029_0051_0051.jpg 1 123 29 51 51
0850_0059_0045_0131_0131.jpg 1 59 45 131 131
0851_0009_0044_0109_0109.jpg 1 9 44 109 109
0852_0064_0021_0128_0128.jpg 1 64 21 128 128
0853_0078_0065_0092_0092.jpg 1 78 65 92 92
0854_0060_0051_0099_0099.jpg 1 60 51 99 99
0855_0032_0039_0137_0137.jpg 1 32 39 137 137
0856_0021_0063_0120_0120.jpg 1 21 63 120 120
0857_0049_0012_0135_0135.jpg 1 49 12 135 135
0858_0038_0027_0124_0124.jpg 1 38 27 124 124
0859_0098_0112_0029_0029.jpg 1 98 112 29 29
0860_0088_0045_0041_0041.jpg 1 88 45 41 41
0861_0029_0022_0093_0093.jpg 1 29 22 93 93
0862_0063_0023_0065_0065.jpg 1 63 23 65 65
0863_0019_0072_0088_0088.jpg 1 19 72 88 88
0864_0010_0057_0099_0099.jpg 1 10 57 99 99
0865_0041_0042_0077_0077.jpg 1 41 42 77 77
0866_0103_0072_0068_0068.jpg 1 103 72 68 68
0867_0028_0030_0095_0095.jpg 1 28 30 95 95
0868_0023_0061_0117_0117.jpg 1 23 61 117 117
0869_0012_0044_0114_0114.jpg 1 12 44 114 114
0870_0030_0126_0036_0036.jpg 1 30 126 36 36
0871_0015_0034_0137_0137.jpg 1 15 34 137 137
0872_0049_0018_0028_0028.jpg 1 49 18 28 28
0873_0099_0086_0055_0055.jpg 1 99 86 55 55
0874_0024_0090_0072_0072.jpg 1 24 90 72 72
0875_0113_0126_0059_0059.jpg 1 113 126 59 59
0876_0086_0060_0058_0058.jpg 1 86 60 58 58
0877_0096_0065_0077_0077.jpg 1 96 65 77 77
0878_0040_0053_0083_0083.jpg 1 40 53 83 83
0879_0096_0037_0071_0071.jpg 1 96 37 71 71
0880_0025_0121_0052_0052.jpg 1 25 121 52 52
0881_0028_0012_0137_0137.jpg 1 28 12 137 137
0882_0067_0101_0061_0061.jpg 1 67 101 61 61
0883_0023_0029_0120_0120.jpg 1 23 29 120 120
0884_0117_0076_0025_0025.jpg 1 117 76 25 25
0885_0064_0040_0101_0101.jpg 1 64 40 101 101
0886_0133_0064_0031_0031.jpg 1 133 64 31 31
0887_0029_0060_0128_0128.jpg 1 29 60 128 128
0888_0038_0036_0125_0125.jpg 1 38 36 125 125
0889_0045_0056_0097_0097.jpg 1 45 56 97 97
0890_0062_0013_0097_0097.jpg 1 62 13 97 97
0891_0098_0126_0039_0039.jpg 1 98 126 39 39
0892_0030_0035_0139_0139.jpg 1 30 35 139 139
0893_0063_0064_0113_0113.jpg 1 63 64 113 113
0894_0029_0084_0090_0090.jpg 1 29 84 90 90
0895_0093_0072_0073_0073.jpg 1 93 72 73 73
0896_0052_0072_0057_0057.jpg 1 52 72 57 57
0897_0024_0087_0052_0052.jpg 1 24 87 52 52
0898_0029_0100_0073_0073.jpg 1 29 100 73 73
0899_0114_0036_0068_0068.jpg 1 114 36 68 68
0900_0036_0068_0102_0102.jpg 1 36 68 102 102
0901_0112_0083_0033_0033.jpg 1 112 83 33 33
0902_0092_0059_0090_0090.jpg 1 92 59 90 90
0903_0035_0046_0130_0130.jpg 1 35 46 130 130
0904_0077_0036_0087_0087.jpg 1 77 36 87 87
0905_0132_0105_0047_0047.jpg 1 132 105 47 47
0906_0102_0049_0058_0058.jpg 1 102 49 58 58
0907_0051_0131_0038_0038.jpg 1 51 131 38 38
0908_0093_0080_0059_0059.jpg 1 93 80 59 59
0909_0118_0031_0041_0041.jpg 1 118 31 41 41
0910_0031_0060_0062_0062.jpg 1 31 60 62 62
0911_0017_0064_0058_0058.jpg 1 17 64 58 58
0912_0032_0082_0093_0093.jpg 1 32 82 93 93
0913_0029_0025_0134_0134.jpg 1 29 25 134 134
0914_0014_0056_0113_0113.jpg 1 14 56 113 113
0915_0019_0111_0055_0055.jpg 1 19 111 55 55
0916_0021_0030_0110_0110.jpg 1 21 30 110 110
0917_0120_0076_0033_0033.jpg 1 120 76 33 33
0918_0029_0042_0079_0079.jpg 1 29 42 79 79
0919_0107_0035_0073_0073.jpg 1 107 35 73 73
0920_0013_0072_0098_0098.jpg 1 13 72 98 98
0921_0068_0047_0085_0085.jpg 1 68 47 85 85
0922_0057_0016_0096_0096.jpg 1 57 16 96 96
0923_0085_0096_0089_0089.jpg 1 85 96 89 89
0924_0079_0038_0041_0041.jpg 1 79 38 41 41
0925_0060_0072_0070_0070.jpg 1 60 72 70 70
0926_0026_0032_0118_0118.jpg 1 26 32 118 118
0927_0043_0033_0109_0109.jpg 1 43 33 109 109
0928_0081_0067_0078_0078.jpg 1 81 67 78 78
0929_0037_0079_0044_0044.jpg 1 37 79 44 44
0930_0076_0078_0091_0091.jpg 1 76 78 91 91
0931_0090_0041_0081_0081.jpg 1 90 41 81 81
0932_0094_0083_0040_0040.jpg 1 94 83 40 40
0933_0129_0143_0032_0032.jpg 1 129 143 32 32
0934_0015_0013_0084_0084.jpg 1 15 13 84 84
0935_0055_0039_0120_0120.jpg 1 55 39 120 120
0936_0100_0065_0063_0063.jpg 1 100 65 63 63
0937_0029_0023_0121_0121.jpg 1 29 23 121 121
0938_0016_0081_0064_0064.jpg 1 16 81 64 64
0939_0080_0017_0094_0094.jpg 1 80 17 94 94
0940_0074_0028_0049_0049.jpg 1 74 28 49 49
0941_0066_0119_0056_0056.jpg 1 66 119 56 56
0942_0025_0013_0070_0070.jpg 1 25 13 70 70
0943_0069_0066_0114_0114.jpg 1 69 66 114 114
0944_0039_0046_0064_0064.jpg 1 39 46 64 64
0945_0099_0046_0059_0059.jpg 1 99 46 59 59
0946_0060_0057_0116_0116.jpg 1 60 57 116 116
0947_0147_0141_0034_0034.jpg 1 147 141 34 34
0948_0014_0069_0118_0118.jpg 1 14 69 118 118
0949_0032_0127_0032_0032.jpg 1 32 127 32 32
0950_0025_0039_0110_0110.jpg 1 25 39 110 110
0951_0068_0014_0086_0086.jpg 1 68 14 86 86
0952_0018_0033_0117_0117.jpg 1 18 33 117 117
0953_0092_0059_0054_0054.jpg 1 92 59 54 54
0954_0050_0042_0112_0112.jpg 1 50 42 112 112
0955_0010_0060_0117_0117.jpg 1 10 60 117 117
0956_0068_0047_0091_0091.jpg 1 68 47 91 91
0957_0095_0117_0040_0040.jpg 1 95 117 40 40
0958_0069_0019_0069_0069.jpg 1 69 19 69 69
0959_0011_0034_0097_0097.jpg 1 11 34 97 97
0960_0045_0112_0063_0063.jpg 1 45 112 63 63
0961_0090_0070_0085_0085.jpg 1 90 70 85 85
0962_0013_0062_0127_0127.jpg 1 13 62 127 127
0963_0075_0083_0080_0080.jpg 1 75 83 80 80
0964_0033_0058_0054_0054.jpg 1 33 58 54 54
0965_0098_0057_0078_0078.jpg 1 98 57 78 78
0966_0102_0036_0081_0081.jpg 1 102 36 81 81
0967_0116_0100_0034_0034.jpg 1 116 100 34 34
0968_0043_0092_0081_0081.jpg 1 43 92 81 81
0969_0058_0028_0108_0108.jpg 1 58 28 108 108
0970_0035_0047_0120_0120.jpg 1 35 47 120 120
0971_0091_0084_0086_0086.jpg 1 91 84 86 86
0972_0031_0028_0116_0116.jpg 1 31 28 116 116
0973_0061_0074_0106_0106.jpg 1 61 74 106 106
0974_0063_0072_0113_0113.jpg 1 63 72 113 113
0975_0077_0043_0110_0110.jpg 1 77 43 110 110
0976_0057_0033_0130_0130.jpg 1 57 33 130 130
0977_0151_0081_0031_0031.jpg 1 151 81 31 31
0978_0026_0024_0117_0117.jpg 1 26 24 117 117
0979_0115_0097_0059_0059.jpg 1 115 97 59 59
0980_0045_0020_0118_0118.jpg 1 45 20 118 118
0981_0124_0093_0026_0026.jpg 1 124 93 26 26
0982_0038_0011_0108_0108.jpg 1 38 11 108 108
0983_0105_0031_0073_0073.jpg 1 105 31 73 73
0984_0036_0074_0074_0074.jpg 1 36 74 74 74
0985_0093_0104_0075_0075.jpg 1 93 104 75 75
0986_0067_0024_0108_0108.jpg 1 67 24 108 108
0987_0147_0116_0028_0028.jpg 1 147 116 28 28
0988_0063_0023_0078_0078.jpg 1 63 23 78 78
0989_0107_0042_0060_0060.jpg 1 107 42 60 60
0990_0039_0077_0044_0044.jpg 1 39 77 44 44
0991_0093_0073_0028_0028.jpg 1 93 73 28 28
0992_0011_0028_0124_0124.jpg 1 11 28 124 124
0993_0133_0054_0027_0027.jpg 1 133 54 27 27
0994_0022_0035_0081_0081.jpg 1 22 35 81 81
0995_0062_0035_0119_0119.jpg 1 62 35 119 119
