0001_0124_0071_0050_0050.jpg 1 124 71 50 50
0002_0036_0047_0052_0052.jpg 1 36 47 52 52
0003_0059_0070_0088_0088.jpg 1 59 70 88 88
0004_0084_0038_0087_0087.jpg 1 84 38 87 87
0005_0099_0071_0061_0061.jpg 1 99 71 61 61
0006_0064_0026_0113_0113.jpg 1 64 26 113 113
0007_0062_0047_0082_0082.jpg 1 62 47 82 82
0008_0113_0085_0068_0068.jpg 1 113 85 68 68
0009_0020_0023_0087_0087.jpg 1 20 23 87 87
0010_0065_0031_0047_0047.jpg 1 65 31 47 47
0011_0024_0022_0108_0108.jpg 1 24 22 108 108
0012_0030_0057_0106_0106.jpg 1 30 57 106 106
0013_0051_0020_0139_0139.jpg 1 51 20 139 139
0014_0132_0058_0029_0029.jpg 1 132 58 29 29
0015_0059_0114_0069_0069.jpg 1 59 114 69 69
0016_0114_0021_0059_0059.jpg 1 114 21 59 59
0017_0060_0047_0066_0066.jpg 1 60 47 66 66
0018_0057_0029_0107_0107.jpg 1 57 29 107 107
0019_0066_0057_0117_0117.jpg 1 66 57 117 117
0020_0046_0057_0083_0083.jpg 1 46 57 83 83
0021_0032_0073_0076_0076.jpg 1 32 73 76 76
0022_0069_0023_0109_0109.jpg 1 69 23 109 109
0023_0032_0040_0115_0115.jpg 1 32 40 115 115
0024_0061_0079_0108_0108.jpg 1 61 79 108 108
0025_0032_0107_0051_0051.jpg 1 32 107 51 51
0026_0069_0058_0113_0113.jpg 1 69 58 113 113
0027_0065_0102_0074_0074.jpg 1 65 102 74 74
0028_0074_0010_0115_0115.jpg 1 74 10 115 115
0029_0040_0019_0124_0124.jpg 1 40 19 124 124
0030_0018_0051_0096_0096.jpg 1 18 51 96 96
0031_0104_0075_0030_0030.jpg 1 104 75 30 30
0032_0040_0010_0108_0108.jpg 1 40 10 108 108
0033_0021_0016_0134_0134.jpg 1 21 16 134 134
0034_0102_0120_0050_0050.jpg 1 102 120 50 50
0035_0095_0060_0069_0069.jpg 1 95 60 69 69
0036_0061_0065_0079_0079.jpg 1 61 65 79 79
0037_0044_0089_0100_0100.jpg 1 44 89 100 100
0038_0127_0064_0056_0056.jpg 1 127 64 56 56
0039_0019_0069_0052_0052.jpg 1 19 69 52 52
0040_0059_0053_0049_0049.jpg 1 59 53 49 49
0041_0029_0034_0114_0114.jpg 1 29 34 114 114
0042_0072_0106_0072_0072.jpg 1 72 106 72 72
0043_0055_0077_0045_0045.jpg 1 55 77 45 45
0044_0101_0099_0077_0077.jpg 1 101 99 77 77
0045_0048_0030_0092_0092.jpg 1 48 30 92 92
0046_0083_0068_0055_0055.jpg 1 83 68 55 55
0047_0058_0040_0036_0036.jpg 1 58 40 36 36
0048_0034_0070_0078_0078.jpg 1 34 70 78 78
0049_0070_0064_0115_0115.jpg 1 70 64 115 115
0050_0050_0053_0132_0132.jpg 1 50 53 132 132
0051_0044_0120_0039_0039.jpg 1 44 120 39 39
0052_0046_0079_0104_0104.jpg 1 46 79 104 104
0053_0061_0009_0106_0106.jpg 1 61 9 106 106
0054_0101_0050_0051_0051.jpg 1 101 50 51 51
0055_0087_0063_0068_0068.jpg 1 87 63 68 68
0056_0022_0034_0136_0136.jpg 1 22 34 136 136
0057_0046_0053_0131_0131.jpg 1 46 53 131 131
0058_0016_0051_0113_0113.jpg 1 16 51 113 113
0059_0018_0012_0090_0090.jpg 1 18 12 90 90
0060_0032_0053_0129_0129.jpg 1 32 53 129 129
0061_0030_0060_0104_0104.jpg 1 30 60 104 104
0062_0122_0065_0032_0032.jpg 1 122 65 32 32
0063_0099_0145_0035_0035.jpg 1 99 145 35 35
0064_0024_0069_0068_0068.jpg 1 24 69 68 68
0065_0077_0038_0100_0100.jpg 1 77 38 100 100
0066_0021_0035_0072_0072.jpg 1 21 35 72 72
0067_0123_0116_0051_0051.jpg 1 123 116 51 51
0068_0023_0045_0136_0136.jpg 1 23 45 136 136
0069_0041_0071_0085_0085.jpg 1 41 71 85 85
0070_0120_0048_0047_0047.jpg 1 120 48 47 47
0071_0032_0007_0129_0129.jpg 1 32 7 129 129
0072_0081_0021_0063_0063.jpg 1 81 21 63 63
0073_0019_0020_0124_0124.jpg 1 19 20 124 124
0074_0043_0058_0135_0135.jpg 1 43 58 135 135
0075_0062_0077_0098_0098.jpg 1 62 77 98 98
0076_0094_0031_0048_0048.jpg 1 94 31 48 48
0077_0085_0057_0038_0038.jpg 1 85 57 38 38
0078_0097_0047_0055_0055.jpg 1 97 47 55 55
0079_0063_0073_0114_0114.jpg 1 63 73 114 114
0080_0031_0044_0118_0118.jpg 1 31 44 118 118
0081_0134_0077_0032_0032.jpg 1 134 77 32 32
0082_0049_0077_0090_0090.jpg 1 49 77 90 90
0083_0030_0040_0134_0134.jpg 1 30 40 134 134
0084_0037_0103_0041_0041.jpg 1 37 103 41 41
0085_0121_0058_0062_0062.jpg 1 121 58 62 62
0086_0012_0086_0084_0084.jpg 1 12 86 84 84
0087_0054_0119_0033_0033.jpg 1 54 119 33 33
0088_0044_0027_0109_0109.jpg 1 44 27 109 109
0089_0111_0120_0038_0038.jpg 1 111 120 38 38
0090_0076_0074_0100_0100.jpg 1 76 74 100 100
0091_0102_0073_0038_0038.jpg 1 102 73 38 38
0092_0091_0067_0088_0088.jpg 1 91 67 88 88
0093_0096_0092_0086_0086.jpg 1 96 92 86 86
0094_0138_0073_0045_0045.jpg 1 138 73 45 45
0095_0043_0121_0057_0057.jpg 1 43 121 57 57
0096_0047_0027_0131_0131.jpg 1 47 27 131 131
0097_0051_0020_0118_0118.jpg 1 51 20 118 118
0098_0154_0110_0027_0027.jpg 1 154 110 27 27
0099_0016_0013_0116_0116.jpg 1 16 13 116 116
0100_0046_0053_0134_0134.jpg 1 46 53 134 134
0101_0041_0022_0118_0118.jpg 1 41 22 118 118
0102_0084_0032_0038_0038.jpg 1 84 32 38 38
0103_0065_0035_0104_0104.jpg 1 65 35 104 104
0104_0089_0072_0085_0085.jpg 1 89 72 85 85
0105_0078_0117_0031_0031.jpg 1 78 117 31 31
0106_0038_0132_0043_0043.jpg 1 38 132 43 43
0107_0045_0076_0052_0052.jpg 1 45 76 52 52
0108_0062_0029_0126_0126.jpg 1 62 29 126 126
0109_0115_0089_0069_0069.jpg 1 115 89 69 69
0110_0102_0051_0085_0085.jpg 1 102 51 85 85
0111_0012_0089_0072_0072.jpg 1 12 89 72 72
0112_0106_0050_0025_0025.jpg 1 106 50 25 25
0113_0079_0038_0096_0096.jpg 1 79 38 96 96
0114_0124_0039_0051_0051.jpg 1 124 39 51 51
0115_0046_0057_0133_0133.jpg 1 46 57 133 133
0116_0048_0074_0071_0071.jpg 1 48 74 71 71
0117_0025_0033_0120_0120.jpg 1 25 33 120 120
0118_0032_0031_0128_0128.jpg 1 32 31 128 128
0119_0015_0034_0103_0103.jpg 1 15 34 103 103
0120_0055_0016_0093_0093.jpg 1 55 16 93 93
0121_0041_0040_0071_0071.jpg 1 41 40 71 71
0122_0082_0029_0090_0090.jpg 1 82 29 90 90
0123_0034_0036_0116_0116.jpg 1 34 36 116 116
0124_0109_0081_0061_0061.jpg 1 109 81 61 61
0125_0044_0078_0099_0099.jpg 1 44 78 99 99
0126_0059_0093_0050_0050.jpg 1 59 93 50 50
0127_0065_0035_0057_0057.jpg 1 65 35 57 57
0128_0036_0050_0077_0077.jpg 1 36 50 77 77
0129_0012_0073_0106_0106.jpg 1 12 73 106 106
0130_0014_0048_0132_0132.jpg 1 14 48 132 132
0131_0025_0014_0134_0134.jpg 1 25 14 134 134
0132_0010_0046_0125_0125.jpg 1 10 46 125 125
0133_0030_0084_0083_0083.jpg 1 30 84 83 83
0134_0017_0046_0128_0128.jpg 1 17 46 128 128
0135_0051_0126_0045_0045.jpg 1 51 126 45 45
0136_0080_0064_0031_0031.jpg 1 80 64 31 31
0137_0055_0057_0058_0058.jpg 1 55 57 58 58
0138_0078_0074_0076_0076.jpg 1 78 74 76 76
0139_0058_0014_0122_0122.jpg 1 58 14 122 122
0140_0024_0029_0087_0087.jpg 1 24 29 87 87
0141_0035_0013_0119_0119.jpg 1 35 13 119 119
0142_0068_0061_0093_0093.jpg 1 68 61 93 93
0143_0021_0082_0091_0091.jpg 1 21 82 91 91
0144_0022_0054_0125_0125.jpg 1 22 54 125 125
0145_0084_0057_0041_0041.jpg 1 84 57 41 41
0146_0030_0028_0133_0133.jpg 1 30 28 133 133
0147_0029_0071_0028_0028.jpg 1 29 71 28 28
0148_0054_0104_0034_0034.jpg 1 54 104 34 34
0149_0108_0119_0064_0064.jpg 1 108 119 64 64
0150_0055_0091_0085_0085.jpg 1 55 91 85 85
0151_0049_0033_0066_0066.jpg 1 49 33 66 66
0152_0116_0079_0065_0065.jpg 1 116 79 65 65
0153_0025_0016_0092_0092.jpg 1 25 16 92 92
0154_0021_0009_0128_0128.jpg 1 21 9 128 128
0155_0035_0032_0135_0135.jpg 1 35 32 135 135
0156_0096_0147_0032_0032.jpg 1 96 147 32 32
0157_0033_0080_0087_0087.jpg 1 33 80 87 87
0158_0074_0055_0085_0085.jpg 1 74 55 85 85
0159_0014_0019_0098_0098.jpg 1 14 19 98 98
0160_0028_0059_0046_0046.jpg 1 28 59 46 46
0161_0065_0031_0116_0116.jpg 1 65 31 116 116
0162_0045_0017_0061_0061.jpg 1 45 17 61 61
0163_0066_0049_0094_0094.jpg 1 66 49 94 94
0164_0057_0042_0098_0098.jpg 1 57 42 98 98
0165_0017_0057_0088_0088.jpg 1 17 57 88 88
0166_0060_0035_0025_0025.jpg 1 60 35 25 25
0167_0012_0051_0139_0139.jpg 1 12 51 139 139
0168_0032_0122_0043_0043.jpg 1 32 122 43 43
0169_0025_0023_0098_0098.jpg 1 25 23 98 98
0170_0023_0025_0099_0099.jpg 1 23 25 99 99
0171_0022_0114_0054_0054.jpg 1 22 114 54 54
0172_0047_0049_0114_0114.jpg 1 47 49 114 114
0173_0077_0030_0059_0059.jpg 1 77 30 59 59
0174_0104_0018_0060_0060.jpg 1 104 18 60 60
0175_0026_0060_0121_0121.jpg 1 26 60 121 121
0176_0124_0132_0053_0053.jpg 1 124 132 53 53
0177_0022_0033_0130_0130.jpg 1 22 33 130 130
0178_0100_0061_0030_0030.jpg 1 100 61 30 30
0179_0112_0109_0029_0029.jpg 1 112 109 29 29
0180_0104_0017_0063_0063.jpg 1 104 17 63 63
0181_0059_0044_0130_0130.jpg 1 59 44 130 130
0182_0063_0047_0129_0129.jpg 1 63 47 129 129
0183_0045_0088_0034_0034.jpg 1 45 88 34 34
0184_0047_0083_0083_0083.jpg 1 47 83 83 83
0185_0049_0021_0089_0089.jpg 1 49 21 89 89
0186_0010_0040_0116_0116.jpg 1 10 40 116 116
0187_0040_0069_0098_0098.jpg 1 40 69 98 98
0188_0022_0105_0027_0027.jpg 1 22 105 27 27
0189_0061_0039_0092_0092.jpg 1 61 39 92 92
0190_0013_0103_0076_0076.jpg 1 13 103 76 76
0191_0017_0020_0093_0093.jpg 1 17 20 93 93
0192_0057_0058_0126_0126.jpg 1 57 58 126 126
0193_0056_0058_0109_0109.jpg 1 56 58 109 109
0194_0038_0027_0114_0114.jpg 1 38 27 114 114
0195_0043_0022_0109_0109.jpg 1 43 22 109 109
0196_0066_0051_0119_0119.jpg 1 66 51 119 119
0197_0061_0138_0031_0031.jpg 1 61 138 31 31
0198_0043_0026_0133_0133.jpg 1 43 26 133 133
0199_0034_0014_0134_0134.jpg 1 34 14 134 134
0200_0088_0074_0030_0030.jpg 1 88 74 30 30
0201_0024_0054_0090_0090.jpg 1 24 54 90 90
0202_0022_0038_0122_0122.jpg 1 22 38 122 122
0203_0012_0088_0086_0086.jpg 1 12 88 86 86
0204_0043_0087_0091_0091.jpg 1 43 87 91 91
0205_0037_0047_0107_0107.jpg 1 37 47 107 107
0206_0017_0130_0051_0051.jpg 1 17 130 51 51
0207_0061_0048_0067_0067.jpg 1 61 48 67 67
0208_0088_0051_0065_0065.jpg 1 88 51 65 65
0209_0101_0059_0052_0052.jpg 1 101 59 52 52
0210_0073_0021_0064_0064.jpg 1 73 21 64 64
0211_0037_0040_0087_0087.jpg 1 37 40 87 87
0212_0086_0061_0088_0088.jpg 1 86 61 88 88
0213_0069_0087_0045_0045.jpg 1 69 87 45 45
0214_0087_0083_0056_0056.jpg 1 87 83 56 56
0215_0073_0050_0082_0082.jpg 1 73 50 82 82
0216_0131_0085_0051_0051.jpg 1 131 85 51 51
0217_0068_0077_0111_0111.jpg 1 68 77 111 111
0218_0063_0119_0036_0036.jpg 1 63 119 36 36
0219_0057_0074_0092_0092.jpg 1 57 74 92 92
0220_0078_0012_0078_0078.jpg 1 78 12 78 78
0221_0099_0047_0056_0056.jpg 1 99 47 56 56
0222_0146_0098_0026_0026.jpg 1 146 98 26 26
0223_0053_0020_0129_0129.jpg 1 53 20 129 129
0224_0052_0025_0115_0115.jpg 1 52 25 115 115
0225_0073_0030_0061_0061.jpg 1 73 30 61 61
0226_0072_0023_0044_0044.jpg 1 72 23 44 44
0227_0117_0027_0055_0055.jpg 1 117 27 55 55
0228_0054_0017_0125_0125.jpg 1 54 17 125 125
0229_0042_0017_0136_0136.jpg 1 42 17 136 136
0230_0010_0058_0118_0118.jpg 1 10 58 118 118
0231_0058_0068_0108_0108.jpg 1 58 68 108 108
0232_0032_0012_0094_0094.jpg 1 32 12 94 94
0233_0010_0089_0094_0094.jpg 1 10 89 94 94
0234_0042_0078_0106_0106.jpg 1 42 78 106 106
0235_0044_0007_0132_0132.jpg 1 44 7 132 132
0236_0062_0132_0033_0033.jpg 1 62 132 33 33
0237_0087_0072_0052_0052.jpg 1 87 72 52 52
0238_0024_0080_0107_0107.jpg 1 24 80 107 107
0239_0038_0073_0089_0089.jpg 1 38 73 89 89
0240_0118_0096_0030_0030.jpg 1 118 96 30 30
0241_0011_0011_0134_0134.jpg 1 11 11 134 134
0242_0015_0039_0132_0132.jpg 1 15 39 132 132
0243_0072_0073_0097_0097.jpg 1 72 73 97 97
0244_0046_0079_0064_0064.jpg 1 46 79 64 64
0245_0095_0032_0058_0058.jpg 1 95 32 58 58
0246_0118_0110_0048_0048.jpg 1 118 110 48 48
0247_0016_0091_0058_0058.jpg 1 16 91 58 58
0248_0071_0058_0043_0043.jpg 1 71 58 43 43
0249_0021_0060_0025_0025.jpg 1 21 60 25 25
0250_0093_0074_0085_0085.jpg 1 93 74 85 85
0251_0065_0097_0090_0090.jpg 1 65 97 90 90
0252_0056_0062_0069_0069.jpg 1 56 62 69 69
0253_0050_0025_0131_0131.jpg 1 50 25 131 131
0254_0085_0084_0097_0097.jpg 1 85 84 97 97
0255_0104_0098_0081_0081.jpg 1 104 98 81 81
0256_0111_0068_0031_0031.jpg 1 111 68 31 31
0257_0013_0041_0130_0130.jpg 1 13 41 130 130
0258_0076_0073_0088_0088.jpg 1 76 73 88 88
0259_0062_0055_0106_0106.jpg 1 62 55 106 106
0260_0133_0147_0036_0036.jpg 1 133 147 36 36
0261_0091_0085_0095_0095.jpg 1 91 85 95 95
0262_0057_0043_0123_0123.jpg 1 57 43 123 123
0263_0034_0084_0041_0041.jpg 1 34 84 41 41
0264_0101_0075_0046_0046.jpg 1 101 75 46 46
0265_0022_0112_0051_0051.jpg 1 22 112 51 51
0266_0030_0069_0045_0045.jpg 1 30 69 45 45
0267_0045_0026_0124_0124.jpg 1 45 26 124 124
0268_0113_0050_0072_0072.jpg 1 113 50 72 72
0269_0073_0116_0024_0024.jpg 1 73 116 24 24
0270_0029_0047_0137_0137.jpg 1 29 47 137 137
0271_0050_0107_0047_0047.jpg 1 50 107 47 47
0272_0117_0018_0066_0066.jpg 1 117 18 66 66
0273_0042_0098_0037_0037.jpg 1 42 98 37 37
0274_0059_0022_0076_0076.jpg 1 59 22 76 76
0275_0058_0067_0075_0075.jpg 1 58 67 75 75
0276_0043_0081_0040_0040.jpg 1 43 81 40 40
0277_0088_0117_0031_0031.jpg 1 88 117 31 31
0278_0043_0065_0084_0084.jpg 1 43 65 84 84
0279_0080_0074_0104_0104.jpg 1 80 74 104 104
0280_0034_0009_0136_0136.jpg 1 34 9 136 136
0281_0019_0112_0055_0055.jpg 1 19 112 55 55
0282_0093_0071_0084_0084.jpg 1 93 71 84 84
0283_0046_0068_0115_0115.jpg 1 46 68 115 115
0284_0029_0032_0135_0135.jpg 1 29 32 135 135
0285_0064_0057_0121_0121.jpg 1 64 57 121 121
0286_0046_0044_0139_0139.jpg 1 46 44 139 139
0287_0026_0079_0065_0065.jpg 1 26 79 65 65
0288_0032_0077_0034_0034.jpg 1 32 77 34 34
0289_0054_0044_0131_0131.jpg 1 54 44 131 131
0290_0020_0086_0077_0077.jpg 1 20 86 77 77
0291_0081_0111_0068_0068.jpg 1 81 111 68 68
0292_0091_0081_0035_0035.jpg 1 91 81 35 35
0293_0045_0050_0129_0129.jpg 1 45 50 129 129
0294_0045_0037_0137_0137.jpg 1 45 37 137 137
0295_0037_0028_0111_0111.jpg 1 37 28 111 111
0296_0049_0036_0038_0038.jpg 1 49 36 38 38
0297_0018_0127_0033_0033.jpg 1 18 127 33 33
0298_0016_0021_0074_0074.jpg 1 16 21 74 74
0299_0008_0052_0137_0137.jpg 1 8 52 137 137
0300_0089_0066_0093_0093.jpg 1 89 66 93 93
0301_0120_0033_0055_0055.jpg 1 120 33 55 55
0302_0045_0070_0087_0087.jpg 1 45 70 87 87
0303_0043_0040_0099_0099.jpg 1 43 40 99 99
0304_0020_0036_0097_0097.jpg 1 20 36 97 97
0305_0126_0133_0024_0024.jpg 1 126 133 24 24
0306_0077_0061_0113_0113.jpg 1 77 61 113 113
0307_0084_0037_0084_0084.jpg 1 84 37 84 84
0308_0102_0046_0065_0065.jpg 1 102 46 65 65
0309_0048_0062_0060_0060.jpg 1 48 62 60 60
0310_0069_0114_0029_0029.jpg 1 69 114 29 29
0311_0031_0072_0079_0079.jpg 1 31 72 79 79
0312_0079_0028_0109_0109.jpg 1 79 28 109 109
0313_0111_0105_0075_0075.jpg 1 111 105 75 75
0314_0043_0094_0084_0084.jpg 1 43 94 84 84
0315_0096_0025_0044_0044.jpg 1 96 25 44 44
0316_0019_0052_0030_0030.jpg 1 19 52 30 30
0317_0039_0028_0071_0071.jpg 1 39 28 71 71
0318_0049_0083_0099_0099.jpg 1 49 83 99 99
0319_0019_0063_0127_0127.jpg 1 19 63 127 127
0320_0017_0025_0051_0051.jpg 1 17 25 51 51
0321_0075_0027_0112_0112.jpg 1 75 27 112 112
0322_0042_0046_0123_0123.jpg 1 42 46 123 123
0323_0023_0029_0061_0061.jpg 1 23 29 61 61
0324_0032_0025_0128_0128.jpg 1 32 25 128 128
0325_0031_0071_0098_0098.jpg 1 31 71 98 98
0326_0025_0070_0108_0108.jpg 1 25 70 108 108
0327_0018_0043_0100_0100.jpg 1 18 43 100 100
0328_0082_0135_0038_0038.jpg 1 82 135 38 38
0329_0050_0055_0122_0122.jpg 1 50 55 122 122
0330_0076_0015_0109_0109.jpg 1 76 15 109 109
0331_0030_0068_0084_0084.jpg 1 30 68 84 84
0332_0054_0047_0127_0127.jpg 1 54 47 127 127
0333_0023_0051_0121_0121.jpg 1 23 51 121 121
0334_0050_0120_0038_0038.jpg 1 50 120 38 38
0335_0064_0031_0097_0097.jpg 1 64 31 97 97
0336_0109_0073_0075_0075.jpg 1 109 73 75 75
0337_0014_0035_0101_0101.jpg 1 14 35 101 101
0338_0035_0039_0133_0133.jpg 1 35 39 133 133
0339_0057_0011_0131_0131.jpg 1 57 11 131 131
0340_0077_0037_0103_0103.jpg 1 77 37 103 103
0341_0107_0155_0026_0026.jpg 1 107 155 26 26
0342_0069_0079_0094_0094.jpg 1 69 79 94 94
0343_0074_0117_0059_0059.jpg 1 74 117 59 59
0344_0079_0031_0112_0112.jpg 1 79 31 112 112
0345_0057_0042_0102_0102.jpg 1 57 42 102 102
0346_0077_0090_0092_0092.jpg 1 77 90 92 92
0347_0024_0013_0129_0129.jpg 1 24 13 129 129
0348_0096_0036_0092_0092.jpg 1 96 36 92 92
0349_0017_0134_0027_0027.jpg 1 17 134 27 27
0350_0069_0063_0102_0102.jpg 1 69 63 102 102
0351_0095_0121_0051_0051.jpg 1 95 121 51 51
0352_0034_0011_0099_0099.jpg 1 34 11 99 99
0353_0036_0052_0131_0131.jpg 1 36 52 131 131
0354_0095_0095_0093_0093.jpg 1 95 95 93 93
0355_0063_0070_0091_0091.jpg 1 63 70 91 91
0356_0106_0045_0050_0050.jpg 1 106 45 50 50
0357_0089_0071_0060_0060.jpg 1 89 71 60 60
0358_0060_0050_0108_0108.jpg 1 60 50 108 108
0359_0101_0072_0025_0025.jpg 1 101 72 25 25
0360_0033_0078_0096_0096.jpg 1 33 78 96 96
0361_0058_0107_0077_0077.jpg 1 58 107 77 77
0362_0115_0044_0051_0051.jpg 1 115 44 51 51
0363_0054_0130_0037_0037.jpg 1 54 130 37 37
0364_0043_0081_0082_0082.jpg 1 43 81 82 82
0365_0016_0030_0053_0053.jpg 1 16 30 53 53
0366_0088_0123_0041_0041.jpg 1 88 123 41 41
0367_0036_0011_0136_0136.jpg 1 36 11 136 136
0368_0016_0034_0074_0074.jpg 1 16 34 74 74
0369_0065_0035_0126_0126.jpg 1 65 35 126 126
0370_0053_0047_0103_0103.jpg 1 53 47 103 103
0371_0051_0053_0138_0138.jpg 1 51 53 138 138
0372_0079_0045_0067_0067.jpg 1 79 45 67 67
0373_0038_0026_0051_0051.jpg 1 38 26 51 51
0374_0043_0013_0109_0109.jpg 1 43 13 109 109
0375_0084_0028_0090_0090.jpg 1 84 28 90 90
0376_0045_0085_0099_0099.jpg 1 45 85 99 99
0377_0094_0095_0082_0082.jpg 1 94 95 82 82
0378_0069_0022_0047_0047.jpg 1 69 22 47 47
0379_0052_0026_0129_0129.jpg 1 52 26 129 129
0380_0011_0021_0125_0125.jpg 1 11 21 125 125
0381_0033_0031_0065_0065.jpg 1 33 31 65 65
0382_0054_0084_0031_0031.jpg 1 54 84 31 31
0383_0037_0043_0111_0111.jpg 1 37 43 111 111
0384_0047_0024_0127_0127.jpg 1 47 24 127 127
0385_0074_0078_0110_0110.jpg 1 74 78 110 110
0386_0049_0040_0138_0138.jpg 1 49 40 138 138
0387_0026_0102_0081_0081.jpg 1 26 102 81 81
0388_0089_0137_0043_0043.jpg 1 89 137 43 43
0389_0024_0069_0115_0115.jpg 1 24 69 115 115
0390_0040_0010_0121_0121.jpg 1 40 10 121 121
0391_0054_0031_0133_0133.jpg 1 54 31 133 133
0392_0030_0016_0054_0054.jpg 1 30 16 54 54
0393_0153_0116_0024_0024.jpg 1 153 116 24 24
0394_0130_0152_0025_0025.jpg 1 130 152 25 25
0395_0017_0029_0134_0134.jpg 1 17 29 134 134
0396_0018_0043_0123_0123.jpg 1 18 43 123 123
0397_0029_0066_0124_0124.jpg 1 29 66 124 124
0398_0067_0038_0104_0104.jpg 1 67 38 104 104
0399_0022_0033_0116_0116.jpg 1 22 33 116 116
0400_0031_0081_0071_0071.jpg 1 31 81 71 71
0401_0031_0100_0084_0084.jpg 1 31 100 84 84
0402_0027_0067_0073_0073.jpg 1 27 67 73 73
0403_0088_0024_0033_0033.jpg 1 88 24 33 33
0404_0033_0049_0135_0135.jpg 1 33 49 135 135
0405_0019_0036_0126_0126.jpg 1 19 36 126 126
0406_0014_0102_0070_0070.jpg 1 14 102 70 70
0407_0129_0058_0053_0053.jpg 1 129 58 53 53
0408_0100_0074_0073_0073.jpg 1 100 74 73 73
0409_0055_0046_0081_0081.jpg 1 55 46 81 81
0410_0021_0013_0125_0125.jpg 1 21 13 125 125
0411_0053_0021_0096_0096.jpg 1 53 21 96 96
0412_0037_0009_0124_0124.jpg 1 37 9 124 124
0413_0083_0043_0041_0041.jpg 1 83 43 41 41
0414_0069_0015_0050_0050.jpg 1 69 15 50 50
0415_0018_0042_0122_0122.jpg 1 18 42 122 122
0416_0036_0112_0038_0038.jpg 1 36 112 38 38
0417_0115_0043_0030_0030.jpg 1 115 43 30 30
0418_0031_0054_0064_0064.jpg 1 31 54 64 64
0419_0073_0031_0070_0070.jpg 1 73 31 70 70
0420_0017_0032_0129_0129.jpg 1 17 32 129 129
0421_0041_0046_0067_0067.jpg 1 41 46 67 67
0422_0071_0049_0027_0027.jpg 1 71 49 27 27
0423_0079_0069_0025_0025.jpg 1 79 69 25 25
0424_0012_0049_0134_0134.jpg 1 12 49 134 134
0425_0053_0022_0101_0101.jpg 1 53 22 101 101
0426_0020_0039_0046_0046.jpg 1 20 39 46 46
0427_0075_0069_0025_0025.jpg 1 75 69 25 25
0428_0023_0012_0131_0131.jpg 1 23 12 131 131
0429_0049_0014_0117_0117.jpg 1 49 14 117 117
0430_0059_0121_0045_0045.jpg 1 59 121 45 45
0431_0038_0078_0076_0076.jpg 1 38 78 76 76
0432_0039_0037_0085_0085.jpg 1 39 37 85 85
0433_0106_0039_0071_0071.jpg 1 106 39 71 71
0434_0019_0022_0113_0113.jpg 1 19 22 113 113
0435_0048_0121_0043_0043.jpg 1 48 121 43 43
0436_0021_0072_0076_0076.jpg 1 21 72 76 76
0437_0035_0048_0136_0136.jpg 1 35 48 136 136
0438_0060_0012_0119_0119.jpg 1 60 12 119 119
0439_0047_0122_0038_0038.jpg 1 47 122 38 38
0440_0038_0066_0041_0041.jpg 1 38 66 41 41
0441_0020_0073_0116_0116.jpg 1 20 73 116 116
0442_0019_0024_0072_0072.jpg 1 19 24 72 72
0443_0046_0011_0125_0125.jpg 1 46 11 125 125
0444_0144_0124_0024_0024.jpg 1 144 124 24 24
0445_0058_0035_0052_0052.jpg 1 58 35 52 52
0446_0068_0088_0043_0043.jpg 1 68 88 43 43
0447_0036_0012_0072_0072.jpg 1 36 12 72 72
0448_0043_0052_0129_0129.jpg 1 43 52 129 129
0449_0089_0019_0027_0027.jpg 1 89 19 27 27
0450_0070_0106_0079_0079.jpg 1 70 106 79 79
0451_0079_0046_0079_0079.jpg 1 79 46 79 79
0452_0067_0081_0048_0048.jpg 1 67 81 48 48
0453_0062_0150_0029_0029.jpg 1 62 150 29 29
0454_0051_0049_0122_0122.jpg 1 51 49 122 122
0455_0050_0059_0102_0102.jpg 1 50 59 102 102
0456_0028_0031_0036_0036.jpg 1 28 31 36 36
0457_0106_0084_0069_0069.jpg 1 106 84 69 69
0458_0067_0065_0099_0099.jpg 1 67 65 99 99
0459_0017_0040_0106_0106.jpg 1 17 40 106 106
0460_0058_0036_0125_0125.jpg 1 58 36 125 125
0461_0050_0065_0085_0085.jpg 1 50 65 85 85
0462_0019_0014_0129_0129.jpg 1 19 14 129 129
0463_0033_0064_0080_0080.jpg 1 33 64 80 80
0464_0074_0047_0104_0104.jpg 1 74 47 104 104
0465_0046_0052_0101_0101.jpg 1 46 52 101 101
0466_0034_0019_0124_0124.jpg 1 34 19 124 124
0467_0060_0043_0041_0041.jpg 1 60 43 41 41
0468_0100_0067_0068_0068.jpg 1 100 67 68 68
0469_0066_0081_0105_0105.jpg 1 66 81 105 105
0470_0036_0085_0102_0102.jpg 1 36 85 102 102
0471_0020_0088_0090_0090.jpg 1 20 88 90 90
0472_0123_0128_0041_0041.jpg 1 123 128 41 41
0473_0038_0082_0063_0063.jpg 1 38 82 63 63
0474_0060_0037_0132_0132.jpg 1 60 37 132 132
0475_0137_0120_0045_0045.jpg 1 137 120 45 45
0476_0037_0044_0047_0047.jpg 1 37 44 47 47
0477_0045_0049_0134_0134.jpg 1 45 49 134 134
0478_0069_0027_0112_0112.jpg 1 69 27 112 112
0479_0062_0152_0030_0030.jpg 1 62 152 30 30
0480_0109_0121_0048_0048.jpg 1 109 121 48 48
0481_0036_0007_0128_0128.jpg 1 36 7 128 128
0482_0051_0026_0091_0091.jpg 1 51 26 91 91
0483_0074_0061_0077_0077.jpg 1 74 61 77 77
0484_0050_0037_0076_0076.jpg 1 50 37 76 76
0485_0119_0097_0062_0062.jpg 1 119 97 62 62
0486_0009_0018_0139_0139.jpg 1 9 18 139 139
0487_0061_0025_0108_0108.jpg 1 61 25 108 108
0488_0037_0061_0046_0046.jpg 1 37 61 46 46
0489_0028_0013_0095_0095.jpg 1 28 13 95 95
0490_0055_0059_0080_0080.jpg 1 55 59 80 80
0491_0038_0098_0078_0078.jpg 1 38 98 78 78
0492_0069_0055_0092_0092.jpg 1 69 55 92 92
0493_0043_0043_0129_0129.jpg 1 43 43 129 129
0494_0138_0076_0024_0024.jpg 1 138 76 24 24
0495_0091_0041_0074_0074.jpg 1 91 41 74 74
0496_0024_0041_0124_0124.jpg 1 24 41 124 124
0497_0015_0050_0080_0080.jpg 1 15 50 80 80
0498_0080_0095_0080_0080.jpg 1 80 95 80 80
0499_0097_0052_0059_0059.jpg 1 97 52 59 59
0500_0104_0076_0041_0041.jpg 1 104 76 41 41
0501_0108_0058_0063_0063.jpg 1 108 58 63 63
0502_0041_0049_0135_0135.jpg 1 41 49 135 135
0503_0082_0052_0088_0088.jpg 1 82 52 88 88
0504_0120_0065_0051_0051.jpg 1 120 65 51 51
0505_0065_0016_0088_0088.jpg 1 65 16 88 88
0506_0057_0023_0123_0123.jpg 1 57 23 123 123
0507_0050_0045_0033_0033.jpg 1 50 45 33 33
0508_0070_0083_0102_0102.jpg 1 70 83 102 102
0509_0097_0019_0067_0067.jpg 1 97 19 67 67
0510_0062_0054_0035_0035.jpg 1 62 54 35 35
0511_0143_0056_0034_0034.jpg 1 143 56 34 34
0512_0049_0056_0135_0135.jpg 1 49 56 135 135
0513_0115_0102_0064_0064.jpg 1 115 102 64 64
0514_0044_0024_0126_0126.jpg 1 44 24 126 126
0515_0063_0066_0124_0124.jpg 1 63 66 124 124
0516_0067_0073_0111_0111.jpg 1 67 73 111 111
0517_0079_0026_0043_0043.jpg 1 79 26 43 43
0518_0031_0058_0125_0125.jpg 1 31 58 125 125
0519_0053_0109_0029_0029.jpg 1 53 109 29 29
0520_0102_0093_0065_0065.jpg 1 102 93 65 65
0521_0055_0058_0105_0105.jpg 1 55 58 105 105
0522_0104_0023_0059_0059.jpg 1 104 23 59 59
0523_0010_0033_0121_0121.jpg 1 10 33 121 121
0524_0105_0136_0035_0035.jpg 1 105 136 35 35
0525_0144_0023_0038_0038.jpg 1 144 23 38 38
0526_0022_0111_0065_0065.jpg 1 22 111 65 65
0527_0151_0145_0032_0032.jpg 1 151 145 32 32
0528_0047_0025_0074_0074.jpg 1 47 25 74 74
0529_0133_0020_0041_0041.jpg 1 133 20 41 41
0530_0070_0089_0059_0059.jpg 1 70 89 59 59
0531_0045_0063_0043_0043.jpg 1 45 63 43 43
0532_0110_0139_0024_0024.jpg 1 110 139 24 24
0533_0079_0118_0061_0061.jpg 1 79 118 61 61
0534_0059_0036_0073_0073.jpg 1 59 36 73 73
0535_0037_0049_0083_0083.jpg 1 37 49 83 83
0536_0017_0016_0138_0138.jpg 1 17 16 138 138
0537_0040_0053_0073_0073.jpg 1 40 53 73 73
0538_0078_0126_0053_0053.jpg 1 78 126 53 53
0539_0033_0060_0105_0105.jpg 1 33 60 105 105
0540_0025_0097_0072_0072.jpg 1 25 97 72 72
0541_0039_0011_0132_0132.jpg 1 39 11 132 132
0542_0039_0094_0081_0081.jpg 1 39 94 81 81
0543_0047_0050_0046_0046.jpg 1 47 50 46 46
0544_0138_0127_0045_0045.jpg 1 138 127 45 45
0545_0093_0047_0094_0094.jpg 1 93 47 94 94
0546_0045_0079_0086_0086.jpg 1 45 79 86 86
0547_0127_0048_0038_0038.jpg 1 127 48 38 38
0548_0047_0042_0062_0062.jpg 1 47 42 62 62
0549_0055_0035_0113_0113.jpg 1 55 35 113 113
0550_0013_0092_0073_0073.jpg 1 13 92 73 73
0551_0052_0098_0028_0028.jpg 1 52 98 28 28
0552_0102_0059_0054_0054.jpg 1 102 59 54 54
0553_0028_0021_0134_0134.jpg 1 28 21 134 134
0554_0025_0065_0084_0084.jpg 1 25 65 84 84
0555_0026_0045_0131_0131.jpg 1 26 45 131 131
0556_0052_0049_0063_0063.jpg 1 52 49 63 63
0557_0039_0026_0101_0101.jpg 1 39 26 101 101
0558_0107_0118_0033_0033.jpg 1 107 118 33 33
0559_0053_0042_0135_0135.jpg 1 53 42 135 135
0560_0035_0062_0105_0105.jpg 1 35 62 105 105
0561_0067_0117_0047_0047.jpg 1 67 117 47 47
0562_0131_0046_0046_0046.jpg 1 131 46 46 46
0563_0058_0078_0094_0094.jpg 1 58 78 94 94
0564_0058_0042_0117_0117.jpg 1 58 42 117 117
0565_0056_0064_0122_0122.jpg 1 56 64 122 122
0566_0043_0013_0108_0108.jpg 1 43 13 108 108
0567_0036_0064_0123_0123.jpg 1 36 64 123 123
0568_0052_0019_0090_0090.jpg 1 52 19 90 90
0569_0054_0071_0079_0079.jpg 1 54 71 79 79
0570_0040_0061_0075_0075.jpg 1 40 61 75 75
0571_0059_0106_0060_0060.jpg 1 59 106 60 60
0572_0055_0088_0084_0084.jpg 1 55 88 84 84
0573_0074_0115_0024_0024.jpg 1 74 115 24 24
0574_0030_0061_0113_0113.jpg 1 30 61 113 113
0575_0015_0096_0068_0068.jpg 1 15 96 68 68
0576_0096_0121_0024_0024.jpg 1 96 121 24 24
0577_0015_0026_0114_0114.jpg 1 15 26 114 114
0578_0044_0008_0122_0122.jpg 1 44 8 122 122
0579_0038_0042_0138_0138.jpg 1 38 42 138 138
0580_0038_0145_0029_0029.jpg 1 38 145 29 29
0581_0124_0114_0030_0030.jpg 1 124 114 30 30
0582_0038_0036_0074_0074.jpg 1 38 36 74 74
0583_0066_0069_0122_0122.jpg 1 66 69 122 122
0584_0033_0033_0108_0108.jpg 1 33 33 108 108
0585_0031_0024_0072_0072.jpg 1 31 24 72 72
0586_0047_0037_0121_0121.jpg 1 47 37 121 121
0587_0095_0043_0090_0090.jpg 1 95 43 90 90
0588_0027_0043_0056_0056.jpg 1 27 43 56 56
0589_0043_0036_0061_0061.jpg 1 43 36 61 61
0590_0096_0052_0079_0079.jpg 1 96 52 79 79
0591_0047_0056_0077_0077.jpg 1 47 56 77 77
0592_0086_0075_0063_0063.jpg 1 86 75 63 63
0593_0104_0028_0075_0075.jpg 1 104 28 75 75
0594_0054_0074_0070_0070.jpg 1 54 74 70 70
0595_0074_0058_0077_0077.jpg 1 74 58 77 77
0596_0031_0090_0069_0069.jpg 1 31 90 69 69
0597_0113_0089_0037_0037.jpg 1 113 89 37 37
0598_0067_0090_0049_0049.jpg 1 67 90 49 49
0599_0025_0058_0114_0114.jpg 1 25 58 114 114
0600_0038_0049_0078_0078.jpg 1 38 49 78 78
0601_0042_0046_0052_0052.jpg 1 42 46 52 52
0602_0066_0059_0122_0122.jpg 1 66 59 122 122
0603_0118_0022_0054_0054.jpg 1 118 22 54 54
0604_0065_0075_0075_0075.jpg 1 65 75 75 75
0605_0042_0104_0077_0077.jpg 1 42 104 77 77
0606_0031_0054_0133_0133.jpg 1 31 54 133 133
0607_0044_0011_0120_0120.jpg 1 44 11 120 120
0608_0037_0113_0046_0046.jpg 1 37 113 46 46
0609_0066_0049_0114_0114.jpg 1 66 49 114 114
0610_0095_0082_0040_0040.jpg 1 95 82 40 40
0611_0030_0026_0116_0116.jpg 1 30 26 116 116
0612_0061_0052_0058_0058.jpg 1 61 52 58 58
0613_0054_0021_0128_0128.jpg 1 54 21 128 128
0614_0067_0032_0106_0106.jpg 1 67 32 106 106
0615_0099_0058_0073_0073.jpg 1 99 58 73 73
0616_0085_0102_0067_0067.jpg 1 85 102 67 67
0617_0013_0031_0134_0134.jpg 1 13 31 134 134
0618_0085_0053_0089_0089.jpg 1 85 53 89 89
0619_0072_0064_0037_0037.jpg 1 72 64 37 37
0620_0036_0068_0064_0064.jpg 1 36 68 64 64
0621_0075_0076_0045_0045.jpg 1 75 76 45 45
0622_0107_0122_0052_0052.jpg 1 107 122 52 52
0623_0027_0074_0090_0090.jpg 1 27 74 90 90
0624_0037_0031_0080_0080.jpg 1 37 31 80 80
0625_0088_0106_0059_0059.jpg 1 88 106 59 59
0626_0062_0038_0059_0059.jpg 1 62 38 59 59
0627_0027_0025_0058_0058.jpg 1 27 25 58 58
0628_0056_0110_0056_0056.jpg 1 56 110 56 56
0629_0012_0027_0106_0106.jpg 1 12 27 106 106
0630_0086_0083_0060_0060.jpg 1 86 83 60 60
0631_0053_0083_0102_0102.jpg 1 53 83 102 102
0632_0090_0015_0093_0093.jpg 1 90 15 93 93
0633_0051_0073_0055_0055.jpg 1 51 73 55 55
0634_0062_0076_0088_0088.jpg 1 62 76 88 88
0635_0041_0116_0065_0065.jpg 1 41 116 65 65
0636_0054_0056_0058_0058.jpg 1 54 56 58 58
0637_0046_0042_0119_0119.jpg 1 46 42 119 119
0638_0099_0092_0082_0082.jpg 1 99 92 82 82
0639_0078_0067_0091_0091.jpg 1 78 67 91 91
0640_0044_0020_0043_0043.jpg 1 44 20 43 43
0641_0021_0072_0083_0083.jpg 1 21 72 83 83
0642_0019_0060_0067_0067.jpg 1 19 60 67 67
0643_0026_0083_0089_0089.jpg 1 26 83 89 89
0644_0013_0048_0119_0119.jpg 1 13 48 119 119
0645_0117_0088_0066_0066.jpg 1 117 88 66 66
0646_0046_0006_0136_0136.jpg 1 46 6 136 136
0647_0060_0020_0038_0038.jpg 1 60 20 38 38
0648_0076_0060_0111_0111.jpg 1 76 60 111 111
0649_0047_0019_0095_0095.jpg 1 47 19 95 95
0650_0048_0013_0087_0087.jpg 1 48 13 87 87
0651_0056_0093_0065_0065.jpg 1 56 93 65 65
0652_0016_0046_0067_0067.jpg 1 16 46 67 67
0653_0138_0099_0040_0040.jpg 1 138 99 40 40
0654_0055_0029_0134_0134.jpg 1 55 29 134 134
0655_0108_0113_0057_0057.jpg 1 108 113 57 57
0656_0095_0105_0058_0058.jpg 1 95 105 58 58
0657_0104_0042_0059_0059.jpg 1 104 42 59 59
0658_0042_0040_0033_0033.jpg 1 42 40 33 33
0659_0070_0112_0070_0070.jpg 1 70 112 70 70
0660_0031_0090_0085_0085.jpg 1 31 90 85 85
0661_0058_0051_0063_0063.jpg 1 58 51 63 63
0662_0028_0095_0073_0073.jpg 1 28 95 73 73
0663_0036_0025_0099_0099.jpg 1 36 25 99 99
0664_0095_0133_0026_0026.jpg 1 95 133 26 26
0665_0032_0012_0136_0136.jpg 1 32 12 136 136
0666_0051_0085_0097_0097.jpg 1 51 85 97 97
0667_0142_0017_0033_0033.jpg 1 142 17 33 33
0668_0051_0020_0137_0137.jpg 1 51 20 137 137
0669_0027_0121_0044_0044.jpg 1 27 121 44 44
0670_0044_0010_0130_0130.jpg 1 44 10 130 130
0671_0027_0049_0104_0104.jpg 1 27 49 104 104
0672_0095_0091_0031_0031.jpg 1 95 91 31 31
0673_0034_0059_0100_0100.jpg 1 34 59 100 100
0674_0014_0054_0129_0129.jpg 1 14 54 129 129
0675_0123_0066_0024_0024.jpg 1 123 66 24 24
0676_0034_0038_0091_0091.jpg 1 34 38 91 91
0677_0054_0089_0088_0088.jpg 1 54 89 88 88
0678_0072_0026_0069_0069.jpg 1 72 26 69 69
0679_0012_0048_0133_0133.jpg 1 12 48 133 133
0680_0020_0020_0125_0125.jpg 1 20 20 125 125
0681_0015_0050_0122_0122.jpg 1 15 50 122 122
0682_0054_0054_0135_0135.jpg 1 54 54 135 135
0683_0030_0066_0103_0103.jpg 1 30 66 103 103
0684_0072_0052_0030_0030.jpg 1 72 52 30 30
0685_0098_0054_0075_0075.jpg 1 98 54 75 75
0686_0102_0100_0027_0027.jpg 1 102 100 27 27
0687_0021_0014_0096_0096.jpg 1 21 14 96 96
0688_0037_0044_0132_0132.jpg 1 37 44 132 132
0689_0079_0073_0091_0091.jpg 1 79 73 91 91
0690_0066_0115_0040_0040.jpg 1 66 115 40 40
0691_0082_0045_0083_0083.jpg 1 82 45 83 83
0692_0019_0051_0121_0121.jpg 1 19 51 121 121
0693_0016_0060_0122_0122.jpg 1 16 60 122 122
0694_0085_0097_0086_0086.jpg 1 85 97 86 86
0695_0021_0033_0071_0071.jpg 1 21 33 71 71
0696_0034_0038_0086_0086.jpg 1 34 38 86 86
0697_0027_0058_0039_0039.jpg 1 27 58 39 39
0698_0018_0071_0091_0091.jpg 1 18 71 91 91
0699_0081_0099_0088_0088.jpg 1 81 99 88 88
0700_0019_0063_0084_0084.jpg 1 19 63 84 84
0701_0083_0068_0066_0066.jpg 1 83 68 66 66
0702_0035_0008_0131_0131.jpg 1 35 8 131 131
0703_0111_0021_0070_0070.jpg 1 111 21 70 70
0704_0039_0034_0131_0131.jpg 1 39 34 131 131
0705_0008_0015_0130_0130.jpg 1 8 15 130 130
0706_0123_0079_0027_0027.jpg 1 123 79 27 27
0707_0116_0135_0049_0049.jpg 1 116 135 49 49
0708_0082_0040_0052_0052.jpg 1 82 40 52 52
0709_0054_0085_0067_0067.jpg 1 54 85 67 67
0710_0049_0070_0063_0063.jpg 1 49 70 63 63
0711_0040_0123_0049_0049.jpg 1 40 123 49 49
0712_0109_0101_0055_0055.jpg 1 109 101 55 55
0713_0060_0068_0032_0032.jpg 1 60 68 32 32
0714_0051_0095_0055_0055.jpg 1 51 95 55 55
0715_0043_0031_0079_0079.jpg 1 43 31 79 79
0716_0027_0048_0115_0115.jpg 1 27 48 115 115
0717_0129_0025_0045_0045.jpg 1 129 25 45 45
0718_0111_0129_0028_0028.jpg 1 111 129 28 28
0719_0017_0023_0109_0109.jpg 1 17 23 109 109
0720_0026_0026_0112_0112.jpg 1 26 26 112 112
0721_0063_0069_0073_0073.jpg 1 63 69 73 73
0722_0106_0073_0034_0034.jpg 1 106 73 34 34
0723_0095_0069_0091_0091.jpg 1 95 69 91 91
0724_0101_0061_0056_0056.jpg 1 101 61 56 56
0725_0059_0104_0037_0037.jpg 1 59 104 37 37
0726_0058_0032_0108_0108.jpg 1 58 32 108 108
0727_0062_0017_0050_0050.jpg 1 62 17 50 50
0728_0075_0091_0082_0082.jpg 1 75 91 82 82
0729_0121_0131_0028_0028.jpg 1 121 131 28 28
0730_0113_0028_0073_0073.jpg 1 113 28 73 73
0731_0044_0074_0077_0077.jpg 1 44 74 77 77
0732_0075_0021_0072_0072.jpg 1 75 21 72 72
0733_0050_0125_0024_0024.jpg 1 50 125 24 24
0734_0060_0079_0063_0063.jpg 1 60 79 63 63
0735_0065_0081_0106_0106.jpg 1 65 81 106 106
0736_0020_0013_0099_0099.jpg 1 20 13 99 99
0737_0035_0085_0102_0102.jpg 1 35 85 102 102
0738_0017_0082_0105_0105.jpg 1 17 82 105 105
0739_0040_0047_0136_0136.jpg 1 40 47 136 136
0740_0061_0031_0122_0122.jpg 1 61 31 122 122
0741_0100_0081_0064_0064.jpg 1 100 81 64 64
0742_0120_0062_0066_0066.jpg 1 120 62 66 66
0743_0040_0018_0077_0077.jpg 1 40 18 77 77
0744_0041_0101_0080_0080.jpg 1 41 101 80 80
0745_0090_0055_0096_0096.jpg 1 90 55 96 96
0746_0038_0095_0088_0088.jpg 1 38 95 88 88
0747_0125_0016_0036_0036.jpg 1 125 16 36 36
0748_0096_0048_0072_0072.jpg 1 96 48 72 72
0749_0063_0035_0048_0048.jpg 1 63 35 48 48
0750_0099_0062_0060_0060.jpg 1 99 62 60 60
0751_0031_0073_0076_0076.jpg 1 31 73 76 76
0752_0103_0050_0050_0050.jpg 1 103 50 50 50
0753_0128_0123_0048_0048.jpg 1 128 123 48 48
0754_0017_0071_0081_0081.jpg 1 17 71 81 81
0755_0029_0037_0121_0121.jpg 1 29 37 121 121
0756_0056_0048_0119_0119.jpg 1 56 48 119 119
0757_0041_0140_0024_0024.jpg 1 41 140 24 24
0758_0016_0011_0132_0132.jpg 1 16 11 132 132
0759_0057_0093_0072_0072.jpg 1 57 93 72 72
0760_0034_0028_0135_0135.jpg 1 34 28 135 135
0761_0132_0084_0028_0028.jpg 1 132 84 28 28
0762_0058_0014_0119_0119.jpg 1 58 14 119 119
0763_0024_0068_0055_0055.jpg 1 24 68 55 55
0764_0035_0009_0138_0138.jpg 1 35 9 138 138
0765_0028_0056_0091_0091.jpg 1 28 56 91 91
0766_0034_0020_0114_0114.jpg 1 34 20 114 114
0767_0133_0081_0047_0047.jpg 1 133 81 47 47
0768_0091_0054_0079_0079.jpg 1 91 54 79 79
0769_0125_0025_0053_0053.jpg 1 125 25 53 53
0770_0043_0050_0139_0139.jpg 1 43 50 139 139
0771_0031_0055_0092_0092.jpg 1 31 55 92 92
0772_0032_0057_0096_0096.jpg 1 32 57 96 96
0773_0091_0057_0095_0095.jpg 1 91 57 95 95
0774_0088_0016_0078_0078.jpg 1 88 16 78 78
0775_0019_0066_0116_0116.jpg 1 19 66 116 116
0776_0048_0103_0048_0048.jpg 1 48 103 48 48
0777_0117_0047_0068_0068.jpg 1 117 47 68 68
0778_0069_0072_0118_0118.jpg 1 69 72 118 118
0779_0041_0008_0122_0122.jpg 1 41 8 122 122
0780_0041_0019_0129_0129.jpg 1 41 19 129 129
0781_0038_0021_0085_0085.jpg 1 38 21 85 85
0782_0036_0053_0091_0091.jpg 1 36 53 91 91
0783_0121_0027_0057_0057.jpg 1 121 27 57 57
0784_0106_0124_0044_0044.jpg 1 106 124 44 44
0785_0033_0038_0066_0066.jpg 1 33 38 66 66
0786_0016_0020_0124_0124.jpg 1 16 20 124 124
0787_0080_0078_0070_0070.jpg 1 80 78 70 70
0788_0060_0053_0131_0131.jpg 1 60 53 131 131
0789_0093_0104_0083_0083.jpg 1 93 104 83 83
0790_0084_0052_0064_0064.jpg 1 84 52 64 64
0791_0057_0080_0108_0108.jpg 1 57 80 108 108
0792_0073_0083_0065_0065.jpg 1 73 83 65 65
0793_0070_0074_0109_0109.jpg 1 70 74 109 109
0794_0037_0074_0094_0094.jpg 1 37 74 94 94
0795_0081_0035_0078_0078.jpg 1 81 35 78 78
0796_0107_0024_0040_0040.jpg 1 107 24 40 40
0797_0029_0084_0088_0088.jpg 1 29 84 88 88
0798_0048_0118_0038_0038.jpg 1 48 118 38 38
0799_0031_0059_0133_0133.jpg 1 31 59 133 133
0800_0078_0062_0048_0048.jpg 1 78 62 48 48
0801_0043_0038_0090_0090.jpg 1 43 38 90 90
0802_0017_0057_0054_0054.jpg 1 17 57 54 54
0803_0070_0125_0048_0048.jpg 1 70 125 48 48
0804_0113_0025_0037_0037.jpg 1 113 25 37 37
0805_0134_0087_0037_0037.jpg 1 134 87 37 37
0806_0108_0075_0073_0073.jpg 1 108 75 73 73
0807_0073_0107_0041_0041.jpg 1 73 107 41 41
0808_0043_0076_0044_0044.jpg 1 43 76 44 44
0809_0053_0030_0066_0066.jpg 1 53 30 66 66
0810_0055_0052_0100_0100.jpg 1 55 52 100 100
0811_0077_0054_0096_0096.jpg 1 77 54 96 96
0812_0021_0086_0086_0086.jpg 1 21 86 86 86
0813_0120_0024_0048_0048.jpg 1 120 24 48 48
0814_0029_0028_0063_0063.jpg 1 29 28 63 63
0815_0015_0030_0062_0062.jpg 1 15 30 62 62
0816_0044_0023_0062_0062.jpg 1 44 23 62 62
0817_0044_0074_0114_0114.jpg 1 44 74 114 114
0818_0108_0031_0041_0041.jpg 1 108 31 41 41
0819_0060_0020_0053_0053.jpg 1 60 20 53 53
0820_0042_0057_0135_0135.jpg 1 42 57 135 135
0821_0035_0008_0118_0118.jpg 1 35 8 118 118
0822_0028_0062_0067_0067.jpg 1 28 62 67 67
0823_0110_0086_0041_0041.jpg 1 110 86 41 41
0824_0013_0011_0108_0108.jpg 1 13 11 108 108
0825_0068_0031_0107_0107.jpg 1 68 31 107 107
0826_0026_0014_0086_0086.jpg 1 26 14 86 86
0827_0056_0033_0114_0114.jpg 1 56 33 114 114
0828_0121_0094_0061_0061.jpg 1 121 94 61 61
0829_0043_0036_0097_0097.jpg 1 43 36 97 97
0830_0038_0046_0130_0130.jpg 1 38 46 130 130
0831_0027_0041_0129_0129.jpg 1 27 41 129 129
0832_0102_0066_0065_0065.jpg 1 102 66 65 65
0833_0055_0026_0130_0130.jpg 1 55 26 130 130
0834_0082_0069_0081_0081.jpg 1 82 69 81 81
0835_0072_0017_0053_0053.jpg 1 72 17 53 53
0836_0048_0037_0101_0101.jpg 1 48 37 101 101
0837_0068_0033_0104_0104.jpg 1 68 33 104 104
0838_0102_0076_0059_0059.jpg 1 102 76 59 59
0839_0043_0066_0070_0070.jpg 1 43 66 70 70
0840_0023_0037_0059_0059.jpg 1 23 37 59 59
0841_0095_0051_0071_0071.jpg 1 95 51 71 71
0842_0077_0054_0107_0107.jpg 1 77 54 107 107
0843_0064_0036_0048_0048.jpg 1 64 36 48 48
0844_0074_0071_0032_0032.jpg 1 74 71 32 32
0845_0022_0035_0042_0042.jpg 1 22 35 42 42
0846_0099_0064_0041_0041.jpg 1 99 64 41 41
0847_0101_0027_0078_0078.jpg 1 101 27 78 78
0848_0044_0068_0096_0096.jpg 1 44 68 96 96
0849_0078_0052_0060_0060.jpg 1 78 52 60 60
0850_0132_0033_0036_0036.jpg 1 132 33 36 36
0851_0094_0040_0033_0033.jpg 1 94 40 33 33
0852_0033_0050_0120_0120.jpg 1 33 50 120 120
0853_0084_0019_0105_0105.jpg 1 84 19 105 105
0854_0116_0130_0051_0051.jpg 1 116 130 51 51
0855_0044_0070_0044_0044.jpg 1 44 70 44 44
0856_0100_0020_0084_0084.jpg 1 100 20 84 84
0857_0028_0011_0089_0089.jpg 1 28 11 89 89
0858_0048_0056_0127_0127.jpg 1 48 56 127 127
0859_0071_0069_0061_0061.jpg 1 71 69 61 61
0860_0095_0084_0077_0077.jpg 1 95 84 77 77
0861_0106_0069_0048_0048.jpg 1 106 69 48 48
0862_0052_0048_0127_0127.jpg 1 52 48 127 127
0863_0022_0017_0099_0099.jpg 1 22 17 99 99
0864_0054_0101_0073_0073.jpg 1 54 101 73 73
0865_0116_0087_0051_0051.jpg 1 116 87 51 51
0866_0020_0070_0117_0117.jpg 1 20 70 117 117
0867_0016_0012_0135_0135.jpg 1 16 12 135 135
0868_0048_0016_0137_0137.jpg 1 48 16 137 137
0869_0058_0078_0105_0105.jpg 1 58 78 105 105
0870_0041_0033_0135_0135.jpg 1 41 33 135 135
0871_0089_0102_0082_0082.jpg 1 89 102 82 82
0872_0102_0108_0063_0063.jpg 1 102 108 63 63
0873_0028_0027_0069_0069.jpg 1 28 27 69 69
0874_0047_0018_0088_0088.jpg 1 47 18 88 88
0875_0017_0057_0133_0133.jpg 1 17 57 133 133
0876_0108_0019_0061_0061.jpg 1 108 19 61 61
0877_0027_0066_0033_0033.jpg 1 27 66 33 33
0878_0108_0037_0066_0066.jpg 1 108 37 66 66
0879_0034_0079_0087_0087.jpg 1 34 79 87 87
0880_0037_0087_0065_0065.jpg 1 37 87 65 65
0881_0016_0016_0107_0107.jpg 1 16 16 107 107
0882_0024_0109_0075_0075.jpg 1 24 109 75 75
0883_0067_0018_0056_0056.jpg 1 67 18 56 56
0884_0024_0053_0115_0115.jpg 1 24 53 115 115
0885_0151_0052_0026_0026.jpg 1 151 52 26 26
0886_0059_0036_0099_0099.jpg 1 59 36 99 99
0887_0017_0146_0034_0034.jpg 1 17 146 34 34
0888_0057_0103_0061_0061.jpg 1 57 103 61 61
0889_0019_0028_0070_0070.jpg 1 19 28 70 70
0890_0066_0067_0118_0118.jpg 1 66 67 118 118
0891_0084_0050_0053_0053.jpg 1 84 50 53 53
0892_0032_0058_0097_0097.jpg 1 32 58 97 97
0893_0087_0060_0055_0055.jpg 1 87 60 55 55
0894_0031_0032_0028_0028.jpg 1 31 32 28 28
0895_0024_0024_0096_0096.jpg 1 24 24 96 96
0896_0060_0074_0045_0045.jpg 1 60 74 45 45
0897_0076_0121_0055_0055.jpg 1 76 121 55 55
0898_0041_0085_0090_0090.jpg 1 41 85 90 90
0899_0040_0067_0121_0121.jpg 1 40 67 121 121
0900_0034_0119_0049_0049.jpg 1 34 119 49 49
0901_0037_0030_0110_0110.jpg 1 37 30 110 110
0902_0068_0136_0026_0026.jpg 1 68 136 26 26
0903_0120_0135_0046_0046.jpg 1 120 135 46 46
0904_0019_0047_0034_0034.jpg 1 19 47 34 34
0905_0075_0021_0097_0097.jpg 1 75 21 97 97
0906_0102_0093_0049_0049.jpg 1 102 93 49 49
0907_0116_0044_0047_0047.jpg 1 116 44 47 47
0908_0072_0060_0084_0084.jpg 1 72 60 84 84
0909_0029_0011_0135_0135.jpg 1 29 11 135 135
0910_0038_0011_0121_0121.jpg 1 38 11 121 121
0911_0019_0053_0112_0112.jpg 1 19 53 112 112
0912_0098_0096_0067_0067.jpg 1 98 96 67 67
0913_0029_0087_0049_0049.jpg 1 29 87 49 49
0914_0060_0052_0120_0120.jpg 1 60 52 120 120
0915_0076_0075_0114_0114.jpg 1 76 75 114 114
0916_0015_0019_0136_0136.jpg 1 15 19 136 136
0917_0071_0063_0116_0116.jpg 1 71 63 116 116
0918_0050_0031_0115_0115.jpg 1 50 31 115 115
0919_0012_0012_0081_0081.jpg 1 12 12 81 81
0920_0056_0055_0132_0132.jpg 1 56 55 132 132
0921_0041_0053_0066_0066.jpg 1 41 53 66 66
0922_0012_0065_0123_0123.jpg 1 12 65 123 123
0923_0049_0018_0033_0033.jpg 1 49 18 33 33
0924_0048_0137_0036_0036.jpg 1 48 137 36 36
0925_0045_0046_0062_0062.jpg 1 45 46 62 62
0926_0097_0083_0074_0074.jpg 1 97 83 74 74
0927_0049_0035_0089_0089.jpg 1 49 35 89 89
0928_0042_0084_0086_0086.jpg 1 42 84 86 86
0929_0020_0097_0053_0053.jpg 1 20 97 53 53
0930_0096_0098_0081_0081.jpg 1 96 98 81 81
0931_0016_0075_0091_0091.jpg 1 16 75 91 91
0932_0031_0049_0097_0097.jpg 1 31 49 97 97
0933_0136_0051_0028_0028.jpg 1 136 51 28 28
0934_0033_0032_0132_0132.jpg 1 33 32 132 132
0935_0104_0107_0044_0044.jpg 1 104 107 44 44
0936_0120_0047_0027_0027.jpg 1 120 47 27 27
0937_0015_0048_0051_0051.jpg 1 15 48 51 51
0938_0044_0139_0029_0029.jpg 1 44 139 29 29
0939_0054_0076_0103_0103.jpg 1 54 76 103 103
0940_0017_0045_0099_0099.jpg 1 17 45 99 99
0941_0070_0047_0114_0114.jpg 1 70 47 114 114
0942_0054_0026_0119_0119.jpg 1 54 26 119 119
0943_0016_0043_0135_0135.jpg 1 16 43 135 135
0944_0059_0024_0117_0117.jpg 1 59 24 117 117
0945_0126_0087_0047_0047.jpg 1 126 87 47 47
0946_0025_0046_0131_0131.jpg 1 25 46 131 131
0947_0064_0117_0048_0048.jpg 1 64 117 48 48
0948_0038_0067_0124_0124.jpg 1 38 67 124 124
0949_0039_0048_0113_0113.jpg 1 39 48 113 113
0950_0024_0020_0065_0065.jpg 1 24 20 65 65
0951_0118_0110_0063_0063.jpg 1 118 110 63 63
0952_0046_0056_0104_0104.jpg 1 46 56 104 104
0953_0103_0055_0061_0061.jpg 1 103 55 61 61
0954_0058_0066_0057_0057.jpg 1 58 66 57 57
0955_0126_0111_0055_0055.jpg 1 126 111 55 55
0956_0050_0048_0130_0130.jpg 1 50 48 130 130
0957_0066_0062_0031_0031.jpg 1 66 62 31 31
0958_0038_0048_0129_0129.jpg 1 38 48 129 129
0959_0028_0020_0126_0126.jpg 1 28 20 126 126
0960_0117_0071_0043_0043.jpg 1 117 71 43 43
0961_0065_0065_0085_0085.jpg 1 65 65 85 85
0962_0020_0012_0133_0133.jpg 1 20 12 133 133
0963_0034_0061_0108_0108.jpg 1 34 61 108 108
0964_0013_0045_0129_0129.jpg 1 13 45 129 129
0965_0096_0026_0078_0078.jpg 1 96 26 78 78
0966_0018_0024_0088_0088.jpg 1 18 24 88 88
0967_0056_0055_0067_0067.jpg 1 56 55 67 67
0968_0043_0012_0104_0104.jpg 1 43 12 104 104
0969_0014_0068_0119_0119.jpg 1 14 68 119 119
0970_0024_0051_0095_0095.jpg 1 24 51 95 95
0971_0060_0014_0061_0061.jpg 1 60 14 61 61
0972_0031_0034_0136_0136.jpg 1 31 34 136 136
0973_0101_0106_0070_0070.jpg 1 101 106 70 70
0974_0115_0079_0045_0045.jpg 1 115 79 45 45
0975_0091_0046_0088_0088.jpg 1 91 46 88 88
0976_0014_0102_0065_0065.jpg 1 14 102 65 65
0977_0066_0079_0093_0093.jpg 1 66 79 93 93
0978_0029_0033_0136_0136.jpg 1 29 33 136 136
0979_0036_0021_0130_0130.jpg 1 36 21 130 130
0980_0100_0065_0063_0063.jpg 1 100 65 63 63
0981_0077_0039_0107_0107.jpg 1 77 39 107 107
0982_0020_0073_0086_0086.jpg 1 20 73 86 86
0983_0030_0080_0060_0060.jpg 1 30 80 60 60
0984_0095_0041_0049_0049.jpg 1 95 41 49 49
0985_0068_0021_0109_0109.jpg 1 68 21 109 109
0986_0096_0097_0047_0047.jpg 1 96 97 47 47
0987_0057_0094_0066_0066.jpg 1 57 94 66 66
0988_0064_0018_0120_0120.jpg 1 64 18 120 120
0989_0051_0023_0134_0134.jpg 1 51 23 134 134
0990_0031_0037_0138_0138.jpg 1 31 37 138 138
0991_0042_0080_0110_0110.jpg 1 42 80 110 110
0992_0040_0047_0124_0124.jpg 1 40 47 124 124
0993_0070_0054_0062_0062.jpg 1 70 54 62 62
0994_0086_0088_0081_0081.jpg 1 86 88 81 81
0995_0035_0065_0125_0125.jpg 1 35 65 125 125
