0001_0029_0049_0105_0105.jpg 1 29 49 105 105
0002_0057_0035_0124_0124.jpg 1 57 35 124 124
0003_0113_0100_0070_0070.jpg 1 113 100 70 70
0004_0077_0098_0057_0057.jpg 1 77 98 57 57
0005_0028_0089_0047_0047.jpg 1 28 89 47 47
0006_0063_0025_0113_0113.jpg 1 63 25 113 113
0007_0137_0031_0036_0036.jpg 1 137 31 36 36
0008_0025_0054_0138_0138.jpg 1 25 54 138 138
0009_0027_0006_0133_0133.jpg 1 27 6 133 133
0010_0073_0068_0107_0107.jpg 1 73 68 107 107
0011_0013_0065_0106_0106.jpg 1 13 65 106 106
0012_0056_0037_0086_0086.jpg 1 56 37 86 86
0013_0031_0031_0103_0103.jpg 1 31 31 103 103
0014_0079_0030_0091_0091.jpg 1 79 30 91 91
0015_0112_0033_0072_0072.jpg 1 112 33 72 72
0016_0036_0033_0132_0132.jpg 1 36 33 132 132
0017_0010_0069_0101_0101.jpg 1 10 69 101 101
0018_0054_0043_0120_0120.jpg 1 54 43 120 120
0019_0054_0122_0056_0056.jpg 1 54 122 56 56
0020_0065_0038_0074_0074.jpg 1 65 38 74 74
0021_0048_0034_0077_0077.jpg 1 48 34 77 77
0022_0070_0061_0080_0080.jpg 1 70 61 80 80
0023_0129_0089_0024_0024.jpg 1 129 89 24 24
0024_0047_0029_0122_0122.jpg 1 47 29 122 122
0025_0059_0046_0070_0070.jpg 1 59 46 70 70
0026_0065_0007_0126_0126.jpg 1 65 7 126 126
0027_0033_0060_0121_0121.jpg 1 33 60 121 121
0028_0100_0073_0050_0050.jpg 1 100 73 50 50
0029_0122_0077_0050_0050.jpg 1 122 77 50 50
0030_0105_0025_0047_0047.jpg 1 105 25 47 47
0031_0107_0066_0041_0041.jpg 1 107 66 41 41
0032_0064_0087_0065_0065.jpg 1 64 87 65 65
0033_0048_0026_0107_0107.jpg 1 48 26 107 107
0034_0029_0057_0127_0127.jpg 1 29 57 127 127
0035_0027_0011_0113_0113.jpg 1 27 11 113 113
0036_0079_0050_0039_0039.jpg 1 79 50 39 39
0037_0053_0072_0076_0076.jpg 1 53 72 76 76
0038_0100_0013_0081_0081.jpg 1 100 13 81 81
0039_0111_0021_0043_0043.jpg 1 111 21 43 43
0040_0043_0024_0111_0111.jpg 1 43 24 111 111
0041_0039_0136_0046_0046.jpg 1 39 136 46 46
0042_0051_0059_0126_0126.jpg 1 51 59 126 126
0043_0050_0049_0059_0059.jpg 1 50 49 59 59
0044_0031_0075_0043_0043.jpg 1 31 75 43 43
0045_0074_0024_0072_0072.jpg 1 74 24 72 72
0046_0041_0043_0128_0128.jpg 1 41 43 128 128
0047_0138_0128_0036_0036.jpg 1 138 128 36 36
0048_0067_0066_0050_0050.jpg 1 67 66 50 50
0049_0042_0017_0105_0105.jpg 1 42 17 105 105
0050_0022_0012_0121_0121.jpg 1 22 12 121 121
0051_0030_0017_0106_0106.jpg 1 30 17 106 106
0052_0055_0013_0077_0077.jpg 1 55 13 77 77
0053_0060_0010_0132_0132.jpg 1 60 10 132 132
0054_0025_0035_0068_0068.jpg 1 25 35 68 68
0055_0050_0043_0103_0103.jpg 1 50 43 103 103
0056_0061_0038_0094_0094.jpg 1 61 38 94 94
0057_0036_0076_0103_0103.jpg 1 36 76 103 103
0058_0076_0023_0103_0103.jpg 1 76 23 103 103
0059_0050_0068_0123_0123.jpg 1 50 68 123 123
0060_0028_0018_0135_0135.jpg 1 28 18 135 135
0061_0107_0074_0074_0074.jpg 1 107 74 74 74
0062_0068_0041_0052_0052.jpg 1 68 41 52 52
0063_0018_0051_0123_0123.jpg 1 18 51 123 123
0064_0024_0049_0094_0094.jpg 1 24 49 94 94
0065_0013_0094_0068_0068.jpg 1 13 94 68 68
0066_0141_0093_0024_0024.jpg 1 141 93 24 24
0067_0024_0057_0084_0084.jpg 1 24 57 84 84
0068_0124_0093_0041_0041.jpg 1 124 93 41 41
0069_0078_0045_0089_0089.jpg 1 78 45 89 89
0070_0056_0057_0090_0090.jpg 1 56 57 90 90
0071_0049_0045_0106_0106.jpg 1 49 45 106 106
0072_0070_0086_0098_0098.jpg 1 70 86 98 98
0073_0070_0060_0065_0065.jpg 1 70 60 65 65
0074_0020_0101_0025_0025.jpg 1 20 101 25 25
0075_0042_0032_0133_0133.jpg 1 42 32 133 133
0076_0097_0069_0073_0073.jpg 1 97 69 73 73
0077_0084_0052_0101_0101.jpg 1 84 52 101 101
0078_0106_0044_0040_0040.jpg 1 106 44 40 40
0079_0041_0049_0131_0131.jpg 1 41 49 131 131
0080_0021_0093_0045_0045.jpg 1 21 93 45 45
0081_0034_0026_0096_0096.jpg 1 34 26 96 96
0082_0019_0060_0099_0099.jpg 1 19 60 99 99
0083_0144_0100_0031_0031.jpg 1 144 100 31 31
0084_0016_0014_0115_0115.jpg 1 16 14 115 115
0085_0068_0101_0069_0069.jpg 1 68 101 69 69
0086_0024_0023_0127_0127.jpg 1 24 23 127 127
0087_0025_0070_0032_0032.jpg 1 25 70 32 32
0088_0112_0048_0071_0071.jpg 1 112 48 71 71
0089_0067_0053_0103_0103.jpg 1 67 53 103 103
0090_0031_0020_0132_0132.jpg 1 31 20 132 132
0091_0018_0088_0093_0093.jpg 1 18 88 93 93
0092_0048_0101_0080_0080.jpg 1 48 101 80 80
0093_0026_0025_0094_0094.jpg 1 26 25 94 94
0094_0039_0033_0095_0095.jpg 1 39 33 95 95
0095_0085_0082_0065_0065.jpg 1 85 82 65 65
0096_0024_0017_0130_0130.jpg 1 24 17 130 130
0097_0046_0041_0063_0063.jpg 1 46 41 63 63
0098_0123_0133_0029_0029.jpg 1 123 133 29 29
0099_0020_0034_0118_0118.jpg 1 20 34 118 118
0100_0052_0025_0115_0115.jpg 1 52 25 115 115
0101_0032_0085_0051_0051.jpg 1 32 85 51 51
0102_0055_0104_0053_0053.jpg 1 55 104 53 53
0103_0058_0086_0075_0075.jpg 1 58 86 75 75
0104_0009_0046_0126_0126.jpg 1 9 46 126 126
0105_0021_0054_0121_0121.jpg 1 21 54 121 121
0106_0041_0059_0098_0098.jpg 1 41 59 98 98
0107_0138_0060_0039_0039.jpg 1 138 60 39 39
0108_0025_0023_0126_0126.jpg 1 25 23 126 126
0109_0048_0142_0036_0036.jpg 1 48 142 36 36
0110_0019_0126_0037_0037.jpg 1 19 126 37 37
0111_0038_0027_0128_0128.jpg 1 38 27 128 128
0112_0046_0105_0032_0032.jpg 1 46 105 32 32
0113_0080_0025_0093_0093.jpg 1 80 25 93 93
0114_0097_0023_0073_0073.jpg 1 97 23 73 73
0115_0089_0023_0077_0077.jpg 1 89 23 77 77
0116_0047_0131_0037_0037.jpg 1 47 131 37 37
0117_0096_0025_0084_0084.jpg 1 96 25 84 84
0118_0066_0030_0125_0125.jpg 1 66 30 125 125
0119_0050_0120_0039_0039.jpg 1 50 120 39 39
0120_0104_0054_0073_0073.jpg 1 104 54 73 73
0121_0100_0057_0066_0066.jpg 1 100 57 66 66
0122_0024_0055_0106_0106.jpg 1 24 55 106 106
0123_0096_0028_0092_0092.jpg 1 96 28 92 92
0124_0072_0088_0083_0083.jpg 1 72 88 83 83
0125_0022_0049_0099_0099.jpg 1 22 49 99 99
0126_0083_0040_0076_0076.jpg 1 83 40 76 76
0127_0136_0093_0032_0032.jpg 1 136 93 32 32
0128_0027_0056_0137_0137.jpg 1 27 56 137 137
0129_0105_0013_0078_0078.jpg 1 105 13 78 78
0130_0020_0076_0100_0100.jpg 1 20 76 100 100
0131_0077_0018_0070_0070.jpg 1 77 18 70 70
0132_0079_0142_0035_0035.jpg 1 79 142 35 35
0133_0030_0034_0049_0049.jpg 1 30 34 49 49
0134_0089_0043_0048_0048.jpg 1 89 43 48 48
0135_0047_0056_0119_0119.jpg 1 47 56 119 119
0136_0032_0027_0081_0081.jpg 1 32 27 81 81
0137_0030_0029_0114_0114.jpg 1 30 29 114 114
0138_0016_0050_0084_0084.jpg 1 16 50 84 84
0139_0085_0024_0083_0083.jpg 1 85 24 83 83
0140_0010_0056_0114_0114.jpg 1 10 56 114 114
0141_0047_0045_0139_0139.jpg 1 47 45 139 139
0142_0046_0091_0085_0085.jpg 1 46 91 85 85
0143_0115_0064_0043_0043.jpg 1 115 64 43 43
0144_0048_0073_0095_0095.jpg 1 48 73 95 95
0145_0041_0020_0042_0042.jpg 1 41 20 42 42
0146_0045_0039_0121_0121.jpg 1 45 39 121 121
0147_0017_0073_0070_0070.jpg 1 17 73 70 70
0148_0127_0118_0041_0041.jpg 1 127 118 41 41
0149_0032_0049_0041_0041.jpg 1 32 49 41 41
0150_0048_0021_0095_0095.jpg 1 48 21 95 95
0151_0132_0102_0027_0027.jpg 1 132 102 27 27
0152_0103_0112_0065_0065.jpg 1 103 112 65 65
0153_0036_0043_0132_0132.jpg 1 36 43 132 132
0154_0122_0055_0038_0038.jpg 1 122 55 38 38
0155_0021_0064_0071_0071.jpg 1 21 64 71 71
0156_0035_0073_0118_0118.jpg 1 35 73 118 118
0157_0126_0121_0024_0024.jpg 1 126 121 24 24
0158_0046_0067_0040_0040.jpg 1 46 67 40 40
0159_0036_0020_0053_0053.jpg 1 36 20 53 53
0160_0042_0039_0070_0070.jpg 1 42 39 70 70
0161_0027_0017_0118_0118.jpg 1 27 17 118 118
0162_0078_0023_0102_0102.jpg 1 78 23 102 102
0163_0041_0066_0099_0099.jpg 1 41 66 99 99
0164_0142_0037_0028_0028.jpg 1 142 37 28 28
0165_0060_0074_0057_0057.jpg 1 60 74 57 57
0166_0047_0052_0138_0138.jpg 1 47 52 138 138
0167_0007_0007_0137_0137.jpg 1 7 7 137 137
0168_0052_0051_0094_0094.jpg 1 52 51 94 94
0169_0040_0032_0124_0124.jpg 1 40 32 124 124
0170_0091_0015_0070_0070.jpg 1 91 15 70 70
0171_0075_0073_0090_0090.jpg 1 75 73 90 90
0172_0087_0095_0091_0091.jpg 1 87 95 91 91
0173_0084_0026_0026_0026.jpg 1 84 26 26 26
0174_0108_0080_0033_0033.jpg 1 108 80 33 33
0175_0023_0013_0124_0124.jpg 1 23 13 124 124
0176_0055_0044_0120_0120.jpg 1 55 44 120 120
0177_0011_0024_0136_0136.jpg 1 11 24 136 136
0178_0034_0045_0067_0067.jpg 1 34 45 67 67
0179_0026_0067_0099_0099.jpg 1 26 67 99 99
0180_0103_0076_0046_0046.jpg 1 103 76 46 46
0181_0051_0063_0129_0129.jpg 1 51 63 129 129
0182_0078_0092_0024_0024.jpg 1 78 92 24 24
0183_0059_0052_0117_0117.jpg 1 59 52 117 117
0184_0037_0014_0087_0087.jpg 1 37 14 87 87
0185_0097_0092_0060_0060.jpg 1 97 92 60 60
0186_0032_0046_0136_0136.jpg 1 32 46 136 136
0187_0049_0036_0115_0115.jpg 1 49 36 115 115
0188_0097_0086_0034_0034.jpg 1 97 86 34 34
0189_0035_0017_0138_0138.jpg 1 35 17 138 138
0190_0051_0023_0129_0129.jpg 1 51 23 129 129
0191_0019_0064_0027_0027.jpg 1 19 64 27 27
0192_0124_0114_0056_0056.jpg 1 124 114 56 56
0193_0008_0060_0128_0128.jpg 1 8 60 128 128
0194_0012_0054_0120_0120.jpg 1 12 54 120 120
0195_0074_0114_0066_0066.jpg 1 74 114 66 66
0196_0116_0112_0029_0029.jpg 1 116 112 29 29
0197_0019_0038_0057_0057.jpg 1 19 38 57 57
0198_0038_0012_0087_0087.jpg 1 38 12 87 87
0199_0014_0040_0075_0075.jpg 1 14 40 75 75
0200_0011_0051_0130_0130.jpg 1 11 51 130 130
0201_0032_0039_0060_0060.jpg 1 32 39 60 60
0202_0043_0047_0120_0120.jpg 1 43 47 120 120
0203_0029_0049_0112_0112.jpg 1 29 49 112 112
0204_0060_0075_0057_0057.jpg 1 60 75 57 57
0205_0045_0024_0034_0034.jpg 1 45 24 34 34
0206_0033_0123_0057_0057.jpg 1 33 123 57 57
0207_0023_0069_0044_0044.jpg 1 23 69 44 44
0208_0109_0120_0052_0052.jpg 1 109 120 52 52
0209_0057_0096_0054_0054.jpg 1 57 96 54 54
0210_0049_0025_0124_0124.jpg 1 49 25 124 124
0211_0013_0025_0131_0131.jpg 1 13 25 131 131
0212_0029_0041_0125_0125.jpg 1 29 41 125 125
0213_0080_0137_0043_0043.jpg 1 80 137 43 43
0214_0103_0015_0073_0073.jpg 1 103 15 73 73
0215_0084_0034_0084_0084.jpg 1 84 34 84 84
0216_0012_0040_0095_0095.jpg 1 12 40 95 95
0217_0097_0101_0034_0034.jpg 1 97 101 34 34
0218_0132_0120_0024_0024.jpg 1 132 120 24 24
0219_0041_0066_0114_0114.jpg 1 41 66 114 114
0220_0076_0128_0037_0037.jpg 1 76 128 37 37
0221_0036_0038_0136_0136.jpg 1 36 38 136 136
0222_0021_0061_0058_0058.jpg 1 21 61 58 58
0223_0087_0028_0049_0049.jpg 1 87 28 49 49
0224_0083_0088_0030_0030.jpg 1 83 88 30 30
0225_0036_0027_0139_0139.jpg 1 36 27 139 139
0226_0028_0096_0053_0053.jpg 1 28 96 53 53
0227_0129_0097_0025_0025.jpg 1 129 97 25 25
0228_0026_0046_0124_0124.jpg 1 26 46 124 124
0229_0045_0026_0139_0139.jpg 1 45 26 139 139
0230_0052_0039_0122_0122.jpg 1 52 39 122 122
0231_0086_0033_0103_0103.jpg 1 86 33 103 103
0232_0023_0065_0106_0106.jpg 1 23 65 106 106
0233_0100_0035_0047_0047.jpg 1 100 35 47 47
0234_0140_0087_0040_0040.jpg 1 140 87 40 40
0235_0082_0015_0092_0092.jpg 1 82 15 92 92
0236_0065_0020_0090_0090.jpg 1 65 20 90 90
0237_0022_0105_0029_0029.jpg 1 22 105 29 29
0238_0097_0021_0075_0075.jpg 1 97 21 75 75
0239_0013_0033_0068_0068.jpg 1 13 33 68 68
0240_0023_0040_0131_0131.jpg 1 23 40 131 131
0241_0047_0020_0124_0124.jpg 1 47 20 124 124
0242_0041_0063_0119_0119.jpg 1 41 63 119 119
0243_0013_0057_0103_0103.jpg 1 13 57 103 103
0244_0052_0015_0133_0133.jpg 1 52 15 133 133
0245_0041_0026_0089_0089.jpg 1 41 26 89 89
0246_0034_0045_0076_0076.jpg 1 34 45 76 76
0247_0043_0042_0120_0120.jpg 1 43 42 120 120
0248_0074_0113_0036_0036.jpg 1 74 113 36 36
0249_0022_0073_0115_0115.jpg 1 22 73 115 115
0250_0067_0073_0114_0114.jpg 1 67 73 114 114
0251_0011_0023_0131_0131.jpg 1 11 23 131 131
0252_0059_0010_0104_0104.jpg 1 59 10 104 104
0253_0082_0082_0041_0041.jpg 1 82 82 41 41
0254_0052_0046_0030_0030.jpg 1 52 46 30 30
0255_0079_0121_0064_0064.jpg 1 79 121 64 64
0256_0059_0078_0077_0077.jpg 1 59 78 77 77
0257_0133_0022_0047_0047.jpg 1 133 22 47 47
0258_0016_0039_0069_0069.jpg 1 16 39 69 69
0259_0113_0098_0070_0070.jpg 1 113 98 70 70
0260_0049_0034_0054_0054.jpg 1 49 34 54 54
0261_0053_0011_0100_0100.jpg 1 53 11 100 100
0262_0039_0112_0069_0069.jpg 1 39 112 69 69
0263_0021_0034_0139_0139.jpg 1 21 34 139 139
0264_0081_0016_0072_0072.jpg 1 81 16 72 72
0265_0095_0102_0040_0040.jpg 1 95 102 40 40
0266_0055_0077_0095_0095.jpg 1 55 77 95 95
0267_0069_0040_0104_0104.jpg 1 69 40 104 104
0268_0066_0008_0122_0122.jpg 1 66 8 122 122
0269_0074_0039_0114_0114.jpg 1 74 39 114 114
0270_0028_0090_0054_0054.jpg 1 28 90 54 54
0271_0064_0094_0045_0045.jpg 1 64 94 45 45
0272_0013_0079_0096_0096.jpg 1 13 79 96 96
0273_0140_0057_0041_0041.jpg 1 140 57 41 41
0274_0009_0046_0127_0127.jpg 1 9 46 127 127
0275_0018_0074_0056_0056.jpg 1 18 74 56 56
0276_0120_0040_0024_0024.jpg 1 120 40 24 24
0277_0060_0069_0108_0108.jpg 1 60 69 108 108
0278_0014_0082_0083_0083.jpg 1 14 82 83 83
0279_0061_0030_0060_0060.jpg 1 61 30 60 60
0280_0062_0027_0098_0098.jpg 1 62 27 98 98
0281_0015_0035_0106_0106.jpg 1 15 35 106 106
0282_0029_0012_0125_0125.jpg 1 29 12 125 125
0283_0027_0040_0052_0052.jpg 1 27 40 52 52
0284_0017_0012_0124_0124.jpg 1 17 12 124 124
0285_0101_0035_0037_0037.jpg 1 101 35 37 37
0286_0024_0059_0090_0090.jpg 1 24 59 90 90
0287_0040_0046_0120_0120.jpg 1 40 46 120 120
0288_0031_0008_0135_0135.jpg 1 31 8 135 135
0289_0064_0069_0120_0120.jpg 1 64 69 120 120
0290_0020_0070_0072_0072.jpg 1 20 70 72 72
0291_0097_0059_0073_0073.jpg 1 97 59 73 73
0292_0016_0034_0138_0138.jpg 1 16 34 138 138
0293_0011_0041_0115_0115.jpg 1 11 41 115 115
0294_0036_0047_0105_0105.jpg 1 36 47 105 105
0295_0013_0091_0064_0064.jpg 1 13 91 64 64
0296_0037_0035_0107_0107.jpg 1 37 35 107 107
0297_0124_0092_0037_0037.jpg 1 124 92 37 37
0298_0064_0068_0095_0095.jpg 1 64 68 95 95
0299_0033_0043_0090_0090.jpg 1 33 43 90 90
0300_0131_0097_0038_0038.jpg 1 131 97 38 38
0301_0017_0036_0132_0132.jpg 1 17 36 132 132
0302_0061_0049_0054_0054.jpg 1 61 49 54 54
0303_0058_0110_0075_0075.jpg 1 58 110 75 75
0304_0097_0059_0072_0072.jpg 1 97 59 72 72
0305_0105_0078_0033_0033.jpg 1 105 78 33 33
0306_0040_0042_0085_0085.jpg 1 40 42 85 85
0307_0050_0076_0095_0095.jpg 1 50 76 95 95
0308_0040_0040_0100_0100.jpg 1 40 40 100 100
0309_0089_0117_0049_0049.jpg 1 89 117 49 49
0310_0115_0028_0046_0046.jpg 1 115 28 46 46
0311_0015_0060_0126_0126.jpg 1 15 60 126 126
0312_0082_0037_0093_0093.jpg 1 82 37 93 93
0313_0089_0031_0040_0040.jpg 1 89 31 40 40
0314_0075_0060_0076_0076.jpg 1 75 60 76 76
0315_0023_0058_0120_0120.jpg 1 23 58 120 120
0316_0061_0030_0086_0086.jpg 1 61 30 86 86
0317_0091_0026_0085_0085.jpg 1 91 26 85 85
0318_0020_0053_0129_0129.jpg 1 20 53 129 129
0319_0127_0107_0048_0048.jpg 1 127 107 48 48
0320_0046_0012_0119_0119.jpg 1 46 12 119 119
0321_0017_0059_0122_0122.jpg 1 17 59 122 122
0322_0010_0081_0106_0106.jpg 1 10 81 106 106
0323_0059_0012_0126_0126.jpg 1 59 12 126 126
0324_0044_0042_0125_0125.jpg 1 44 42 125 125
0325_0016_0025_0135_0135.jpg 1 16 25 135 135
0326_0043_0061_0078_0078.jpg 1 43 61 78 78
0327_0036_0051_0135_0135.jpg 1 36 51 135 135
0328_0068_0042_0052_0052.jpg 1 68 42 52 52
0329_0071_0056_0025_0025.jpg 1 71 56 25 25
0330_0015_0023_0093_0093.jpg 1 15 23 93 93
0331_0090_0121_0064_0064.jpg 1 90 121 64 64
0332_0074_0013_0073_0073.jpg 1 74 13 73 73
0333_0051_0110_0077_0077.jpg 1 51 110 77 77
0334_0069_0078_0103_0103.jpg 1 69 78 103 103
0335_0116_0135_0033_0033.jpg 1 116 135 33 33
0336_0032_0019_0097_0097.jpg 1 32 19 97 97
0337_0042_0020_0117_0117.jpg 1 42 20 117 117
0338_0076_0013_0096_0096.jpg 1 76 13 96 96
0339_0012_0039_0119_0119.jpg 1 12 39 119 119
0340_0055_0069_0044_0044.jpg 1 55 69 44 44
0341_0028_0017_0137_0137.jpg 1 28 17 137 137
0342_0103_0087_0068_0068.jpg 1 103 87 68 68
0343_0037_0049_0119_0119.jpg 1 37 49 119 119
0344_0046_0037_0085_0085.jpg 1 46 37 85 85
0345_0014_0026_0139_0139.jpg 1 14 26 139 139
0346_0024_0067_0086_0086.jpg 1 24 67 86 86
0347_0040_0026_0087_0087.jpg 1 40 26 87 87
0348_0042_0090_0066_0066.jpg 1 42 90 66 66
0349_0099_0141_0033_0033.jpg 1 99 141 33 33
0350_0067_0028_0065_0065.jpg 1 67 28 65 65
0351_0023_0055_0115_0115.jpg 1 23 55 115 115
0352_0122_0091_0038_0038.jpg 1 122 91 38 38
0353_0083_0023_0105_0105.jpg 1 83 23 105 105
0354_0144_0097_0029_0029.jpg 1 144 97 29 29
0355_0036_0044_0116_0116.jpg 1 36 44 116 116
0356_0014_0041_0127_0127.jpg 1 14 41 127 127
0357_0033_0055_0121_0121.jpg 1 33 55 121 121
0358_0087_0032_0080_0080.jpg 1 87 32 80 80
0359_0034_0034_0131_0131.jpg 1 34 34 131 131
0360_0031_0081_0064_0064.jpg 1 31 81 64 64
0361_0093_0059_0085_0085.jpg 1 93 59 85 85
0362_0056_0026_0125_0125.jpg 1 56 26 125 125
0363_0064_0092_0087_0087.jpg 1 64 92 87 87
0364_0051_0120_0040_0040.jpg 1 51 120 40 40
0365_0024_0016_0131_0131.jpg 1 24 16 131 131
0366_0040_0126_0027_0027.jpg 1 40 126 27 27
0367_0044_0058_0117_0117.jpg 1 44 58 117 117
0368_0017_0070_0105_0105.jpg 1 17 70 105 105
0369_0054_0014_0115_0115.jpg 1 54 14 115 115
0370_0143_0050_0037_0037.jpg 1 143 50 37 37
0371_0088_0036_0043_0043.jpg 1 88 36 43 43
0372_0031_0050_0137_0137.jpg 1 31 50 137 137
0373_0078_0072_0111_0111.jpg 1 78 72 111 111
0374_0043_0055_0087_0087.jpg 1 43 55 87 87
0375_0089_0065_0042_0042.jpg 1 89 65 42 42
0376_0020_0111_0062_0062.jpg 1 20 111 62 62
0377_0130_0038_0034_0034.jpg 1 130 38 34 34
0378_0015_0031_0138_0138.jpg 1 15 31 138 138
0379_0109_0115_0029_0029.jpg 1 109 115 29 29
0380_0079_0089_0039_0039.jpg 1 79 89 39 39
0381_0010_0027_0123_0123.jpg 1 10 27 123 123
0382_0088_0153_0026_0026.jpg 1 88 153 26 26
0383_0045_0077_0092_0092.jpg 1 45 77 92 92
0384_0050_0073_0034_0034.jpg 1 50 73 34 34
0385_0061_0138_0034_0034.jpg 1 61 138 34 34
0386_0068_0025_0121_0121.jpg 1 68 25 121 121
0387_0079_0125_0059_0059.jpg 1 79 125 59 59
0388_0038_0037_0054_0054.jpg 1 38 37 54 54
0389_0093_0066_0057_0057.jpg 1 93 66 57 57
0390_0012_0041_0115_0115.jpg 1 12 41 115 115
0391_0097_0062_0086_0086.jpg 1 97 62 86 86
0392_0099_0067_0046_0046.jpg 1 99 67 46 46
0393_0031_0069_0093_0093.jpg 1 31 69 93 93
0394_0034_0013_0070_0070.jpg 1 34 13 70 70
0395_0071_0023_0084_0084.jpg 1 71 23 84 84
0396_0029_0116_0058_0058.jpg 1 29 116 58 58
0397_0096_0047_0027_0027.jpg 1 96 47 27 27
0398_0097_0078_0077_0077.jpg 1 97 78 77 77
0399_0045_0020_0128_0128.jpg 1 45 20 128 128
0400_0034_0046_0095_0095.jpg 1 34 46 95 95
0401_0031_0035_0079_0079.jpg 1 31 35 79 79
0402_0142_0142_0032_0032.jpg 1 142 142 32 32
0403_0113_0079_0065_0065.jpg 1 113 79 65 65
0404_0012_0038_0110_0110.jpg 1 12 38 110 110
0405_0015_0008_0134_0134.jpg 1 15 8 134 134
0406_0059_0014_0105_0105.jpg 1 59 14 105 105
0407_0031_0046_0082_0082.jpg 1 31 46 82 82
0408_0058_0037_0129_0129.jpg 1 58 37 129 129
0409_0093_0114_0071_0071.jpg 1 93 114 71 71
0410_0103_0052_0029_0029.jpg 1 103 52 29 29
0411_0011_0028_0127_0127.jpg 1 11 28 127 127
0412_0088_0045_0083_0083.jpg 1 88 45 83 83
0413_0073_0031_0103_0103.jpg 1 73 31 103 103
0414_0019_0074_0111_0111.jpg 1 19 74 111 111
0415_0103_0068_0045_0045.jpg 1 103 68 45 45
0416_0053_0047_0087_0087.jpg 1 53 47 87 87
0417_0045_0028_0136_0136.jpg 1 45 28 136 136
0418_0054_0028_0113_0113.jpg 1 54 28 113 113
0419_0024_0054_0085_0085.jpg 1 24 54 85 85
0420_0049_0049_0120_0120.jpg 1 49 49 120 120
0421_0024_0010_0135_0135.jpg 1 24 10 135 135
0422_0013_0019_0131_0131.jpg 1 13 19 131 131
0423_0024_0051_0029_0029.jpg 1 24 51 29 29
0424_0070_0044_0111_0111.jpg 1 70 44 111 111
0425_0041_0119_0033_0033.jpg 1 41 119 33 33
0426_0024_0026_0105_0105.jpg 1 24 26 105 105
0427_0033_0010_0115_0115.jpg 1 33 10 115 115
0428_0066_0083_0100_0100.jpg 1 66 83 100 100
0429_0060_0056_0125_0125.jpg 1 60 56 125 125
0430_0036_0099_0037_0037.jpg 1 36 99 37 37
0431_0022_0014_0115_0115.jpg 1 22 14 115 115
0432_0038_0018_0105_0105.jpg 1 38 18 105 105
0433_0122_0102_0049_0049.jpg 1 122 102 49 49
0434_0128_0130_0043_0043.jpg 1 128 130 43 43
0435_0022_0049_0035_0035.jpg 1 22 49 35 35
0436_0027_0038_0108_0108.jpg 1 27 38 108 108
0437_0013_0047_0136_0136.jpg 1 13 47 136 136
0438_0080_0025_0077_0077.jpg 1 80 25 77 77
0439_0055_0037_0093_0093.jpg 1 55 37 93 93
0440_0115_0094_0052_0052.jpg 1 115 94 52 52
0441_0045_0065_0105_0105.jpg 1 45 65 105 105
0442_0040_0014_0107_0107.jpg 1 40 14 107 107
0443_0033_0054_0087_0087.jpg 1 33 54 87 87
0444_0018_0020_0087_0087.jpg 1 18 20 87 87
0445_0144_0135_0035_0035.jpg 1 144 135 35 35
0446_0028_0070_0114_0114.jpg 1 28 70 114 114
0447_0069_0014_0080_0080.jpg 1 69 14 80 80
0448_0063_0058_0062_0062.jpg 1 63 58 62 62
0449_0028_0038_0128_0128.jpg 1 28 38 128 128
0450_0076_0047_0067_0067.jpg 1 76 47 67 67
0451_0044_0066_0075_0075.jpg 1 44 66 75 75
0452_0009_0051_0134_0134.jpg 1 9 51 134 134
0453_0069_0089_0062_0062.jpg 1 69 89 62 62
0454_0075_0030_0059_0059.jpg 1 75 30 59 59
0455_0134_0108_0045_0045.jpg 1 134 108 45 45
0456_0041_0037_0100_0100.jpg 1 41 37 100 100
0457_0102_0108_0075_0075.jpg 1 102 108 75 75
0458_0045_0063_0108_0108.jpg 1 45 63 108 108
0459_0082_0066_0094_0094.jpg 1 82 66 94 94
0460_0057_0071_0028_0028.jpg 1 57 71 28 28
0461_0125_0130_0025_0025.jpg 1 125 130 25 25
0462_0018_0053_0139_0139.jpg 1 18 53 139 139
0463_0064_0065_0059_0059.jpg 1 64 65 59 59
0464_0120_0094_0047_0047.jpg 1 120 94 47 47
0465_0037_0096_0059_0059.jpg 1 37 96 59 59
0466_0061_0028_0061_0061.jpg 1 61 28 61 61
0467_0148_0134_0034_0034.jpg 1 148 134 34 34
0468_0087_0045_0055_0055.jpg 1 87 45 55 55
0469_0011_0054_0108_0108.jpg 1 11 54 108 108
0470_0016_0105_0079_0079.jpg 1 16 105 79 79
0471_0111_0029_0066_0066.jpg 1 111 29 66 66
0472_0134_0057_0042_0042.jpg 1 134 57 42 42
0473_0100_0093_0065_0065.jpg 1 100 93 65 65
0474_0067_0016_0039_0039.jpg 1 67 16 39 39
0475_0015_0072_0117_0117.jpg 1 15 72 117 117
0476_0028_0030_0111_0111.jpg 1 28 30 111 111
0477_0047_0053_0062_0062.jpg 1 47 53 62 62
0478_0082_0043_0076_0076.jpg 1 82 43 76 76
0479_0037_0047_0072_0072.jpg 1 37 47 72 72
0480_0029_0092_0045_0045.jpg 1 29 92 45 45
0481_0070_0062_0098_0098.jpg 1 70 62 98 98
0482_0075_0029_0114_0114.jpg 1 75 29 114 114
0483_0067_0012_0112_0112.jpg 1 67 12 112 112
0484_0051_0055_0084_0084.jpg 1 51 55 84 84
0485_0096_0099_0074_0074.jpg 1 96 99 74 74
0486_0044_0115_0024_0024.jpg 1 44 115 24 24
0487_0040_0020_0136_0136.jpg 1 40 20 136 136
0488_0044_0026_0133_0133.jpg 1 44 26 133 133
0489_0021_0043_0076_0076.jpg 1 21 43 76 76
0490_0055_0066_0096_0096.jpg 1 55 66 96 96
0491_0023_0024_0117_0117.jpg 1 23 24 117 117
0492_0014_0028_0075_0075.jpg 1 14 28 75 75
0493_0100_0068_0081_0081.jpg 1 100 68 81 81
0494_0032_0032_0113_0113.jpg 1 32 32 113 113
0495_0032_0044_0121_0121.jpg 1 32 44 121 121
0496_0045_0017_0094_0094.jpg 1 45 17 94 94
0497_0051_0049_0064_0064.jpg 1 51 49 64 64
0498_0085_0106_0056_0056.jpg 1 85 106 56 56
0499_0021_0033_0135_0135.jpg 1 21 33 135 135
0500_0097_0079_0062_0062.jpg 1 97 79 62 62
0501_0064_0012_0112_0112.jpg 1 64 12 112 112
0502_0038_0080_0099_0099.jpg 1 38 80 99 99
0503_0037_0070_0096_0096.jpg 1 37 70 96 96
0504_0131_0053_0031_0031.jpg 1 131 53 31 31
0505_0028_0014_0072_0072.jpg 1 28 14 72 72
0506_0141_0052_0032_0032.jpg 1 141 52 32 32
0507_0052_0017_0124_0124.jpg 1 52 17 124 124
0508_0049_0036_0135_0135.jpg 1 49 36 135 135
0509_0028_0091_0071_0071.jpg 1 28 91 71 71
0510_0043_0036_0063_0063.jpg 1 43 36 63 63
0511_0030_0020_0116_0116.jpg 1 30 20 116 116
0512_0046_0070_0059_0059.jpg 1 46 70 59 59
0513_0070_0108_0048_0048.jpg 1 70 108 48 48
0514_0023_0082_0099_0099.jpg 1 23 82 99 99
0515_0063_0043_0122_0122.jpg 1 63 43 122 122
0516_0125_0062_0032_0032.jpg 1 125 62 32 32
0517_0046_0019_0126_0126.jpg 1 46 19 126 126
0518_0034_0030_0135_0135.jpg 1 34 30 135 135
0519_0093_0027_0072_0072.jpg 1 93 27 72 72
0520_0020_0048_0084_0084.jpg 1 20 48 84 84
0521_0032_0023_0118_0118.jpg 1 32 23 118 118
0522_0015_0062_0110_0110.jpg 1 15 62 110 110
0523_0020_0074_0068_0068.jpg 1 20 74 68 68
0524_0125_0031_0042_0042.jpg 1 125 31 42 42
0525_0050_0040_0137_0137.jpg 1 50 40 137 137
0526_0021_0025_0105_0105.jpg 1 21 25 105 105
0527_0041_0050_0043_0043.jpg 1 41 50 43 43
0528_0038_0013_0098_0098.jpg 1 38 13 98 98
0529_0146_0137_0029_0029.jpg 1 146 137 29 29
0530_0027_0073_0113_0113.jpg 1 27 73 113 113
0531_0057_0033_0095_0095.jpg 1 57 33 95 95
0532_0015_0082_0058_0058.jpg 1 15 82 58 58
0533_0039_0074_0039_0039.jpg 1 39 74 39 39
0534_0038_0053_0085_0085.jpg 1 38 53 85 85
0535_0051_0037_0086_0086.jpg 1 51 37 86 86
0536_0056_0096_0052_0052.jpg 1 56 96 52 52
0537_0085_0017_0068_0068.jpg 1 85 17 68 68
0538_0037_0046_0138_0138.jpg 1 37 46 138 138
0539_0126_0082_0033_0033.jpg 1 126 82 33 33
0540_0041_0112_0045_0045.jpg 1 41 112 45 45
0541_0125_0080_0041_0041.jpg 1 125 80 41 41
0542_0021_0102_0086_0086.jpg 1 21 102 86 86
0543_0031_0042_0128_0128.jpg 1 31 42 128 128
0544_0056_0007_0132_0132.jpg 1 56 7 132 132
0545_0094_0046_0095_0095.jpg 1 94 46 95 95
0546_0052_0042_0057_0057.jpg 1 52 42 57 57
0547_0076_0020_0067_0067.jpg 1 76 20 67 67
0548_0061_0049_0050_0050.jpg 1 61 49 50 50
0549_0019_0072_0073_0073.jpg 1 19 72 73 73
0550_0058_0027_0098_0098.jpg 1 58 27 98 98
0551_0041_0086_0104_0104.jpg 1 41 86 104 104
0552_0085_0064_0094_0094.jpg 1 85 64 94 94
0553_0085_0059_0049_0049.jpg 1 85 59 49 49
0554_0050_0068_0090_0090.jpg 1 50 68 90 90
0555_0099_0031_0088_0088.jpg 1 99 31 88 88
0556_0067_0077_0068_0068.jpg 1 67 77 68 68
0557_0030_0059_0100_0100.jpg 1 30 59 100 100
0558_0058_0050_0073_0073.jpg 1 58 50 73 73
0559_0083_0054_0084_0084.jpg 1 83 54 84 84
0560_0112_0053_0044_0044.jpg 1 112 53 44 44
0561_0129_0036_0049_0049.jpg 1 129 36 49 49
0562_0020_0124_0057_0057.jpg 1 20 124 57 57
0563_0016_0025_0061_0061.jpg 1 16 25 61 61
0564_0056_0151_0024_0024.jpg 1 56 151 24 24
0565_0056_0063_0102_0102.jpg 1 56 63 102 102
0566_0078_0031_0070_0070.jpg 1 78 31 70 70
0567_0063_0063_0082_0082.jpg 1 63 63 82 82
0568_0132_0024_0041_0041.jpg 1 132 24 41 41
0569_0107_0092_0037_0037.jpg 1 107 92 37 37
0570_0044_0049_0107_0107.jpg 1 44 49 107 107
0571_0085_0066_0030_0030.jpg 1 85 66 30 30
0572_0044_0030_0081_0081.jpg 1 44 30 81 81
0573_0010_0070_0105_0105.jpg 1 10 70 105 105
0574_0066_0073_0102_0102.jpg 1 66 73 102 102
0575_0010_0020_0123_0123.jpg 1 10 20 123 123
0576_0090_0041_0095_0095.jpg 1 90 41 95 95
0577_0132_0127_0034_0034.jpg 1 132 127 34 34
0578_0129_0019_0055_0055.jpg 1 129 19 55 55
0579_0079_0027_0079_0079.jpg 1 79 27 79 79
0580_0008_0012_0135_0135.jpg 1 8 12 135 135
0581_0107_0059_0053_0053.jpg 1 107 59 53 53
0582_0052_0029_0090_0090.jpg 1 52 29 90 90
0583_0064_0096_0070_0070.jpg 1 64 96 70 70
0584_0095_0024_0072_0072.jpg 1 95 24 72 72
0585_0052_0017_0118_0118.jpg 1 52 17 118 118
0586_0034_0077_0064_0064.jpg 1 34 77 64 64
0587_0032_0037_0088_0088.jpg 1 32 37 88 88
0588_0091_0130_0042_0042.jpg 1 91 130 42 42
0589_0108_0030_0055_0055.jpg 1 108 30 55 55
0590_0075_0072_0029_0029.jpg 1 75 72 29 29
0591_0036_0067_0088_0088.jpg 1 36 67 88 88
0592_0074_0009_0114_0114.jpg 1 74 9 114 114
0593_0048_0050_0120_0120.jpg 1 48 50 120 120
0594_0118_0025_0053_0053.jpg 1 118 25 53 53
0595_0100_0081_0057_0057.jpg 1 100 81 57 57
0596_0031_0029_0122_0122.jpg 1 31 29 122 122
0597_0041_0046_0066_0066.jpg 1 41 46 66 66
0598_0076_0037_0080_0080.jpg 1 76 37 80 80
0599_0121_0131_0031_0031.jpg 1 121 131 31 31
0600_0024_0031_0139_0139.jpg 1 24 31 139 139
0601_0028_0038_0123_0123.jpg 1 28 38 123 123
0602_0065_0075_0027_0027.jpg 1 65 75 27 27
0603_0076_0029_0062_0062.jpg 1 76 29 62 62
0604_0071_0017_0113_0113.jpg 1 71 17 113 113
0605_0017_0024_0038_0038.jpg 1 17 24 38 38
0606_0087_0026_0099_0099.jpg 1 87 26 99 99
0607_0042_0072_0116_0116.jpg 1 42 72 116 116
0608_0026_0023_0068_0068.jpg 1 26 23 68 68
0609_0090_0148_0029_0029.jpg 1 90 148 29 29
0610_0048_0042_0096_0096.jpg 1 48 42 96 96
0611_0049_0100_0049_0049.jpg 1 49 100 49 49
0612_0095_0016_0067_0067.jpg 1 95 16 67 67
0613_0008_0043_0116_0116.jpg 1 8 43 116 116
0614_0017_0039_0056_0056.jpg 1 17 39 56 56
0615_0043_0029_0106_0106.jpg 1 43 29 106 106
0616_0071_0022_0040_0040.jpg 1 71 22 40 40
0617_0031_0101_0075_0075.jpg 1 31 101 75 75
0618_0085_0017_0073_0073.jpg 1 85 17 73 73
0619_0022_0104_0077_0077.jpg 1 22 104 77 77
0620_0041_0071_0107_0107.jpg 1 41 71 107 107
0621_0058_0096_0072_0072.jpg 1 58 96 72 72
0622_0022_0074_0097_0097.jpg 1 22 74 97 97
0623_0020_0074_0091_0091.jpg 1 20 74 91 91
0624_0083_0093_0078_0078.jpg 1 83 93 78 78
0625_0058_0016_0130_0130.jpg 1 58 16 130 130
0626_0054_0035_0126_0126.jpg 1 54 35 126 126
0627_0059_0097_0075_0075.jpg 1 59 97 75 75
0628_0042_0094_0087_0087.jpg 1 42 94 87 87
0629_0030_0048_0124_0124.jpg 1 30 48 124 124
0630_0020_0014_0137_0137.jpg 1 20 14 137 137
0631_0032_0083_0053_0053.jpg 1 32 83 53 53
0632_0136_0026_0043_0043.jpg 1 136 26 43 43
0633_0099_0066_0074_0074.jpg 1 99 66 74 74
0634_0140_0025_0037_0037.jpg 1 140 25 37 37
0635_0072_0027_0029_0029.jpg 1 72 27 29 29
0636_0069_0079_0075_0075.jpg 1 69 79 75 75
0637_0055_0076_0049_0049.jpg 1 55 76 49 49
0638_0022_0043_0085_0085.jpg 1 22 43 85 85
0639_0023_0042_0103_0103.jpg 1 23 42 103 103
0640_0027_0007_0127_0127.jpg 1 27 7 127 127
0641_0086_0051_0067_0067.jpg 1 86 51 67 67
0642_0098_0019_0042_0042.jpg 1 98 19 42 42
0643_0044_0069_0082_0082.jpg 1 44 69 82 82
0644_0015_0034_0094_0094.jpg 1 15 34 94 94
0645_0063_0078_0089_0089.jpg 1 63 78 89 89
0646_0039_0061_0122_0122.jpg 1 39 61 122 122
0647_0031_0020_0086_0086.jpg 1 31 20 86 86
0648_0027_0099_0046_0046.jpg 1 27 99 46 46
0649_0038_0024_0136_0136.jpg 1 38 24 136 136
0650_0094_0066_0075_0075.jpg 1 94 66 75 75
0651_0110_0097_0073_0073.jpg 1 110 97 73 73
0652_0037_0068_0095_0095.jpg 1 37 68 95 95
0653_0026_0103_0028_0028.jpg 1 26 103 28 28
0654_0044_0052_0066_0066.jpg 1 44 52 66 66
0655_0019_0078_0072_0072.jpg 1 19 78 72 72
0656_0053_0049_0112_0112.jpg 1 53 49 112 112
0657_0079_0077_0036_0036.jpg 1 79 77 36 36
0658_0037_0055_0097_0097.jpg 1 37 55 97 97
0659_0020_0075_0039_0039.jpg 1 20 75 39 39
0660_0047_0022_0136_0136.jpg 1 47 22 136 136
0661_0103_0056_0074_0074.jpg 1 103 56 74 74
0662_0040_0101_0072_0072.jpg 1 40 101 72 72
0663_0039_0027_0083_0083.jpg 1 39 27 83 83
0664_0064_0036_0040_0040.jpg 1 64 36 40 40
0665_0050_0087_0085_0085.jpg 1 50 87 85 85
0666_0058_0037_0135_0135.jpg 1 58 37 135 135
0667_0086_0093_0042_0042.jpg 1 86 93 42 42
0668_0084_0082_0086_0086.jpg 1 84 82 86 86
0669_0080_0051_0093_0093.jpg 1 80 51 93 93
0670_0035_0022_0066_0066.jpg 1 35 22 66 66
0671_0033_0043_0096_0096.jpg 1 33 43 96 96
0672_0064_0056_0062_0062.jpg 1 64 56 62 62
0673_0043_0008_0136_0136.jpg 1 43 8 136 136
0674_0043_0017_0118_0118.jpg 1 43 17 118 118
0675_0056_0038_0133_0133.jpg 1 56 38 133 133
0676_0026_0074_0041_0041.jpg 1 26 74 41 41
0677_0072_0061_0116_0116.jpg 1 72 61 116 116
0678_0135_0075_0043_0043.jpg 1 135 75 43 43
0679_0076_0088_0090_0090.jpg 1 76 88 90 90
0680_0077_0014_0064_0064.jpg 1 77 14 64 64
0681_0106_0014_0067_0067.jpg 1 106 14 67 67
0682_0062_0017_0117_0117.jpg 1 62 17 117 117
0683_0089_0125_0040_0040.jpg 1 89 125 40 40
0684_0043_0075_0108_0108.jpg 1 43 75 108 108
0685_0109_0091_0075_0075.jpg 1 109 91 75 75
0686_0032_0020_0118_0118.jpg 1 32 20 118 118
0687_0115_0055_0054_0054.jpg 1 115 55 54 54
0688_0014_0052_0097_0097.jpg 1 14 52 97 97
0689_0045_0048_0131_0131.jpg 1 45 48 131 131
0690_0072_0064_0072_0072.jpg 1 72 64 72 72
0691_0112_0075_0053_0053.jpg 1 112 75 53 53
0692_0059_0048_0130_0130.jpg 1 59 48 130 130
0693_0020_0088_0037_0037.jpg 1 20 88 37 37
0694_0041_0115_0067_0067.jpg 1 41 115 67 67
0695_0038_0091_0063_0063.jpg 1 38 91 63 63
0696_0070_0112_0075_0075.jpg 1 70 112 75 75
0697_0136_0092_0038_0038.jpg 1 136 92 38 38
0698_0058_0068_0121_0121.jpg 1 58 68 121 121
0699_0025_0092_0048_0048.jpg 1 25 92 48 48
0700_0094_0099_0051_0051.jpg 1 94 99 51 51
0701_0048_0104_0053_0053.jpg 1 48 104 53 53
0702_0053_0045_0058_0058.jpg 1 53 45 58 58
0703_0015_0062_0070_0070.jpg 1 15 62 70 70
0704_0091_0085_0096_0096.jpg 1 91 85 96 96
0705_0038_0105_0069_0069.jpg 1 38 105 69 69
0706_0028_0054_0130_0130.jpg 1 28 54 130 130
0707_0106_0126_0051_0051.jpg 1 106 126 51 51
0708_0056_0037_0054_0054.jpg 1 56 37 54 54
0709_0078_0015_0074_0074.jpg 1 78 15 74 74
0710_0079_0045_0105_0105.jpg 1 79 45 105 105
0711_0017_0048_0105_0105.jpg 1 17 48 105 105
0712_0071_0070_0033_0033.jpg 1 71 70 33 33
0713_0098_0048_0069_0069.jpg 1 98 48 69 69
0714_0130_0045_0054_0054.jpg 1 130 45 54 54
0715_0073_0047_0105_0105.jpg 1 73 47 105 105
0716_0041_0123_0050_0050.jpg 1 41 123 50 50
0717_0062_0053_0120_0120.jpg 1 62 53 120 120
0718_0112_0053_0029_0029.jpg 1 112 53 29 29
0719_0055_0043_0068_0068.jpg 1 55 43 68 68
0720_0037_0028_0134_0134.jpg 1 37 28 134 134
0721_0119_0132_0038_0038.jpg 1 119 132 38 38
0722_0048_0071_0101_0101.jpg 1 48 71 101 101
0723_0054_0062_0075_0075.jpg 1 54 62 75 75
0724_0052_0024_0088_0088.jpg 1 52 24 88 88
0725_0017_0011_0087_0087.jpg 1 17 11 87 87
0726_0032_0043_0120_0120.jpg 1 32 43 120 120
0727_0019_0013_0109_0109.jpg 1 19 13 109 109
0728_0049_0028_0121_0121.jpg 1 49 28 121 121
0729_0073_0083_0034_0034.jpg 1 73 83 34 34
0730_0059_0066_0116_0116.jpg 1 59 66 116 116
0731_0059_0054_0105_0105.jpg 1 59 54 105 105
0732_0092_0102_0066_0066.jpg 1 92 102 66 66
0733_0028_0054_0055_0055.jpg 1 28 54 55 55
0734_0051_0020_0098_0098.jpg 1 51 20 98 98
0735_0103_0044_0074_0074.jpg 1 103 44 74 74
0736_0083_0017_0095_0095.jpg 1 83 17 95 95
0737_0066_0035_0116_0116.jpg 1 66 35 116 116
0738_0035_0034_0053_0053.jpg 1 35 34 53 53
0739_0078_0087_0099_0099.jpg 1 78 87 99 99
0740_0047_0028_0084_0084.jpg 1 47 28 84 84
0741_0031_0069_0050_0050.jpg 1 31 69 50 50
0742_0089_0021_0038_0038.jpg 1 89 21 38 38
0743_0041_0063_0124_0124.jpg 1 41 63 124 124
0744_0014_0018_0119_0119.jpg 1 14 18 119 119
0745_0051_0040_0139_0139.jpg 1 51 40 139 139
0746_0146_0024_0026_0026.jpg 1 146 24 26 26
0747_0025_0049_0102_0102.jpg 1 25 49 102 102
0748_0049_0010_0103_0103.jpg 1 49 10 103 103
0749_0041_0057_0111_0111.jpg 1 41 57 111 111
0750_0031_0049_0108_0108.jpg 1 31 49 108 108
0751_0044_0038_0105_0105.jpg 1 44 38 105 105
0752_0039_0132_0051_0051.jpg 1 39 132 51 51
0753_0043_0068_0071_0071.jpg 1 43 68 71 71
0754_0097_0081_0086_0086.jpg 1 97 81 86 86
0755_0098_0110_0030_0030.jpg 1 98 110 30 30
0756_0026_0034_0137_0137.jpg 1 26 34 137 137
0757_0076_0078_0052_0052.jpg 1 76 78 52 52
0758_0090_0023_0096_0096.jpg 1 90 23 96 96
0759_0018_0012_0133_0133.jpg 1 18 12 133 133
0760_0014_0026_0115_0115.jpg 1 14 26 115 115
0761_0096_0030_0059_0059.jpg 1 96 30 59 59
0762_0039_0067_0096_0096.jpg 1 39 67 96 96
0763_0059_0060_0132_0132.jpg 1 59 60 132 132
0764_0031_0056_0080_0080.jpg 1 31 56 80 80
0765_0016_0078_0058_0058.jpg 1 16 78 58 58
0766_0099_0108_0034_0034.jpg 1 99 108 34 34
0767_0024_0048_0051_0051.jpg 1 24 48 51 51
0768_0149_0050_0026_0026.jpg 1 149 50 26 26
0769_0115_0063_0037_0037.jpg 1 115 63 37 37
0770_0031_0015_0125_0125.jpg 1 31 15 125 125
0771_0082_0081_0098_0098.jpg 1 82 81 98 98
0772_0023_0090_0089_0089.jpg 1 23 90 89 89
0773_0016_0020_0132_0132.jpg 1 16 20 132 132
0774_0028_0062_0112_0112.jpg 1 28 62 112 112
0775_0067_0052_0091_0091.jpg 1 67 52 91 91
0776_0068_0094_0059_0059.jpg 1 68 94 59 59
0777_0064_0077_0076_0076.jpg 1 64 77 76 76
0778_0023_0027_0027_0027.jpg 1 23 27 27 27
0779_0026_0039_0130_0130.jpg 1 26 39 130 130
0780_0014_0009_0131_0131.jpg 1 14 9 131 131
0781_0023_0044_0093_0093.jpg 1 23 44 93 93
0782_0066_0029_0104_0104.jpg 1 66 29 104 104
0783_0040_0021_0045_0045.jpg 1 40 21 45 45
0784_0082_0120_0025_0025.jpg 1 82 120 25 25
0785_0077_0076_0043_0043.jpg 1 77 76 43 43
0786_0079_0026_0027_0027.jpg 1 79 26 27 27
0787_0073_0086_0080_0080.jpg 1 73 86 80 80
0788_0056_0033_0125_0125.jpg 1 56 33 125 125
0789_0094_0050_0083_0083.jpg 1 94 50 83 83
0790_0115_0068_0049_0049.jpg 1 115 68 49 49
0791_0045_0034_0116_0116.jpg 1 45 34 116 116
0792_0023_0072_0094_0094.jpg 1 23 72 94 94
0793_0033_0091_0051_0051.jpg 1 33 91 51 51
0794_0097_0046_0087_0087.jpg 1 97 46 87 87
0795_0073_0060_0048_0048.jpg 1 73 60 48 48
0796_0081_0061_0081_0081.jpg 1 81 61 81 81
0797_0142_0112_0032_0032.jpg 1 142 112 32 32
0798_0066_0059_0123_0123.jpg 1 66 59 123 123
0799_0117_0126_0026_0026.jpg 1 117 126 26 26
0800_0132_0127_0039_0039.jpg 1 132 127 39 39
0801_0100_0158_0024_0024.jpg 1 100 158 24 24
0802_0068_0038_0117_0117.jpg 1 68 38 117 117
0803_0029_0070_0050_0050.jpg 1 29 70 50 50
0804_0066_0065_0115_0115.jpg 1 66 65 115 115
0805_0060_0063_0029_0029.jpg 1 60 63 29 29
0806_0077_0084_0089_0089.jpg 1 77 84 89 89
0807_0117_0085_0055_0055.jpg 1 117 85 55 55
0808_0111_0112_0068_0068.jpg 1 111 112 68 68
0809_0023_0050_0104_0104.jpg 1 23 50 104 104
0810_0056_0012_0124_0124.jpg 1 56 12 124 124
0811_0041_0050_0057_0057.jpg 1 41 50 57 57
0812_0100_0152_0027_0027.jpg 1 100 152 27 27
0813_0152_0041_0028_0028.jpg 1 152 41 28 28
0814_0107_0096_0042_0042.jpg 1 107 96 42 42
0815_0079_0071_0071_0071.jpg 1 79 71 71 71
0816_0015_0031_0052_0052.jpg 1 15 31 52 52
0817_0021_0022_0126_0126.jpg 1 21 22 126 126
0818_0029_0151_0027_0027.jpg 1 29 151 27 27
0819_0061_0024_0077_0077.jpg 1 61 24 77 77
0820_0012_0056_0136_0136.jpg 1 12 56 136 136
0821_0090_0087_0075_0075.jpg 1 90 87 75 75
0822_0086_0051_0063_0063.jpg 1 86 51 63 63
0823_0016_0048_0069_0069.jpg 1 16 48 69 69
0824_0070_0068_0105_0105.jpg 1 70 68 105 105
0825_0038_0086_0064_0064.jpg 1 38 86 64 64
0826_0058_0011_0104_0104.jpg 1 58 11 104 104
0827_0030_0042_0054_0054.jpg 1 30 42 54 54
0828_0030_0099_0044_0044.jpg 1 30 99 44 44
0829_0109_0079_0054_0054.jpg 1 109 79 54 54
0830_0090_0014_0089_0089.jpg 1 90 14 89 89
0831_0026_0054_0120_0120.jpg 1 26 54 120 120
0832_0116_0082_0058_0058.jpg 1 116 82 58 58
0833_0053_0024_0128_0128.jpg 1 53 24 128 128
0834_0092_0068_0085_0085.jpg 1 92 68 85 85
0835_0055_0040_0078_0078.jpg 1 55 40 78 78
0836_0056_0098_0051_0051.jpg 1 56 98 51 51
0837_0073_0058_0093_0093.jpg 1 73 58 93 93
0838_0017_0049_0136_0136.jpg 1 17 49 136 136
0839_0068_0034_0095_0095.jpg 1 68 34 95 95
0840_0150_0139_0027_0027.jpg 1 150 139 27 27
0841_0073_0060_0117_0117.jpg 1 73 60 117 117
0842_0101_0123_0045_0045.jpg 1 101 123 45 45
0843_0013_0063_0119_0119.jpg 1 13 63 119 119
0844_0073_0015_0092_0092.jpg 1 73 15 92 92
0845_0009_0065_0127_0127.jpg 1 9 65 127 127
0846_0059_0069_0090_0090.jpg 1 59 69 90 90
0847_0096_0032_0069_0069.jpg 1 96 32 69 69
0848_0054_0079_0109_0109.jpg 1 54 79 109 109
0849_0119_0030_0056_0056.jpg 1 119 30 56 56
0850_0062_0120_0025_0025.jpg 1 62 120 25 25
0851_0108_0107_0034_0034.jpg 1 108 107 34 34
0852_0135_0075_0031_0031.jpg 1 135 75 31 31
0853_0055_0116_0064_0064.jpg 1 55 116 64 64
0854_0123_0061_0059_0059.jpg 1 123 61 59 59
0855_0055_0116_0065_0065.jpg 1 55 116 65 65
0856_0056_0074_0111_0111.jpg 1 56 74 111 111
0857_0023_0070_0113_0113.jpg 1 23 70 113 113
0858_0100_0085_0072_0072.jpg 1 100 85 72 72
0859_0039_0050_0120_0120.jpg 1 39 50 120 120
0860_0029_0046_0099_0099.jpg 1 29 46 99 99
0861_0096_0114_0043_0043.jpg 1 96 114 43 43
0862_0008_0011_0122_0122.jpg 1 8 11 122 122
0863_0015_0100_0078_0078.jpg 1 15 100 78 78
0864_0026_0078_0107_0107.jpg 1 26 78 107 107
0865_0124_0047_0056_0056.jpg 1 124 47 56 56
0866_0055_0065_0101_0101.jpg 1 55 65 101 101
0867_0056_0062_0116_0116.jpg 1 56 62 116 116
0868_0079_0094_0092_0092.jpg 1 79 94 92 92
0869_0021_0052_0135_0135.jpg 1 21 52 135 135
0870_0036_0056_0109_0109.jpg 1 36 56 109 109
0871_0046_0029_0111_0111.jpg 1 46 29 111 111
0872_0047_0055_0136_0136.jpg 1 47 55 136 136
0873_0095_0061_0024_0024.jpg 1 95 61 24 24
0874_0060_0035_0048_0048.jpg 1 60 35 48 48
0875_0052_0049_0136_0136.jpg 1 52 49 136 136
0876_0124_0056_0046_0046.jpg 1 124 56 46 46
0877_0018_0043_0118_0118.jpg 1 18 43 118 118
0878_0098_0045_0072_0072.jpg 1 98 45 72 72
0879_0105_0110_0056_0056.jpg 1 105 110 56 56
0880_0063_0054_0116_0116.jpg 1 63 54 116 116
0881_0097_0036_0075_0075.jpg 1 97 36 75 75
0882_0118_0068_0035_0035.jpg 1 118 68 35 35
0883_0015_0035_0137_0137.jpg 1 15 35 137 137
0884_0065_0015_0127_0127.jpg 1 65 15 127 127
0885_0068_0088_0083_0083.jpg 1 68 88 83 83
0886_0113_0099_0053_0053.jpg 1 113 99 53 53
0887_0017_0029_0034_0034.jpg 1 17 29 34 34
0888_0070_0012_0109_0109.jpg 1 70 12 109 109
0889_0039_0041_0059_0059.jpg 1 39 41 59 59
0890_0036_0031_0094_0094.jpg 1 36 31 94 94
0891_0017_0038_0120_0120.jpg 1 17 38 120 120
0892_0012_0045_0107_0107.jpg 1 12 45 107 107
0893_0065_0015_0114_0114.jpg 1 65 15 114 114
0894_0010_0053_0135_0135.jpg 1 10 53 135 135
0895_0023_0080_0096_0096.jpg 1 23 80 96 96
0896_0071_0040_0111_0111.jpg 1 71 40 111 111
0897_0032_0064_0117_0117.jpg 1 32 64 117 117
0898_0070_0106_0034_0034.jpg 1 70 106 34 34
0899_0068_0057_0104_0104.jpg 1 68 57 104 104
0900_0035_0023_0047_0047.jpg 1 35 23 47 47
0901_0080_0050_0104_0104.jpg 1 80 50 104 104
0902_0041_0026_0090_0090.jpg 1 41 26 90 90
0903_0025_0066_0072_0072.jpg 1 25 66 72 72
0904_0041_0041_0105_0105.jpg 1 41 41 105 105
0905_0047_0141_0041_0041.jpg 1 47 141 41 41
0906_0077_0059_0088_0088.jpg 1 77 59 88 88
0907_0017_0031_0128_0128.jpg 1 17 31 128 128
0908_0020_0107_0039_0039.jpg 1 20 107 39 39
0909_0069_0033_0085_0085.jpg 1 69 33 85 85
0910_0093_0017_0064_0064.jpg 1 93 17 64 64
0911_0101_0020_0033_0033.jpg 1 101 20 33 33
0912_0041_0021_0135_0135.jpg 1 41 21 135 135
0913_0053_0031_0122_0122.jpg 1 53 31 122 122
0914_0094_0135_0035_0035.jpg 1 94 135 35 35
0915_0037_0044_0138_0138.jpg 1 37 44 138 138
0916_0091_0136_0045_0045.jpg 1 91 136 45 45
0917_0028_0057_0108_0108.jpg 1 28 57 108 108
0918_0018_0011_0118_0118.jpg 1 18 11 118 118
0919_0058_0016_0100_0100.jpg 1 58 16 100 100
0920_0049_0032_0128_0128.jpg 1 49 32 128 128
0921_0073_0023_0109_0109.jpg 1 73 23 109 109
0922_0061_0062_0051_0051.jpg 1 61 62 51 51
0923_0033_0140_0041_0041.jpg 1 33 140 41 41
0924_0044_0018_0110_0110.jpg 1 44 18 110 110
0925_0119_0131_0029_0029.jpg 1 119 131 29 29
0926_0029_0047_0124_0124.jpg 1 29 47 124 124
0927_0056_0034_0137_0137.jpg 1 56 34 137 137
0928_0109_0112_0061_0061.jpg 1 109 112 61 61
0929_0060_0052_0095_0095.jpg 1 60 52 95 95
0930_0088_0021_0087_0087.jpg 1 88 21 87 87
0931_0031_0038_0105_0105.jpg 1 31 38 105 105
0932_0056_0031_0104_0104.jpg 1 56 31 104 104
0933_0077_0083_0062_0062.jpg 1 77 83 62 62
0934_0036_0011_0133_0133.jpg 1 36 11 133 133
0935_0136_0039_0031_0031.jpg 1 136 39 31 31
0936_0096_0088_0028_0028.jpg 1 96 88 28 28
0937_0037_0055_0133_0133.jpg 1 37 55 133 133
0938_0074_0048_0038_0038.jpg 1 74 48 38 38
0939_0080_0015_0107_0107.jpg 1 80 15 107 107
0940_0016_0036_0134_0134.jpg 1 16 36 134 134
0941_0103_0069_0054_0054.jpg 1 103 69 54 54
0942_0121_0072_0064_0064.jpg 1 121 72 64 64
0943_0055_0041_0122_0122.jpg 1 55 41 122 122
0944_0027_0070_0120_0120.jpg 1 27 70 120 120
0945_0018_0050_0030_0030.jpg 1 18 50 30 30
0946_0012_0015_0098_0098.jpg 1 12 15 98 98
0947_0011_0069_0122_0122.jpg 1 11 69 122 122
0948_0104_0024_0069_0069.jpg 1 104 24 69 69
0949_0141_0020_0040_0040.jpg 1 141 20 40 40
0950_0070_0011_0092_0092.jpg 1 70 11 92 92
0951_0074_0086_0061_0061.jpg 1 74 86 61 61
0952_0083_0070_0104_0104.jpg 1 83 70 104 104
0953_0094_0073_0079_0079.jpg 1 94 73 79 79
0954_0071_0071_0118_0118.jpg 1 71 71 118 118
0955_0021_0013_0106_0106.jpg 1 21 13 106 106
0956_0037_0015_0111_0111.jpg 1 37 15 111 111
0957_0074_0130_0035_0035.jpg 1 74 130 35 35
0958_0011_0010_0137_0137.jpg 1 11 10 137 137
0959_0100_0095_0064_0064.jpg 1 100 95 64 64
0960_0040_0068_0040_0040.jpg 1 40 68 40 40
0961_0046_0093_0057_0057.jpg 1 46 93 57 57
0962_0066_0084_0086_0086.jpg 1 66 84 86 86
0963_0091_0083_0083_0083.jpg 1 91 83 83 83
0964_0023_0048_0132_0132.jpg 1 23 48 132 132
0965_0127_0066_0026_0026.jpg 1 127 66 26 26
0966_0010_0049_0137_0137.jpg 1 10 49 137 137
0967_0015_0043_0086_0086.jpg 1 15 43 86 86
0968_0080_0035_0089_0089.jpg 1 80 35 89 89
0969_0057_0050_0112_0112.jpg 1 57 50 112 112
0970_0054_0068_0102_0102.jpg 1 54 68 102 102
0971_0019_0108_0060_0060.jpg 1 19 108 60 60
0972_0047_0063_0046_0046.jpg 1 47 63 46 46
0973_0035_0047_0118_0118.jpg 1 35 47 118 118
0974_0112_0044_0041_0041.jpg 1 112 44 41 41
0975_0071_0051_0031_0031.jpg 1 71 51 31 31
0976_0015_0016_0105_0105.jpg 1 15 16 105 105
0977_0090_0118_0044_0044.jpg 1 90 118 44 44
0978_0102_0103_0055_0055.jpg 1 102 103 55 55
0979_0116_0053_0070_0070.jpg 1 116 53 70 70
0980_0047_0010_0099_0099.jpg 1 47 10 99 99
0981_0076_0060_0043_0043.jpg 1 76 60 43 43
0982_0019_0013_0079_0079.jpg 1 19 13 79 79
0983_0046_0036_0099_0099.jpg 1 46 36 99 99
0984_0069_0083_0060_0060.jpg 1 69 83 60 60
0985_0050_0052_0133_0133.jpg 1 50 52 133 133
0986_0039_0061_0044_0044.jpg 1 39 61 44 44
0987_0047_0027_0050_0050.jpg 1 47 27 50 50
0988_0064_0049_0043_0043.jpg 1 64 49 43 43
0989_0088_0071_0097_0097.jpg 1 88 71 97 97
0990_0080_0096_0085_0085.jpg 1 80 96 85 85
0991_0061_0023_0089_0089.jpg 1 61 23 89 89
0992_0094_0115_0067_0067.jpg 1 94 115 67 67
0993_0078_0097_0078_0078.jpg 1 78 97 78 78
0994_0045_0052_0073_0073.jpg 1 45 52 73 73
0995_0113_0134_0044_0044.jpg 1 113 134 44 44
